[2024-12-17T06:48:43.399+0000] {processor.py:186} INFO - Started process (PID=59) to work on /home/airflow/.local/lib/python3.12/site-packages/airflow/example_dags/example_dynamic_task_mapping.py
[2024-12-17T06:48:43.400+0000] {processor.py:914} INFO - Processing file /home/airflow/.local/lib/python3.12/site-packages/airflow/example_dags/example_dynamic_task_mapping.py for tasks to queue
[2024-12-17T06:48:43.402+0000] {logging_mixin.py:190} INFO - [2024-12-17T06:48:43.401+0000] {dagbag.py:588} INFO - Filling up the DagBag from /home/airflow/.local/lib/python3.12/site-packages/airflow/example_dags/example_dynamic_task_mapping.py
[2024-12-17T06:48:43.411+0000] {processor.py:925} INFO - DAG(s) 'example_dynamic_task_mapping' retrieved from /home/airflow/.local/lib/python3.12/site-packages/airflow/example_dags/example_dynamic_task_mapping.py
[2024-12-17T06:48:43.483+0000] {logging_mixin.py:190} INFO - [2024-12-17T06:48:43.482+0000] {override.py:1911} INFO - Created Permission View: can edit on DAG:example_dynamic_task_mapping
[2024-12-17T06:48:43.493+0000] {logging_mixin.py:190} INFO - [2024-12-17T06:48:43.493+0000] {override.py:1911} INFO - Created Permission View: can delete on DAG:example_dynamic_task_mapping
[2024-12-17T06:48:43.500+0000] {logging_mixin.py:190} INFO - [2024-12-17T06:48:43.499+0000] {override.py:1911} INFO - Created Permission View: can read on DAG:example_dynamic_task_mapping
[2024-12-17T06:48:43.507+0000] {logging_mixin.py:190} INFO - [2024-12-17T06:48:43.507+0000] {override.py:1911} INFO - Created Permission View: can delete on DAG Run:example_dynamic_task_mapping
[2024-12-17T06:48:43.514+0000] {logging_mixin.py:190} INFO - [2024-12-17T06:48:43.513+0000] {override.py:1911} INFO - Created Permission View: can read on DAG Run:example_dynamic_task_mapping
[2024-12-17T06:48:43.520+0000] {logging_mixin.py:190} INFO - [2024-12-17T06:48:43.520+0000] {override.py:1911} INFO - Created Permission View: menu access on DAG Run:example_dynamic_task_mapping
[2024-12-17T06:48:43.527+0000] {logging_mixin.py:190} INFO - [2024-12-17T06:48:43.526+0000] {override.py:1911} INFO - Created Permission View: can create on DAG Run:example_dynamic_task_mapping
[2024-12-17T06:48:43.527+0000] {logging_mixin.py:190} INFO - [2024-12-17T06:48:43.527+0000] {dag.py:3239} INFO - Sync 1 DAGs
[2024-12-17T06:48:43.538+0000] {logging_mixin.py:190} INFO - [2024-12-17T06:48:43.538+0000] {dag.py:3262} INFO - Creating ORM DAG for example_dynamic_task_mapping
[2024-12-17T06:48:43.539+0000] {logging_mixin.py:190} INFO - [2024-12-17T06:48:43.539+0000] {dag.py:4180} INFO - Setting next_dagrun for example_dynamic_task_mapping to None, run_after=None
[2024-12-17T06:48:43.552+0000] {processor.py:208} INFO - Processing /home/airflow/.local/lib/python3.12/site-packages/airflow/example_dags/example_dynamic_task_mapping.py took 0.159 seconds
[2024-12-17T06:49:14.502+0000] {processor.py:186} INFO - Started process (PID=122) to work on /home/airflow/.local/lib/python3.12/site-packages/airflow/example_dags/example_dynamic_task_mapping.py
[2024-12-17T06:49:14.503+0000] {processor.py:914} INFO - Processing file /home/airflow/.local/lib/python3.12/site-packages/airflow/example_dags/example_dynamic_task_mapping.py for tasks to queue
[2024-12-17T06:49:14.504+0000] {logging_mixin.py:190} INFO - [2024-12-17T06:49:14.504+0000] {dagbag.py:588} INFO - Filling up the DagBag from /home/airflow/.local/lib/python3.12/site-packages/airflow/example_dags/example_dynamic_task_mapping.py
[2024-12-17T06:49:14.511+0000] {processor.py:925} INFO - DAG(s) 'example_dynamic_task_mapping' retrieved from /home/airflow/.local/lib/python3.12/site-packages/airflow/example_dags/example_dynamic_task_mapping.py
[2024-12-17T06:49:14.526+0000] {logging_mixin.py:190} INFO - [2024-12-17T06:49:14.526+0000] {dag.py:3239} INFO - Sync 1 DAGs
[2024-12-17T06:49:14.535+0000] {logging_mixin.py:190} INFO - [2024-12-17T06:49:14.535+0000] {dag.py:4180} INFO - Setting next_dagrun for example_dynamic_task_mapping to None, run_after=None
[2024-12-17T06:49:14.549+0000] {processor.py:208} INFO - Processing /home/airflow/.local/lib/python3.12/site-packages/airflow/example_dags/example_dynamic_task_mapping.py took 0.052 seconds
[2024-12-17T06:49:44.823+0000] {processor.py:186} INFO - Started process (PID=185) to work on /home/airflow/.local/lib/python3.12/site-packages/airflow/example_dags/example_dynamic_task_mapping.py
[2024-12-17T06:49:44.823+0000] {processor.py:914} INFO - Processing file /home/airflow/.local/lib/python3.12/site-packages/airflow/example_dags/example_dynamic_task_mapping.py for tasks to queue
[2024-12-17T06:49:44.825+0000] {logging_mixin.py:190} INFO - [2024-12-17T06:49:44.825+0000] {dagbag.py:588} INFO - Filling up the DagBag from /home/airflow/.local/lib/python3.12/site-packages/airflow/example_dags/example_dynamic_task_mapping.py
[2024-12-17T06:49:44.830+0000] {processor.py:925} INFO - DAG(s) 'example_dynamic_task_mapping' retrieved from /home/airflow/.local/lib/python3.12/site-packages/airflow/example_dags/example_dynamic_task_mapping.py
[2024-12-17T06:49:44.845+0000] {logging_mixin.py:190} INFO - [2024-12-17T06:49:44.845+0000] {dag.py:3239} INFO - Sync 1 DAGs
[2024-12-17T06:49:44.853+0000] {logging_mixin.py:190} INFO - [2024-12-17T06:49:44.853+0000] {dag.py:4180} INFO - Setting next_dagrun for example_dynamic_task_mapping to None, run_after=None
[2024-12-17T06:49:44.866+0000] {processor.py:208} INFO - Processing /home/airflow/.local/lib/python3.12/site-packages/airflow/example_dags/example_dynamic_task_mapping.py took 0.046 seconds
[2024-12-17T06:50:16.268+0000] {processor.py:186} INFO - Started process (PID=248) to work on /home/airflow/.local/lib/python3.12/site-packages/airflow/example_dags/example_dynamic_task_mapping.py
[2024-12-17T06:50:16.269+0000] {processor.py:914} INFO - Processing file /home/airflow/.local/lib/python3.12/site-packages/airflow/example_dags/example_dynamic_task_mapping.py for tasks to queue
[2024-12-17T06:50:16.270+0000] {logging_mixin.py:190} INFO - [2024-12-17T06:50:16.270+0000] {dagbag.py:588} INFO - Filling up the DagBag from /home/airflow/.local/lib/python3.12/site-packages/airflow/example_dags/example_dynamic_task_mapping.py
[2024-12-17T06:50:16.279+0000] {processor.py:925} INFO - DAG(s) 'example_dynamic_task_mapping' retrieved from /home/airflow/.local/lib/python3.12/site-packages/airflow/example_dags/example_dynamic_task_mapping.py
[2024-12-17T06:50:16.304+0000] {logging_mixin.py:190} INFO - [2024-12-17T06:50:16.303+0000] {dag.py:3239} INFO - Sync 1 DAGs
[2024-12-17T06:50:16.320+0000] {logging_mixin.py:190} INFO - [2024-12-17T06:50:16.320+0000] {dag.py:4180} INFO - Setting next_dagrun for example_dynamic_task_mapping to None, run_after=None
[2024-12-17T06:50:16.336+0000] {processor.py:208} INFO - Processing /home/airflow/.local/lib/python3.12/site-packages/airflow/example_dags/example_dynamic_task_mapping.py took 0.079 seconds
[2024-12-17T06:50:47.184+0000] {processor.py:186} INFO - Started process (PID=311) to work on /home/airflow/.local/lib/python3.12/site-packages/airflow/example_dags/example_dynamic_task_mapping.py
[2024-12-17T06:50:47.185+0000] {processor.py:914} INFO - Processing file /home/airflow/.local/lib/python3.12/site-packages/airflow/example_dags/example_dynamic_task_mapping.py for tasks to queue
[2024-12-17T06:50:47.186+0000] {logging_mixin.py:190} INFO - [2024-12-17T06:50:47.186+0000] {dagbag.py:588} INFO - Filling up the DagBag from /home/airflow/.local/lib/python3.12/site-packages/airflow/example_dags/example_dynamic_task_mapping.py
[2024-12-17T06:50:47.193+0000] {processor.py:925} INFO - DAG(s) 'example_dynamic_task_mapping' retrieved from /home/airflow/.local/lib/python3.12/site-packages/airflow/example_dags/example_dynamic_task_mapping.py
[2024-12-17T06:50:47.208+0000] {logging_mixin.py:190} INFO - [2024-12-17T06:50:47.208+0000] {dag.py:3239} INFO - Sync 1 DAGs
[2024-12-17T06:50:47.220+0000] {logging_mixin.py:190} INFO - [2024-12-17T06:50:47.219+0000] {dag.py:4180} INFO - Setting next_dagrun for example_dynamic_task_mapping to None, run_after=None
[2024-12-17T06:50:47.233+0000] {processor.py:208} INFO - Processing /home/airflow/.local/lib/python3.12/site-packages/airflow/example_dags/example_dynamic_task_mapping.py took 0.054 seconds
[2024-12-17T06:51:17.921+0000] {processor.py:186} INFO - Started process (PID=374) to work on /home/airflow/.local/lib/python3.12/site-packages/airflow/example_dags/example_dynamic_task_mapping.py
[2024-12-17T06:51:17.923+0000] {processor.py:914} INFO - Processing file /home/airflow/.local/lib/python3.12/site-packages/airflow/example_dags/example_dynamic_task_mapping.py for tasks to queue
[2024-12-17T06:51:17.926+0000] {logging_mixin.py:190} INFO - [2024-12-17T06:51:17.926+0000] {dagbag.py:588} INFO - Filling up the DagBag from /home/airflow/.local/lib/python3.12/site-packages/airflow/example_dags/example_dynamic_task_mapping.py
[2024-12-17T06:51:17.940+0000] {processor.py:925} INFO - DAG(s) 'example_dynamic_task_mapping' retrieved from /home/airflow/.local/lib/python3.12/site-packages/airflow/example_dags/example_dynamic_task_mapping.py
[2024-12-17T06:51:17.963+0000] {logging_mixin.py:190} INFO - [2024-12-17T06:51:17.962+0000] {dag.py:3239} INFO - Sync 1 DAGs
[2024-12-17T06:51:17.979+0000] {logging_mixin.py:190} INFO - [2024-12-17T06:51:17.979+0000] {dag.py:4180} INFO - Setting next_dagrun for example_dynamic_task_mapping to None, run_after=None
[2024-12-17T06:51:17.999+0000] {processor.py:208} INFO - Processing /home/airflow/.local/lib/python3.12/site-packages/airflow/example_dags/example_dynamic_task_mapping.py took 0.089 seconds
