[2024-12-17T06:48:40.879+0000] {processor.py:186} INFO - Started process (PID=46) to work on /home/airflow/.local/lib/python3.12/site-packages/airflow/example_dags/example_branch_datetime_operator.py
[2024-12-17T06:48:40.879+0000] {processor.py:914} INFO - Processing file /home/airflow/.local/lib/python3.12/site-packages/airflow/example_dags/example_branch_datetime_operator.py for tasks to queue
[2024-12-17T06:48:40.880+0000] {logging_mixin.py:190} INFO - [2024-12-17T06:48:40.880+0000] {dagbag.py:588} INFO - Filling up the DagBag from /home/airflow/.local/lib/python3.12/site-packages/airflow/example_dags/example_branch_datetime_operator.py
[2024-12-17T06:48:40.891+0000] {processor.py:925} INFO - DAG(s) 'example_branch_datetime_operator_3', 'example_branch_datetime_operator_2', 'example_branch_datetime_operator' retrieved from /home/airflow/.local/lib/python3.12/site-packages/airflow/example_dags/example_branch_datetime_operator.py
[2024-12-17T06:48:41.004+0000] {logging_mixin.py:190} INFO - [2024-12-17T06:48:41.004+0000] {override.py:1911} INFO - Created Permission View: can edit on DAG:example_branch_datetime_operator_3
[2024-12-17T06:48:41.016+0000] {logging_mixin.py:190} INFO - [2024-12-17T06:48:41.016+0000] {override.py:1911} INFO - Created Permission View: can delete on DAG:example_branch_datetime_operator_3
[2024-12-17T06:48:41.023+0000] {logging_mixin.py:190} INFO - [2024-12-17T06:48:41.023+0000] {override.py:1911} INFO - Created Permission View: can read on DAG:example_branch_datetime_operator_3
[2024-12-17T06:48:41.030+0000] {logging_mixin.py:190} INFO - [2024-12-17T06:48:41.030+0000] {override.py:1911} INFO - Created Permission View: can delete on DAG Run:example_branch_datetime_operator_3
[2024-12-17T06:48:41.036+0000] {logging_mixin.py:190} INFO - [2024-12-17T06:48:41.036+0000] {override.py:1911} INFO - Created Permission View: can read on DAG Run:example_branch_datetime_operator_3
[2024-12-17T06:48:41.043+0000] {logging_mixin.py:190} INFO - [2024-12-17T06:48:41.043+0000] {override.py:1911} INFO - Created Permission View: menu access on DAG Run:example_branch_datetime_operator_3
[2024-12-17T06:48:41.051+0000] {logging_mixin.py:190} INFO - [2024-12-17T06:48:41.050+0000] {override.py:1911} INFO - Created Permission View: can create on DAG Run:example_branch_datetime_operator_3
[2024-12-17T06:48:41.064+0000] {logging_mixin.py:190} INFO - [2024-12-17T06:48:41.063+0000] {override.py:1911} INFO - Created Permission View: can edit on DAG:example_branch_datetime_operator_2
[2024-12-17T06:48:41.069+0000] {logging_mixin.py:190} INFO - [2024-12-17T06:48:41.069+0000] {override.py:1911} INFO - Created Permission View: can delete on DAG:example_branch_datetime_operator_2
[2024-12-17T06:48:41.075+0000] {logging_mixin.py:190} INFO - [2024-12-17T06:48:41.075+0000] {override.py:1911} INFO - Created Permission View: can read on DAG:example_branch_datetime_operator_2
[2024-12-17T06:48:41.081+0000] {logging_mixin.py:190} INFO - [2024-12-17T06:48:41.081+0000] {override.py:1911} INFO - Created Permission View: can delete on DAG Run:example_branch_datetime_operator_2
[2024-12-17T06:48:41.088+0000] {logging_mixin.py:190} INFO - [2024-12-17T06:48:41.087+0000] {override.py:1911} INFO - Created Permission View: can read on DAG Run:example_branch_datetime_operator_2
[2024-12-17T06:48:41.094+0000] {logging_mixin.py:190} INFO - [2024-12-17T06:48:41.094+0000] {override.py:1911} INFO - Created Permission View: menu access on DAG Run:example_branch_datetime_operator_2
[2024-12-17T06:48:41.101+0000] {logging_mixin.py:190} INFO - [2024-12-17T06:48:41.100+0000] {override.py:1911} INFO - Created Permission View: can create on DAG Run:example_branch_datetime_operator_2
[2024-12-17T06:48:41.113+0000] {logging_mixin.py:190} INFO - [2024-12-17T06:48:41.112+0000] {override.py:1911} INFO - Created Permission View: can edit on DAG:example_branch_datetime_operator
[2024-12-17T06:48:41.118+0000] {logging_mixin.py:190} INFO - [2024-12-17T06:48:41.118+0000] {override.py:1911} INFO - Created Permission View: can delete on DAG:example_branch_datetime_operator
[2024-12-17T06:48:41.124+0000] {logging_mixin.py:190} INFO - [2024-12-17T06:48:41.124+0000] {override.py:1911} INFO - Created Permission View: can read on DAG:example_branch_datetime_operator
[2024-12-17T06:48:41.130+0000] {logging_mixin.py:190} INFO - [2024-12-17T06:48:41.130+0000] {override.py:1911} INFO - Created Permission View: can delete on DAG Run:example_branch_datetime_operator
[2024-12-17T06:48:41.136+0000] {logging_mixin.py:190} INFO - [2024-12-17T06:48:41.136+0000] {override.py:1911} INFO - Created Permission View: can read on DAG Run:example_branch_datetime_operator
[2024-12-17T06:48:41.143+0000] {logging_mixin.py:190} INFO - [2024-12-17T06:48:41.142+0000] {override.py:1911} INFO - Created Permission View: menu access on DAG Run:example_branch_datetime_operator
[2024-12-17T06:48:41.148+0000] {logging_mixin.py:190} INFO - [2024-12-17T06:48:41.148+0000] {override.py:1911} INFO - Created Permission View: can create on DAG Run:example_branch_datetime_operator
[2024-12-17T06:48:41.149+0000] {logging_mixin.py:190} INFO - [2024-12-17T06:48:41.149+0000] {dag.py:3239} INFO - Sync 3 DAGs
[2024-12-17T06:48:41.163+0000] {logging_mixin.py:190} INFO - [2024-12-17T06:48:41.162+0000] {dag.py:3262} INFO - Creating ORM DAG for example_branch_datetime_operator_2
[2024-12-17T06:48:41.164+0000] {logging_mixin.py:190} INFO - [2024-12-17T06:48:41.163+0000] {dag.py:3262} INFO - Creating ORM DAG for example_branch_datetime_operator
[2024-12-17T06:48:41.164+0000] {logging_mixin.py:190} INFO - [2024-12-17T06:48:41.164+0000] {dag.py:3262} INFO - Creating ORM DAG for example_branch_datetime_operator_3
[2024-12-17T06:48:41.177+0000] {logging_mixin.py:190} INFO - [2024-12-17T06:48:41.176+0000] {dag.py:4180} INFO - Setting next_dagrun for example_branch_datetime_operator to 2024-12-16 00:00:00+00:00, run_after=2024-12-17 00:00:00+00:00
[2024-12-17T06:48:41.179+0000] {logging_mixin.py:190} INFO - [2024-12-17T06:48:41.178+0000] {dag.py:4180} INFO - Setting next_dagrun for example_branch_datetime_operator_2 to 2024-12-16 00:00:00+00:00, run_after=2024-12-17 00:00:00+00:00
[2024-12-17T06:48:41.181+0000] {logging_mixin.py:190} INFO - [2024-12-17T06:48:41.180+0000] {dag.py:4180} INFO - Setting next_dagrun for example_branch_datetime_operator_3 to 2024-12-16 00:00:00+00:00, run_after=2024-12-17 00:00:00+00:00
[2024-12-17T06:48:41.203+0000] {processor.py:208} INFO - Processing /home/airflow/.local/lib/python3.12/site-packages/airflow/example_dags/example_branch_datetime_operator.py took 0.328 seconds
[2024-12-17T06:49:11.620+0000] {processor.py:186} INFO - Started process (PID=108) to work on /home/airflow/.local/lib/python3.12/site-packages/airflow/example_dags/example_branch_datetime_operator.py
[2024-12-17T06:49:11.620+0000] {processor.py:914} INFO - Processing file /home/airflow/.local/lib/python3.12/site-packages/airflow/example_dags/example_branch_datetime_operator.py for tasks to queue
[2024-12-17T06:49:11.621+0000] {logging_mixin.py:190} INFO - [2024-12-17T06:49:11.621+0000] {dagbag.py:588} INFO - Filling up the DagBag from /home/airflow/.local/lib/python3.12/site-packages/airflow/example_dags/example_branch_datetime_operator.py
[2024-12-17T06:49:11.628+0000] {processor.py:925} INFO - DAG(s) 'example_branch_datetime_operator_2', 'example_branch_datetime_operator', 'example_branch_datetime_operator_3' retrieved from /home/airflow/.local/lib/python3.12/site-packages/airflow/example_dags/example_branch_datetime_operator.py
[2024-12-17T06:49:11.648+0000] {logging_mixin.py:190} INFO - [2024-12-17T06:49:11.648+0000] {dag.py:3239} INFO - Sync 3 DAGs
[2024-12-17T06:49:11.665+0000] {logging_mixin.py:190} INFO - [2024-12-17T06:49:11.665+0000] {dag.py:4180} INFO - Setting next_dagrun for example_branch_datetime_operator to 2024-12-16 00:00:00+00:00, run_after=2024-12-17 00:00:00+00:00
[2024-12-17T06:49:11.668+0000] {logging_mixin.py:190} INFO - [2024-12-17T06:49:11.668+0000] {dag.py:4180} INFO - Setting next_dagrun for example_branch_datetime_operator_2 to 2024-12-16 00:00:00+00:00, run_after=2024-12-17 00:00:00+00:00
[2024-12-17T06:49:11.671+0000] {logging_mixin.py:190} INFO - [2024-12-17T06:49:11.671+0000] {dag.py:4180} INFO - Setting next_dagrun for example_branch_datetime_operator_3 to 2024-12-16 00:00:00+00:00, run_after=2024-12-17 00:00:00+00:00
[2024-12-17T06:49:11.683+0000] {processor.py:208} INFO - Processing /home/airflow/.local/lib/python3.12/site-packages/airflow/example_dags/example_branch_datetime_operator.py took 0.067 seconds
[2024-12-17T06:49:41.936+0000] {processor.py:186} INFO - Started process (PID=171) to work on /home/airflow/.local/lib/python3.12/site-packages/airflow/example_dags/example_branch_datetime_operator.py
[2024-12-17T06:49:41.936+0000] {processor.py:914} INFO - Processing file /home/airflow/.local/lib/python3.12/site-packages/airflow/example_dags/example_branch_datetime_operator.py for tasks to queue
[2024-12-17T06:49:41.937+0000] {logging_mixin.py:190} INFO - [2024-12-17T06:49:41.937+0000] {dagbag.py:588} INFO - Filling up the DagBag from /home/airflow/.local/lib/python3.12/site-packages/airflow/example_dags/example_branch_datetime_operator.py
[2024-12-17T06:49:41.944+0000] {processor.py:925} INFO - DAG(s) 'example_branch_datetime_operator_2', 'example_branch_datetime_operator_3', 'example_branch_datetime_operator' retrieved from /home/airflow/.local/lib/python3.12/site-packages/airflow/example_dags/example_branch_datetime_operator.py
[2024-12-17T06:49:41.965+0000] {logging_mixin.py:190} INFO - [2024-12-17T06:49:41.965+0000] {dag.py:3239} INFO - Sync 3 DAGs
[2024-12-17T06:49:41.984+0000] {logging_mixin.py:190} INFO - [2024-12-17T06:49:41.984+0000] {dag.py:4180} INFO - Setting next_dagrun for example_branch_datetime_operator to 2024-12-16 00:00:00+00:00, run_after=2024-12-17 00:00:00+00:00
[2024-12-17T06:49:41.989+0000] {logging_mixin.py:190} INFO - [2024-12-17T06:49:41.988+0000] {dag.py:4180} INFO - Setting next_dagrun for example_branch_datetime_operator_2 to 2024-12-16 00:00:00+00:00, run_after=2024-12-17 00:00:00+00:00
[2024-12-17T06:49:41.991+0000] {logging_mixin.py:190} INFO - [2024-12-17T06:49:41.991+0000] {dag.py:4180} INFO - Setting next_dagrun for example_branch_datetime_operator_3 to 2024-12-16 00:00:00+00:00, run_after=2024-12-17 00:00:00+00:00
[2024-12-17T06:49:42.003+0000] {processor.py:208} INFO - Processing /home/airflow/.local/lib/python3.12/site-packages/airflow/example_dags/example_branch_datetime_operator.py took 0.070 seconds
[2024-12-17T06:50:12.130+0000] {processor.py:186} INFO - Started process (PID=234) to work on /home/airflow/.local/lib/python3.12/site-packages/airflow/example_dags/example_branch_datetime_operator.py
[2024-12-17T06:50:12.131+0000] {processor.py:914} INFO - Processing file /home/airflow/.local/lib/python3.12/site-packages/airflow/example_dags/example_branch_datetime_operator.py for tasks to queue
[2024-12-17T06:50:12.132+0000] {logging_mixin.py:190} INFO - [2024-12-17T06:50:12.132+0000] {dagbag.py:588} INFO - Filling up the DagBag from /home/airflow/.local/lib/python3.12/site-packages/airflow/example_dags/example_branch_datetime_operator.py
[2024-12-17T06:50:12.138+0000] {processor.py:925} INFO - DAG(s) 'example_branch_datetime_operator_2', 'example_branch_datetime_operator_3', 'example_branch_datetime_operator' retrieved from /home/airflow/.local/lib/python3.12/site-packages/airflow/example_dags/example_branch_datetime_operator.py
[2024-12-17T06:50:12.158+0000] {logging_mixin.py:190} INFO - [2024-12-17T06:50:12.158+0000] {dag.py:3239} INFO - Sync 3 DAGs
[2024-12-17T06:50:12.175+0000] {logging_mixin.py:190} INFO - [2024-12-17T06:50:12.175+0000] {dag.py:4180} INFO - Setting next_dagrun for example_branch_datetime_operator to 2024-12-16 00:00:00+00:00, run_after=2024-12-17 00:00:00+00:00
[2024-12-17T06:50:12.178+0000] {logging_mixin.py:190} INFO - [2024-12-17T06:50:12.178+0000] {dag.py:4180} INFO - Setting next_dagrun for example_branch_datetime_operator_2 to 2024-12-16 00:00:00+00:00, run_after=2024-12-17 00:00:00+00:00
[2024-12-17T06:50:12.180+0000] {logging_mixin.py:190} INFO - [2024-12-17T06:50:12.179+0000] {dag.py:4180} INFO - Setting next_dagrun for example_branch_datetime_operator_3 to 2024-12-16 00:00:00+00:00, run_after=2024-12-17 00:00:00+00:00
[2024-12-17T06:50:12.194+0000] {processor.py:208} INFO - Processing /home/airflow/.local/lib/python3.12/site-packages/airflow/example_dags/example_branch_datetime_operator.py took 0.067 seconds
[2024-12-17T06:50:43.113+0000] {processor.py:186} INFO - Started process (PID=297) to work on /home/airflow/.local/lib/python3.12/site-packages/airflow/example_dags/example_branch_datetime_operator.py
[2024-12-17T06:50:43.113+0000] {processor.py:914} INFO - Processing file /home/airflow/.local/lib/python3.12/site-packages/airflow/example_dags/example_branch_datetime_operator.py for tasks to queue
[2024-12-17T06:50:43.116+0000] {logging_mixin.py:190} INFO - [2024-12-17T06:50:43.115+0000] {dagbag.py:588} INFO - Filling up the DagBag from /home/airflow/.local/lib/python3.12/site-packages/airflow/example_dags/example_branch_datetime_operator.py
[2024-12-17T06:50:43.123+0000] {processor.py:925} INFO - DAG(s) 'example_branch_datetime_operator', 'example_branch_datetime_operator_2', 'example_branch_datetime_operator_3' retrieved from /home/airflow/.local/lib/python3.12/site-packages/airflow/example_dags/example_branch_datetime_operator.py
[2024-12-17T06:50:43.144+0000] {logging_mixin.py:190} INFO - [2024-12-17T06:50:43.144+0000] {dag.py:3239} INFO - Sync 3 DAGs
[2024-12-17T06:50:43.165+0000] {logging_mixin.py:190} INFO - [2024-12-17T06:50:43.165+0000] {dag.py:4180} INFO - Setting next_dagrun for example_branch_datetime_operator to 2024-12-16 00:00:00+00:00, run_after=2024-12-17 00:00:00+00:00
[2024-12-17T06:50:43.170+0000] {logging_mixin.py:190} INFO - [2024-12-17T06:50:43.169+0000] {dag.py:4180} INFO - Setting next_dagrun for example_branch_datetime_operator_2 to 2024-12-16 00:00:00+00:00, run_after=2024-12-17 00:00:00+00:00
[2024-12-17T06:50:43.172+0000] {logging_mixin.py:190} INFO - [2024-12-17T06:50:43.171+0000] {dag.py:4180} INFO - Setting next_dagrun for example_branch_datetime_operator_3 to 2024-12-16 00:00:00+00:00, run_after=2024-12-17 00:00:00+00:00
[2024-12-17T06:50:43.184+0000] {processor.py:208} INFO - Processing /home/airflow/.local/lib/python3.12/site-packages/airflow/example_dags/example_branch_datetime_operator.py took 0.076 seconds
[2024-12-17T06:51:13.952+0000] {processor.py:186} INFO - Started process (PID=360) to work on /home/airflow/.local/lib/python3.12/site-packages/airflow/example_dags/example_branch_datetime_operator.py
[2024-12-17T06:51:13.953+0000] {processor.py:914} INFO - Processing file /home/airflow/.local/lib/python3.12/site-packages/airflow/example_dags/example_branch_datetime_operator.py for tasks to queue
[2024-12-17T06:51:13.955+0000] {logging_mixin.py:190} INFO - [2024-12-17T06:51:13.954+0000] {dagbag.py:588} INFO - Filling up the DagBag from /home/airflow/.local/lib/python3.12/site-packages/airflow/example_dags/example_branch_datetime_operator.py
[2024-12-17T06:51:13.963+0000] {processor.py:925} INFO - DAG(s) 'example_branch_datetime_operator_3', 'example_branch_datetime_operator', 'example_branch_datetime_operator_2' retrieved from /home/airflow/.local/lib/python3.12/site-packages/airflow/example_dags/example_branch_datetime_operator.py
[2024-12-17T06:51:13.983+0000] {logging_mixin.py:190} INFO - [2024-12-17T06:51:13.983+0000] {dag.py:3239} INFO - Sync 3 DAGs
[2024-12-17T06:51:14.002+0000] {logging_mixin.py:190} INFO - [2024-12-17T06:51:14.002+0000] {dag.py:4180} INFO - Setting next_dagrun for example_branch_datetime_operator to 2024-12-16 00:00:00+00:00, run_after=2024-12-17 00:00:00+00:00
[2024-12-17T06:51:14.005+0000] {logging_mixin.py:190} INFO - [2024-12-17T06:51:14.005+0000] {dag.py:4180} INFO - Setting next_dagrun for example_branch_datetime_operator_2 to 2024-12-16 00:00:00+00:00, run_after=2024-12-17 00:00:00+00:00
[2024-12-17T06:51:14.007+0000] {logging_mixin.py:190} INFO - [2024-12-17T06:51:14.007+0000] {dag.py:4180} INFO - Setting next_dagrun for example_branch_datetime_operator_3 to 2024-12-16 00:00:00+00:00, run_after=2024-12-17 00:00:00+00:00
[2024-12-17T06:51:14.016+0000] {processor.py:208} INFO - Processing /home/airflow/.local/lib/python3.12/site-packages/airflow/example_dags/example_branch_datetime_operator.py took 0.068 seconds
