[2024-12-17T06:48:42.656+0000] {processor.py:186} INFO - Started process (PID=53) to work on /home/airflow/.local/lib/python3.12/site-packages/airflow/example_dags/example_bash_decorator.py
[2024-12-17T06:48:42.657+0000] {processor.py:914} INFO - Processing file /home/airflow/.local/lib/python3.12/site-packages/airflow/example_dags/example_bash_decorator.py for tasks to queue
[2024-12-17T06:48:42.658+0000] {logging_mixin.py:190} INFO - [2024-12-17T06:48:42.658+0000] {dagbag.py:588} INFO - Filling up the DagBag from /home/airflow/.local/lib/python3.12/site-packages/airflow/example_dags/example_bash_decorator.py
[2024-12-17T06:48:42.681+0000] {processor.py:925} INFO - DAG(s) 'example_bash_decorator' retrieved from /home/airflow/.local/lib/python3.12/site-packages/airflow/example_dags/example_bash_decorator.py
[2024-12-17T06:48:42.772+0000] {logging_mixin.py:190} INFO - [2024-12-17T06:48:42.771+0000] {override.py:1911} INFO - Created Permission View: can edit on DAG:example_bash_decorator
[2024-12-17T06:48:42.782+0000] {logging_mixin.py:190} INFO - [2024-12-17T06:48:42.782+0000] {override.py:1911} INFO - Created Permission View: can delete on DAG:example_bash_decorator
[2024-12-17T06:48:42.789+0000] {logging_mixin.py:190} INFO - [2024-12-17T06:48:42.789+0000] {override.py:1911} INFO - Created Permission View: can read on DAG:example_bash_decorator
[2024-12-17T06:48:42.796+0000] {logging_mixin.py:190} INFO - [2024-12-17T06:48:42.796+0000] {override.py:1911} INFO - Created Permission View: can delete on DAG Run:example_bash_decorator
[2024-12-17T06:48:42.803+0000] {logging_mixin.py:190} INFO - [2024-12-17T06:48:42.803+0000] {override.py:1911} INFO - Created Permission View: can read on DAG Run:example_bash_decorator
[2024-12-17T06:48:42.809+0000] {logging_mixin.py:190} INFO - [2024-12-17T06:48:42.808+0000] {override.py:1911} INFO - Created Permission View: menu access on DAG Run:example_bash_decorator
[2024-12-17T06:48:42.815+0000] {logging_mixin.py:190} INFO - [2024-12-17T06:48:42.814+0000] {override.py:1911} INFO - Created Permission View: can create on DAG Run:example_bash_decorator
[2024-12-17T06:48:42.815+0000] {logging_mixin.py:190} INFO - [2024-12-17T06:48:42.815+0000] {dag.py:3239} INFO - Sync 1 DAGs
[2024-12-17T06:48:42.829+0000] {logging_mixin.py:190} INFO - [2024-12-17T06:48:42.829+0000] {dag.py:3262} INFO - Creating ORM DAG for example_bash_decorator
[2024-12-17T06:48:42.830+0000] {logging_mixin.py:190} INFO - [2024-12-17T06:48:42.830+0000] {dag.py:4180} INFO - Setting next_dagrun for example_bash_decorator to None, run_after=None
[2024-12-17T06:48:42.845+0000] {processor.py:208} INFO - Processing /home/airflow/.local/lib/python3.12/site-packages/airflow/example_dags/example_bash_decorator.py took 0.192 seconds
[2024-12-17T06:49:13.243+0000] {processor.py:186} INFO - Started process (PID=116) to work on /home/airflow/.local/lib/python3.12/site-packages/airflow/example_dags/example_bash_decorator.py
[2024-12-17T06:49:13.243+0000] {processor.py:914} INFO - Processing file /home/airflow/.local/lib/python3.12/site-packages/airflow/example_dags/example_bash_decorator.py for tasks to queue
[2024-12-17T06:49:13.244+0000] {logging_mixin.py:190} INFO - [2024-12-17T06:49:13.244+0000] {dagbag.py:588} INFO - Filling up the DagBag from /home/airflow/.local/lib/python3.12/site-packages/airflow/example_dags/example_bash_decorator.py
[2024-12-17T06:49:13.252+0000] {processor.py:925} INFO - DAG(s) 'example_bash_decorator' retrieved from /home/airflow/.local/lib/python3.12/site-packages/airflow/example_dags/example_bash_decorator.py
[2024-12-17T06:49:13.270+0000] {logging_mixin.py:190} INFO - [2024-12-17T06:49:13.270+0000] {dag.py:3239} INFO - Sync 1 DAGs
[2024-12-17T06:49:13.279+0000] {logging_mixin.py:190} INFO - [2024-12-17T06:49:13.279+0000] {dag.py:4180} INFO - Setting next_dagrun for example_bash_decorator to None, run_after=None
[2024-12-17T06:49:13.293+0000] {processor.py:208} INFO - Processing /home/airflow/.local/lib/python3.12/site-packages/airflow/example_dags/example_bash_decorator.py took 0.055 seconds
[2024-12-17T06:49:44.574+0000] {processor.py:186} INFO - Started process (PID=179) to work on /home/airflow/.local/lib/python3.12/site-packages/airflow/example_dags/example_bash_decorator.py
[2024-12-17T06:49:44.575+0000] {processor.py:914} INFO - Processing file /home/airflow/.local/lib/python3.12/site-packages/airflow/example_dags/example_bash_decorator.py for tasks to queue
[2024-12-17T06:49:44.576+0000] {logging_mixin.py:190} INFO - [2024-12-17T06:49:44.576+0000] {dagbag.py:588} INFO - Filling up the DagBag from /home/airflow/.local/lib/python3.12/site-packages/airflow/example_dags/example_bash_decorator.py
[2024-12-17T06:49:44.588+0000] {processor.py:925} INFO - DAG(s) 'example_bash_decorator' retrieved from /home/airflow/.local/lib/python3.12/site-packages/airflow/example_dags/example_bash_decorator.py
[2024-12-17T06:49:44.606+0000] {logging_mixin.py:190} INFO - [2024-12-17T06:49:44.606+0000] {dag.py:3239} INFO - Sync 1 DAGs
[2024-12-17T06:49:44.618+0000] {logging_mixin.py:190} INFO - [2024-12-17T06:49:44.618+0000] {dag.py:4180} INFO - Setting next_dagrun for example_bash_decorator to None, run_after=None
[2024-12-17T06:49:44.631+0000] {processor.py:208} INFO - Processing /home/airflow/.local/lib/python3.12/site-packages/airflow/example_dags/example_bash_decorator.py took 0.061 seconds
[2024-12-17T06:50:15.898+0000] {processor.py:186} INFO - Started process (PID=242) to work on /home/airflow/.local/lib/python3.12/site-packages/airflow/example_dags/example_bash_decorator.py
[2024-12-17T06:50:15.899+0000] {processor.py:914} INFO - Processing file /home/airflow/.local/lib/python3.12/site-packages/airflow/example_dags/example_bash_decorator.py for tasks to queue
[2024-12-17T06:50:15.901+0000] {logging_mixin.py:190} INFO - [2024-12-17T06:50:15.901+0000] {dagbag.py:588} INFO - Filling up the DagBag from /home/airflow/.local/lib/python3.12/site-packages/airflow/example_dags/example_bash_decorator.py
[2024-12-17T06:50:15.910+0000] {processor.py:925} INFO - DAG(s) 'example_bash_decorator' retrieved from /home/airflow/.local/lib/python3.12/site-packages/airflow/example_dags/example_bash_decorator.py
[2024-12-17T06:50:15.929+0000] {logging_mixin.py:190} INFO - [2024-12-17T06:50:15.928+0000] {dag.py:3239} INFO - Sync 1 DAGs
[2024-12-17T06:50:15.937+0000] {logging_mixin.py:190} INFO - [2024-12-17T06:50:15.937+0000] {dag.py:4180} INFO - Setting next_dagrun for example_bash_decorator to None, run_after=None
[2024-12-17T06:50:15.953+0000] {processor.py:208} INFO - Processing /home/airflow/.local/lib/python3.12/site-packages/airflow/example_dags/example_bash_decorator.py took 0.059 seconds
[2024-12-17T06:50:46.834+0000] {processor.py:186} INFO - Started process (PID=305) to work on /home/airflow/.local/lib/python3.12/site-packages/airflow/example_dags/example_bash_decorator.py
[2024-12-17T06:50:46.834+0000] {processor.py:914} INFO - Processing file /home/airflow/.local/lib/python3.12/site-packages/airflow/example_dags/example_bash_decorator.py for tasks to queue
[2024-12-17T06:50:46.836+0000] {logging_mixin.py:190} INFO - [2024-12-17T06:50:46.835+0000] {dagbag.py:588} INFO - Filling up the DagBag from /home/airflow/.local/lib/python3.12/site-packages/airflow/example_dags/example_bash_decorator.py
[2024-12-17T06:50:46.846+0000] {processor.py:925} INFO - DAG(s) 'example_bash_decorator' retrieved from /home/airflow/.local/lib/python3.12/site-packages/airflow/example_dags/example_bash_decorator.py
[2024-12-17T06:50:46.869+0000] {logging_mixin.py:190} INFO - [2024-12-17T06:50:46.868+0000] {dag.py:3239} INFO - Sync 1 DAGs
[2024-12-17T06:50:46.879+0000] {logging_mixin.py:190} INFO - [2024-12-17T06:50:46.879+0000] {dag.py:4180} INFO - Setting next_dagrun for example_bash_decorator to None, run_after=None
[2024-12-17T06:50:46.897+0000] {processor.py:208} INFO - Processing /home/airflow/.local/lib/python3.12/site-packages/airflow/example_dags/example_bash_decorator.py took 0.066 seconds
[2024-12-17T06:51:17.626+0000] {processor.py:186} INFO - Started process (PID=368) to work on /home/airflow/.local/lib/python3.12/site-packages/airflow/example_dags/example_bash_decorator.py
[2024-12-17T06:51:17.626+0000] {processor.py:914} INFO - Processing file /home/airflow/.local/lib/python3.12/site-packages/airflow/example_dags/example_bash_decorator.py for tasks to queue
[2024-12-17T06:51:17.628+0000] {logging_mixin.py:190} INFO - [2024-12-17T06:51:17.628+0000] {dagbag.py:588} INFO - Filling up the DagBag from /home/airflow/.local/lib/python3.12/site-packages/airflow/example_dags/example_bash_decorator.py
[2024-12-17T06:51:17.639+0000] {processor.py:925} INFO - DAG(s) 'example_bash_decorator' retrieved from /home/airflow/.local/lib/python3.12/site-packages/airflow/example_dags/example_bash_decorator.py
[2024-12-17T06:51:17.657+0000] {logging_mixin.py:190} INFO - [2024-12-17T06:51:17.657+0000] {dag.py:3239} INFO - Sync 1 DAGs
[2024-12-17T06:51:17.672+0000] {logging_mixin.py:190} INFO - [2024-12-17T06:51:17.672+0000] {dag.py:4180} INFO - Setting next_dagrun for example_bash_decorator to None, run_after=None
[2024-12-17T06:51:17.689+0000] {processor.py:208} INFO - Processing /home/airflow/.local/lib/python3.12/site-packages/airflow/example_dags/example_bash_decorator.py took 0.068 seconds
