[2024-12-17T06:48:42.873+0000] {processor.py:186} INFO - Started process (PID=55) to work on /home/airflow/.local/lib/python3.12/site-packages/airflow/example_dags/example_workday_timetable.py
[2024-12-17T06:48:42.873+0000] {processor.py:914} INFO - Processing file /home/airflow/.local/lib/python3.12/site-packages/airflow/example_dags/example_workday_timetable.py for tasks to queue
[2024-12-17T06:48:42.875+0000] {logging_mixin.py:190} INFO - [2024-12-17T06:48:42.875+0000] {dagbag.py:588} INFO - Filling up the DagBag from /home/airflow/.local/lib/python3.12/site-packages/airflow/example_dags/example_workday_timetable.py
[2024-12-17T06:48:42.882+0000] {processor.py:925} INFO - DAG(s) 'example_workday_timetable' retrieved from /home/airflow/.local/lib/python3.12/site-packages/airflow/example_dags/example_workday_timetable.py
[2024-12-17T06:48:42.974+0000] {logging_mixin.py:190} INFO - [2024-12-17T06:48:42.973+0000] {override.py:1911} INFO - Created Permission View: can edit on DAG:example_workday_timetable
[2024-12-17T06:48:42.984+0000] {logging_mixin.py:190} INFO - [2024-12-17T06:48:42.983+0000] {override.py:1911} INFO - Created Permission View: can delete on DAG:example_workday_timetable
[2024-12-17T06:48:42.991+0000] {logging_mixin.py:190} INFO - [2024-12-17T06:48:42.991+0000] {override.py:1911} INFO - Created Permission View: can read on DAG:example_workday_timetable
[2024-12-17T06:48:42.997+0000] {logging_mixin.py:190} INFO - [2024-12-17T06:48:42.997+0000] {override.py:1911} INFO - Created Permission View: can delete on DAG Run:example_workday_timetable
[2024-12-17T06:48:43.003+0000] {logging_mixin.py:190} INFO - [2024-12-17T06:48:43.003+0000] {override.py:1911} INFO - Created Permission View: can read on DAG Run:example_workday_timetable
[2024-12-17T06:48:43.009+0000] {logging_mixin.py:190} INFO - [2024-12-17T06:48:43.009+0000] {override.py:1911} INFO - Created Permission View: menu access on DAG Run:example_workday_timetable
[2024-12-17T06:48:43.015+0000] {logging_mixin.py:190} INFO - [2024-12-17T06:48:43.015+0000] {override.py:1911} INFO - Created Permission View: can create on DAG Run:example_workday_timetable
[2024-12-17T06:48:43.016+0000] {logging_mixin.py:190} INFO - [2024-12-17T06:48:43.015+0000] {dag.py:3239} INFO - Sync 1 DAGs
[2024-12-17T06:48:43.029+0000] {logging_mixin.py:190} INFO - [2024-12-17T06:48:43.028+0000] {dag.py:3262} INFO - Creating ORM DAG for example_workday_timetable
[2024-12-17T06:48:43.090+0000] {logging_mixin.py:190} INFO - [2024-12-17T06:48:43.090+0000] {dag.py:4180} INFO - Setting next_dagrun for example_workday_timetable to 2021-01-04 00:00:00+00:00, run_after=2021-01-05 00:00:00+00:00
[2024-12-17T06:48:43.107+0000] {processor.py:208} INFO - Processing /home/airflow/.local/lib/python3.12/site-packages/airflow/example_dags/example_workday_timetable.py took 0.240 seconds
[2024-12-17T06:49:13.317+0000] {processor.py:186} INFO - Started process (PID=118) to work on /home/airflow/.local/lib/python3.12/site-packages/airflow/example_dags/example_workday_timetable.py
[2024-12-17T06:49:13.317+0000] {processor.py:914} INFO - Processing file /home/airflow/.local/lib/python3.12/site-packages/airflow/example_dags/example_workday_timetable.py for tasks to queue
[2024-12-17T06:49:13.319+0000] {logging_mixin.py:190} INFO - [2024-12-17T06:49:13.319+0000] {dagbag.py:588} INFO - Filling up the DagBag from /home/airflow/.local/lib/python3.12/site-packages/airflow/example_dags/example_workday_timetable.py
[2024-12-17T06:49:13.325+0000] {processor.py:925} INFO - DAG(s) 'example_workday_timetable' retrieved from /home/airflow/.local/lib/python3.12/site-packages/airflow/example_dags/example_workday_timetable.py
[2024-12-17T06:49:13.337+0000] {logging_mixin.py:190} INFO - [2024-12-17T06:49:13.337+0000] {dag.py:3239} INFO - Sync 1 DAGs
[2024-12-17T06:49:13.372+0000] {logging_mixin.py:190} INFO - [2024-12-17T06:49:13.371+0000] {dag.py:4180} INFO - Setting next_dagrun for example_workday_timetable to 2021-01-04 00:00:00+00:00, run_after=2021-01-05 00:00:00+00:00
[2024-12-17T06:49:13.385+0000] {processor.py:208} INFO - Processing /home/airflow/.local/lib/python3.12/site-packages/airflow/example_dags/example_workday_timetable.py took 0.073 seconds
[2024-12-17T06:49:44.649+0000] {processor.py:186} INFO - Started process (PID=181) to work on /home/airflow/.local/lib/python3.12/site-packages/airflow/example_dags/example_workday_timetable.py
[2024-12-17T06:49:44.651+0000] {processor.py:914} INFO - Processing file /home/airflow/.local/lib/python3.12/site-packages/airflow/example_dags/example_workday_timetable.py for tasks to queue
[2024-12-17T06:49:44.652+0000] {logging_mixin.py:190} INFO - [2024-12-17T06:49:44.652+0000] {dagbag.py:588} INFO - Filling up the DagBag from /home/airflow/.local/lib/python3.12/site-packages/airflow/example_dags/example_workday_timetable.py
[2024-12-17T06:49:44.656+0000] {processor.py:925} INFO - DAG(s) 'example_workday_timetable' retrieved from /home/airflow/.local/lib/python3.12/site-packages/airflow/example_dags/example_workday_timetable.py
[2024-12-17T06:49:44.671+0000] {logging_mixin.py:190} INFO - [2024-12-17T06:49:44.671+0000] {dag.py:3239} INFO - Sync 1 DAGs
[2024-12-17T06:49:44.707+0000] {logging_mixin.py:190} INFO - [2024-12-17T06:49:44.707+0000] {dag.py:4180} INFO - Setting next_dagrun for example_workday_timetable to 2021-01-04 00:00:00+00:00, run_after=2021-01-05 00:00:00+00:00
[2024-12-17T06:49:44.720+0000] {processor.py:208} INFO - Processing /home/airflow/.local/lib/python3.12/site-packages/airflow/example_dags/example_workday_timetable.py took 0.074 seconds
[2024-12-17T06:50:15.977+0000] {processor.py:186} INFO - Started process (PID=244) to work on /home/airflow/.local/lib/python3.12/site-packages/airflow/example_dags/example_workday_timetable.py
[2024-12-17T06:50:15.978+0000] {processor.py:914} INFO - Processing file /home/airflow/.local/lib/python3.12/site-packages/airflow/example_dags/example_workday_timetable.py for tasks to queue
[2024-12-17T06:50:15.980+0000] {logging_mixin.py:190} INFO - [2024-12-17T06:50:15.980+0000] {dagbag.py:588} INFO - Filling up the DagBag from /home/airflow/.local/lib/python3.12/site-packages/airflow/example_dags/example_workday_timetable.py
[2024-12-17T06:50:15.987+0000] {processor.py:925} INFO - DAG(s) 'example_workday_timetable' retrieved from /home/airflow/.local/lib/python3.12/site-packages/airflow/example_dags/example_workday_timetable.py
[2024-12-17T06:50:16.008+0000] {logging_mixin.py:190} INFO - [2024-12-17T06:50:16.008+0000] {dag.py:3239} INFO - Sync 1 DAGs
[2024-12-17T06:50:16.067+0000] {logging_mixin.py:190} INFO - [2024-12-17T06:50:16.066+0000] {dag.py:4180} INFO - Setting next_dagrun for example_workday_timetable to 2021-01-04 00:00:00+00:00, run_after=2021-01-05 00:00:00+00:00
[2024-12-17T06:50:16.085+0000] {processor.py:208} INFO - Processing /home/airflow/.local/lib/python3.12/site-packages/airflow/example_dags/example_workday_timetable.py took 0.113 seconds
[2024-12-17T06:50:46.983+0000] {processor.py:186} INFO - Started process (PID=307) to work on /home/airflow/.local/lib/python3.12/site-packages/airflow/example_dags/example_workday_timetable.py
[2024-12-17T06:50:46.984+0000] {processor.py:914} INFO - Processing file /home/airflow/.local/lib/python3.12/site-packages/airflow/example_dags/example_workday_timetable.py for tasks to queue
[2024-12-17T06:50:46.986+0000] {logging_mixin.py:190} INFO - [2024-12-17T06:50:46.986+0000] {dagbag.py:588} INFO - Filling up the DagBag from /home/airflow/.local/lib/python3.12/site-packages/airflow/example_dags/example_workday_timetable.py
[2024-12-17T06:50:46.991+0000] {processor.py:925} INFO - DAG(s) 'example_workday_timetable' retrieved from /home/airflow/.local/lib/python3.12/site-packages/airflow/example_dags/example_workday_timetable.py
[2024-12-17T06:50:47.008+0000] {logging_mixin.py:190} INFO - [2024-12-17T06:50:47.008+0000] {dag.py:3239} INFO - Sync 1 DAGs
[2024-12-17T06:50:47.043+0000] {logging_mixin.py:190} INFO - [2024-12-17T06:50:47.043+0000] {dag.py:4180} INFO - Setting next_dagrun for example_workday_timetable to 2021-01-04 00:00:00+00:00, run_after=2021-01-05 00:00:00+00:00
[2024-12-17T06:50:47.059+0000] {processor.py:208} INFO - Processing /home/airflow/.local/lib/python3.12/site-packages/airflow/example_dags/example_workday_timetable.py took 0.080 seconds
[2024-12-17T06:51:17.714+0000] {processor.py:186} INFO - Started process (PID=370) to work on /home/airflow/.local/lib/python3.12/site-packages/airflow/example_dags/example_workday_timetable.py
[2024-12-17T06:51:17.715+0000] {processor.py:914} INFO - Processing file /home/airflow/.local/lib/python3.12/site-packages/airflow/example_dags/example_workday_timetable.py for tasks to queue
[2024-12-17T06:51:17.717+0000] {logging_mixin.py:190} INFO - [2024-12-17T06:51:17.716+0000] {dagbag.py:588} INFO - Filling up the DagBag from /home/airflow/.local/lib/python3.12/site-packages/airflow/example_dags/example_workday_timetable.py
[2024-12-17T06:51:17.720+0000] {processor.py:925} INFO - DAG(s) 'example_workday_timetable' retrieved from /home/airflow/.local/lib/python3.12/site-packages/airflow/example_dags/example_workday_timetable.py
[2024-12-17T06:51:17.735+0000] {logging_mixin.py:190} INFO - [2024-12-17T06:51:17.735+0000] {dag.py:3239} INFO - Sync 1 DAGs
[2024-12-17T06:51:17.771+0000] {logging_mixin.py:190} INFO - [2024-12-17T06:51:17.771+0000] {dag.py:4180} INFO - Setting next_dagrun for example_workday_timetable to 2021-01-04 00:00:00+00:00, run_after=2021-01-05 00:00:00+00:00
[2024-12-17T06:51:17.783+0000] {processor.py:208} INFO - Processing /home/airflow/.local/lib/python3.12/site-packages/airflow/example_dags/example_workday_timetable.py took 0.074 seconds
