[2024-12-17T06:48:47.652+0000] {processor.py:186} INFO - Started process (PID=88) to work on /home/airflow/.local/lib/python3.12/site-packages/airflow/example_dags/example_local_kubernetes_executor.py
[2024-12-17T06:48:47.653+0000] {processor.py:914} INFO - Processing file /home/airflow/.local/lib/python3.12/site-packages/airflow/example_dags/example_local_kubernetes_executor.py for tasks to queue
[2024-12-17T06:48:47.658+0000] {logging_mixin.py:190} INFO - [2024-12-17T06:48:47.657+0000] {dagbag.py:588} INFO - Filling up the DagBag from /home/airflow/.local/lib/python3.12/site-packages/airflow/example_dags/example_local_kubernetes_executor.py
[2024-12-17T06:48:47.678+0000] {processor.py:925} INFO - DAG(s) 'example_local_kubernetes_executor' retrieved from /home/airflow/.local/lib/python3.12/site-packages/airflow/example_dags/example_local_kubernetes_executor.py
[2024-12-17T06:48:47.812+0000] {logging_mixin.py:190} INFO - [2024-12-17T06:48:47.811+0000] {override.py:1911} INFO - Created Permission View: can edit on DAG:example_local_kubernetes_executor
[2024-12-17T06:48:47.822+0000] {logging_mixin.py:190} INFO - [2024-12-17T06:48:47.822+0000] {override.py:1911} INFO - Created Permission View: can delete on DAG:example_local_kubernetes_executor
[2024-12-17T06:48:47.829+0000] {logging_mixin.py:190} INFO - [2024-12-17T06:48:47.829+0000] {override.py:1911} INFO - Created Permission View: can read on DAG:example_local_kubernetes_executor
[2024-12-17T06:48:47.836+0000] {logging_mixin.py:190} INFO - [2024-12-17T06:48:47.836+0000] {override.py:1911} INFO - Created Permission View: can delete on DAG Run:example_local_kubernetes_executor
[2024-12-17T06:48:47.843+0000] {logging_mixin.py:190} INFO - [2024-12-17T06:48:47.842+0000] {override.py:1911} INFO - Created Permission View: can read on DAG Run:example_local_kubernetes_executor
[2024-12-17T06:48:47.848+0000] {logging_mixin.py:190} INFO - [2024-12-17T06:48:47.848+0000] {override.py:1911} INFO - Created Permission View: menu access on DAG Run:example_local_kubernetes_executor
[2024-12-17T06:48:47.855+0000] {logging_mixin.py:190} INFO - [2024-12-17T06:48:47.855+0000] {override.py:1911} INFO - Created Permission View: can create on DAG Run:example_local_kubernetes_executor
[2024-12-17T06:48:47.855+0000] {logging_mixin.py:190} INFO - [2024-12-17T06:48:47.855+0000] {dag.py:3239} INFO - Sync 1 DAGs
[2024-12-17T06:48:47.872+0000] {logging_mixin.py:190} INFO - [2024-12-17T06:48:47.871+0000] {dag.py:3262} INFO - Creating ORM DAG for example_local_kubernetes_executor
[2024-12-17T06:48:47.872+0000] {logging_mixin.py:190} INFO - [2024-12-17T06:48:47.872+0000] {dag.py:4180} INFO - Setting next_dagrun for example_local_kubernetes_executor to None, run_after=None
[2024-12-17T06:48:47.889+0000] {processor.py:208} INFO - Processing /home/airflow/.local/lib/python3.12/site-packages/airflow/example_dags/example_local_kubernetes_executor.py took 0.245 seconds
[2024-12-17T06:49:18.294+0000] {processor.py:186} INFO - Started process (PID=151) to work on /home/airflow/.local/lib/python3.12/site-packages/airflow/example_dags/example_local_kubernetes_executor.py
[2024-12-17T06:49:18.295+0000] {processor.py:914} INFO - Processing file /home/airflow/.local/lib/python3.12/site-packages/airflow/example_dags/example_local_kubernetes_executor.py for tasks to queue
[2024-12-17T06:49:18.297+0000] {logging_mixin.py:190} INFO - [2024-12-17T06:49:18.296+0000] {dagbag.py:588} INFO - Filling up the DagBag from /home/airflow/.local/lib/python3.12/site-packages/airflow/example_dags/example_local_kubernetes_executor.py
[2024-12-17T06:49:18.302+0000] {processor.py:925} INFO - DAG(s) 'example_local_kubernetes_executor' retrieved from /home/airflow/.local/lib/python3.12/site-packages/airflow/example_dags/example_local_kubernetes_executor.py
[2024-12-17T06:49:18.318+0000] {logging_mixin.py:190} INFO - [2024-12-17T06:49:18.318+0000] {dag.py:3239} INFO - Sync 1 DAGs
[2024-12-17T06:49:18.328+0000] {logging_mixin.py:190} INFO - [2024-12-17T06:49:18.327+0000] {dag.py:4180} INFO - Setting next_dagrun for example_local_kubernetes_executor to None, run_after=None
[2024-12-17T06:49:18.341+0000] {processor.py:208} INFO - Processing /home/airflow/.local/lib/python3.12/site-packages/airflow/example_dags/example_local_kubernetes_executor.py took 0.051 seconds
[2024-12-17T06:49:49.534+0000] {processor.py:186} INFO - Started process (PID=214) to work on /home/airflow/.local/lib/python3.12/site-packages/airflow/example_dags/example_local_kubernetes_executor.py
[2024-12-17T06:49:49.535+0000] {processor.py:914} INFO - Processing file /home/airflow/.local/lib/python3.12/site-packages/airflow/example_dags/example_local_kubernetes_executor.py for tasks to queue
[2024-12-17T06:49:49.536+0000] {logging_mixin.py:190} INFO - [2024-12-17T06:49:49.536+0000] {dagbag.py:588} INFO - Filling up the DagBag from /home/airflow/.local/lib/python3.12/site-packages/airflow/example_dags/example_local_kubernetes_executor.py
[2024-12-17T06:49:49.542+0000] {processor.py:925} INFO - DAG(s) 'example_local_kubernetes_executor' retrieved from /home/airflow/.local/lib/python3.12/site-packages/airflow/example_dags/example_local_kubernetes_executor.py
[2024-12-17T06:49:49.559+0000] {logging_mixin.py:190} INFO - [2024-12-17T06:49:49.558+0000] {dag.py:3239} INFO - Sync 1 DAGs
[2024-12-17T06:49:49.570+0000] {logging_mixin.py:190} INFO - [2024-12-17T06:49:49.570+0000] {dag.py:4180} INFO - Setting next_dagrun for example_local_kubernetes_executor to None, run_after=None
[2024-12-17T06:49:49.584+0000] {processor.py:208} INFO - Processing /home/airflow/.local/lib/python3.12/site-packages/airflow/example_dags/example_local_kubernetes_executor.py took 0.054 seconds
[2024-12-17T06:50:20.370+0000] {processor.py:186} INFO - Started process (PID=277) to work on /home/airflow/.local/lib/python3.12/site-packages/airflow/example_dags/example_local_kubernetes_executor.py
[2024-12-17T06:50:20.371+0000] {processor.py:914} INFO - Processing file /home/airflow/.local/lib/python3.12/site-packages/airflow/example_dags/example_local_kubernetes_executor.py for tasks to queue
[2024-12-17T06:50:20.373+0000] {logging_mixin.py:190} INFO - [2024-12-17T06:50:20.373+0000] {dagbag.py:588} INFO - Filling up the DagBag from /home/airflow/.local/lib/python3.12/site-packages/airflow/example_dags/example_local_kubernetes_executor.py
[2024-12-17T06:50:20.381+0000] {processor.py:925} INFO - DAG(s) 'example_local_kubernetes_executor' retrieved from /home/airflow/.local/lib/python3.12/site-packages/airflow/example_dags/example_local_kubernetes_executor.py
[2024-12-17T06:50:20.398+0000] {logging_mixin.py:190} INFO - [2024-12-17T06:50:20.398+0000] {dag.py:3239} INFO - Sync 1 DAGs
[2024-12-17T06:50:20.408+0000] {logging_mixin.py:190} INFO - [2024-12-17T06:50:20.408+0000] {dag.py:4180} INFO - Setting next_dagrun for example_local_kubernetes_executor to None, run_after=None
[2024-12-17T06:50:20.423+0000] {processor.py:208} INFO - Processing /home/airflow/.local/lib/python3.12/site-packages/airflow/example_dags/example_local_kubernetes_executor.py took 0.057 seconds
[2024-12-17T06:50:51.157+0000] {processor.py:186} INFO - Started process (PID=340) to work on /home/airflow/.local/lib/python3.12/site-packages/airflow/example_dags/example_local_kubernetes_executor.py
[2024-12-17T06:50:51.158+0000] {processor.py:914} INFO - Processing file /home/airflow/.local/lib/python3.12/site-packages/airflow/example_dags/example_local_kubernetes_executor.py for tasks to queue
[2024-12-17T06:50:51.160+0000] {logging_mixin.py:190} INFO - [2024-12-17T06:50:51.160+0000] {dagbag.py:588} INFO - Filling up the DagBag from /home/airflow/.local/lib/python3.12/site-packages/airflow/example_dags/example_local_kubernetes_executor.py
[2024-12-17T06:50:51.166+0000] {processor.py:925} INFO - DAG(s) 'example_local_kubernetes_executor' retrieved from /home/airflow/.local/lib/python3.12/site-packages/airflow/example_dags/example_local_kubernetes_executor.py
[2024-12-17T06:50:51.180+0000] {logging_mixin.py:190} INFO - [2024-12-17T06:50:51.180+0000] {dag.py:3239} INFO - Sync 1 DAGs
[2024-12-17T06:50:51.188+0000] {logging_mixin.py:190} INFO - [2024-12-17T06:50:51.188+0000] {dag.py:4180} INFO - Setting next_dagrun for example_local_kubernetes_executor to None, run_after=None
[2024-12-17T06:50:51.197+0000] {processor.py:208} INFO - Processing /home/airflow/.local/lib/python3.12/site-packages/airflow/example_dags/example_local_kubernetes_executor.py took 0.044 seconds
[2024-12-17T06:51:22.048+0000] {processor.py:186} INFO - Started process (PID=403) to work on /home/airflow/.local/lib/python3.12/site-packages/airflow/example_dags/example_local_kubernetes_executor.py
[2024-12-17T06:51:22.049+0000] {processor.py:914} INFO - Processing file /home/airflow/.local/lib/python3.12/site-packages/airflow/example_dags/example_local_kubernetes_executor.py for tasks to queue
[2024-12-17T06:51:22.051+0000] {logging_mixin.py:190} INFO - [2024-12-17T06:51:22.050+0000] {dagbag.py:588} INFO - Filling up the DagBag from /home/airflow/.local/lib/python3.12/site-packages/airflow/example_dags/example_local_kubernetes_executor.py
[2024-12-17T06:51:22.056+0000] {processor.py:925} INFO - DAG(s) 'example_local_kubernetes_executor' retrieved from /home/airflow/.local/lib/python3.12/site-packages/airflow/example_dags/example_local_kubernetes_executor.py
[2024-12-17T06:51:22.073+0000] {logging_mixin.py:190} INFO - [2024-12-17T06:51:22.073+0000] {dag.py:3239} INFO - Sync 1 DAGs
[2024-12-17T06:51:22.087+0000] {logging_mixin.py:190} INFO - [2024-12-17T06:51:22.087+0000] {dag.py:4180} INFO - Setting next_dagrun for example_local_kubernetes_executor to None, run_after=None
[2024-12-17T06:51:22.104+0000] {processor.py:208} INFO - Processing /home/airflow/.local/lib/python3.12/site-packages/airflow/example_dags/example_local_kubernetes_executor.py took 0.061 seconds
