[2024-12-17T06:48:44.189+0000] {processor.py:186} INFO - Started process (PID=67) to work on /home/airflow/.local/lib/python3.12/site-packages/airflow/example_dags/example_bash_operator.py
[2024-12-17T06:48:44.189+0000] {processor.py:914} INFO - Processing file /home/airflow/.local/lib/python3.12/site-packages/airflow/example_dags/example_bash_operator.py for tasks to queue
[2024-12-17T06:48:44.191+0000] {logging_mixin.py:190} INFO - [2024-12-17T06:48:44.191+0000] {dagbag.py:588} INFO - Filling up the DagBag from /home/airflow/.local/lib/python3.12/site-packages/airflow/example_dags/example_bash_operator.py
[2024-12-17T06:48:44.206+0000] {processor.py:925} INFO - DAG(s) 'example_bash_operator' retrieved from /home/airflow/.local/lib/python3.12/site-packages/airflow/example_dags/example_bash_operator.py
[2024-12-17T06:48:44.293+0000] {logging_mixin.py:190} INFO - [2024-12-17T06:48:44.292+0000] {override.py:1911} INFO - Created Permission View: can edit on DAG:example_bash_operator
[2024-12-17T06:48:44.304+0000] {logging_mixin.py:190} INFO - [2024-12-17T06:48:44.303+0000] {override.py:1911} INFO - Created Permission View: can delete on DAG:example_bash_operator
[2024-12-17T06:48:44.310+0000] {logging_mixin.py:190} INFO - [2024-12-17T06:48:44.309+0000] {override.py:1911} INFO - Created Permission View: can read on DAG:example_bash_operator
[2024-12-17T06:48:44.318+0000] {logging_mixin.py:190} INFO - [2024-12-17T06:48:44.317+0000] {override.py:1911} INFO - Created Permission View: can delete on DAG Run:example_bash_operator
[2024-12-17T06:48:44.327+0000] {logging_mixin.py:190} INFO - [2024-12-17T06:48:44.326+0000] {override.py:1911} INFO - Created Permission View: can read on DAG Run:example_bash_operator
[2024-12-17T06:48:44.333+0000] {logging_mixin.py:190} INFO - [2024-12-17T06:48:44.333+0000] {override.py:1911} INFO - Created Permission View: menu access on DAG Run:example_bash_operator
[2024-12-17T06:48:44.339+0000] {logging_mixin.py:190} INFO - [2024-12-17T06:48:44.339+0000] {override.py:1911} INFO - Created Permission View: can create on DAG Run:example_bash_operator
[2024-12-17T06:48:44.340+0000] {logging_mixin.py:190} INFO - [2024-12-17T06:48:44.340+0000] {dag.py:3239} INFO - Sync 1 DAGs
[2024-12-17T06:48:44.353+0000] {logging_mixin.py:190} INFO - [2024-12-17T06:48:44.352+0000] {dag.py:3262} INFO - Creating ORM DAG for example_bash_operator
[2024-12-17T06:48:44.364+0000] {logging_mixin.py:190} INFO - [2024-12-17T06:48:44.363+0000] {dag.py:4180} INFO - Setting next_dagrun for example_bash_operator to 2024-12-16 00:00:00+00:00, run_after=2024-12-17 00:00:00+00:00
[2024-12-17T06:48:44.382+0000] {processor.py:208} INFO - Processing /home/airflow/.local/lib/python3.12/site-packages/airflow/example_dags/example_bash_operator.py took 0.200 seconds
[2024-12-17T06:49:14.797+0000] {processor.py:186} INFO - Started process (PID=130) to work on /home/airflow/.local/lib/python3.12/site-packages/airflow/example_dags/example_bash_operator.py
[2024-12-17T06:49:14.798+0000] {processor.py:914} INFO - Processing file /home/airflow/.local/lib/python3.12/site-packages/airflow/example_dags/example_bash_operator.py for tasks to queue
[2024-12-17T06:49:14.799+0000] {logging_mixin.py:190} INFO - [2024-12-17T06:49:14.799+0000] {dagbag.py:588} INFO - Filling up the DagBag from /home/airflow/.local/lib/python3.12/site-packages/airflow/example_dags/example_bash_operator.py
[2024-12-17T06:49:14.810+0000] {processor.py:925} INFO - DAG(s) 'example_bash_operator' retrieved from /home/airflow/.local/lib/python3.12/site-packages/airflow/example_dags/example_bash_operator.py
[2024-12-17T06:49:14.828+0000] {logging_mixin.py:190} INFO - [2024-12-17T06:49:14.828+0000] {dag.py:3239} INFO - Sync 1 DAGs
[2024-12-17T06:49:14.844+0000] {logging_mixin.py:190} INFO - [2024-12-17T06:49:14.844+0000] {dag.py:4180} INFO - Setting next_dagrun for example_bash_operator to 2024-12-16 00:00:00+00:00, run_after=2024-12-17 00:00:00+00:00
[2024-12-17T06:49:14.857+0000] {processor.py:208} INFO - Processing /home/airflow/.local/lib/python3.12/site-packages/airflow/example_dags/example_bash_operator.py took 0.065 seconds
[2024-12-17T06:49:45.107+0000] {processor.py:186} INFO - Started process (PID=193) to work on /home/airflow/.local/lib/python3.12/site-packages/airflow/example_dags/example_bash_operator.py
[2024-12-17T06:49:45.107+0000] {processor.py:914} INFO - Processing file /home/airflow/.local/lib/python3.12/site-packages/airflow/example_dags/example_bash_operator.py for tasks to queue
[2024-12-17T06:49:45.108+0000] {logging_mixin.py:190} INFO - [2024-12-17T06:49:45.108+0000] {dagbag.py:588} INFO - Filling up the DagBag from /home/airflow/.local/lib/python3.12/site-packages/airflow/example_dags/example_bash_operator.py
[2024-12-17T06:49:45.115+0000] {processor.py:925} INFO - DAG(s) 'example_bash_operator' retrieved from /home/airflow/.local/lib/python3.12/site-packages/airflow/example_dags/example_bash_operator.py
[2024-12-17T06:49:45.134+0000] {logging_mixin.py:190} INFO - [2024-12-17T06:49:45.134+0000] {dag.py:3239} INFO - Sync 1 DAGs
[2024-12-17T06:49:45.154+0000] {logging_mixin.py:190} INFO - [2024-12-17T06:49:45.154+0000] {dag.py:4180} INFO - Setting next_dagrun for example_bash_operator to 2024-12-16 00:00:00+00:00, run_after=2024-12-17 00:00:00+00:00
[2024-12-17T06:49:45.169+0000] {processor.py:208} INFO - Processing /home/airflow/.local/lib/python3.12/site-packages/airflow/example_dags/example_bash_operator.py took 0.065 seconds
[2024-12-17T06:50:16.610+0000] {processor.py:186} INFO - Started process (PID=256) to work on /home/airflow/.local/lib/python3.12/site-packages/airflow/example_dags/example_bash_operator.py
[2024-12-17T06:50:16.611+0000] {processor.py:914} INFO - Processing file /home/airflow/.local/lib/python3.12/site-packages/airflow/example_dags/example_bash_operator.py for tasks to queue
[2024-12-17T06:50:16.613+0000] {logging_mixin.py:190} INFO - [2024-12-17T06:50:16.612+0000] {dagbag.py:588} INFO - Filling up the DagBag from /home/airflow/.local/lib/python3.12/site-packages/airflow/example_dags/example_bash_operator.py
[2024-12-17T06:50:16.624+0000] {processor.py:925} INFO - DAG(s) 'example_bash_operator' retrieved from /home/airflow/.local/lib/python3.12/site-packages/airflow/example_dags/example_bash_operator.py
[2024-12-17T06:50:16.648+0000] {logging_mixin.py:190} INFO - [2024-12-17T06:50:16.647+0000] {dag.py:3239} INFO - Sync 1 DAGs
[2024-12-17T06:50:16.667+0000] {logging_mixin.py:190} INFO - [2024-12-17T06:50:16.667+0000] {dag.py:4180} INFO - Setting next_dagrun for example_bash_operator to 2024-12-16 00:00:00+00:00, run_after=2024-12-17 00:00:00+00:00
[2024-12-17T06:50:16.684+0000] {processor.py:208} INFO - Processing /home/airflow/.local/lib/python3.12/site-packages/airflow/example_dags/example_bash_operator.py took 0.078 seconds
[2024-12-17T06:50:47.559+0000] {processor.py:186} INFO - Started process (PID=319) to work on /home/airflow/.local/lib/python3.12/site-packages/airflow/example_dags/example_bash_operator.py
[2024-12-17T06:50:47.560+0000] {processor.py:914} INFO - Processing file /home/airflow/.local/lib/python3.12/site-packages/airflow/example_dags/example_bash_operator.py for tasks to queue
[2024-12-17T06:50:47.561+0000] {logging_mixin.py:190} INFO - [2024-12-17T06:50:47.561+0000] {dagbag.py:588} INFO - Filling up the DagBag from /home/airflow/.local/lib/python3.12/site-packages/airflow/example_dags/example_bash_operator.py
[2024-12-17T06:50:47.568+0000] {processor.py:925} INFO - DAG(s) 'example_bash_operator' retrieved from /home/airflow/.local/lib/python3.12/site-packages/airflow/example_dags/example_bash_operator.py
[2024-12-17T06:50:47.587+0000] {logging_mixin.py:190} INFO - [2024-12-17T06:50:47.587+0000] {dag.py:3239} INFO - Sync 1 DAGs
[2024-12-17T06:50:47.605+0000] {logging_mixin.py:190} INFO - [2024-12-17T06:50:47.605+0000] {dag.py:4180} INFO - Setting next_dagrun for example_bash_operator to 2024-12-16 00:00:00+00:00, run_after=2024-12-17 00:00:00+00:00
[2024-12-17T06:50:47.615+0000] {processor.py:208} INFO - Processing /home/airflow/.local/lib/python3.12/site-packages/airflow/example_dags/example_bash_operator.py took 0.060 seconds
[2024-12-17T06:51:18.336+0000] {processor.py:186} INFO - Started process (PID=382) to work on /home/airflow/.local/lib/python3.12/site-packages/airflow/example_dags/example_bash_operator.py
[2024-12-17T06:51:18.337+0000] {processor.py:914} INFO - Processing file /home/airflow/.local/lib/python3.12/site-packages/airflow/example_dags/example_bash_operator.py for tasks to queue
[2024-12-17T06:51:18.338+0000] {logging_mixin.py:190} INFO - [2024-12-17T06:51:18.338+0000] {dagbag.py:588} INFO - Filling up the DagBag from /home/airflow/.local/lib/python3.12/site-packages/airflow/example_dags/example_bash_operator.py
[2024-12-17T06:51:18.347+0000] {processor.py:925} INFO - DAG(s) 'example_bash_operator' retrieved from /home/airflow/.local/lib/python3.12/site-packages/airflow/example_dags/example_bash_operator.py
[2024-12-17T06:51:18.375+0000] {logging_mixin.py:190} INFO - [2024-12-17T06:51:18.375+0000] {dag.py:3239} INFO - Sync 1 DAGs
[2024-12-17T06:51:18.408+0000] {logging_mixin.py:190} INFO - [2024-12-17T06:51:18.408+0000] {dag.py:4180} INFO - Setting next_dagrun for example_bash_operator to 2024-12-16 00:00:00+00:00, run_after=2024-12-17 00:00:00+00:00
[2024-12-17T06:51:18.429+0000] {processor.py:208} INFO - Processing /home/airflow/.local/lib/python3.12/site-packages/airflow/example_dags/example_bash_operator.py took 0.098 seconds
