[2024-12-17T06:48:40.467+0000] {processor.py:186} INFO - Started process (PID=44) to work on /home/airflow/.local/lib/python3.12/site-packages/airflow/example_dags/example_display_name.py
[2024-12-17T06:48:40.468+0000] {processor.py:914} INFO - Processing file /home/airflow/.local/lib/python3.12/site-packages/airflow/example_dags/example_display_name.py for tasks to queue
[2024-12-17T06:48:40.471+0000] {logging_mixin.py:190} INFO - [2024-12-17T06:48:40.470+0000] {dagbag.py:588} INFO - Filling up the DagBag from /home/airflow/.local/lib/python3.12/site-packages/airflow/example_dags/example_display_name.py
[2024-12-17T06:48:40.479+0000] {processor.py:925} INFO - DAG(s) 'example_display_name' retrieved from /home/airflow/.local/lib/python3.12/site-packages/airflow/example_dags/example_display_name.py
[2024-12-17T06:48:40.574+0000] {logging_mixin.py:190} INFO - [2024-12-17T06:48:40.574+0000] {override.py:1911} INFO - Created Permission View: can edit on DAG:example_display_name
[2024-12-17T06:48:40.584+0000] {logging_mixin.py:190} INFO - [2024-12-17T06:48:40.584+0000] {override.py:1911} INFO - Created Permission View: can delete on DAG:example_display_name
[2024-12-17T06:48:40.592+0000] {logging_mixin.py:190} INFO - [2024-12-17T06:48:40.592+0000] {override.py:1911} INFO - Created Permission View: can read on DAG:example_display_name
[2024-12-17T06:48:40.599+0000] {logging_mixin.py:190} INFO - [2024-12-17T06:48:40.598+0000] {override.py:1911} INFO - Created Permission View: can delete on DAG Run:example_display_name
[2024-12-17T06:48:40.605+0000] {logging_mixin.py:190} INFO - [2024-12-17T06:48:40.604+0000] {override.py:1911} INFO - Created Permission View: can read on DAG Run:example_display_name
[2024-12-17T06:48:40.613+0000] {logging_mixin.py:190} INFO - [2024-12-17T06:48:40.613+0000] {override.py:1911} INFO - Created Permission View: menu access on DAG Run:example_display_name
[2024-12-17T06:48:40.619+0000] {logging_mixin.py:190} INFO - [2024-12-17T06:48:40.619+0000] {override.py:1911} INFO - Created Permission View: can create on DAG Run:example_display_name
[2024-12-17T06:48:40.620+0000] {logging_mixin.py:190} INFO - [2024-12-17T06:48:40.620+0000] {dag.py:3239} INFO - Sync 1 DAGs
[2024-12-17T06:48:40.633+0000] {logging_mixin.py:190} INFO - [2024-12-17T06:48:40.633+0000] {dag.py:3262} INFO - Creating ORM DAG for example_display_name
[2024-12-17T06:48:40.634+0000] {logging_mixin.py:190} INFO - [2024-12-17T06:48:40.633+0000] {dag.py:4180} INFO - Setting next_dagrun for example_display_name to None, run_after=None
[2024-12-17T06:48:40.649+0000] {processor.py:208} INFO - Processing /home/airflow/.local/lib/python3.12/site-packages/airflow/example_dags/example_display_name.py took 0.189 seconds
[2024-12-17T06:49:11.554+0000] {processor.py:186} INFO - Started process (PID=106) to work on /home/airflow/.local/lib/python3.12/site-packages/airflow/example_dags/example_display_name.py
[2024-12-17T06:49:11.559+0000] {processor.py:914} INFO - Processing file /home/airflow/.local/lib/python3.12/site-packages/airflow/example_dags/example_display_name.py for tasks to queue
[2024-12-17T06:49:11.561+0000] {logging_mixin.py:190} INFO - [2024-12-17T06:49:11.561+0000] {dagbag.py:588} INFO - Filling up the DagBag from /home/airflow/.local/lib/python3.12/site-packages/airflow/example_dags/example_display_name.py
[2024-12-17T06:49:11.567+0000] {processor.py:925} INFO - DAG(s) 'example_display_name' retrieved from /home/airflow/.local/lib/python3.12/site-packages/airflow/example_dags/example_display_name.py
[2024-12-17T06:49:11.579+0000] {logging_mixin.py:190} INFO - [2024-12-17T06:49:11.579+0000] {dag.py:3239} INFO - Sync 1 DAGs
[2024-12-17T06:49:11.589+0000] {logging_mixin.py:190} INFO - [2024-12-17T06:49:11.588+0000] {dag.py:4180} INFO - Setting next_dagrun for example_display_name to None, run_after=None
[2024-12-17T06:49:11.603+0000] {processor.py:208} INFO - Processing /home/airflow/.local/lib/python3.12/site-packages/airflow/example_dags/example_display_name.py took 0.053 seconds
[2024-12-17T06:49:41.867+0000] {processor.py:186} INFO - Started process (PID=169) to work on /home/airflow/.local/lib/python3.12/site-packages/airflow/example_dags/example_display_name.py
[2024-12-17T06:49:41.872+0000] {processor.py:914} INFO - Processing file /home/airflow/.local/lib/python3.12/site-packages/airflow/example_dags/example_display_name.py for tasks to queue
[2024-12-17T06:49:41.874+0000] {logging_mixin.py:190} INFO - [2024-12-17T06:49:41.873+0000] {dagbag.py:588} INFO - Filling up the DagBag from /home/airflow/.local/lib/python3.12/site-packages/airflow/example_dags/example_display_name.py
[2024-12-17T06:49:41.879+0000] {processor.py:925} INFO - DAG(s) 'example_display_name' retrieved from /home/airflow/.local/lib/python3.12/site-packages/airflow/example_dags/example_display_name.py
[2024-12-17T06:49:41.893+0000] {logging_mixin.py:190} INFO - [2024-12-17T06:49:41.893+0000] {dag.py:3239} INFO - Sync 1 DAGs
[2024-12-17T06:49:41.905+0000] {logging_mixin.py:190} INFO - [2024-12-17T06:49:41.904+0000] {dag.py:4180} INFO - Setting next_dagrun for example_display_name to None, run_after=None
[2024-12-17T06:49:41.916+0000] {processor.py:208} INFO - Processing /home/airflow/.local/lib/python3.12/site-packages/airflow/example_dags/example_display_name.py took 0.053 seconds
[2024-12-17T06:50:12.053+0000] {processor.py:186} INFO - Started process (PID=232) to work on /home/airflow/.local/lib/python3.12/site-packages/airflow/example_dags/example_display_name.py
[2024-12-17T06:50:12.058+0000] {processor.py:914} INFO - Processing file /home/airflow/.local/lib/python3.12/site-packages/airflow/example_dags/example_display_name.py for tasks to queue
[2024-12-17T06:50:12.060+0000] {logging_mixin.py:190} INFO - [2024-12-17T06:50:12.060+0000] {dagbag.py:588} INFO - Filling up the DagBag from /home/airflow/.local/lib/python3.12/site-packages/airflow/example_dags/example_display_name.py
[2024-12-17T06:50:12.067+0000] {processor.py:925} INFO - DAG(s) 'example_display_name' retrieved from /home/airflow/.local/lib/python3.12/site-packages/airflow/example_dags/example_display_name.py
[2024-12-17T06:50:12.082+0000] {logging_mixin.py:190} INFO - [2024-12-17T06:50:12.081+0000] {dag.py:3239} INFO - Sync 1 DAGs
[2024-12-17T06:50:12.093+0000] {logging_mixin.py:190} INFO - [2024-12-17T06:50:12.092+0000] {dag.py:4180} INFO - Setting next_dagrun for example_display_name to None, run_after=None
[2024-12-17T06:50:12.115+0000] {processor.py:208} INFO - Processing /home/airflow/.local/lib/python3.12/site-packages/airflow/example_dags/example_display_name.py took 0.065 seconds
[2024-12-17T06:50:43.041+0000] {processor.py:186} INFO - Started process (PID=295) to work on /home/airflow/.local/lib/python3.12/site-packages/airflow/example_dags/example_display_name.py
[2024-12-17T06:50:43.042+0000] {processor.py:914} INFO - Processing file /home/airflow/.local/lib/python3.12/site-packages/airflow/example_dags/example_display_name.py for tasks to queue
[2024-12-17T06:50:43.043+0000] {logging_mixin.py:190} INFO - [2024-12-17T06:50:43.043+0000] {dagbag.py:588} INFO - Filling up the DagBag from /home/airflow/.local/lib/python3.12/site-packages/airflow/example_dags/example_display_name.py
[2024-12-17T06:50:43.051+0000] {processor.py:925} INFO - DAG(s) 'example_display_name' retrieved from /home/airflow/.local/lib/python3.12/site-packages/airflow/example_dags/example_display_name.py
[2024-12-17T06:50:43.067+0000] {logging_mixin.py:190} INFO - [2024-12-17T06:50:43.067+0000] {dag.py:3239} INFO - Sync 1 DAGs
[2024-12-17T06:50:43.077+0000] {logging_mixin.py:190} INFO - [2024-12-17T06:50:43.077+0000] {dag.py:4180} INFO - Setting next_dagrun for example_display_name to None, run_after=None
[2024-12-17T06:50:43.091+0000] {processor.py:208} INFO - Processing /home/airflow/.local/lib/python3.12/site-packages/airflow/example_dags/example_display_name.py took 0.054 seconds
[2024-12-17T06:51:13.871+0000] {processor.py:186} INFO - Started process (PID=358) to work on /home/airflow/.local/lib/python3.12/site-packages/airflow/example_dags/example_display_name.py
[2024-12-17T06:51:13.876+0000] {processor.py:914} INFO - Processing file /home/airflow/.local/lib/python3.12/site-packages/airflow/example_dags/example_display_name.py for tasks to queue
[2024-12-17T06:51:13.878+0000] {logging_mixin.py:190} INFO - [2024-12-17T06:51:13.878+0000] {dagbag.py:588} INFO - Filling up the DagBag from /home/airflow/.local/lib/python3.12/site-packages/airflow/example_dags/example_display_name.py
[2024-12-17T06:51:13.885+0000] {processor.py:925} INFO - DAG(s) 'example_display_name' retrieved from /home/airflow/.local/lib/python3.12/site-packages/airflow/example_dags/example_display_name.py
[2024-12-17T06:51:13.904+0000] {logging_mixin.py:190} INFO - [2024-12-17T06:51:13.903+0000] {dag.py:3239} INFO - Sync 1 DAGs
[2024-12-17T06:51:13.917+0000] {logging_mixin.py:190} INFO - [2024-12-17T06:51:13.916+0000] {dag.py:4180} INFO - Setting next_dagrun for example_display_name to None, run_after=None
[2024-12-17T06:51:13.931+0000] {processor.py:208} INFO - Processing /home/airflow/.local/lib/python3.12/site-packages/airflow/example_dags/example_display_name.py took 0.064 seconds
