[2024-12-17T06:48:44.619+0000] {processor.py:186} INFO - Started process (PID=71) to work on /home/airflow/.local/lib/python3.12/site-packages/airflow/example_dags/example_outlet_event_extra.py
[2024-12-17T06:48:44.620+0000] {processor.py:914} INFO - Processing file /home/airflow/.local/lib/python3.12/site-packages/airflow/example_dags/example_outlet_event_extra.py for tasks to queue
[2024-12-17T06:48:44.621+0000] {logging_mixin.py:190} INFO - [2024-12-17T06:48:44.621+0000] {dagbag.py:588} INFO - Filling up the DagBag from /home/airflow/.local/lib/python3.12/site-packages/airflow/example_dags/example_outlet_event_extra.py
[2024-12-17T06:48:45.059+0000] {processor.py:925} INFO - DAG(s) 'dataset_with_extra_by_context', 'dataset_with_extra_by_yield', 'dataset_with_extra_from_classic_operator' retrieved from /home/airflow/.local/lib/python3.12/site-packages/airflow/example_dags/example_outlet_event_extra.py
[2024-12-17T06:48:45.139+0000] {logging_mixin.py:190} INFO - [2024-12-17T06:48:45.138+0000] {override.py:1911} INFO - Created Permission View: can edit on DAG:dataset_with_extra_by_context
[2024-12-17T06:48:45.148+0000] {logging_mixin.py:190} INFO - [2024-12-17T06:48:45.147+0000] {override.py:1911} INFO - Created Permission View: can delete on DAG:dataset_with_extra_by_context
[2024-12-17T06:48:45.155+0000] {logging_mixin.py:190} INFO - [2024-12-17T06:48:45.155+0000] {override.py:1911} INFO - Created Permission View: can read on DAG:dataset_with_extra_by_context
[2024-12-17T06:48:45.162+0000] {logging_mixin.py:190} INFO - [2024-12-17T06:48:45.161+0000] {override.py:1911} INFO - Created Permission View: can delete on DAG Run:dataset_with_extra_by_context
[2024-12-17T06:48:45.168+0000] {logging_mixin.py:190} INFO - [2024-12-17T06:48:45.167+0000] {override.py:1911} INFO - Created Permission View: can read on DAG Run:dataset_with_extra_by_context
[2024-12-17T06:48:45.174+0000] {logging_mixin.py:190} INFO - [2024-12-17T06:48:45.173+0000] {override.py:1911} INFO - Created Permission View: menu access on DAG Run:dataset_with_extra_by_context
[2024-12-17T06:48:45.180+0000] {logging_mixin.py:190} INFO - [2024-12-17T06:48:45.179+0000] {override.py:1911} INFO - Created Permission View: can create on DAG Run:dataset_with_extra_by_context
[2024-12-17T06:48:45.191+0000] {logging_mixin.py:190} INFO - [2024-12-17T06:48:45.191+0000] {override.py:1911} INFO - Created Permission View: can edit on DAG:dataset_with_extra_by_yield
[2024-12-17T06:48:45.197+0000] {logging_mixin.py:190} INFO - [2024-12-17T06:48:45.197+0000] {override.py:1911} INFO - Created Permission View: can delete on DAG:dataset_with_extra_by_yield
[2024-12-17T06:48:45.202+0000] {logging_mixin.py:190} INFO - [2024-12-17T06:48:45.202+0000] {override.py:1911} INFO - Created Permission View: can read on DAG:dataset_with_extra_by_yield
[2024-12-17T06:48:45.207+0000] {logging_mixin.py:190} INFO - [2024-12-17T06:48:45.207+0000] {override.py:1911} INFO - Created Permission View: can delete on DAG Run:dataset_with_extra_by_yield
[2024-12-17T06:48:45.213+0000] {logging_mixin.py:190} INFO - [2024-12-17T06:48:45.213+0000] {override.py:1911} INFO - Created Permission View: can read on DAG Run:dataset_with_extra_by_yield
[2024-12-17T06:48:45.218+0000] {logging_mixin.py:190} INFO - [2024-12-17T06:48:45.218+0000] {override.py:1911} INFO - Created Permission View: menu access on DAG Run:dataset_with_extra_by_yield
[2024-12-17T06:48:45.224+0000] {logging_mixin.py:190} INFO - [2024-12-17T06:48:45.223+0000] {override.py:1911} INFO - Created Permission View: can create on DAG Run:dataset_with_extra_by_yield
[2024-12-17T06:48:45.235+0000] {logging_mixin.py:190} INFO - [2024-12-17T06:48:45.235+0000] {override.py:1911} INFO - Created Permission View: can edit on DAG:dataset_with_extra_from_classic_operator
[2024-12-17T06:48:45.241+0000] {logging_mixin.py:190} INFO - [2024-12-17T06:48:45.241+0000] {override.py:1911} INFO - Created Permission View: can delete on DAG:dataset_with_extra_from_classic_operator
[2024-12-17T06:48:45.246+0000] {logging_mixin.py:190} INFO - [2024-12-17T06:48:45.246+0000] {override.py:1911} INFO - Created Permission View: can read on DAG:dataset_with_extra_from_classic_operator
[2024-12-17T06:48:45.252+0000] {logging_mixin.py:190} INFO - [2024-12-17T06:48:45.252+0000] {override.py:1911} INFO - Created Permission View: can delete on DAG Run:dataset_with_extra_from_classic_operator
[2024-12-17T06:48:45.258+0000] {logging_mixin.py:190} INFO - [2024-12-17T06:48:45.258+0000] {override.py:1911} INFO - Created Permission View: can read on DAG Run:dataset_with_extra_from_classic_operator
[2024-12-17T06:48:45.264+0000] {logging_mixin.py:190} INFO - [2024-12-17T06:48:45.263+0000] {override.py:1911} INFO - Created Permission View: menu access on DAG Run:dataset_with_extra_from_classic_operator
[2024-12-17T06:48:45.271+0000] {logging_mixin.py:190} INFO - [2024-12-17T06:48:45.271+0000] {override.py:1911} INFO - Created Permission View: can create on DAG Run:dataset_with_extra_from_classic_operator
[2024-12-17T06:48:45.272+0000] {logging_mixin.py:190} INFO - [2024-12-17T06:48:45.272+0000] {dag.py:3239} INFO - Sync 3 DAGs
[2024-12-17T06:48:45.284+0000] {logging_mixin.py:190} INFO - [2024-12-17T06:48:45.283+0000] {dag.py:3262} INFO - Creating ORM DAG for dataset_with_extra_from_classic_operator
[2024-12-17T06:48:45.284+0000] {logging_mixin.py:190} INFO - [2024-12-17T06:48:45.284+0000] {dag.py:3262} INFO - Creating ORM DAG for dataset_with_extra_by_yield
[2024-12-17T06:48:45.285+0000] {logging_mixin.py:190} INFO - [2024-12-17T06:48:45.285+0000] {dag.py:3262} INFO - Creating ORM DAG for dataset_with_extra_by_context
[2024-12-17T06:48:45.296+0000] {logging_mixin.py:190} INFO - [2024-12-17T06:48:45.296+0000] {dag.py:4180} INFO - Setting next_dagrun for dataset_with_extra_by_context to 2024-12-16 00:00:00+00:00, run_after=2024-12-17 00:00:00+00:00
[2024-12-17T06:48:45.299+0000] {logging_mixin.py:190} INFO - [2024-12-17T06:48:45.298+0000] {dag.py:4180} INFO - Setting next_dagrun for dataset_with_extra_by_yield to 2024-12-16 00:00:00+00:00, run_after=2024-12-17 00:00:00+00:00
[2024-12-17T06:48:45.301+0000] {logging_mixin.py:190} INFO - [2024-12-17T06:48:45.300+0000] {dag.py:4180} INFO - Setting next_dagrun for dataset_with_extra_from_classic_operator to 2024-12-16 00:00:00+00:00, run_after=2024-12-17 00:00:00+00:00
[2024-12-17T06:48:45.327+0000] {processor.py:208} INFO - Processing /home/airflow/.local/lib/python3.12/site-packages/airflow/example_dags/example_outlet_event_extra.py took 0.711 seconds
[2024-12-17T06:49:15.961+0000] {processor.py:186} INFO - Started process (PID=134) to work on /home/airflow/.local/lib/python3.12/site-packages/airflow/example_dags/example_outlet_event_extra.py
[2024-12-17T06:49:15.962+0000] {processor.py:914} INFO - Processing file /home/airflow/.local/lib/python3.12/site-packages/airflow/example_dags/example_outlet_event_extra.py for tasks to queue
[2024-12-17T06:49:15.964+0000] {logging_mixin.py:190} INFO - [2024-12-17T06:49:15.963+0000] {dagbag.py:588} INFO - Filling up the DagBag from /home/airflow/.local/lib/python3.12/site-packages/airflow/example_dags/example_outlet_event_extra.py
[2024-12-17T06:49:16.310+0000] {processor.py:925} INFO - DAG(s) 'dataset_with_extra_by_context', 'dataset_with_extra_by_yield', 'dataset_with_extra_from_classic_operator' retrieved from /home/airflow/.local/lib/python3.12/site-packages/airflow/example_dags/example_outlet_event_extra.py
[2024-12-17T06:49:16.332+0000] {logging_mixin.py:190} INFO - [2024-12-17T06:49:16.332+0000] {dag.py:3239} INFO - Sync 3 DAGs
[2024-12-17T06:49:16.354+0000] {logging_mixin.py:190} INFO - [2024-12-17T06:49:16.353+0000] {dag.py:4180} INFO - Setting next_dagrun for dataset_with_extra_by_context to 2024-12-16 00:00:00+00:00, run_after=2024-12-17 00:00:00+00:00
[2024-12-17T06:49:16.358+0000] {logging_mixin.py:190} INFO - [2024-12-17T06:49:16.358+0000] {dag.py:4180} INFO - Setting next_dagrun for dataset_with_extra_by_yield to 2024-12-16 00:00:00+00:00, run_after=2024-12-17 00:00:00+00:00
[2024-12-17T06:49:16.360+0000] {logging_mixin.py:190} INFO - [2024-12-17T06:49:16.360+0000] {dag.py:4180} INFO - Setting next_dagrun for dataset_with_extra_from_classic_operator to 2024-12-16 00:00:00+00:00, run_after=2024-12-17 00:00:00+00:00
[2024-12-17T06:49:16.376+0000] {processor.py:208} INFO - Processing /home/airflow/.local/lib/python3.12/site-packages/airflow/example_dags/example_outlet_event_extra.py took 0.419 seconds
[2024-12-17T06:49:46.462+0000] {processor.py:186} INFO - Started process (PID=201) to work on /home/airflow/.local/lib/python3.12/site-packages/airflow/example_dags/example_outlet_event_extra.py
[2024-12-17T06:49:46.463+0000] {processor.py:914} INFO - Processing file /home/airflow/.local/lib/python3.12/site-packages/airflow/example_dags/example_outlet_event_extra.py for tasks to queue
[2024-12-17T06:49:46.465+0000] {logging_mixin.py:190} INFO - [2024-12-17T06:49:46.464+0000] {dagbag.py:588} INFO - Filling up the DagBag from /home/airflow/.local/lib/python3.12/site-packages/airflow/example_dags/example_outlet_event_extra.py
[2024-12-17T06:49:46.823+0000] {processor.py:925} INFO - DAG(s) 'dataset_with_extra_by_yield', 'dataset_with_extra_by_context', 'dataset_with_extra_from_classic_operator' retrieved from /home/airflow/.local/lib/python3.12/site-packages/airflow/example_dags/example_outlet_event_extra.py
[2024-12-17T06:49:46.841+0000] {logging_mixin.py:190} INFO - [2024-12-17T06:49:46.841+0000] {dag.py:3239} INFO - Sync 3 DAGs
[2024-12-17T06:49:46.860+0000] {logging_mixin.py:190} INFO - [2024-12-17T06:49:46.860+0000] {dag.py:4180} INFO - Setting next_dagrun for dataset_with_extra_by_context to 2024-12-16 00:00:00+00:00, run_after=2024-12-17 00:00:00+00:00
[2024-12-17T06:49:46.865+0000] {logging_mixin.py:190} INFO - [2024-12-17T06:49:46.865+0000] {dag.py:4180} INFO - Setting next_dagrun for dataset_with_extra_by_yield to 2024-12-16 00:00:00+00:00, run_after=2024-12-17 00:00:00+00:00
[2024-12-17T06:49:46.868+0000] {logging_mixin.py:190} INFO - [2024-12-17T06:49:46.868+0000] {dag.py:4180} INFO - Setting next_dagrun for dataset_with_extra_from_classic_operator to 2024-12-16 00:00:00+00:00, run_after=2024-12-17 00:00:00+00:00
[2024-12-17T06:49:46.884+0000] {processor.py:208} INFO - Processing /home/airflow/.local/lib/python3.12/site-packages/airflow/example_dags/example_outlet_event_extra.py took 0.426 seconds
[2024-12-17T06:50:17.030+0000] {processor.py:186} INFO - Started process (PID=265) to work on /home/airflow/.local/lib/python3.12/site-packages/airflow/example_dags/example_outlet_event_extra.py
[2024-12-17T06:50:17.031+0000] {processor.py:914} INFO - Processing file /home/airflow/.local/lib/python3.12/site-packages/airflow/example_dags/example_outlet_event_extra.py for tasks to queue
[2024-12-17T06:50:17.032+0000] {logging_mixin.py:190} INFO - [2024-12-17T06:50:17.032+0000] {dagbag.py:588} INFO - Filling up the DagBag from /home/airflow/.local/lib/python3.12/site-packages/airflow/example_dags/example_outlet_event_extra.py
[2024-12-17T06:50:17.420+0000] {processor.py:925} INFO - DAG(s) 'dataset_with_extra_by_yield', 'dataset_with_extra_by_context', 'dataset_with_extra_from_classic_operator' retrieved from /home/airflow/.local/lib/python3.12/site-packages/airflow/example_dags/example_outlet_event_extra.py
[2024-12-17T06:50:17.468+0000] {logging_mixin.py:190} INFO - [2024-12-17T06:50:17.467+0000] {dag.py:3239} INFO - Sync 3 DAGs
[2024-12-17T06:50:17.514+0000] {logging_mixin.py:190} INFO - [2024-12-17T06:50:17.513+0000] {dag.py:4180} INFO - Setting next_dagrun for dataset_with_extra_by_context to 2024-12-16 00:00:00+00:00, run_after=2024-12-17 00:00:00+00:00
[2024-12-17T06:50:17.523+0000] {logging_mixin.py:190} INFO - [2024-12-17T06:50:17.522+0000] {dag.py:4180} INFO - Setting next_dagrun for dataset_with_extra_by_yield to 2024-12-16 00:00:00+00:00, run_after=2024-12-17 00:00:00+00:00
[2024-12-17T06:50:17.528+0000] {logging_mixin.py:190} INFO - [2024-12-17T06:50:17.528+0000] {dag.py:4180} INFO - Setting next_dagrun for dataset_with_extra_from_classic_operator to 2024-12-16 00:00:00+00:00, run_after=2024-12-17 00:00:00+00:00
[2024-12-17T06:50:17.560+0000] {processor.py:208} INFO - Processing /home/airflow/.local/lib/python3.12/site-packages/airflow/example_dags/example_outlet_event_extra.py took 0.533 seconds
[2024-12-17T06:50:48.010+0000] {processor.py:186} INFO - Started process (PID=328) to work on /home/airflow/.local/lib/python3.12/site-packages/airflow/example_dags/example_outlet_event_extra.py
[2024-12-17T06:50:48.010+0000] {processor.py:914} INFO - Processing file /home/airflow/.local/lib/python3.12/site-packages/airflow/example_dags/example_outlet_event_extra.py for tasks to queue
[2024-12-17T06:50:48.012+0000] {logging_mixin.py:190} INFO - [2024-12-17T06:50:48.012+0000] {dagbag.py:588} INFO - Filling up the DagBag from /home/airflow/.local/lib/python3.12/site-packages/airflow/example_dags/example_outlet_event_extra.py
[2024-12-17T06:50:48.392+0000] {processor.py:925} INFO - DAG(s) 'dataset_with_extra_by_context', 'dataset_with_extra_by_yield', 'dataset_with_extra_from_classic_operator' retrieved from /home/airflow/.local/lib/python3.12/site-packages/airflow/example_dags/example_outlet_event_extra.py
[2024-12-17T06:50:48.411+0000] {logging_mixin.py:190} INFO - [2024-12-17T06:50:48.411+0000] {dag.py:3239} INFO - Sync 3 DAGs
[2024-12-17T06:50:48.432+0000] {logging_mixin.py:190} INFO - [2024-12-17T06:50:48.432+0000] {dag.py:4180} INFO - Setting next_dagrun for dataset_with_extra_by_context to 2024-12-16 00:00:00+00:00, run_after=2024-12-17 00:00:00+00:00
[2024-12-17T06:50:48.437+0000] {logging_mixin.py:190} INFO - [2024-12-17T06:50:48.437+0000] {dag.py:4180} INFO - Setting next_dagrun for dataset_with_extra_by_yield to 2024-12-16 00:00:00+00:00, run_after=2024-12-17 00:00:00+00:00
[2024-12-17T06:50:48.440+0000] {logging_mixin.py:190} INFO - [2024-12-17T06:50:48.440+0000] {dag.py:4180} INFO - Setting next_dagrun for dataset_with_extra_from_classic_operator to 2024-12-16 00:00:00+00:00, run_after=2024-12-17 00:00:00+00:00
[2024-12-17T06:50:48.463+0000] {processor.py:208} INFO - Processing /home/airflow/.local/lib/python3.12/site-packages/airflow/example_dags/example_outlet_event_extra.py took 0.456 seconds
[2024-12-17T06:51:19.205+0000] {processor.py:186} INFO - Started process (PID=395) to work on /home/airflow/.local/lib/python3.12/site-packages/airflow/example_dags/example_outlet_event_extra.py
[2024-12-17T06:51:19.206+0000] {processor.py:914} INFO - Processing file /home/airflow/.local/lib/python3.12/site-packages/airflow/example_dags/example_outlet_event_extra.py for tasks to queue
[2024-12-17T06:51:19.208+0000] {logging_mixin.py:190} INFO - [2024-12-17T06:51:19.207+0000] {dagbag.py:588} INFO - Filling up the DagBag from /home/airflow/.local/lib/python3.12/site-packages/airflow/example_dags/example_outlet_event_extra.py
[2024-12-17T06:51:19.577+0000] {processor.py:925} INFO - DAG(s) 'dataset_with_extra_by_yield', 'dataset_with_extra_by_context', 'dataset_with_extra_from_classic_operator' retrieved from /home/airflow/.local/lib/python3.12/site-packages/airflow/example_dags/example_outlet_event_extra.py
[2024-12-17T06:51:19.597+0000] {logging_mixin.py:190} INFO - [2024-12-17T06:51:19.597+0000] {dag.py:3239} INFO - Sync 3 DAGs
[2024-12-17T06:51:19.614+0000] {logging_mixin.py:190} INFO - [2024-12-17T06:51:19.614+0000] {dag.py:4180} INFO - Setting next_dagrun for dataset_with_extra_by_context to 2024-12-16 00:00:00+00:00, run_after=2024-12-17 00:00:00+00:00
[2024-12-17T06:51:19.619+0000] {logging_mixin.py:190} INFO - [2024-12-17T06:51:19.619+0000] {dag.py:4180} INFO - Setting next_dagrun for dataset_with_extra_by_yield to 2024-12-16 00:00:00+00:00, run_after=2024-12-17 00:00:00+00:00
[2024-12-17T06:51:19.621+0000] {logging_mixin.py:190} INFO - [2024-12-17T06:51:19.621+0000] {dag.py:4180} INFO - Setting next_dagrun for dataset_with_extra_from_classic_operator to 2024-12-16 00:00:00+00:00, run_after=2024-12-17 00:00:00+00:00
[2024-12-17T06:51:19.633+0000] {processor.py:208} INFO - Processing /home/airflow/.local/lib/python3.12/site-packages/airflow/example_dags/example_outlet_event_extra.py took 0.433 seconds
