[2024-12-17T06:48:42.765+0000] {processor.py:186} INFO - Started process (PID=54) to work on /home/airflow/.local/lib/python3.12/site-packages/airflow/example_dags/example_sensor_decorator.py
[2024-12-17T06:48:42.765+0000] {processor.py:914} INFO - Processing file /home/airflow/.local/lib/python3.12/site-packages/airflow/example_dags/example_sensor_decorator.py for tasks to queue
[2024-12-17T06:48:42.767+0000] {logging_mixin.py:190} INFO - [2024-12-17T06:48:42.767+0000] {dagbag.py:588} INFO - Filling up the DagBag from /home/airflow/.local/lib/python3.12/site-packages/airflow/example_dags/example_sensor_decorator.py
[2024-12-17T06:48:42.777+0000] {processor.py:925} INFO - DAG(s) 'example_sensor_decorator' retrieved from /home/airflow/.local/lib/python3.12/site-packages/airflow/example_dags/example_sensor_decorator.py
[2024-12-17T06:48:42.865+0000] {logging_mixin.py:190} INFO - [2024-12-17T06:48:42.864+0000] {override.py:1911} INFO - Created Permission View: can edit on DAG:example_sensor_decorator
[2024-12-17T06:48:42.875+0000] {logging_mixin.py:190} INFO - [2024-12-17T06:48:42.875+0000] {override.py:1911} INFO - Created Permission View: can delete on DAG:example_sensor_decorator
[2024-12-17T06:48:42.881+0000] {logging_mixin.py:190} INFO - [2024-12-17T06:48:42.881+0000] {override.py:1911} INFO - Created Permission View: can read on DAG:example_sensor_decorator
[2024-12-17T06:48:42.888+0000] {logging_mixin.py:190} INFO - [2024-12-17T06:48:42.888+0000] {override.py:1911} INFO - Created Permission View: can delete on DAG Run:example_sensor_decorator
[2024-12-17T06:48:42.895+0000] {logging_mixin.py:190} INFO - [2024-12-17T06:48:42.895+0000] {override.py:1911} INFO - Created Permission View: can read on DAG Run:example_sensor_decorator
[2024-12-17T06:48:42.901+0000] {logging_mixin.py:190} INFO - [2024-12-17T06:48:42.901+0000] {override.py:1911} INFO - Created Permission View: menu access on DAG Run:example_sensor_decorator
[2024-12-17T06:48:42.908+0000] {logging_mixin.py:190} INFO - [2024-12-17T06:48:42.907+0000] {override.py:1911} INFO - Created Permission View: can create on DAG Run:example_sensor_decorator
[2024-12-17T06:48:42.908+0000] {logging_mixin.py:190} INFO - [2024-12-17T06:48:42.908+0000] {dag.py:3239} INFO - Sync 1 DAGs
[2024-12-17T06:48:42.922+0000] {logging_mixin.py:190} INFO - [2024-12-17T06:48:42.922+0000] {dag.py:3262} INFO - Creating ORM DAG for example_sensor_decorator
[2024-12-17T06:48:42.922+0000] {logging_mixin.py:190} INFO - [2024-12-17T06:48:42.922+0000] {dag.py:4180} INFO - Setting next_dagrun for example_sensor_decorator to None, run_after=None
[2024-12-17T06:48:42.940+0000] {processor.py:208} INFO - Processing /home/airflow/.local/lib/python3.12/site-packages/airflow/example_dags/example_sensor_decorator.py took 0.182 seconds
[2024-12-17T06:49:13.290+0000] {processor.py:186} INFO - Started process (PID=117) to work on /home/airflow/.local/lib/python3.12/site-packages/airflow/example_dags/example_sensor_decorator.py
[2024-12-17T06:49:13.290+0000] {processor.py:914} INFO - Processing file /home/airflow/.local/lib/python3.12/site-packages/airflow/example_dags/example_sensor_decorator.py for tasks to queue
[2024-12-17T06:49:13.292+0000] {logging_mixin.py:190} INFO - [2024-12-17T06:49:13.292+0000] {dagbag.py:588} INFO - Filling up the DagBag from /home/airflow/.local/lib/python3.12/site-packages/airflow/example_dags/example_sensor_decorator.py
[2024-12-17T06:49:13.299+0000] {processor.py:925} INFO - DAG(s) 'example_sensor_decorator' retrieved from /home/airflow/.local/lib/python3.12/site-packages/airflow/example_dags/example_sensor_decorator.py
[2024-12-17T06:49:13.315+0000] {logging_mixin.py:190} INFO - [2024-12-17T06:49:13.315+0000] {dag.py:3239} INFO - Sync 1 DAGs
[2024-12-17T06:49:13.326+0000] {logging_mixin.py:190} INFO - [2024-12-17T06:49:13.326+0000] {dag.py:4180} INFO - Setting next_dagrun for example_sensor_decorator to None, run_after=None
[2024-12-17T06:49:13.342+0000] {processor.py:208} INFO - Processing /home/airflow/.local/lib/python3.12/site-packages/airflow/example_dags/example_sensor_decorator.py took 0.057 seconds
[2024-12-17T06:49:44.611+0000] {processor.py:186} INFO - Started process (PID=180) to work on /home/airflow/.local/lib/python3.12/site-packages/airflow/example_dags/example_sensor_decorator.py
[2024-12-17T06:49:44.612+0000] {processor.py:914} INFO - Processing file /home/airflow/.local/lib/python3.12/site-packages/airflow/example_dags/example_sensor_decorator.py for tasks to queue
[2024-12-17T06:49:44.613+0000] {logging_mixin.py:190} INFO - [2024-12-17T06:49:44.613+0000] {dagbag.py:588} INFO - Filling up the DagBag from /home/airflow/.local/lib/python3.12/site-packages/airflow/example_dags/example_sensor_decorator.py
[2024-12-17T06:49:44.619+0000] {processor.py:925} INFO - DAG(s) 'example_sensor_decorator' retrieved from /home/airflow/.local/lib/python3.12/site-packages/airflow/example_dags/example_sensor_decorator.py
[2024-12-17T06:49:44.632+0000] {logging_mixin.py:190} INFO - [2024-12-17T06:49:44.631+0000] {dag.py:3239} INFO - Sync 1 DAGs
[2024-12-17T06:49:44.642+0000] {logging_mixin.py:190} INFO - [2024-12-17T06:49:44.642+0000] {dag.py:4180} INFO - Setting next_dagrun for example_sensor_decorator to None, run_after=None
[2024-12-17T06:49:44.657+0000] {processor.py:208} INFO - Processing /home/airflow/.local/lib/python3.12/site-packages/airflow/example_dags/example_sensor_decorator.py took 0.049 seconds
[2024-12-17T06:50:15.954+0000] {processor.py:186} INFO - Started process (PID=243) to work on /home/airflow/.local/lib/python3.12/site-packages/airflow/example_dags/example_sensor_decorator.py
[2024-12-17T06:50:15.955+0000] {processor.py:914} INFO - Processing file /home/airflow/.local/lib/python3.12/site-packages/airflow/example_dags/example_sensor_decorator.py for tasks to queue
[2024-12-17T06:50:15.957+0000] {logging_mixin.py:190} INFO - [2024-12-17T06:50:15.956+0000] {dagbag.py:588} INFO - Filling up the DagBag from /home/airflow/.local/lib/python3.12/site-packages/airflow/example_dags/example_sensor_decorator.py
[2024-12-17T06:50:15.967+0000] {processor.py:925} INFO - DAG(s) 'example_sensor_decorator' retrieved from /home/airflow/.local/lib/python3.12/site-packages/airflow/example_dags/example_sensor_decorator.py
[2024-12-17T06:50:15.980+0000] {logging_mixin.py:190} INFO - [2024-12-17T06:50:15.980+0000] {dag.py:3239} INFO - Sync 1 DAGs
[2024-12-17T06:50:15.992+0000] {logging_mixin.py:190} INFO - [2024-12-17T06:50:15.992+0000] {dag.py:4180} INFO - Setting next_dagrun for example_sensor_decorator to None, run_after=None
[2024-12-17T06:50:16.012+0000] {processor.py:208} INFO - Processing /home/airflow/.local/lib/python3.12/site-packages/airflow/example_dags/example_sensor_decorator.py took 0.062 seconds
[2024-12-17T06:50:46.919+0000] {processor.py:186} INFO - Started process (PID=306) to work on /home/airflow/.local/lib/python3.12/site-packages/airflow/example_dags/example_sensor_decorator.py
[2024-12-17T06:50:46.919+0000] {processor.py:914} INFO - Processing file /home/airflow/.local/lib/python3.12/site-packages/airflow/example_dags/example_sensor_decorator.py for tasks to queue
[2024-12-17T06:50:46.921+0000] {logging_mixin.py:190} INFO - [2024-12-17T06:50:46.920+0000] {dagbag.py:588} INFO - Filling up the DagBag from /home/airflow/.local/lib/python3.12/site-packages/airflow/example_dags/example_sensor_decorator.py
[2024-12-17T06:50:46.925+0000] {processor.py:925} INFO - DAG(s) 'example_sensor_decorator' retrieved from /home/airflow/.local/lib/python3.12/site-packages/airflow/example_dags/example_sensor_decorator.py
[2024-12-17T06:50:46.939+0000] {logging_mixin.py:190} INFO - [2024-12-17T06:50:46.939+0000] {dag.py:3239} INFO - Sync 1 DAGs
[2024-12-17T06:50:46.950+0000] {logging_mixin.py:190} INFO - [2024-12-17T06:50:46.949+0000] {dag.py:4180} INFO - Setting next_dagrun for example_sensor_decorator to None, run_after=None
[2024-12-17T06:50:46.962+0000] {processor.py:208} INFO - Processing /home/airflow/.local/lib/python3.12/site-packages/airflow/example_dags/example_sensor_decorator.py took 0.047 seconds
[2024-12-17T06:51:17.664+0000] {processor.py:186} INFO - Started process (PID=369) to work on /home/airflow/.local/lib/python3.12/site-packages/airflow/example_dags/example_sensor_decorator.py
[2024-12-17T06:51:17.665+0000] {processor.py:914} INFO - Processing file /home/airflow/.local/lib/python3.12/site-packages/airflow/example_dags/example_sensor_decorator.py for tasks to queue
[2024-12-17T06:51:17.667+0000] {logging_mixin.py:190} INFO - [2024-12-17T06:51:17.667+0000] {dagbag.py:588} INFO - Filling up the DagBag from /home/airflow/.local/lib/python3.12/site-packages/airflow/example_dags/example_sensor_decorator.py
[2024-12-17T06:51:17.674+0000] {processor.py:925} INFO - DAG(s) 'example_sensor_decorator' retrieved from /home/airflow/.local/lib/python3.12/site-packages/airflow/example_dags/example_sensor_decorator.py
[2024-12-17T06:51:17.692+0000] {logging_mixin.py:190} INFO - [2024-12-17T06:51:17.692+0000] {dag.py:3239} INFO - Sync 1 DAGs
[2024-12-17T06:51:17.705+0000] {logging_mixin.py:190} INFO - [2024-12-17T06:51:17.705+0000] {dag.py:4180} INFO - Setting next_dagrun for example_sensor_decorator to None, run_after=None
[2024-12-17T06:51:17.720+0000] {processor.py:208} INFO - Processing /home/airflow/.local/lib/python3.12/site-packages/airflow/example_dags/example_sensor_decorator.py took 0.060 seconds
