[2024-12-17T06:48:42.968+0000] {processor.py:186} INFO - Started process (PID=56) to work on /home/airflow/.local/lib/python3.12/site-packages/airflow/example_dags/example_xcomargs.py
[2024-12-17T06:48:42.969+0000] {processor.py:914} INFO - Processing file /home/airflow/.local/lib/python3.12/site-packages/airflow/example_dags/example_xcomargs.py for tasks to queue
[2024-12-17T06:48:42.971+0000] {logging_mixin.py:190} INFO - [2024-12-17T06:48:42.971+0000] {dagbag.py:588} INFO - Filling up the DagBag from /home/airflow/.local/lib/python3.12/site-packages/airflow/example_dags/example_xcomargs.py
[2024-12-17T06:48:42.983+0000] {processor.py:925} INFO - DAG(s) 'example_xcom_args_with_operators', 'example_xcom_args' retrieved from /home/airflow/.local/lib/python3.12/site-packages/airflow/example_dags/example_xcomargs.py
[2024-12-17T06:48:43.074+0000] {logging_mixin.py:190} INFO - [2024-12-17T06:48:43.073+0000] {override.py:1911} INFO - Created Permission View: can edit on DAG:example_xcom_args_with_operators
[2024-12-17T06:48:43.084+0000] {logging_mixin.py:190} INFO - [2024-12-17T06:48:43.084+0000] {override.py:1911} INFO - Created Permission View: can delete on DAG:example_xcom_args_with_operators
[2024-12-17T06:48:43.091+0000] {logging_mixin.py:190} INFO - [2024-12-17T06:48:43.091+0000] {override.py:1911} INFO - Created Permission View: can read on DAG:example_xcom_args_with_operators
[2024-12-17T06:48:43.098+0000] {logging_mixin.py:190} INFO - [2024-12-17T06:48:43.098+0000] {override.py:1911} INFO - Created Permission View: can delete on DAG Run:example_xcom_args_with_operators
[2024-12-17T06:48:43.104+0000] {logging_mixin.py:190} INFO - [2024-12-17T06:48:43.104+0000] {override.py:1911} INFO - Created Permission View: can read on DAG Run:example_xcom_args_with_operators
[2024-12-17T06:48:43.110+0000] {logging_mixin.py:190} INFO - [2024-12-17T06:48:43.110+0000] {override.py:1911} INFO - Created Permission View: menu access on DAG Run:example_xcom_args_with_operators
[2024-12-17T06:48:43.117+0000] {logging_mixin.py:190} INFO - [2024-12-17T06:48:43.117+0000] {override.py:1911} INFO - Created Permission View: can create on DAG Run:example_xcom_args_with_operators
[2024-12-17T06:48:43.129+0000] {logging_mixin.py:190} INFO - [2024-12-17T06:48:43.129+0000] {override.py:1911} INFO - Created Permission View: can edit on DAG:example_xcom_args
[2024-12-17T06:48:43.136+0000] {logging_mixin.py:190} INFO - [2024-12-17T06:48:43.135+0000] {override.py:1911} INFO - Created Permission View: can delete on DAG:example_xcom_args
[2024-12-17T06:48:43.142+0000] {logging_mixin.py:190} INFO - [2024-12-17T06:48:43.141+0000] {override.py:1911} INFO - Created Permission View: can read on DAG:example_xcom_args
[2024-12-17T06:48:43.148+0000] {logging_mixin.py:190} INFO - [2024-12-17T06:48:43.148+0000] {override.py:1911} INFO - Created Permission View: can delete on DAG Run:example_xcom_args
[2024-12-17T06:48:43.154+0000] {logging_mixin.py:190} INFO - [2024-12-17T06:48:43.154+0000] {override.py:1911} INFO - Created Permission View: can read on DAG Run:example_xcom_args
[2024-12-17T06:48:43.160+0000] {logging_mixin.py:190} INFO - [2024-12-17T06:48:43.160+0000] {override.py:1911} INFO - Created Permission View: menu access on DAG Run:example_xcom_args
[2024-12-17T06:48:43.165+0000] {logging_mixin.py:190} INFO - [2024-12-17T06:48:43.165+0000] {override.py:1911} INFO - Created Permission View: can create on DAG Run:example_xcom_args
[2024-12-17T06:48:43.166+0000] {logging_mixin.py:190} INFO - [2024-12-17T06:48:43.166+0000] {dag.py:3239} INFO - Sync 2 DAGs
[2024-12-17T06:48:43.178+0000] {logging_mixin.py:190} INFO - [2024-12-17T06:48:43.178+0000] {dag.py:3262} INFO - Creating ORM DAG for example_xcom_args_with_operators
[2024-12-17T06:48:43.179+0000] {logging_mixin.py:190} INFO - [2024-12-17T06:48:43.179+0000] {dag.py:3262} INFO - Creating ORM DAG for example_xcom_args
[2024-12-17T06:48:43.180+0000] {logging_mixin.py:190} INFO - [2024-12-17T06:48:43.180+0000] {dag.py:4180} INFO - Setting next_dagrun for example_xcom_args to None, run_after=None
[2024-12-17T06:48:43.180+0000] {logging_mixin.py:190} INFO - [2024-12-17T06:48:43.180+0000] {dag.py:4180} INFO - Setting next_dagrun for example_xcom_args_with_operators to None, run_after=None
[2024-12-17T06:48:43.197+0000] {processor.py:208} INFO - Processing /home/airflow/.local/lib/python3.12/site-packages/airflow/example_dags/example_xcomargs.py took 0.235 seconds
[2024-12-17T06:49:13.362+0000] {processor.py:186} INFO - Started process (PID=119) to work on /home/airflow/.local/lib/python3.12/site-packages/airflow/example_dags/example_xcomargs.py
[2024-12-17T06:49:13.363+0000] {processor.py:914} INFO - Processing file /home/airflow/.local/lib/python3.12/site-packages/airflow/example_dags/example_xcomargs.py for tasks to queue
[2024-12-17T06:49:13.365+0000] {logging_mixin.py:190} INFO - [2024-12-17T06:49:13.364+0000] {dagbag.py:588} INFO - Filling up the DagBag from /home/airflow/.local/lib/python3.12/site-packages/airflow/example_dags/example_xcomargs.py
[2024-12-17T06:49:13.372+0000] {processor.py:925} INFO - DAG(s) 'example_xcom_args', 'example_xcom_args_with_operators' retrieved from /home/airflow/.local/lib/python3.12/site-packages/airflow/example_dags/example_xcomargs.py
[2024-12-17T06:49:13.392+0000] {logging_mixin.py:190} INFO - [2024-12-17T06:49:13.391+0000] {dag.py:3239} INFO - Sync 2 DAGs
[2024-12-17T06:49:13.403+0000] {logging_mixin.py:190} INFO - [2024-12-17T06:49:13.403+0000] {dag.py:4180} INFO - Setting next_dagrun for example_xcom_args to None, run_after=None
[2024-12-17T06:49:13.407+0000] {logging_mixin.py:190} INFO - [2024-12-17T06:49:13.406+0000] {dag.py:4180} INFO - Setting next_dagrun for example_xcom_args_with_operators to None, run_after=None
[2024-12-17T06:49:13.419+0000] {processor.py:208} INFO - Processing /home/airflow/.local/lib/python3.12/site-packages/airflow/example_dags/example_xcomargs.py took 0.061 seconds
[2024-12-17T06:49:44.679+0000] {processor.py:186} INFO - Started process (PID=182) to work on /home/airflow/.local/lib/python3.12/site-packages/airflow/example_dags/example_xcomargs.py
[2024-12-17T06:49:44.680+0000] {processor.py:914} INFO - Processing file /home/airflow/.local/lib/python3.12/site-packages/airflow/example_dags/example_xcomargs.py for tasks to queue
[2024-12-17T06:49:44.681+0000] {logging_mixin.py:190} INFO - [2024-12-17T06:49:44.681+0000] {dagbag.py:588} INFO - Filling up the DagBag from /home/airflow/.local/lib/python3.12/site-packages/airflow/example_dags/example_xcomargs.py
[2024-12-17T06:49:44.687+0000] {processor.py:925} INFO - DAG(s) 'example_xcom_args', 'example_xcom_args_with_operators' retrieved from /home/airflow/.local/lib/python3.12/site-packages/airflow/example_dags/example_xcomargs.py
[2024-12-17T06:49:44.704+0000] {logging_mixin.py:190} INFO - [2024-12-17T06:49:44.704+0000] {dag.py:3239} INFO - Sync 2 DAGs
[2024-12-17T06:49:44.715+0000] {logging_mixin.py:190} INFO - [2024-12-17T06:49:44.715+0000] {dag.py:4180} INFO - Setting next_dagrun for example_xcom_args to None, run_after=None
[2024-12-17T06:49:44.718+0000] {logging_mixin.py:190} INFO - [2024-12-17T06:49:44.717+0000] {dag.py:4180} INFO - Setting next_dagrun for example_xcom_args_with_operators to None, run_after=None
[2024-12-17T06:49:44.728+0000] {processor.py:208} INFO - Processing /home/airflow/.local/lib/python3.12/site-packages/airflow/example_dags/example_xcomargs.py took 0.052 seconds
[2024-12-17T06:50:16.043+0000] {processor.py:186} INFO - Started process (PID=245) to work on /home/airflow/.local/lib/python3.12/site-packages/airflow/example_dags/example_xcomargs.py
[2024-12-17T06:50:16.044+0000] {processor.py:914} INFO - Processing file /home/airflow/.local/lib/python3.12/site-packages/airflow/example_dags/example_xcomargs.py for tasks to queue
[2024-12-17T06:50:16.045+0000] {logging_mixin.py:190} INFO - [2024-12-17T06:50:16.045+0000] {dagbag.py:588} INFO - Filling up the DagBag from /home/airflow/.local/lib/python3.12/site-packages/airflow/example_dags/example_xcomargs.py
[2024-12-17T06:50:16.054+0000] {processor.py:925} INFO - DAG(s) 'example_xcom_args', 'example_xcom_args_with_operators' retrieved from /home/airflow/.local/lib/python3.12/site-packages/airflow/example_dags/example_xcomargs.py
[2024-12-17T06:50:16.079+0000] {logging_mixin.py:190} INFO - [2024-12-17T06:50:16.079+0000] {dag.py:3239} INFO - Sync 2 DAGs
[2024-12-17T06:50:16.097+0000] {logging_mixin.py:190} INFO - [2024-12-17T06:50:16.096+0000] {dag.py:4180} INFO - Setting next_dagrun for example_xcom_args to None, run_after=None
[2024-12-17T06:50:16.102+0000] {logging_mixin.py:190} INFO - [2024-12-17T06:50:16.101+0000] {dag.py:4180} INFO - Setting next_dagrun for example_xcom_args_with_operators to None, run_after=None
[2024-12-17T06:50:16.129+0000] {processor.py:208} INFO - Processing /home/airflow/.local/lib/python3.12/site-packages/airflow/example_dags/example_xcomargs.py took 0.091 seconds
[2024-12-17T06:50:47.079+0000] {processor.py:186} INFO - Started process (PID=308) to work on /home/airflow/.local/lib/python3.12/site-packages/airflow/example_dags/example_xcomargs.py
[2024-12-17T06:50:47.080+0000] {processor.py:914} INFO - Processing file /home/airflow/.local/lib/python3.12/site-packages/airflow/example_dags/example_xcomargs.py for tasks to queue
[2024-12-17T06:50:47.082+0000] {logging_mixin.py:190} INFO - [2024-12-17T06:50:47.081+0000] {dagbag.py:588} INFO - Filling up the DagBag from /home/airflow/.local/lib/python3.12/site-packages/airflow/example_dags/example_xcomargs.py
[2024-12-17T06:50:47.087+0000] {processor.py:925} INFO - DAG(s) 'example_xcom_args', 'example_xcom_args_with_operators' retrieved from /home/airflow/.local/lib/python3.12/site-packages/airflow/example_dags/example_xcomargs.py
[2024-12-17T06:50:47.102+0000] {logging_mixin.py:190} INFO - [2024-12-17T06:50:47.102+0000] {dag.py:3239} INFO - Sync 2 DAGs
[2024-12-17T06:50:47.112+0000] {logging_mixin.py:190} INFO - [2024-12-17T06:50:47.111+0000] {dag.py:4180} INFO - Setting next_dagrun for example_xcom_args to None, run_after=None
[2024-12-17T06:50:47.115+0000] {logging_mixin.py:190} INFO - [2024-12-17T06:50:47.114+0000] {dag.py:4180} INFO - Setting next_dagrun for example_xcom_args_with_operators to None, run_after=None
[2024-12-17T06:50:47.128+0000] {processor.py:208} INFO - Processing /home/airflow/.local/lib/python3.12/site-packages/airflow/example_dags/example_xcomargs.py took 0.052 seconds
[2024-12-17T06:51:17.742+0000] {processor.py:186} INFO - Started process (PID=371) to work on /home/airflow/.local/lib/python3.12/site-packages/airflow/example_dags/example_xcomargs.py
[2024-12-17T06:51:17.743+0000] {processor.py:914} INFO - Processing file /home/airflow/.local/lib/python3.12/site-packages/airflow/example_dags/example_xcomargs.py for tasks to queue
[2024-12-17T06:51:17.744+0000] {logging_mixin.py:190} INFO - [2024-12-17T06:51:17.743+0000] {dagbag.py:588} INFO - Filling up the DagBag from /home/airflow/.local/lib/python3.12/site-packages/airflow/example_dags/example_xcomargs.py
[2024-12-17T06:51:17.750+0000] {processor.py:925} INFO - DAG(s) 'example_xcom_args', 'example_xcom_args_with_operators' retrieved from /home/airflow/.local/lib/python3.12/site-packages/airflow/example_dags/example_xcomargs.py
[2024-12-17T06:51:17.767+0000] {logging_mixin.py:190} INFO - [2024-12-17T06:51:17.767+0000] {dag.py:3239} INFO - Sync 2 DAGs
[2024-12-17T06:51:17.778+0000] {logging_mixin.py:190} INFO - [2024-12-17T06:51:17.778+0000] {dag.py:4180} INFO - Setting next_dagrun for example_xcom_args to None, run_after=None
[2024-12-17T06:51:17.781+0000] {logging_mixin.py:190} INFO - [2024-12-17T06:51:17.781+0000] {dag.py:4180} INFO - Setting next_dagrun for example_xcom_args_with_operators to None, run_after=None
[2024-12-17T06:51:17.794+0000] {processor.py:208} INFO - Processing /home/airflow/.local/lib/python3.12/site-packages/airflow/example_dags/example_xcomargs.py took 0.056 seconds
