[2024-12-17T06:48:44.327+0000] {processor.py:186} INFO - Started process (PID=68) to work on /home/airflow/.local/lib/python3.12/site-packages/airflow/example_dags/example_subdag_operator.py
[2024-12-17T06:48:44.328+0000] {processor.py:914} INFO - Processing file /home/airflow/.local/lib/python3.12/site-packages/airflow/example_dags/example_subdag_operator.py for tasks to queue
[2024-12-17T06:48:44.330+0000] {logging_mixin.py:190} INFO - [2024-12-17T06:48:44.330+0000] {dagbag.py:588} INFO - Filling up the DagBag from /home/airflow/.local/lib/python3.12/site-packages/airflow/example_dags/example_subdag_operator.py
[2024-12-17T06:48:44.361+0000] {processor.py:925} INFO - DAG(s) 'example_subdag_operator.section-1', 'example_subdag_operator.section-2', 'example_subdag_operator' retrieved from /home/airflow/.local/lib/python3.12/site-packages/airflow/example_dags/example_subdag_operator.py
[2024-12-17T06:48:44.445+0000] {logging_mixin.py:190} INFO - [2024-12-17T06:48:44.444+0000] {override.py:1911} INFO - Created Permission View: can edit on DAG:example_subdag_operator
[2024-12-17T06:48:44.457+0000] {logging_mixin.py:190} INFO - [2024-12-17T06:48:44.456+0000] {override.py:1911} INFO - Created Permission View: can delete on DAG:example_subdag_operator
[2024-12-17T06:48:44.466+0000] {logging_mixin.py:190} INFO - [2024-12-17T06:48:44.465+0000] {override.py:1911} INFO - Created Permission View: can read on DAG:example_subdag_operator
[2024-12-17T06:48:44.472+0000] {logging_mixin.py:190} INFO - [2024-12-17T06:48:44.472+0000] {override.py:1911} INFO - Created Permission View: can delete on DAG Run:example_subdag_operator
[2024-12-17T06:48:44.478+0000] {logging_mixin.py:190} INFO - [2024-12-17T06:48:44.477+0000] {override.py:1911} INFO - Created Permission View: can read on DAG Run:example_subdag_operator
[2024-12-17T06:48:44.483+0000] {logging_mixin.py:190} INFO - [2024-12-17T06:48:44.482+0000] {override.py:1911} INFO - Created Permission View: menu access on DAG Run:example_subdag_operator
[2024-12-17T06:48:44.488+0000] {logging_mixin.py:190} INFO - [2024-12-17T06:48:44.487+0000] {override.py:1911} INFO - Created Permission View: can create on DAG Run:example_subdag_operator
[2024-12-17T06:48:44.488+0000] {logging_mixin.py:190} INFO - [2024-12-17T06:48:44.488+0000] {dag.py:3239} INFO - Sync 3 DAGs
[2024-12-17T06:48:44.500+0000] {logging_mixin.py:190} INFO - [2024-12-17T06:48:44.500+0000] {dag.py:3262} INFO - Creating ORM DAG for example_subdag_operator
[2024-12-17T06:48:44.500+0000] {logging_mixin.py:190} INFO - [2024-12-17T06:48:44.500+0000] {dag.py:3262} INFO - Creating ORM DAG for example_subdag_operator.section-2
[2024-12-17T06:48:44.501+0000] {logging_mixin.py:190} INFO - [2024-12-17T06:48:44.501+0000] {dag.py:3262} INFO - Creating ORM DAG for example_subdag_operator.section-1
[2024-12-17T06:48:44.510+0000] {logging_mixin.py:190} INFO - [2024-12-17T06:48:44.510+0000] {dag.py:4180} INFO - Setting next_dagrun for example_subdag_operator to 2022-01-01 00:00:00+00:00, run_after=2022-01-01 00:00:00+00:00
[2024-12-17T06:48:44.511+0000] {logging_mixin.py:190} INFO - [2024-12-17T06:48:44.511+0000] {dag.py:4180} INFO - Setting next_dagrun for example_subdag_operator.section-1 to None, run_after=None
[2024-12-17T06:48:44.511+0000] {logging_mixin.py:190} INFO - [2024-12-17T06:48:44.511+0000] {dag.py:4180} INFO - Setting next_dagrun for example_subdag_operator.section-2 to None, run_after=None
[2024-12-17T06:48:44.520+0000] {logging_mixin.py:190} INFO - [2024-12-17T06:48:44.520+0000] {dag.py:3239} INFO - Sync 2 DAGs
[2024-12-17T06:48:44.526+0000] {logging_mixin.py:190} INFO - [2024-12-17T06:48:44.526+0000] {dag.py:4180} INFO - Setting next_dagrun for example_subdag_operator.section-1 to None, run_after=None
[2024-12-17T06:48:44.530+0000] {logging_mixin.py:190} INFO - [2024-12-17T06:48:44.529+0000] {dag.py:4180} INFO - Setting next_dagrun for example_subdag_operator.section-2 to None, run_after=None
[2024-12-17T06:48:44.543+0000] {processor.py:208} INFO - Processing /home/airflow/.local/lib/python3.12/site-packages/airflow/example_dags/example_subdag_operator.py took 0.225 seconds
[2024-12-17T06:49:14.829+0000] {processor.py:186} INFO - Started process (PID=131) to work on /home/airflow/.local/lib/python3.12/site-packages/airflow/example_dags/example_subdag_operator.py
[2024-12-17T06:49:14.829+0000] {processor.py:914} INFO - Processing file /home/airflow/.local/lib/python3.12/site-packages/airflow/example_dags/example_subdag_operator.py for tasks to queue
[2024-12-17T06:49:14.831+0000] {logging_mixin.py:190} INFO - [2024-12-17T06:49:14.831+0000] {dagbag.py:588} INFO - Filling up the DagBag from /home/airflow/.local/lib/python3.12/site-packages/airflow/example_dags/example_subdag_operator.py
[2024-12-17T06:49:14.851+0000] {processor.py:925} INFO - DAG(s) 'example_subdag_operator.section-1', 'example_subdag_operator.section-2', 'example_subdag_operator' retrieved from /home/airflow/.local/lib/python3.12/site-packages/airflow/example_dags/example_subdag_operator.py
[2024-12-17T06:49:14.864+0000] {logging_mixin.py:190} INFO - [2024-12-17T06:49:14.863+0000] {dag.py:3239} INFO - Sync 3 DAGs
[2024-12-17T06:49:14.882+0000] {logging_mixin.py:190} INFO - [2024-12-17T06:49:14.882+0000] {dag.py:4180} INFO - Setting next_dagrun for example_subdag_operator to 2022-01-01 00:00:00+00:00, run_after=2022-01-01 00:00:00+00:00
[2024-12-17T06:49:14.885+0000] {logging_mixin.py:190} INFO - [2024-12-17T06:49:14.885+0000] {dag.py:4180} INFO - Setting next_dagrun for example_subdag_operator.section-1 to None, run_after=None
[2024-12-17T06:49:14.886+0000] {logging_mixin.py:190} INFO - [2024-12-17T06:49:14.886+0000] {dag.py:4180} INFO - Setting next_dagrun for example_subdag_operator.section-2 to None, run_after=None
[2024-12-17T06:49:14.892+0000] {logging_mixin.py:190} INFO - [2024-12-17T06:49:14.892+0000] {dag.py:3239} INFO - Sync 2 DAGs
[2024-12-17T06:49:14.897+0000] {logging_mixin.py:190} INFO - [2024-12-17T06:49:14.897+0000] {dag.py:4180} INFO - Setting next_dagrun for example_subdag_operator.section-1 to None, run_after=None
[2024-12-17T06:49:14.897+0000] {logging_mixin.py:190} INFO - [2024-12-17T06:49:14.897+0000] {dag.py:4180} INFO - Setting next_dagrun for example_subdag_operator.section-2 to None, run_after=None
[2024-12-17T06:49:14.906+0000] {processor.py:208} INFO - Processing /home/airflow/.local/lib/python3.12/site-packages/airflow/example_dags/example_subdag_operator.py took 0.082 seconds
[2024-12-17T06:49:45.147+0000] {processor.py:186} INFO - Started process (PID=194) to work on /home/airflow/.local/lib/python3.12/site-packages/airflow/example_dags/example_subdag_operator.py
[2024-12-17T06:49:45.147+0000] {processor.py:914} INFO - Processing file /home/airflow/.local/lib/python3.12/site-packages/airflow/example_dags/example_subdag_operator.py for tasks to queue
[2024-12-17T06:49:45.149+0000] {logging_mixin.py:190} INFO - [2024-12-17T06:49:45.149+0000] {dagbag.py:588} INFO - Filling up the DagBag from /home/airflow/.local/lib/python3.12/site-packages/airflow/example_dags/example_subdag_operator.py
[2024-12-17T06:49:45.170+0000] {processor.py:925} INFO - DAG(s) 'example_subdag_operator.section-1', 'example_subdag_operator.section-2', 'example_subdag_operator' retrieved from /home/airflow/.local/lib/python3.12/site-packages/airflow/example_dags/example_subdag_operator.py
[2024-12-17T06:49:45.184+0000] {logging_mixin.py:190} INFO - [2024-12-17T06:49:45.183+0000] {dag.py:3239} INFO - Sync 3 DAGs
[2024-12-17T06:49:45.204+0000] {logging_mixin.py:190} INFO - [2024-12-17T06:49:45.204+0000] {dag.py:4180} INFO - Setting next_dagrun for example_subdag_operator to 2022-01-01 00:00:00+00:00, run_after=2022-01-01 00:00:00+00:00
[2024-12-17T06:49:45.207+0000] {logging_mixin.py:190} INFO - [2024-12-17T06:49:45.207+0000] {dag.py:4180} INFO - Setting next_dagrun for example_subdag_operator.section-1 to None, run_after=None
[2024-12-17T06:49:45.208+0000] {logging_mixin.py:190} INFO - [2024-12-17T06:49:45.208+0000] {dag.py:4180} INFO - Setting next_dagrun for example_subdag_operator.section-2 to None, run_after=None
[2024-12-17T06:49:45.214+0000] {logging_mixin.py:190} INFO - [2024-12-17T06:49:45.214+0000] {dag.py:3239} INFO - Sync 2 DAGs
[2024-12-17T06:49:45.219+0000] {logging_mixin.py:190} INFO - [2024-12-17T06:49:45.218+0000] {dag.py:4180} INFO - Setting next_dagrun for example_subdag_operator.section-1 to None, run_after=None
[2024-12-17T06:49:45.219+0000] {logging_mixin.py:190} INFO - [2024-12-17T06:49:45.219+0000] {dag.py:4180} INFO - Setting next_dagrun for example_subdag_operator.section-2 to None, run_after=None
[2024-12-17T06:49:45.227+0000] {processor.py:208} INFO - Processing /home/airflow/.local/lib/python3.12/site-packages/airflow/example_dags/example_subdag_operator.py took 0.085 seconds
[2024-12-17T06:50:16.656+0000] {processor.py:186} INFO - Started process (PID=257) to work on /home/airflow/.local/lib/python3.12/site-packages/airflow/example_dags/example_subdag_operator.py
[2024-12-17T06:50:16.656+0000] {processor.py:914} INFO - Processing file /home/airflow/.local/lib/python3.12/site-packages/airflow/example_dags/example_subdag_operator.py for tasks to queue
[2024-12-17T06:50:16.658+0000] {logging_mixin.py:190} INFO - [2024-12-17T06:50:16.658+0000] {dagbag.py:588} INFO - Filling up the DagBag from /home/airflow/.local/lib/python3.12/site-packages/airflow/example_dags/example_subdag_operator.py
[2024-12-17T06:50:16.677+0000] {processor.py:925} INFO - DAG(s) 'example_subdag_operator.section-1', 'example_subdag_operator.section-2', 'example_subdag_operator' retrieved from /home/airflow/.local/lib/python3.12/site-packages/airflow/example_dags/example_subdag_operator.py
[2024-12-17T06:50:16.689+0000] {logging_mixin.py:190} INFO - [2024-12-17T06:50:16.688+0000] {dag.py:3239} INFO - Sync 3 DAGs
[2024-12-17T06:50:16.705+0000] {logging_mixin.py:190} INFO - [2024-12-17T06:50:16.705+0000] {dag.py:4180} INFO - Setting next_dagrun for example_subdag_operator to 2022-01-01 00:00:00+00:00, run_after=2022-01-01 00:00:00+00:00
[2024-12-17T06:50:16.707+0000] {logging_mixin.py:190} INFO - [2024-12-17T06:50:16.707+0000] {dag.py:4180} INFO - Setting next_dagrun for example_subdag_operator.section-1 to None, run_after=None
[2024-12-17T06:50:16.709+0000] {logging_mixin.py:190} INFO - [2024-12-17T06:50:16.708+0000] {dag.py:4180} INFO - Setting next_dagrun for example_subdag_operator.section-2 to None, run_after=None
[2024-12-17T06:50:16.713+0000] {logging_mixin.py:190} INFO - [2024-12-17T06:50:16.713+0000] {dag.py:3239} INFO - Sync 2 DAGs
[2024-12-17T06:50:16.718+0000] {logging_mixin.py:190} INFO - [2024-12-17T06:50:16.718+0000] {dag.py:4180} INFO - Setting next_dagrun for example_subdag_operator.section-1 to None, run_after=None
[2024-12-17T06:50:16.718+0000] {logging_mixin.py:190} INFO - [2024-12-17T06:50:16.718+0000] {dag.py:4180} INFO - Setting next_dagrun for example_subdag_operator.section-2 to None, run_after=None
[2024-12-17T06:50:16.726+0000] {processor.py:208} INFO - Processing /home/airflow/.local/lib/python3.12/site-packages/airflow/example_dags/example_subdag_operator.py took 0.075 seconds
[2024-12-17T06:50:47.636+0000] {processor.py:186} INFO - Started process (PID=320) to work on /home/airflow/.local/lib/python3.12/site-packages/airflow/example_dags/example_subdag_operator.py
[2024-12-17T06:50:47.636+0000] {processor.py:914} INFO - Processing file /home/airflow/.local/lib/python3.12/site-packages/airflow/example_dags/example_subdag_operator.py for tasks to queue
[2024-12-17T06:50:47.638+0000] {logging_mixin.py:190} INFO - [2024-12-17T06:50:47.638+0000] {dagbag.py:588} INFO - Filling up the DagBag from /home/airflow/.local/lib/python3.12/site-packages/airflow/example_dags/example_subdag_operator.py
[2024-12-17T06:50:47.660+0000] {processor.py:925} INFO - DAG(s) 'example_subdag_operator.section-1', 'example_subdag_operator.section-2', 'example_subdag_operator' retrieved from /home/airflow/.local/lib/python3.12/site-packages/airflow/example_dags/example_subdag_operator.py
[2024-12-17T06:50:47.673+0000] {logging_mixin.py:190} INFO - [2024-12-17T06:50:47.673+0000] {dag.py:3239} INFO - Sync 3 DAGs
[2024-12-17T06:50:47.690+0000] {logging_mixin.py:190} INFO - [2024-12-17T06:50:47.690+0000] {dag.py:4180} INFO - Setting next_dagrun for example_subdag_operator to 2022-01-01 00:00:00+00:00, run_after=2022-01-01 00:00:00+00:00
[2024-12-17T06:50:47.693+0000] {logging_mixin.py:190} INFO - [2024-12-17T06:50:47.693+0000] {dag.py:4180} INFO - Setting next_dagrun for example_subdag_operator.section-1 to None, run_after=None
[2024-12-17T06:50:47.694+0000] {logging_mixin.py:190} INFO - [2024-12-17T06:50:47.694+0000] {dag.py:4180} INFO - Setting next_dagrun for example_subdag_operator.section-2 to None, run_after=None
[2024-12-17T06:50:47.698+0000] {logging_mixin.py:190} INFO - [2024-12-17T06:50:47.698+0000] {dag.py:3239} INFO - Sync 2 DAGs
[2024-12-17T06:50:47.702+0000] {logging_mixin.py:190} INFO - [2024-12-17T06:50:47.702+0000] {dag.py:4180} INFO - Setting next_dagrun for example_subdag_operator.section-1 to None, run_after=None
[2024-12-17T06:50:47.702+0000] {logging_mixin.py:190} INFO - [2024-12-17T06:50:47.702+0000] {dag.py:4180} INFO - Setting next_dagrun for example_subdag_operator.section-2 to None, run_after=None
[2024-12-17T06:50:47.711+0000] {processor.py:208} INFO - Processing /home/airflow/.local/lib/python3.12/site-packages/airflow/example_dags/example_subdag_operator.py took 0.080 seconds
[2024-12-17T06:51:18.378+0000] {processor.py:186} INFO - Started process (PID=383) to work on /home/airflow/.local/lib/python3.12/site-packages/airflow/example_dags/example_subdag_operator.py
[2024-12-17T06:51:18.380+0000] {processor.py:914} INFO - Processing file /home/airflow/.local/lib/python3.12/site-packages/airflow/example_dags/example_subdag_operator.py for tasks to queue
[2024-12-17T06:51:18.382+0000] {logging_mixin.py:190} INFO - [2024-12-17T06:51:18.382+0000] {dagbag.py:588} INFO - Filling up the DagBag from /home/airflow/.local/lib/python3.12/site-packages/airflow/example_dags/example_subdag_operator.py
[2024-12-17T06:51:18.411+0000] {processor.py:925} INFO - DAG(s) 'example_subdag_operator.section-1', 'example_subdag_operator.section-2', 'example_subdag_operator' retrieved from /home/airflow/.local/lib/python3.12/site-packages/airflow/example_dags/example_subdag_operator.py
[2024-12-17T06:51:18.424+0000] {logging_mixin.py:190} INFO - [2024-12-17T06:51:18.424+0000] {dag.py:3239} INFO - Sync 3 DAGs
[2024-12-17T06:51:18.442+0000] {logging_mixin.py:190} INFO - [2024-12-17T06:51:18.442+0000] {dag.py:4180} INFO - Setting next_dagrun for example_subdag_operator to 2022-01-01 00:00:00+00:00, run_after=2022-01-01 00:00:00+00:00
[2024-12-17T06:51:18.444+0000] {logging_mixin.py:190} INFO - [2024-12-17T06:51:18.444+0000] {dag.py:4180} INFO - Setting next_dagrun for example_subdag_operator.section-1 to None, run_after=None
[2024-12-17T06:51:18.446+0000] {logging_mixin.py:190} INFO - [2024-12-17T06:51:18.445+0000] {dag.py:4180} INFO - Setting next_dagrun for example_subdag_operator.section-2 to None, run_after=None
[2024-12-17T06:51:18.455+0000] {logging_mixin.py:190} INFO - [2024-12-17T06:51:18.455+0000] {dag.py:3239} INFO - Sync 2 DAGs
[2024-12-17T06:51:18.461+0000] {logging_mixin.py:190} INFO - [2024-12-17T06:51:18.460+0000] {dag.py:4180} INFO - Setting next_dagrun for example_subdag_operator.section-1 to None, run_after=None
[2024-12-17T06:51:18.461+0000] {logging_mixin.py:190} INFO - [2024-12-17T06:51:18.461+0000] {dag.py:4180} INFO - Setting next_dagrun for example_subdag_operator.section-2 to None, run_after=None
[2024-12-17T06:51:18.474+0000] {processor.py:208} INFO - Processing /home/airflow/.local/lib/python3.12/site-packages/airflow/example_dags/example_subdag_operator.py took 0.100 seconds
