[2024-12-17T06:48:40.460+0000] {processor.py:186} INFO - Started process (PID=43) to work on /home/airflow/.local/lib/python3.12/site-packages/airflow/example_dags/example_inlet_event_extra.py
[2024-12-17T06:48:40.460+0000] {processor.py:914} INFO - Processing file /home/airflow/.local/lib/python3.12/site-packages/airflow/example_dags/example_inlet_event_extra.py for tasks to queue
[2024-12-17T06:48:40.462+0000] {logging_mixin.py:190} INFO - [2024-12-17T06:48:40.462+0000] {dagbag.py:588} INFO - Filling up the DagBag from /home/airflow/.local/lib/python3.12/site-packages/airflow/example_dags/example_inlet_event_extra.py
[2024-12-17T06:48:41.732+0000] {processor.py:925} INFO - DAG(s) 'read_dataset_event', 'read_dataset_event_from_classic' retrieved from /home/airflow/.local/lib/python3.12/site-packages/airflow/example_dags/example_inlet_event_extra.py
[2024-12-17T06:48:41.820+0000] {logging_mixin.py:190} INFO - [2024-12-17T06:48:41.819+0000] {override.py:1911} INFO - Created Permission View: can edit on DAG:read_dataset_event
[2024-12-17T06:48:41.833+0000] {logging_mixin.py:190} INFO - [2024-12-17T06:48:41.833+0000] {override.py:1911} INFO - Created Permission View: can delete on DAG:read_dataset_event
[2024-12-17T06:48:41.840+0000] {logging_mixin.py:190} INFO - [2024-12-17T06:48:41.839+0000] {override.py:1911} INFO - Created Permission View: can read on DAG:read_dataset_event
[2024-12-17T06:48:41.847+0000] {logging_mixin.py:190} INFO - [2024-12-17T06:48:41.846+0000] {override.py:1911} INFO - Created Permission View: can delete on DAG Run:read_dataset_event
[2024-12-17T06:48:41.853+0000] {logging_mixin.py:190} INFO - [2024-12-17T06:48:41.853+0000] {override.py:1911} INFO - Created Permission View: can read on DAG Run:read_dataset_event
[2024-12-17T06:48:41.860+0000] {logging_mixin.py:190} INFO - [2024-12-17T06:48:41.860+0000] {override.py:1911} INFO - Created Permission View: menu access on DAG Run:read_dataset_event
[2024-12-17T06:48:41.867+0000] {logging_mixin.py:190} INFO - [2024-12-17T06:48:41.866+0000] {override.py:1911} INFO - Created Permission View: can create on DAG Run:read_dataset_event
[2024-12-17T06:48:41.881+0000] {logging_mixin.py:190} INFO - [2024-12-17T06:48:41.880+0000] {override.py:1911} INFO - Created Permission View: can edit on DAG:read_dataset_event_from_classic
[2024-12-17T06:48:41.888+0000] {logging_mixin.py:190} INFO - [2024-12-17T06:48:41.888+0000] {override.py:1911} INFO - Created Permission View: can delete on DAG:read_dataset_event_from_classic
[2024-12-17T06:48:41.895+0000] {logging_mixin.py:190} INFO - [2024-12-17T06:48:41.894+0000] {override.py:1911} INFO - Created Permission View: can read on DAG:read_dataset_event_from_classic
[2024-12-17T06:48:41.901+0000] {logging_mixin.py:190} INFO - [2024-12-17T06:48:41.901+0000] {override.py:1911} INFO - Created Permission View: can delete on DAG Run:read_dataset_event_from_classic
[2024-12-17T06:48:41.907+0000] {logging_mixin.py:190} INFO - [2024-12-17T06:48:41.907+0000] {override.py:1911} INFO - Created Permission View: can read on DAG Run:read_dataset_event_from_classic
[2024-12-17T06:48:41.914+0000] {logging_mixin.py:190} INFO - [2024-12-17T06:48:41.913+0000] {override.py:1911} INFO - Created Permission View: menu access on DAG Run:read_dataset_event_from_classic
[2024-12-17T06:48:41.920+0000] {logging_mixin.py:190} INFO - [2024-12-17T06:48:41.919+0000] {override.py:1911} INFO - Created Permission View: can create on DAG Run:read_dataset_event_from_classic
[2024-12-17T06:48:41.920+0000] {logging_mixin.py:190} INFO - [2024-12-17T06:48:41.920+0000] {dag.py:3239} INFO - Sync 2 DAGs
[2024-12-17T06:48:41.935+0000] {logging_mixin.py:190} INFO - [2024-12-17T06:48:41.934+0000] {dag.py:3262} INFO - Creating ORM DAG for read_dataset_event
[2024-12-17T06:48:41.936+0000] {logging_mixin.py:190} INFO - [2024-12-17T06:48:41.936+0000] {dag.py:3262} INFO - Creating ORM DAG for read_dataset_event_from_classic
[2024-12-17T06:48:41.949+0000] {logging_mixin.py:190} INFO - [2024-12-17T06:48:41.948+0000] {dag.py:4180} INFO - Setting next_dagrun for read_dataset_event to 2024-12-16 00:00:00+00:00, run_after=2024-12-17 00:00:00+00:00
[2024-12-17T06:48:41.951+0000] {logging_mixin.py:190} INFO - [2024-12-17T06:48:41.951+0000] {dag.py:4180} INFO - Setting next_dagrun for read_dataset_event_from_classic to 2024-12-16 00:00:00+00:00, run_after=2024-12-17 00:00:00+00:00
[2024-12-17T06:48:41.972+0000] {processor.py:208} INFO - Processing /home/airflow/.local/lib/python3.12/site-packages/airflow/example_dags/example_inlet_event_extra.py took 1.516 seconds
[2024-12-17T06:49:12.633+0000] {processor.py:186} INFO - Started process (PID=109) to work on /home/airflow/.local/lib/python3.12/site-packages/airflow/example_dags/example_inlet_event_extra.py
[2024-12-17T06:49:12.638+0000] {processor.py:914} INFO - Processing file /home/airflow/.local/lib/python3.12/site-packages/airflow/example_dags/example_inlet_event_extra.py for tasks to queue
[2024-12-17T06:49:12.640+0000] {logging_mixin.py:190} INFO - [2024-12-17T06:49:12.639+0000] {dagbag.py:588} INFO - Filling up the DagBag from /home/airflow/.local/lib/python3.12/site-packages/airflow/example_dags/example_inlet_event_extra.py
[2024-12-17T06:49:12.993+0000] {processor.py:925} INFO - DAG(s) 'read_dataset_event', 'read_dataset_event_from_classic' retrieved from /home/airflow/.local/lib/python3.12/site-packages/airflow/example_dags/example_inlet_event_extra.py
[2024-12-17T06:49:13.008+0000] {logging_mixin.py:190} INFO - [2024-12-17T06:49:13.008+0000] {dag.py:3239} INFO - Sync 2 DAGs
[2024-12-17T06:49:13.029+0000] {logging_mixin.py:190} INFO - [2024-12-17T06:49:13.029+0000] {dag.py:4180} INFO - Setting next_dagrun for read_dataset_event to 2024-12-16 00:00:00+00:00, run_after=2024-12-17 00:00:00+00:00
[2024-12-17T06:49:13.034+0000] {logging_mixin.py:190} INFO - [2024-12-17T06:49:13.034+0000] {dag.py:4180} INFO - Setting next_dagrun for read_dataset_event_from_classic to 2024-12-16 00:00:00+00:00, run_after=2024-12-17 00:00:00+00:00
[2024-12-17T06:49:13.046+0000] {processor.py:208} INFO - Processing /home/airflow/.local/lib/python3.12/site-packages/airflow/example_dags/example_inlet_event_extra.py took 0.417 seconds
[2024-12-17T06:49:43.968+0000] {processor.py:186} INFO - Started process (PID=172) to work on /home/airflow/.local/lib/python3.12/site-packages/airflow/example_dags/example_inlet_event_extra.py
[2024-12-17T06:49:43.972+0000] {processor.py:914} INFO - Processing file /home/airflow/.local/lib/python3.12/site-packages/airflow/example_dags/example_inlet_event_extra.py for tasks to queue
[2024-12-17T06:49:43.974+0000] {logging_mixin.py:190} INFO - [2024-12-17T06:49:43.974+0000] {dagbag.py:588} INFO - Filling up the DagBag from /home/airflow/.local/lib/python3.12/site-packages/airflow/example_dags/example_inlet_event_extra.py
[2024-12-17T06:49:44.324+0000] {processor.py:925} INFO - DAG(s) 'read_dataset_event_from_classic', 'read_dataset_event' retrieved from /home/airflow/.local/lib/python3.12/site-packages/airflow/example_dags/example_inlet_event_extra.py
[2024-12-17T06:49:44.340+0000] {logging_mixin.py:190} INFO - [2024-12-17T06:49:44.339+0000] {dag.py:3239} INFO - Sync 2 DAGs
[2024-12-17T06:49:44.359+0000] {logging_mixin.py:190} INFO - [2024-12-17T06:49:44.359+0000] {dag.py:4180} INFO - Setting next_dagrun for read_dataset_event to 2024-12-16 00:00:00+00:00, run_after=2024-12-17 00:00:00+00:00
[2024-12-17T06:49:44.363+0000] {logging_mixin.py:190} INFO - [2024-12-17T06:49:44.363+0000] {dag.py:4180} INFO - Setting next_dagrun for read_dataset_event_from_classic to 2024-12-16 00:00:00+00:00, run_after=2024-12-17 00:00:00+00:00
[2024-12-17T06:49:44.376+0000] {processor.py:208} INFO - Processing /home/airflow/.local/lib/python3.12/site-packages/airflow/example_dags/example_inlet_event_extra.py took 0.412 seconds
[2024-12-17T06:50:15.165+0000] {processor.py:186} INFO - Started process (PID=235) to work on /home/airflow/.local/lib/python3.12/site-packages/airflow/example_dags/example_inlet_event_extra.py
[2024-12-17T06:50:15.170+0000] {processor.py:914} INFO - Processing file /home/airflow/.local/lib/python3.12/site-packages/airflow/example_dags/example_inlet_event_extra.py for tasks to queue
[2024-12-17T06:50:15.172+0000] {logging_mixin.py:190} INFO - [2024-12-17T06:50:15.172+0000] {dagbag.py:588} INFO - Filling up the DagBag from /home/airflow/.local/lib/python3.12/site-packages/airflow/example_dags/example_inlet_event_extra.py
[2024-12-17T06:50:15.574+0000] {processor.py:925} INFO - DAG(s) 'read_dataset_event', 'read_dataset_event_from_classic' retrieved from /home/airflow/.local/lib/python3.12/site-packages/airflow/example_dags/example_inlet_event_extra.py
[2024-12-17T06:50:15.594+0000] {logging_mixin.py:190} INFO - [2024-12-17T06:50:15.594+0000] {dag.py:3239} INFO - Sync 2 DAGs
[2024-12-17T06:50:15.616+0000] {logging_mixin.py:190} INFO - [2024-12-17T06:50:15.616+0000] {dag.py:4180} INFO - Setting next_dagrun for read_dataset_event to 2024-12-16 00:00:00+00:00, run_after=2024-12-17 00:00:00+00:00
[2024-12-17T06:50:15.621+0000] {logging_mixin.py:190} INFO - [2024-12-17T06:50:15.620+0000] {dag.py:4180} INFO - Setting next_dagrun for read_dataset_event_from_classic to 2024-12-16 00:00:00+00:00, run_after=2024-12-17 00:00:00+00:00
[2024-12-17T06:50:15.649+0000] {processor.py:208} INFO - Processing /home/airflow/.local/lib/python3.12/site-packages/airflow/example_dags/example_inlet_event_extra.py took 0.489 seconds
[2024-12-17T06:50:46.157+0000] {processor.py:186} INFO - Started process (PID=298) to work on /home/airflow/.local/lib/python3.12/site-packages/airflow/example_dags/example_inlet_event_extra.py
[2024-12-17T06:50:46.158+0000] {processor.py:914} INFO - Processing file /home/airflow/.local/lib/python3.12/site-packages/airflow/example_dags/example_inlet_event_extra.py for tasks to queue
[2024-12-17T06:50:46.160+0000] {logging_mixin.py:190} INFO - [2024-12-17T06:50:46.160+0000] {dagbag.py:588} INFO - Filling up the DagBag from /home/airflow/.local/lib/python3.12/site-packages/airflow/example_dags/example_inlet_event_extra.py
[2024-12-17T06:50:46.546+0000] {processor.py:925} INFO - DAG(s) 'read_dataset_event_from_classic', 'read_dataset_event' retrieved from /home/airflow/.local/lib/python3.12/site-packages/airflow/example_dags/example_inlet_event_extra.py
[2024-12-17T06:50:46.562+0000] {logging_mixin.py:190} INFO - [2024-12-17T06:50:46.562+0000] {dag.py:3239} INFO - Sync 2 DAGs
[2024-12-17T06:50:46.580+0000] {logging_mixin.py:190} INFO - [2024-12-17T06:50:46.580+0000] {dag.py:4180} INFO - Setting next_dagrun for read_dataset_event to 2024-12-16 00:00:00+00:00, run_after=2024-12-17 00:00:00+00:00
[2024-12-17T06:50:46.585+0000] {logging_mixin.py:190} INFO - [2024-12-17T06:50:46.584+0000] {dag.py:4180} INFO - Setting next_dagrun for read_dataset_event_from_classic to 2024-12-16 00:00:00+00:00, run_after=2024-12-17 00:00:00+00:00
[2024-12-17T06:50:46.596+0000] {processor.py:208} INFO - Processing /home/airflow/.local/lib/python3.12/site-packages/airflow/example_dags/example_inlet_event_extra.py took 0.443 seconds
[2024-12-17T06:51:16.992+0000] {processor.py:186} INFO - Started process (PID=361) to work on /home/airflow/.local/lib/python3.12/site-packages/airflow/example_dags/example_inlet_event_extra.py
[2024-12-17T06:51:16.998+0000] {processor.py:914} INFO - Processing file /home/airflow/.local/lib/python3.12/site-packages/airflow/example_dags/example_inlet_event_extra.py for tasks to queue
[2024-12-17T06:51:17.004+0000] {logging_mixin.py:190} INFO - [2024-12-17T06:51:17.003+0000] {dagbag.py:588} INFO - Filling up the DagBag from /home/airflow/.local/lib/python3.12/site-packages/airflow/example_dags/example_inlet_event_extra.py
[2024-12-17T06:51:17.364+0000] {processor.py:925} INFO - DAG(s) 'read_dataset_event', 'read_dataset_event_from_classic' retrieved from /home/airflow/.local/lib/python3.12/site-packages/airflow/example_dags/example_inlet_event_extra.py
[2024-12-17T06:51:17.381+0000] {logging_mixin.py:190} INFO - [2024-12-17T06:51:17.381+0000] {dag.py:3239} INFO - Sync 2 DAGs
[2024-12-17T06:51:17.405+0000] {logging_mixin.py:190} INFO - [2024-12-17T06:51:17.404+0000] {dag.py:4180} INFO - Setting next_dagrun for read_dataset_event to 2024-12-16 00:00:00+00:00, run_after=2024-12-17 00:00:00+00:00
[2024-12-17T06:51:17.409+0000] {logging_mixin.py:190} INFO - [2024-12-17T06:51:17.409+0000] {dag.py:4180} INFO - Setting next_dagrun for read_dataset_event_from_classic to 2024-12-16 00:00:00+00:00, run_after=2024-12-17 00:00:00+00:00
[2024-12-17T06:51:17.422+0000] {processor.py:208} INFO - Processing /home/airflow/.local/lib/python3.12/site-packages/airflow/example_dags/example_inlet_event_extra.py took 0.434 seconds
