[2024-12-17T06:48:42.456+0000] {processor.py:186} INFO - Started process (PID=51) to work on /home/airflow/.local/lib/python3.12/site-packages/airflow/example_dags/example_short_circuit_decorator.py
[2024-12-17T06:48:42.457+0000] {processor.py:914} INFO - Processing file /home/airflow/.local/lib/python3.12/site-packages/airflow/example_dags/example_short_circuit_decorator.py for tasks to queue
[2024-12-17T06:48:42.459+0000] {logging_mixin.py:190} INFO - [2024-12-17T06:48:42.459+0000] {dagbag.py:588} INFO - Filling up the DagBag from /home/airflow/.local/lib/python3.12/site-packages/airflow/example_dags/example_short_circuit_decorator.py
[2024-12-17T06:48:42.468+0000] {processor.py:925} INFO - DAG(s) 'example_short_circuit_decorator' retrieved from /home/airflow/.local/lib/python3.12/site-packages/airflow/example_dags/example_short_circuit_decorator.py
[2024-12-17T06:48:42.562+0000] {logging_mixin.py:190} INFO - [2024-12-17T06:48:42.561+0000] {override.py:1911} INFO - Created Permission View: can edit on DAG:example_short_circuit_decorator
[2024-12-17T06:48:42.572+0000] {logging_mixin.py:190} INFO - [2024-12-17T06:48:42.571+0000] {override.py:1911} INFO - Created Permission View: can delete on DAG:example_short_circuit_decorator
[2024-12-17T06:48:42.578+0000] {logging_mixin.py:190} INFO - [2024-12-17T06:48:42.578+0000] {override.py:1911} INFO - Created Permission View: can read on DAG:example_short_circuit_decorator
[2024-12-17T06:48:42.585+0000] {logging_mixin.py:190} INFO - [2024-12-17T06:48:42.584+0000] {override.py:1911} INFO - Created Permission View: can delete on DAG Run:example_short_circuit_decorator
[2024-12-17T06:48:42.591+0000] {logging_mixin.py:190} INFO - [2024-12-17T06:48:42.590+0000] {override.py:1911} INFO - Created Permission View: can read on DAG Run:example_short_circuit_decorator
[2024-12-17T06:48:42.596+0000] {logging_mixin.py:190} INFO - [2024-12-17T06:48:42.596+0000] {override.py:1911} INFO - Created Permission View: menu access on DAG Run:example_short_circuit_decorator
[2024-12-17T06:48:42.603+0000] {logging_mixin.py:190} INFO - [2024-12-17T06:48:42.603+0000] {override.py:1911} INFO - Created Permission View: can create on DAG Run:example_short_circuit_decorator
[2024-12-17T06:48:42.604+0000] {logging_mixin.py:190} INFO - [2024-12-17T06:48:42.604+0000] {dag.py:3239} INFO - Sync 1 DAGs
[2024-12-17T06:48:42.619+0000] {logging_mixin.py:190} INFO - [2024-12-17T06:48:42.619+0000] {dag.py:3262} INFO - Creating ORM DAG for example_short_circuit_decorator
[2024-12-17T06:48:42.619+0000] {logging_mixin.py:190} INFO - [2024-12-17T06:48:42.619+0000] {dag.py:4180} INFO - Setting next_dagrun for example_short_circuit_decorator to None, run_after=None
[2024-12-17T06:48:42.630+0000] {processor.py:208} INFO - Processing /home/airflow/.local/lib/python3.12/site-packages/airflow/example_dags/example_short_circuit_decorator.py took 0.180 seconds
[2024-12-17T06:49:13.163+0000] {processor.py:186} INFO - Started process (PID=114) to work on /home/airflow/.local/lib/python3.12/site-packages/airflow/example_dags/example_short_circuit_decorator.py
[2024-12-17T06:49:13.164+0000] {processor.py:914} INFO - Processing file /home/airflow/.local/lib/python3.12/site-packages/airflow/example_dags/example_short_circuit_decorator.py for tasks to queue
[2024-12-17T06:49:13.166+0000] {logging_mixin.py:190} INFO - [2024-12-17T06:49:13.165+0000] {dagbag.py:588} INFO - Filling up the DagBag from /home/airflow/.local/lib/python3.12/site-packages/airflow/example_dags/example_short_circuit_decorator.py
[2024-12-17T06:49:13.173+0000] {processor.py:925} INFO - DAG(s) 'example_short_circuit_decorator' retrieved from /home/airflow/.local/lib/python3.12/site-packages/airflow/example_dags/example_short_circuit_decorator.py
[2024-12-17T06:49:13.193+0000] {logging_mixin.py:190} INFO - [2024-12-17T06:49:13.193+0000] {dag.py:3239} INFO - Sync 1 DAGs
[2024-12-17T06:49:13.202+0000] {logging_mixin.py:190} INFO - [2024-12-17T06:49:13.202+0000] {dag.py:4180} INFO - Setting next_dagrun for example_short_circuit_decorator to None, run_after=None
[2024-12-17T06:49:13.220+0000] {processor.py:208} INFO - Processing /home/airflow/.local/lib/python3.12/site-packages/airflow/example_dags/example_short_circuit_decorator.py took 0.061 seconds
[2024-12-17T06:49:44.496+0000] {processor.py:186} INFO - Started process (PID=177) to work on /home/airflow/.local/lib/python3.12/site-packages/airflow/example_dags/example_short_circuit_decorator.py
[2024-12-17T06:49:44.496+0000] {processor.py:914} INFO - Processing file /home/airflow/.local/lib/python3.12/site-packages/airflow/example_dags/example_short_circuit_decorator.py for tasks to queue
[2024-12-17T06:49:44.498+0000] {logging_mixin.py:190} INFO - [2024-12-17T06:49:44.498+0000] {dagbag.py:588} INFO - Filling up the DagBag from /home/airflow/.local/lib/python3.12/site-packages/airflow/example_dags/example_short_circuit_decorator.py
[2024-12-17T06:49:44.506+0000] {processor.py:925} INFO - DAG(s) 'example_short_circuit_decorator' retrieved from /home/airflow/.local/lib/python3.12/site-packages/airflow/example_dags/example_short_circuit_decorator.py
[2024-12-17T06:49:44.523+0000] {logging_mixin.py:190} INFO - [2024-12-17T06:49:44.523+0000] {dag.py:3239} INFO - Sync 1 DAGs
[2024-12-17T06:49:44.536+0000] {logging_mixin.py:190} INFO - [2024-12-17T06:49:44.535+0000] {dag.py:4180} INFO - Setting next_dagrun for example_short_circuit_decorator to None, run_after=None
[2024-12-17T06:49:44.552+0000] {processor.py:208} INFO - Processing /home/airflow/.local/lib/python3.12/site-packages/airflow/example_dags/example_short_circuit_decorator.py took 0.060 seconds
[2024-12-17T06:50:15.829+0000] {processor.py:186} INFO - Started process (PID=240) to work on /home/airflow/.local/lib/python3.12/site-packages/airflow/example_dags/example_short_circuit_decorator.py
[2024-12-17T06:50:15.829+0000] {processor.py:914} INFO - Processing file /home/airflow/.local/lib/python3.12/site-packages/airflow/example_dags/example_short_circuit_decorator.py for tasks to queue
[2024-12-17T06:50:15.831+0000] {logging_mixin.py:190} INFO - [2024-12-17T06:50:15.831+0000] {dagbag.py:588} INFO - Filling up the DagBag from /home/airflow/.local/lib/python3.12/site-packages/airflow/example_dags/example_short_circuit_decorator.py
[2024-12-17T06:50:15.837+0000] {processor.py:925} INFO - DAG(s) 'example_short_circuit_decorator' retrieved from /home/airflow/.local/lib/python3.12/site-packages/airflow/example_dags/example_short_circuit_decorator.py
[2024-12-17T06:50:15.851+0000] {logging_mixin.py:190} INFO - [2024-12-17T06:50:15.851+0000] {dag.py:3239} INFO - Sync 1 DAGs
[2024-12-17T06:50:15.860+0000] {logging_mixin.py:190} INFO - [2024-12-17T06:50:15.860+0000] {dag.py:4180} INFO - Setting next_dagrun for example_short_circuit_decorator to None, run_after=None
[2024-12-17T06:50:15.875+0000] {processor.py:208} INFO - Processing /home/airflow/.local/lib/python3.12/site-packages/airflow/example_dags/example_short_circuit_decorator.py took 0.050 seconds
[2024-12-17T06:50:46.761+0000] {processor.py:186} INFO - Started process (PID=303) to work on /home/airflow/.local/lib/python3.12/site-packages/airflow/example_dags/example_short_circuit_decorator.py
[2024-12-17T06:50:46.762+0000] {processor.py:914} INFO - Processing file /home/airflow/.local/lib/python3.12/site-packages/airflow/example_dags/example_short_circuit_decorator.py for tasks to queue
[2024-12-17T06:50:46.763+0000] {logging_mixin.py:190} INFO - [2024-12-17T06:50:46.763+0000] {dagbag.py:588} INFO - Filling up the DagBag from /home/airflow/.local/lib/python3.12/site-packages/airflow/example_dags/example_short_circuit_decorator.py
[2024-12-17T06:50:46.768+0000] {processor.py:925} INFO - DAG(s) 'example_short_circuit_decorator' retrieved from /home/airflow/.local/lib/python3.12/site-packages/airflow/example_dags/example_short_circuit_decorator.py
[2024-12-17T06:50:46.783+0000] {logging_mixin.py:190} INFO - [2024-12-17T06:50:46.783+0000] {dag.py:3239} INFO - Sync 1 DAGs
[2024-12-17T06:50:46.793+0000] {logging_mixin.py:190} INFO - [2024-12-17T06:50:46.793+0000] {dag.py:4180} INFO - Setting next_dagrun for example_short_circuit_decorator to None, run_after=None
[2024-12-17T06:50:46.807+0000] {processor.py:208} INFO - Processing /home/airflow/.local/lib/python3.12/site-packages/airflow/example_dags/example_short_circuit_decorator.py took 0.049 seconds
[2024-12-17T06:51:17.548+0000] {processor.py:186} INFO - Started process (PID=366) to work on /home/airflow/.local/lib/python3.12/site-packages/airflow/example_dags/example_short_circuit_decorator.py
[2024-12-17T06:51:17.549+0000] {processor.py:914} INFO - Processing file /home/airflow/.local/lib/python3.12/site-packages/airflow/example_dags/example_short_circuit_decorator.py for tasks to queue
[2024-12-17T06:51:17.550+0000] {logging_mixin.py:190} INFO - [2024-12-17T06:51:17.550+0000] {dagbag.py:588} INFO - Filling up the DagBag from /home/airflow/.local/lib/python3.12/site-packages/airflow/example_dags/example_short_circuit_decorator.py
[2024-12-17T06:51:17.558+0000] {processor.py:925} INFO - DAG(s) 'example_short_circuit_decorator' retrieved from /home/airflow/.local/lib/python3.12/site-packages/airflow/example_dags/example_short_circuit_decorator.py
[2024-12-17T06:51:17.577+0000] {logging_mixin.py:190} INFO - [2024-12-17T06:51:17.577+0000] {dag.py:3239} INFO - Sync 1 DAGs
[2024-12-17T06:51:17.588+0000] {logging_mixin.py:190} INFO - [2024-12-17T06:51:17.588+0000] {dag.py:4180} INFO - Setting next_dagrun for example_short_circuit_decorator to None, run_after=None
[2024-12-17T06:51:17.604+0000] {processor.py:208} INFO - Processing /home/airflow/.local/lib/python3.12/site-packages/airflow/example_dags/example_short_circuit_decorator.py took 0.060 seconds
