[2024-12-17T06:48:47.148+0000] {processor.py:186} INFO - Started process (PID=86) to work on /home/airflow/.local/lib/python3.12/site-packages/airflow/example_dags/example_xcom.py
[2024-12-17T06:48:47.148+0000] {processor.py:914} INFO - Processing file /home/airflow/.local/lib/python3.12/site-packages/airflow/example_dags/example_xcom.py for tasks to queue
[2024-12-17T06:48:47.151+0000] {logging_mixin.py:190} INFO - [2024-12-17T06:48:47.151+0000] {dagbag.py:588} INFO - Filling up the DagBag from /home/airflow/.local/lib/python3.12/site-packages/airflow/example_dags/example_xcom.py
[2024-12-17T06:48:47.162+0000] {processor.py:925} INFO - DAG(s) 'example_xcom' retrieved from /home/airflow/.local/lib/python3.12/site-packages/airflow/example_dags/example_xcom.py
[2024-12-17T06:48:47.292+0000] {logging_mixin.py:190} INFO - [2024-12-17T06:48:47.291+0000] {override.py:1911} INFO - Created Permission View: can edit on DAG:example_xcom
[2024-12-17T06:48:47.302+0000] {logging_mixin.py:190} INFO - [2024-12-17T06:48:47.302+0000] {override.py:1911} INFO - Created Permission View: can delete on DAG:example_xcom
[2024-12-17T06:48:47.309+0000] {logging_mixin.py:190} INFO - [2024-12-17T06:48:47.309+0000] {override.py:1911} INFO - Created Permission View: can read on DAG:example_xcom
[2024-12-17T06:48:47.318+0000] {logging_mixin.py:190} INFO - [2024-12-17T06:48:47.318+0000] {override.py:1911} INFO - Created Permission View: can delete on DAG Run:example_xcom
[2024-12-17T06:48:47.327+0000] {logging_mixin.py:190} INFO - [2024-12-17T06:48:47.326+0000] {override.py:1911} INFO - Created Permission View: can read on DAG Run:example_xcom
[2024-12-17T06:48:47.334+0000] {logging_mixin.py:190} INFO - [2024-12-17T06:48:47.333+0000] {override.py:1911} INFO - Created Permission View: menu access on DAG Run:example_xcom
[2024-12-17T06:48:47.338+0000] {logging_mixin.py:190} INFO - [2024-12-17T06:48:47.337+0000] {override.py:1911} INFO - Created Permission View: can create on DAG Run:example_xcom
[2024-12-17T06:48:47.338+0000] {logging_mixin.py:190} INFO - [2024-12-17T06:48:47.338+0000] {dag.py:3239} INFO - Sync 1 DAGs
[2024-12-17T06:48:47.355+0000] {logging_mixin.py:190} INFO - [2024-12-17T06:48:47.355+0000] {dag.py:3262} INFO - Creating ORM DAG for example_xcom
[2024-12-17T06:48:47.370+0000] {logging_mixin.py:190} INFO - [2024-12-17T06:48:47.370+0000] {dag.py:4180} INFO - Setting next_dagrun for example_xcom to 2021-01-01 00:00:00+00:00, run_after=2021-01-01 00:00:00+00:00
[2024-12-17T06:48:47.402+0000] {processor.py:208} INFO - Processing /home/airflow/.local/lib/python3.12/site-packages/airflow/example_dags/example_xcom.py took 0.261 seconds
[2024-12-17T06:49:18.215+0000] {processor.py:186} INFO - Started process (PID=149) to work on /home/airflow/.local/lib/python3.12/site-packages/airflow/example_dags/example_xcom.py
[2024-12-17T06:49:18.216+0000] {processor.py:914} INFO - Processing file /home/airflow/.local/lib/python3.12/site-packages/airflow/example_dags/example_xcom.py for tasks to queue
[2024-12-17T06:49:18.218+0000] {logging_mixin.py:190} INFO - [2024-12-17T06:49:18.218+0000] {dagbag.py:588} INFO - Filling up the DagBag from /home/airflow/.local/lib/python3.12/site-packages/airflow/example_dags/example_xcom.py
[2024-12-17T06:49:18.226+0000] {processor.py:925} INFO - DAG(s) 'example_xcom' retrieved from /home/airflow/.local/lib/python3.12/site-packages/airflow/example_dags/example_xcom.py
[2024-12-17T06:49:18.242+0000] {logging_mixin.py:190} INFO - [2024-12-17T06:49:18.242+0000] {dag.py:3239} INFO - Sync 1 DAGs
[2024-12-17T06:49:18.259+0000] {logging_mixin.py:190} INFO - [2024-12-17T06:49:18.259+0000] {dag.py:4180} INFO - Setting next_dagrun for example_xcom to 2021-01-01 00:00:00+00:00, run_after=2021-01-01 00:00:00+00:00
[2024-12-17T06:49:18.272+0000] {processor.py:208} INFO - Processing /home/airflow/.local/lib/python3.12/site-packages/airflow/example_dags/example_xcom.py took 0.063 seconds
[2024-12-17T06:49:49.457+0000] {processor.py:186} INFO - Started process (PID=212) to work on /home/airflow/.local/lib/python3.12/site-packages/airflow/example_dags/example_xcom.py
[2024-12-17T06:49:49.457+0000] {processor.py:914} INFO - Processing file /home/airflow/.local/lib/python3.12/site-packages/airflow/example_dags/example_xcom.py for tasks to queue
[2024-12-17T06:49:49.459+0000] {logging_mixin.py:190} INFO - [2024-12-17T06:49:49.458+0000] {dagbag.py:588} INFO - Filling up the DagBag from /home/airflow/.local/lib/python3.12/site-packages/airflow/example_dags/example_xcom.py
[2024-12-17T06:49:49.464+0000] {processor.py:925} INFO - DAG(s) 'example_xcom' retrieved from /home/airflow/.local/lib/python3.12/site-packages/airflow/example_dags/example_xcom.py
[2024-12-17T06:49:49.479+0000] {logging_mixin.py:190} INFO - [2024-12-17T06:49:49.479+0000] {dag.py:3239} INFO - Sync 1 DAGs
[2024-12-17T06:49:49.497+0000] {logging_mixin.py:190} INFO - [2024-12-17T06:49:49.496+0000] {dag.py:4180} INFO - Setting next_dagrun for example_xcom to 2021-01-01 00:00:00+00:00, run_after=2021-01-01 00:00:00+00:00
[2024-12-17T06:49:49.512+0000] {processor.py:208} INFO - Processing /home/airflow/.local/lib/python3.12/site-packages/airflow/example_dags/example_xcom.py took 0.059 seconds
[2024-12-17T06:50:20.225+0000] {processor.py:186} INFO - Started process (PID=275) to work on /home/airflow/.local/lib/python3.12/site-packages/airflow/example_dags/example_xcom.py
[2024-12-17T06:50:20.225+0000] {processor.py:914} INFO - Processing file /home/airflow/.local/lib/python3.12/site-packages/airflow/example_dags/example_xcom.py for tasks to queue
[2024-12-17T06:50:20.226+0000] {logging_mixin.py:190} INFO - [2024-12-17T06:50:20.226+0000] {dagbag.py:588} INFO - Filling up the DagBag from /home/airflow/.local/lib/python3.12/site-packages/airflow/example_dags/example_xcom.py
[2024-12-17T06:50:20.232+0000] {processor.py:925} INFO - DAG(s) 'example_xcom' retrieved from /home/airflow/.local/lib/python3.12/site-packages/airflow/example_dags/example_xcom.py
[2024-12-17T06:50:20.245+0000] {logging_mixin.py:190} INFO - [2024-12-17T06:50:20.245+0000] {dag.py:3239} INFO - Sync 1 DAGs
[2024-12-17T06:50:20.259+0000] {logging_mixin.py:190} INFO - [2024-12-17T06:50:20.259+0000] {dag.py:4180} INFO - Setting next_dagrun for example_xcom to 2021-01-01 00:00:00+00:00, run_after=2021-01-01 00:00:00+00:00
[2024-12-17T06:50:20.275+0000] {processor.py:208} INFO - Processing /home/airflow/.local/lib/python3.12/site-packages/airflow/example_dags/example_xcom.py took 0.055 seconds
[2024-12-17T06:50:51.072+0000] {processor.py:186} INFO - Started process (PID=338) to work on /home/airflow/.local/lib/python3.12/site-packages/airflow/example_dags/example_xcom.py
[2024-12-17T06:50:51.072+0000] {processor.py:914} INFO - Processing file /home/airflow/.local/lib/python3.12/site-packages/airflow/example_dags/example_xcom.py for tasks to queue
[2024-12-17T06:50:51.074+0000] {logging_mixin.py:190} INFO - [2024-12-17T06:50:51.074+0000] {dagbag.py:588} INFO - Filling up the DagBag from /home/airflow/.local/lib/python3.12/site-packages/airflow/example_dags/example_xcom.py
[2024-12-17T06:50:51.083+0000] {processor.py:925} INFO - DAG(s) 'example_xcom' retrieved from /home/airflow/.local/lib/python3.12/site-packages/airflow/example_dags/example_xcom.py
[2024-12-17T06:50:51.101+0000] {logging_mixin.py:190} INFO - [2024-12-17T06:50:51.101+0000] {dag.py:3239} INFO - Sync 1 DAGs
[2024-12-17T06:50:51.121+0000] {logging_mixin.py:190} INFO - [2024-12-17T06:50:51.120+0000] {dag.py:4180} INFO - Setting next_dagrun for example_xcom to 2021-01-01 00:00:00+00:00, run_after=2021-01-01 00:00:00+00:00
[2024-12-17T06:50:51.135+0000] {processor.py:208} INFO - Processing /home/airflow/.local/lib/python3.12/site-packages/airflow/example_dags/example_xcom.py took 0.072 seconds
[2024-12-17T06:51:21.941+0000] {processor.py:186} INFO - Started process (PID=401) to work on /home/airflow/.local/lib/python3.12/site-packages/airflow/example_dags/example_xcom.py
[2024-12-17T06:51:21.941+0000] {processor.py:914} INFO - Processing file /home/airflow/.local/lib/python3.12/site-packages/airflow/example_dags/example_xcom.py for tasks to queue
[2024-12-17T06:51:21.943+0000] {logging_mixin.py:190} INFO - [2024-12-17T06:51:21.942+0000] {dagbag.py:588} INFO - Filling up the DagBag from /home/airflow/.local/lib/python3.12/site-packages/airflow/example_dags/example_xcom.py
[2024-12-17T06:51:21.952+0000] {processor.py:925} INFO - DAG(s) 'example_xcom' retrieved from /home/airflow/.local/lib/python3.12/site-packages/airflow/example_dags/example_xcom.py
[2024-12-17T06:51:21.976+0000] {logging_mixin.py:190} INFO - [2024-12-17T06:51:21.976+0000] {dag.py:3239} INFO - Sync 1 DAGs
[2024-12-17T06:51:22.005+0000] {logging_mixin.py:190} INFO - [2024-12-17T06:51:22.005+0000] {dag.py:4180} INFO - Setting next_dagrun for example_xcom to 2021-01-01 00:00:00+00:00, run_after=2021-01-01 00:00:00+00:00
[2024-12-17T06:51:22.023+0000] {processor.py:208} INFO - Processing /home/airflow/.local/lib/python3.12/site-packages/airflow/example_dags/example_xcom.py took 0.086 seconds
