[2024-12-17T06:48:46.485+0000] {processor.py:186} INFO - Started process (PID=84) to work on /home/airflow/.local/lib/python3.12/site-packages/airflow/example_dags/example_task_group.py
[2024-12-17T06:48:46.486+0000] {processor.py:914} INFO - Processing file /home/airflow/.local/lib/python3.12/site-packages/airflow/example_dags/example_task_group.py for tasks to queue
[2024-12-17T06:48:46.489+0000] {logging_mixin.py:190} INFO - [2024-12-17T06:48:46.489+0000] {dagbag.py:588} INFO - Filling up the DagBag from /home/airflow/.local/lib/python3.12/site-packages/airflow/example_dags/example_task_group.py
[2024-12-17T06:48:46.501+0000] {processor.py:925} INFO - DAG(s) 'example_task_group' retrieved from /home/airflow/.local/lib/python3.12/site-packages/airflow/example_dags/example_task_group.py
[2024-12-17T06:48:46.597+0000] {logging_mixin.py:190} INFO - [2024-12-17T06:48:46.596+0000] {override.py:1911} INFO - Created Permission View: can edit on DAG:example_task_group
[2024-12-17T06:48:46.606+0000] {logging_mixin.py:190} INFO - [2024-12-17T06:48:46.606+0000] {override.py:1911} INFO - Created Permission View: can delete on DAG:example_task_group
[2024-12-17T06:48:46.612+0000] {logging_mixin.py:190} INFO - [2024-12-17T06:48:46.612+0000] {override.py:1911} INFO - Created Permission View: can read on DAG:example_task_group
[2024-12-17T06:48:46.618+0000] {logging_mixin.py:190} INFO - [2024-12-17T06:48:46.618+0000] {override.py:1911} INFO - Created Permission View: can delete on DAG Run:example_task_group
[2024-12-17T06:48:46.624+0000] {logging_mixin.py:190} INFO - [2024-12-17T06:48:46.624+0000] {override.py:1911} INFO - Created Permission View: can read on DAG Run:example_task_group
[2024-12-17T06:48:46.630+0000] {logging_mixin.py:190} INFO - [2024-12-17T06:48:46.630+0000] {override.py:1911} INFO - Created Permission View: menu access on DAG Run:example_task_group
[2024-12-17T06:48:46.636+0000] {logging_mixin.py:190} INFO - [2024-12-17T06:48:46.636+0000] {override.py:1911} INFO - Created Permission View: can create on DAG Run:example_task_group
[2024-12-17T06:48:46.636+0000] {logging_mixin.py:190} INFO - [2024-12-17T06:48:46.636+0000] {dag.py:3239} INFO - Sync 1 DAGs
[2024-12-17T06:48:46.650+0000] {logging_mixin.py:190} INFO - [2024-12-17T06:48:46.650+0000] {dag.py:3262} INFO - Creating ORM DAG for example_task_group
[2024-12-17T06:48:46.651+0000] {logging_mixin.py:190} INFO - [2024-12-17T06:48:46.651+0000] {dag.py:4180} INFO - Setting next_dagrun for example_task_group to None, run_after=None
[2024-12-17T06:48:46.666+0000] {processor.py:208} INFO - Processing /home/airflow/.local/lib/python3.12/site-packages/airflow/example_dags/example_task_group.py took 0.187 seconds
[2024-12-17T06:49:16.746+0000] {processor.py:186} INFO - Started process (PID=146) to work on /home/airflow/.local/lib/python3.12/site-packages/airflow/example_dags/example_task_group.py
[2024-12-17T06:49:16.747+0000] {processor.py:914} INFO - Processing file /home/airflow/.local/lib/python3.12/site-packages/airflow/example_dags/example_task_group.py for tasks to queue
[2024-12-17T06:49:16.749+0000] {logging_mixin.py:190} INFO - [2024-12-17T06:49:16.748+0000] {dagbag.py:588} INFO - Filling up the DagBag from /home/airflow/.local/lib/python3.12/site-packages/airflow/example_dags/example_task_group.py
[2024-12-17T06:49:16.756+0000] {processor.py:925} INFO - DAG(s) 'example_task_group' retrieved from /home/airflow/.local/lib/python3.12/site-packages/airflow/example_dags/example_task_group.py
[2024-12-17T06:49:16.772+0000] {logging_mixin.py:190} INFO - [2024-12-17T06:49:16.772+0000] {dag.py:3239} INFO - Sync 1 DAGs
[2024-12-17T06:49:16.781+0000] {logging_mixin.py:190} INFO - [2024-12-17T06:49:16.781+0000] {dag.py:4180} INFO - Setting next_dagrun for example_task_group to None, run_after=None
[2024-12-17T06:49:16.795+0000] {processor.py:208} INFO - Processing /home/airflow/.local/lib/python3.12/site-packages/airflow/example_dags/example_task_group.py took 0.055 seconds
[2024-12-17T06:49:46.953+0000] {processor.py:186} INFO - Started process (PID=209) to work on /home/airflow/.local/lib/python3.12/site-packages/airflow/example_dags/example_task_group.py
[2024-12-17T06:49:46.954+0000] {processor.py:914} INFO - Processing file /home/airflow/.local/lib/python3.12/site-packages/airflow/example_dags/example_task_group.py for tasks to queue
[2024-12-17T06:49:46.955+0000] {logging_mixin.py:190} INFO - [2024-12-17T06:49:46.955+0000] {dagbag.py:588} INFO - Filling up the DagBag from /home/airflow/.local/lib/python3.12/site-packages/airflow/example_dags/example_task_group.py
[2024-12-17T06:49:46.960+0000] {processor.py:925} INFO - DAG(s) 'example_task_group' retrieved from /home/airflow/.local/lib/python3.12/site-packages/airflow/example_dags/example_task_group.py
[2024-12-17T06:49:46.974+0000] {logging_mixin.py:190} INFO - [2024-12-17T06:49:46.974+0000] {dag.py:3239} INFO - Sync 1 DAGs
[2024-12-17T06:49:46.984+0000] {logging_mixin.py:190} INFO - [2024-12-17T06:49:46.984+0000] {dag.py:4180} INFO - Setting next_dagrun for example_task_group to None, run_after=None
[2024-12-17T06:49:46.995+0000] {processor.py:208} INFO - Processing /home/airflow/.local/lib/python3.12/site-packages/airflow/example_dags/example_task_group.py took 0.045 seconds
[2024-12-17T06:50:17.606+0000] {processor.py:186} INFO - Started process (PID=272) to work on /home/airflow/.local/lib/python3.12/site-packages/airflow/example_dags/example_task_group.py
[2024-12-17T06:50:17.608+0000] {processor.py:914} INFO - Processing file /home/airflow/.local/lib/python3.12/site-packages/airflow/example_dags/example_task_group.py for tasks to queue
[2024-12-17T06:50:17.612+0000] {logging_mixin.py:190} INFO - [2024-12-17T06:50:17.611+0000] {dagbag.py:588} INFO - Filling up the DagBag from /home/airflow/.local/lib/python3.12/site-packages/airflow/example_dags/example_task_group.py
[2024-12-17T06:50:17.626+0000] {processor.py:925} INFO - DAG(s) 'example_task_group' retrieved from /home/airflow/.local/lib/python3.12/site-packages/airflow/example_dags/example_task_group.py
[2024-12-17T06:50:17.656+0000] {logging_mixin.py:190} INFO - [2024-12-17T06:50:17.656+0000] {dag.py:3239} INFO - Sync 1 DAGs
[2024-12-17T06:50:17.672+0000] {logging_mixin.py:190} INFO - [2024-12-17T06:50:17.672+0000] {dag.py:4180} INFO - Setting next_dagrun for example_task_group to None, run_after=None
[2024-12-17T06:50:17.691+0000] {processor.py:208} INFO - Processing /home/airflow/.local/lib/python3.12/site-packages/airflow/example_dags/example_task_group.py took 0.093 seconds
[2024-12-17T06:50:48.492+0000] {processor.py:186} INFO - Started process (PID=335) to work on /home/airflow/.local/lib/python3.12/site-packages/airflow/example_dags/example_task_group.py
[2024-12-17T06:50:48.492+0000] {processor.py:914} INFO - Processing file /home/airflow/.local/lib/python3.12/site-packages/airflow/example_dags/example_task_group.py for tasks to queue
[2024-12-17T06:50:48.494+0000] {logging_mixin.py:190} INFO - [2024-12-17T06:50:48.493+0000] {dagbag.py:588} INFO - Filling up the DagBag from /home/airflow/.local/lib/python3.12/site-packages/airflow/example_dags/example_task_group.py
[2024-12-17T06:50:48.499+0000] {processor.py:925} INFO - DAG(s) 'example_task_group' retrieved from /home/airflow/.local/lib/python3.12/site-packages/airflow/example_dags/example_task_group.py
[2024-12-17T06:50:48.515+0000] {logging_mixin.py:190} INFO - [2024-12-17T06:50:48.515+0000] {dag.py:3239} INFO - Sync 1 DAGs
[2024-12-17T06:50:48.525+0000] {logging_mixin.py:190} INFO - [2024-12-17T06:50:48.525+0000] {dag.py:4180} INFO - Setting next_dagrun for example_task_group to None, run_after=None
[2024-12-17T06:50:48.538+0000] {processor.py:208} INFO - Processing /home/airflow/.local/lib/python3.12/site-packages/airflow/example_dags/example_task_group.py took 0.050 seconds
[2024-12-17T06:51:19.352+0000] {processor.py:186} INFO - Started process (PID=398) to work on /home/airflow/.local/lib/python3.12/site-packages/airflow/example_dags/example_task_group.py
[2024-12-17T06:51:19.352+0000] {processor.py:914} INFO - Processing file /home/airflow/.local/lib/python3.12/site-packages/airflow/example_dags/example_task_group.py for tasks to queue
[2024-12-17T06:51:19.354+0000] {logging_mixin.py:190} INFO - [2024-12-17T06:51:19.353+0000] {dagbag.py:588} INFO - Filling up the DagBag from /home/airflow/.local/lib/python3.12/site-packages/airflow/example_dags/example_task_group.py
[2024-12-17T06:51:19.359+0000] {processor.py:925} INFO - DAG(s) 'example_task_group' retrieved from /home/airflow/.local/lib/python3.12/site-packages/airflow/example_dags/example_task_group.py
[2024-12-17T06:51:19.374+0000] {logging_mixin.py:190} INFO - [2024-12-17T06:51:19.374+0000] {dag.py:3239} INFO - Sync 1 DAGs
[2024-12-17T06:51:19.384+0000] {logging_mixin.py:190} INFO - [2024-12-17T06:51:19.384+0000] {dag.py:4180} INFO - Setting next_dagrun for example_task_group to None, run_after=None
[2024-12-17T06:51:19.397+0000] {processor.py:208} INFO - Processing /home/airflow/.local/lib/python3.12/site-packages/airflow/example_dags/example_task_group.py took 0.049 seconds
