[2024-12-17T06:48:39.936+0000] {processor.py:186} INFO - Started process (PID=40) to work on /home/airflow/.local/lib/python3.12/site-packages/airflow/example_dags/example_nested_branch_dag.py
[2024-12-17T06:48:39.937+0000] {processor.py:914} INFO - Processing file /home/airflow/.local/lib/python3.12/site-packages/airflow/example_dags/example_nested_branch_dag.py for tasks to queue
[2024-12-17T06:48:39.941+0000] {logging_mixin.py:190} INFO - [2024-12-17T06:48:39.941+0000] {dagbag.py:588} INFO - Filling up the DagBag from /home/airflow/.local/lib/python3.12/site-packages/airflow/example_dags/example_nested_branch_dag.py
[2024-12-17T06:48:39.961+0000] {processor.py:925} INFO - DAG(s) 'example_nested_branch_dag' retrieved from /home/airflow/.local/lib/python3.12/site-packages/airflow/example_dags/example_nested_branch_dag.py
[2024-12-17T06:48:40.155+0000] {logging_mixin.py:190} INFO - [2024-12-17T06:48:40.154+0000] {override.py:1911} INFO - Created Permission View: can edit on DAG:example_nested_branch_dag
[2024-12-17T06:48:40.163+0000] {logging_mixin.py:190} INFO - [2024-12-17T06:48:40.163+0000] {override.py:1911} INFO - Created Permission View: can delete on DAG:example_nested_branch_dag
[2024-12-17T06:48:40.173+0000] {logging_mixin.py:190} INFO - [2024-12-17T06:48:40.172+0000] {override.py:1911} INFO - Created Permission View: can read on DAG:example_nested_branch_dag
[2024-12-17T06:48:40.180+0000] {logging_mixin.py:190} INFO - [2024-12-17T06:48:40.179+0000] {override.py:1911} INFO - Created Permission View: can delete on DAG Run:example_nested_branch_dag
[2024-12-17T06:48:40.186+0000] {logging_mixin.py:190} INFO - [2024-12-17T06:48:40.186+0000] {override.py:1911} INFO - Created Permission View: can read on DAG Run:example_nested_branch_dag
[2024-12-17T06:48:40.192+0000] {logging_mixin.py:190} INFO - [2024-12-17T06:48:40.192+0000] {override.py:1911} INFO - Created Permission View: menu access on DAG Run:example_nested_branch_dag
[2024-12-17T06:48:40.198+0000] {logging_mixin.py:190} INFO - [2024-12-17T06:48:40.198+0000] {override.py:1911} INFO - Created Permission View: can create on DAG Run:example_nested_branch_dag
[2024-12-17T06:48:40.199+0000] {logging_mixin.py:190} INFO - [2024-12-17T06:48:40.199+0000] {dag.py:3239} INFO - Sync 1 DAGs
[2024-12-17T06:48:40.212+0000] {logging_mixin.py:190} INFO - [2024-12-17T06:48:40.212+0000] {dag.py:3262} INFO - Creating ORM DAG for example_nested_branch_dag
[2024-12-17T06:48:40.225+0000] {logging_mixin.py:190} INFO - [2024-12-17T06:48:40.225+0000] {dag.py:4180} INFO - Setting next_dagrun for example_nested_branch_dag to 2024-12-16 00:00:00+00:00, run_after=2024-12-17 00:00:00+00:00
[2024-12-17T06:48:40.244+0000] {processor.py:208} INFO - Processing /home/airflow/.local/lib/python3.12/site-packages/airflow/example_dags/example_nested_branch_dag.py took 0.318 seconds
[2024-12-17T06:49:10.456+0000] {processor.py:186} INFO - Started process (PID=103) to work on /home/airflow/.local/lib/python3.12/site-packages/airflow/example_dags/example_nested_branch_dag.py
[2024-12-17T06:49:10.462+0000] {processor.py:914} INFO - Processing file /home/airflow/.local/lib/python3.12/site-packages/airflow/example_dags/example_nested_branch_dag.py for tasks to queue
[2024-12-17T06:49:10.464+0000] {logging_mixin.py:190} INFO - [2024-12-17T06:49:10.463+0000] {dagbag.py:588} INFO - Filling up the DagBag from /home/airflow/.local/lib/python3.12/site-packages/airflow/example_dags/example_nested_branch_dag.py
[2024-12-17T06:49:10.473+0000] {processor.py:925} INFO - DAG(s) 'example_nested_branch_dag' retrieved from /home/airflow/.local/lib/python3.12/site-packages/airflow/example_dags/example_nested_branch_dag.py
[2024-12-17T06:49:10.488+0000] {logging_mixin.py:190} INFO - [2024-12-17T06:49:10.488+0000] {dag.py:3239} INFO - Sync 1 DAGs
[2024-12-17T06:49:10.505+0000] {logging_mixin.py:190} INFO - [2024-12-17T06:49:10.505+0000] {dag.py:4180} INFO - Setting next_dagrun for example_nested_branch_dag to 2024-12-16 00:00:00+00:00, run_after=2024-12-17 00:00:00+00:00
[2024-12-17T06:49:10.519+0000] {processor.py:208} INFO - Processing /home/airflow/.local/lib/python3.12/site-packages/airflow/example_dags/example_nested_branch_dag.py took 0.067 seconds
[2024-12-17T06:49:40.763+0000] {processor.py:186} INFO - Started process (PID=166) to work on /home/airflow/.local/lib/python3.12/site-packages/airflow/example_dags/example_nested_branch_dag.py
[2024-12-17T06:49:40.764+0000] {processor.py:914} INFO - Processing file /home/airflow/.local/lib/python3.12/site-packages/airflow/example_dags/example_nested_branch_dag.py for tasks to queue
[2024-12-17T06:49:40.766+0000] {logging_mixin.py:190} INFO - [2024-12-17T06:49:40.766+0000] {dagbag.py:588} INFO - Filling up the DagBag from /home/airflow/.local/lib/python3.12/site-packages/airflow/example_dags/example_nested_branch_dag.py
[2024-12-17T06:49:40.776+0000] {processor.py:925} INFO - DAG(s) 'example_nested_branch_dag' retrieved from /home/airflow/.local/lib/python3.12/site-packages/airflow/example_dags/example_nested_branch_dag.py
[2024-12-17T06:49:40.797+0000] {logging_mixin.py:190} INFO - [2024-12-17T06:49:40.797+0000] {dag.py:3239} INFO - Sync 1 DAGs
[2024-12-17T06:49:40.818+0000] {logging_mixin.py:190} INFO - [2024-12-17T06:49:40.818+0000] {dag.py:4180} INFO - Setting next_dagrun for example_nested_branch_dag to 2024-12-16 00:00:00+00:00, run_after=2024-12-17 00:00:00+00:00
[2024-12-17T06:49:40.832+0000] {processor.py:208} INFO - Processing /home/airflow/.local/lib/python3.12/site-packages/airflow/example_dags/example_nested_branch_dag.py took 0.073 seconds
[2024-12-17T06:50:10.959+0000] {processor.py:186} INFO - Started process (PID=229) to work on /home/airflow/.local/lib/python3.12/site-packages/airflow/example_dags/example_nested_branch_dag.py
[2024-12-17T06:50:10.959+0000] {processor.py:914} INFO - Processing file /home/airflow/.local/lib/python3.12/site-packages/airflow/example_dags/example_nested_branch_dag.py for tasks to queue
[2024-12-17T06:50:10.962+0000] {logging_mixin.py:190} INFO - [2024-12-17T06:50:10.962+0000] {dagbag.py:588} INFO - Filling up the DagBag from /home/airflow/.local/lib/python3.12/site-packages/airflow/example_dags/example_nested_branch_dag.py
[2024-12-17T06:50:10.971+0000] {processor.py:925} INFO - DAG(s) 'example_nested_branch_dag' retrieved from /home/airflow/.local/lib/python3.12/site-packages/airflow/example_dags/example_nested_branch_dag.py
[2024-12-17T06:50:10.986+0000] {logging_mixin.py:190} INFO - [2024-12-17T06:50:10.986+0000] {dag.py:3239} INFO - Sync 1 DAGs
[2024-12-17T06:50:11.003+0000] {logging_mixin.py:190} INFO - [2024-12-17T06:50:11.003+0000] {dag.py:4180} INFO - Setting next_dagrun for example_nested_branch_dag to 2024-12-16 00:00:00+00:00, run_after=2024-12-17 00:00:00+00:00
[2024-12-17T06:50:11.016+0000] {processor.py:208} INFO - Processing /home/airflow/.local/lib/python3.12/site-packages/airflow/example_dags/example_nested_branch_dag.py took 0.061 seconds
[2024-12-17T06:50:41.910+0000] {processor.py:186} INFO - Started process (PID=292) to work on /home/airflow/.local/lib/python3.12/site-packages/airflow/example_dags/example_nested_branch_dag.py
[2024-12-17T06:50:41.915+0000] {processor.py:914} INFO - Processing file /home/airflow/.local/lib/python3.12/site-packages/airflow/example_dags/example_nested_branch_dag.py for tasks to queue
[2024-12-17T06:50:41.920+0000] {logging_mixin.py:190} INFO - [2024-12-17T06:50:41.920+0000] {dagbag.py:588} INFO - Filling up the DagBag from /home/airflow/.local/lib/python3.12/site-packages/airflow/example_dags/example_nested_branch_dag.py
[2024-12-17T06:50:41.935+0000] {processor.py:925} INFO - DAG(s) 'example_nested_branch_dag' retrieved from /home/airflow/.local/lib/python3.12/site-packages/airflow/example_dags/example_nested_branch_dag.py
[2024-12-17T06:50:41.958+0000] {logging_mixin.py:190} INFO - [2024-12-17T06:50:41.957+0000] {dag.py:3239} INFO - Sync 1 DAGs
[2024-12-17T06:50:41.980+0000] {logging_mixin.py:190} INFO - [2024-12-17T06:50:41.979+0000] {dag.py:4180} INFO - Setting next_dagrun for example_nested_branch_dag to 2024-12-16 00:00:00+00:00, run_after=2024-12-17 00:00:00+00:00
[2024-12-17T06:50:42.000+0000] {processor.py:208} INFO - Processing /home/airflow/.local/lib/python3.12/site-packages/airflow/example_dags/example_nested_branch_dag.py took 0.096 seconds
[2024-12-17T06:51:12.768+0000] {processor.py:186} INFO - Started process (PID=355) to work on /home/airflow/.local/lib/python3.12/site-packages/airflow/example_dags/example_nested_branch_dag.py
[2024-12-17T06:51:12.773+0000] {processor.py:914} INFO - Processing file /home/airflow/.local/lib/python3.12/site-packages/airflow/example_dags/example_nested_branch_dag.py for tasks to queue
[2024-12-17T06:51:12.775+0000] {logging_mixin.py:190} INFO - [2024-12-17T06:51:12.775+0000] {dagbag.py:588} INFO - Filling up the DagBag from /home/airflow/.local/lib/python3.12/site-packages/airflow/example_dags/example_nested_branch_dag.py
[2024-12-17T06:51:12.783+0000] {processor.py:925} INFO - DAG(s) 'example_nested_branch_dag' retrieved from /home/airflow/.local/lib/python3.12/site-packages/airflow/example_dags/example_nested_branch_dag.py
[2024-12-17T06:51:12.799+0000] {logging_mixin.py:190} INFO - [2024-12-17T06:51:12.799+0000] {dag.py:3239} INFO - Sync 1 DAGs
[2024-12-17T06:51:12.818+0000] {logging_mixin.py:190} INFO - [2024-12-17T06:51:12.818+0000] {dag.py:4180} INFO - Setting next_dagrun for example_nested_branch_dag to 2024-12-16 00:00:00+00:00, run_after=2024-12-17 00:00:00+00:00
[2024-12-17T06:51:12.832+0000] {processor.py:208} INFO - Processing /home/airflow/.local/lib/python3.12/site-packages/airflow/example_dags/example_nested_branch_dag.py took 0.068 seconds
