[2024-12-17T06:48:45.034+0000] {processor.py:186} INFO - Started process (PID=73) to work on /home/airflow/.local/lib/python3.12/site-packages/airflow/example_dags/example_branch_operator.py
[2024-12-17T06:48:45.035+0000] {processor.py:914} INFO - Processing file /home/airflow/.local/lib/python3.12/site-packages/airflow/example_dags/example_branch_operator.py for tasks to queue
[2024-12-17T06:48:45.037+0000] {logging_mixin.py:190} INFO - [2024-12-17T06:48:45.036+0000] {dagbag.py:588} INFO - Filling up the DagBag from /home/airflow/.local/lib/python3.12/site-packages/airflow/example_dags/example_branch_operator.py
[2024-12-17T06:48:45.051+0000] {processor.py:925} INFO - DAG(s) 'example_branch_operator' retrieved from /home/airflow/.local/lib/python3.12/site-packages/airflow/example_dags/example_branch_operator.py
[2024-12-17T06:48:45.167+0000] {logging_mixin.py:190} INFO - [2024-12-17T06:48:45.166+0000] {override.py:1911} INFO - Created Permission View: can edit on DAG:example_branch_operator
[2024-12-17T06:48:45.175+0000] {logging_mixin.py:190} INFO - [2024-12-17T06:48:45.175+0000] {override.py:1911} INFO - Created Permission View: can delete on DAG:example_branch_operator
[2024-12-17T06:48:45.182+0000] {logging_mixin.py:190} INFO - [2024-12-17T06:48:45.181+0000] {override.py:1911} INFO - Created Permission View: can read on DAG:example_branch_operator
[2024-12-17T06:48:45.189+0000] {logging_mixin.py:190} INFO - [2024-12-17T06:48:45.188+0000] {override.py:1911} INFO - Created Permission View: can delete on DAG Run:example_branch_operator
[2024-12-17T06:48:45.195+0000] {logging_mixin.py:190} INFO - [2024-12-17T06:48:45.195+0000] {override.py:1911} INFO - Created Permission View: can read on DAG Run:example_branch_operator
[2024-12-17T06:48:45.201+0000] {logging_mixin.py:190} INFO - [2024-12-17T06:48:45.200+0000] {override.py:1911} INFO - Created Permission View: menu access on DAG Run:example_branch_operator
[2024-12-17T06:48:45.206+0000] {logging_mixin.py:190} INFO - [2024-12-17T06:48:45.206+0000] {override.py:1911} INFO - Created Permission View: can create on DAG Run:example_branch_operator
[2024-12-17T06:48:45.207+0000] {logging_mixin.py:190} INFO - [2024-12-17T06:48:45.207+0000] {dag.py:3239} INFO - Sync 1 DAGs
[2024-12-17T06:48:45.218+0000] {logging_mixin.py:190} INFO - [2024-12-17T06:48:45.217+0000] {dag.py:3262} INFO - Creating ORM DAG for example_branch_operator
[2024-12-17T06:48:45.229+0000] {logging_mixin.py:190} INFO - [2024-12-17T06:48:45.229+0000] {dag.py:4180} INFO - Setting next_dagrun for example_branch_operator to 2024-12-16 00:00:00+00:00, run_after=2024-12-17 00:00:00+00:00
[2024-12-17T06:48:45.247+0000] {processor.py:208} INFO - Processing /home/airflow/.local/lib/python3.12/site-packages/airflow/example_dags/example_branch_operator.py took 0.219 seconds
[2024-12-17T06:49:16.039+0000] {processor.py:186} INFO - Started process (PID=136) to work on /home/airflow/.local/lib/python3.12/site-packages/airflow/example_dags/example_branch_operator.py
[2024-12-17T06:49:16.040+0000] {processor.py:914} INFO - Processing file /home/airflow/.local/lib/python3.12/site-packages/airflow/example_dags/example_branch_operator.py for tasks to queue
[2024-12-17T06:49:16.041+0000] {logging_mixin.py:190} INFO - [2024-12-17T06:49:16.041+0000] {dagbag.py:588} INFO - Filling up the DagBag from /home/airflow/.local/lib/python3.12/site-packages/airflow/example_dags/example_branch_operator.py
[2024-12-17T06:49:16.051+0000] {processor.py:925} INFO - DAG(s) 'example_branch_operator' retrieved from /home/airflow/.local/lib/python3.12/site-packages/airflow/example_dags/example_branch_operator.py
[2024-12-17T06:49:16.074+0000] {logging_mixin.py:190} INFO - [2024-12-17T06:49:16.074+0000] {dag.py:3239} INFO - Sync 1 DAGs
[2024-12-17T06:49:16.089+0000] {logging_mixin.py:190} INFO - [2024-12-17T06:49:16.089+0000] {dag.py:4180} INFO - Setting next_dagrun for example_branch_operator to 2024-12-16 00:00:00+00:00, run_after=2024-12-17 00:00:00+00:00
[2024-12-17T06:49:16.101+0000] {processor.py:208} INFO - Processing /home/airflow/.local/lib/python3.12/site-packages/airflow/example_dags/example_branch_operator.py took 0.065 seconds
[2024-12-17T06:49:46.286+0000] {processor.py:186} INFO - Started process (PID=198) to work on /home/airflow/.local/lib/python3.12/site-packages/airflow/example_dags/example_branch_operator.py
[2024-12-17T06:49:46.287+0000] {processor.py:914} INFO - Processing file /home/airflow/.local/lib/python3.12/site-packages/airflow/example_dags/example_branch_operator.py for tasks to queue
[2024-12-17T06:49:46.289+0000] {logging_mixin.py:190} INFO - [2024-12-17T06:49:46.288+0000] {dagbag.py:588} INFO - Filling up the DagBag from /home/airflow/.local/lib/python3.12/site-packages/airflow/example_dags/example_branch_operator.py
[2024-12-17T06:49:46.299+0000] {processor.py:925} INFO - DAG(s) 'example_branch_operator' retrieved from /home/airflow/.local/lib/python3.12/site-packages/airflow/example_dags/example_branch_operator.py
[2024-12-17T06:49:46.321+0000] {logging_mixin.py:190} INFO - [2024-12-17T06:49:46.320+0000] {dag.py:3239} INFO - Sync 1 DAGs
[2024-12-17T06:49:46.338+0000] {logging_mixin.py:190} INFO - [2024-12-17T06:49:46.338+0000] {dag.py:4180} INFO - Setting next_dagrun for example_branch_operator to 2024-12-16 00:00:00+00:00, run_after=2024-12-17 00:00:00+00:00
[2024-12-17T06:49:46.353+0000] {processor.py:208} INFO - Processing /home/airflow/.local/lib/python3.12/site-packages/airflow/example_dags/example_branch_operator.py took 0.072 seconds
[2024-12-17T06:50:16.846+0000] {processor.py:186} INFO - Started process (PID=261) to work on /home/airflow/.local/lib/python3.12/site-packages/airflow/example_dags/example_branch_operator.py
[2024-12-17T06:50:16.847+0000] {processor.py:914} INFO - Processing file /home/airflow/.local/lib/python3.12/site-packages/airflow/example_dags/example_branch_operator.py for tasks to queue
[2024-12-17T06:50:16.850+0000] {logging_mixin.py:190} INFO - [2024-12-17T06:50:16.850+0000] {dagbag.py:588} INFO - Filling up the DagBag from /home/airflow/.local/lib/python3.12/site-packages/airflow/example_dags/example_branch_operator.py
[2024-12-17T06:50:16.863+0000] {processor.py:925} INFO - DAG(s) 'example_branch_operator' retrieved from /home/airflow/.local/lib/python3.12/site-packages/airflow/example_dags/example_branch_operator.py
[2024-12-17T06:50:16.885+0000] {logging_mixin.py:190} INFO - [2024-12-17T06:50:16.885+0000] {dag.py:3239} INFO - Sync 1 DAGs
[2024-12-17T06:50:16.903+0000] {logging_mixin.py:190} INFO - [2024-12-17T06:50:16.903+0000] {dag.py:4180} INFO - Setting next_dagrun for example_branch_operator to 2024-12-16 00:00:00+00:00, run_after=2024-12-17 00:00:00+00:00
[2024-12-17T06:50:16.921+0000] {processor.py:208} INFO - Processing /home/airflow/.local/lib/python3.12/site-packages/airflow/example_dags/example_branch_operator.py took 0.081 seconds
[2024-12-17T06:50:47.805+0000] {processor.py:186} INFO - Started process (PID=324) to work on /home/airflow/.local/lib/python3.12/site-packages/airflow/example_dags/example_branch_operator.py
[2024-12-17T06:50:47.806+0000] {processor.py:914} INFO - Processing file /home/airflow/.local/lib/python3.12/site-packages/airflow/example_dags/example_branch_operator.py for tasks to queue
[2024-12-17T06:50:47.807+0000] {logging_mixin.py:190} INFO - [2024-12-17T06:50:47.807+0000] {dagbag.py:588} INFO - Filling up the DagBag from /home/airflow/.local/lib/python3.12/site-packages/airflow/example_dags/example_branch_operator.py
[2024-12-17T06:50:47.823+0000] {processor.py:925} INFO - DAG(s) 'example_branch_operator' retrieved from /home/airflow/.local/lib/python3.12/site-packages/airflow/example_dags/example_branch_operator.py
[2024-12-17T06:50:47.849+0000] {logging_mixin.py:190} INFO - [2024-12-17T06:50:47.848+0000] {dag.py:3239} INFO - Sync 1 DAGs
[2024-12-17T06:50:47.874+0000] {logging_mixin.py:190} INFO - [2024-12-17T06:50:47.874+0000] {dag.py:4180} INFO - Setting next_dagrun for example_branch_operator to 2024-12-16 00:00:00+00:00, run_after=2024-12-17 00:00:00+00:00
[2024-12-17T06:50:47.889+0000] {processor.py:208} INFO - Processing /home/airflow/.local/lib/python3.12/site-packages/airflow/example_dags/example_branch_operator.py took 0.088 seconds
[2024-12-17T06:51:18.606+0000] {processor.py:186} INFO - Started process (PID=387) to work on /home/airflow/.local/lib/python3.12/site-packages/airflow/example_dags/example_branch_operator.py
[2024-12-17T06:51:18.607+0000] {processor.py:914} INFO - Processing file /home/airflow/.local/lib/python3.12/site-packages/airflow/example_dags/example_branch_operator.py for tasks to queue
[2024-12-17T06:51:18.609+0000] {logging_mixin.py:190} INFO - [2024-12-17T06:51:18.609+0000] {dagbag.py:588} INFO - Filling up the DagBag from /home/airflow/.local/lib/python3.12/site-packages/airflow/example_dags/example_branch_operator.py
[2024-12-17T06:51:18.627+0000] {processor.py:925} INFO - DAG(s) 'example_branch_operator' retrieved from /home/airflow/.local/lib/python3.12/site-packages/airflow/example_dags/example_branch_operator.py
[2024-12-17T06:51:18.654+0000] {logging_mixin.py:190} INFO - [2024-12-17T06:51:18.654+0000] {dag.py:3239} INFO - Sync 1 DAGs
[2024-12-17T06:51:18.677+0000] {logging_mixin.py:190} INFO - [2024-12-17T06:51:18.677+0000] {dag.py:4180} INFO - Setting next_dagrun for example_branch_operator to 2024-12-16 00:00:00+00:00, run_after=2024-12-17 00:00:00+00:00
[2024-12-17T06:51:18.699+0000] {processor.py:208} INFO - Processing /home/airflow/.local/lib/python3.12/site-packages/airflow/example_dags/example_branch_operator.py took 0.099 seconds
