[2024-12-17T06:48:45.489+0000] {processor.py:186} INFO - Started process (PID=76) to work on /home/airflow/.local/lib/python3.12/site-packages/airflow/example_dags/example_branch_python_dop_operator_3.py
[2024-12-17T06:48:45.489+0000] {processor.py:914} INFO - Processing file /home/airflow/.local/lib/python3.12/site-packages/airflow/example_dags/example_branch_python_dop_operator_3.py for tasks to queue
[2024-12-17T06:48:45.492+0000] {logging_mixin.py:190} INFO - [2024-12-17T06:48:45.492+0000] {dagbag.py:588} INFO - Filling up the DagBag from /home/airflow/.local/lib/python3.12/site-packages/airflow/example_dags/example_branch_python_dop_operator_3.py
[2024-12-17T06:48:45.503+0000] {processor.py:925} INFO - DAG(s) 'example_branch_dop_operator_v3' retrieved from /home/airflow/.local/lib/python3.12/site-packages/airflow/example_dags/example_branch_python_dop_operator_3.py
[2024-12-17T06:48:45.578+0000] {logging_mixin.py:190} INFO - [2024-12-17T06:48:45.577+0000] {override.py:1911} INFO - Created Permission View: can edit on DAG:example_branch_dop_operator_v3
[2024-12-17T06:48:45.589+0000] {logging_mixin.py:190} INFO - [2024-12-17T06:48:45.588+0000] {override.py:1911} INFO - Created Permission View: can delete on DAG:example_branch_dop_operator_v3
[2024-12-17T06:48:45.595+0000] {logging_mixin.py:190} INFO - [2024-12-17T06:48:45.595+0000] {override.py:1911} INFO - Created Permission View: can read on DAG:example_branch_dop_operator_v3
[2024-12-17T06:48:45.602+0000] {logging_mixin.py:190} INFO - [2024-12-17T06:48:45.602+0000] {override.py:1911} INFO - Created Permission View: can delete on DAG Run:example_branch_dop_operator_v3
[2024-12-17T06:48:45.609+0000] {logging_mixin.py:190} INFO - [2024-12-17T06:48:45.608+0000] {override.py:1911} INFO - Created Permission View: can read on DAG Run:example_branch_dop_operator_v3
[2024-12-17T06:48:45.615+0000] {logging_mixin.py:190} INFO - [2024-12-17T06:48:45.615+0000] {override.py:1911} INFO - Created Permission View: menu access on DAG Run:example_branch_dop_operator_v3
[2024-12-17T06:48:45.621+0000] {logging_mixin.py:190} INFO - [2024-12-17T06:48:45.620+0000] {override.py:1911} INFO - Created Permission View: can create on DAG Run:example_branch_dop_operator_v3
[2024-12-17T06:48:45.621+0000] {logging_mixin.py:190} INFO - [2024-12-17T06:48:45.621+0000] {dag.py:3239} INFO - Sync 1 DAGs
[2024-12-17T06:48:45.635+0000] {logging_mixin.py:190} INFO - [2024-12-17T06:48:45.635+0000] {dag.py:3262} INFO - Creating ORM DAG for example_branch_dop_operator_v3
[2024-12-17T06:48:45.649+0000] {logging_mixin.py:190} INFO - [2024-12-17T06:48:45.648+0000] {dag.py:4180} INFO - Setting next_dagrun for example_branch_dop_operator_v3 to 2024-12-17 06:47:00+00:00, run_after=2024-12-17 06:48:00+00:00
[2024-12-17T06:48:45.666+0000] {processor.py:208} INFO - Processing /home/airflow/.local/lib/python3.12/site-packages/airflow/example_dags/example_branch_python_dop_operator_3.py took 0.184 seconds
[2024-12-17T06:49:16.328+0000] {processor.py:186} INFO - Started process (PID=139) to work on /home/airflow/.local/lib/python3.12/site-packages/airflow/example_dags/example_branch_python_dop_operator_3.py
[2024-12-17T06:49:16.329+0000] {processor.py:914} INFO - Processing file /home/airflow/.local/lib/python3.12/site-packages/airflow/example_dags/example_branch_python_dop_operator_3.py for tasks to queue
[2024-12-17T06:49:16.330+0000] {logging_mixin.py:190} INFO - [2024-12-17T06:49:16.330+0000] {dagbag.py:588} INFO - Filling up the DagBag from /home/airflow/.local/lib/python3.12/site-packages/airflow/example_dags/example_branch_python_dop_operator_3.py
[2024-12-17T06:49:16.337+0000] {processor.py:925} INFO - DAG(s) 'example_branch_dop_operator_v3' retrieved from /home/airflow/.local/lib/python3.12/site-packages/airflow/example_dags/example_branch_python_dop_operator_3.py
[2024-12-17T06:49:16.352+0000] {logging_mixin.py:190} INFO - [2024-12-17T06:49:16.352+0000] {dag.py:3239} INFO - Sync 1 DAGs
[2024-12-17T06:49:16.371+0000] {logging_mixin.py:190} INFO - [2024-12-17T06:49:16.371+0000] {dag.py:4180} INFO - Setting next_dagrun for example_branch_dop_operator_v3 to 2024-12-17 06:48:00+00:00, run_after=2024-12-17 06:49:00+00:00
[2024-12-17T06:49:16.386+0000] {processor.py:208} INFO - Processing /home/airflow/.local/lib/python3.12/site-packages/airflow/example_dags/example_branch_python_dop_operator_3.py took 0.061 seconds
[2024-12-17T06:49:46.483+0000] {processor.py:186} INFO - Started process (PID=202) to work on /home/airflow/.local/lib/python3.12/site-packages/airflow/example_dags/example_branch_python_dop_operator_3.py
[2024-12-17T06:49:46.484+0000] {processor.py:914} INFO - Processing file /home/airflow/.local/lib/python3.12/site-packages/airflow/example_dags/example_branch_python_dop_operator_3.py for tasks to queue
[2024-12-17T06:49:46.485+0000] {logging_mixin.py:190} INFO - [2024-12-17T06:49:46.485+0000] {dagbag.py:588} INFO - Filling up the DagBag from /home/airflow/.local/lib/python3.12/site-packages/airflow/example_dags/example_branch_python_dop_operator_3.py
[2024-12-17T06:49:46.491+0000] {processor.py:925} INFO - DAG(s) 'example_branch_dop_operator_v3' retrieved from /home/airflow/.local/lib/python3.12/site-packages/airflow/example_dags/example_branch_python_dop_operator_3.py
[2024-12-17T06:49:46.506+0000] {logging_mixin.py:190} INFO - [2024-12-17T06:49:46.506+0000] {dag.py:3239} INFO - Sync 1 DAGs
[2024-12-17T06:49:46.527+0000] {logging_mixin.py:190} INFO - [2024-12-17T06:49:46.527+0000] {dag.py:4180} INFO - Setting next_dagrun for example_branch_dop_operator_v3 to 2024-12-17 06:48:00+00:00, run_after=2024-12-17 06:49:00+00:00
[2024-12-17T06:49:46.543+0000] {processor.py:208} INFO - Processing /home/airflow/.local/lib/python3.12/site-packages/airflow/example_dags/example_branch_python_dop_operator_3.py took 0.063 seconds
[2024-12-17T06:50:16.963+0000] {processor.py:186} INFO - Started process (PID=264) to work on /home/airflow/.local/lib/python3.12/site-packages/airflow/example_dags/example_branch_python_dop_operator_3.py
[2024-12-17T06:50:16.964+0000] {processor.py:914} INFO - Processing file /home/airflow/.local/lib/python3.12/site-packages/airflow/example_dags/example_branch_python_dop_operator_3.py for tasks to queue
[2024-12-17T06:50:16.965+0000] {logging_mixin.py:190} INFO - [2024-12-17T06:50:16.965+0000] {dagbag.py:588} INFO - Filling up the DagBag from /home/airflow/.local/lib/python3.12/site-packages/airflow/example_dags/example_branch_python_dop_operator_3.py
[2024-12-17T06:50:16.971+0000] {processor.py:925} INFO - DAG(s) 'example_branch_dop_operator_v3' retrieved from /home/airflow/.local/lib/python3.12/site-packages/airflow/example_dags/example_branch_python_dop_operator_3.py
[2024-12-17T06:50:16.986+0000] {logging_mixin.py:190} INFO - [2024-12-17T06:50:16.986+0000] {dag.py:3239} INFO - Sync 1 DAGs
[2024-12-17T06:50:17.007+0000] {logging_mixin.py:190} INFO - [2024-12-17T06:50:17.007+0000] {dag.py:4180} INFO - Setting next_dagrun for example_branch_dop_operator_v3 to 2024-12-17 06:49:00+00:00, run_after=2024-12-17 06:50:00+00:00
[2024-12-17T06:50:17.023+0000] {processor.py:208} INFO - Processing /home/airflow/.local/lib/python3.12/site-packages/airflow/example_dags/example_branch_python_dop_operator_3.py took 0.063 seconds
[2024-12-17T06:50:47.951+0000] {processor.py:186} INFO - Started process (PID=327) to work on /home/airflow/.local/lib/python3.12/site-packages/airflow/example_dags/example_branch_python_dop_operator_3.py
[2024-12-17T06:50:47.952+0000] {processor.py:914} INFO - Processing file /home/airflow/.local/lib/python3.12/site-packages/airflow/example_dags/example_branch_python_dop_operator_3.py for tasks to queue
[2024-12-17T06:50:47.953+0000] {logging_mixin.py:190} INFO - [2024-12-17T06:50:47.953+0000] {dagbag.py:588} INFO - Filling up the DagBag from /home/airflow/.local/lib/python3.12/site-packages/airflow/example_dags/example_branch_python_dop_operator_3.py
[2024-12-17T06:50:47.959+0000] {processor.py:925} INFO - DAG(s) 'example_branch_dop_operator_v3' retrieved from /home/airflow/.local/lib/python3.12/site-packages/airflow/example_dags/example_branch_python_dop_operator_3.py
[2024-12-17T06:50:47.973+0000] {logging_mixin.py:190} INFO - [2024-12-17T06:50:47.972+0000] {dag.py:3239} INFO - Sync 1 DAGs
[2024-12-17T06:50:47.992+0000] {logging_mixin.py:190} INFO - [2024-12-17T06:50:47.992+0000] {dag.py:4180} INFO - Setting next_dagrun for example_branch_dop_operator_v3 to 2024-12-17 06:49:00+00:00, run_after=2024-12-17 06:50:00+00:00
[2024-12-17T06:50:48.008+0000] {processor.py:208} INFO - Processing /home/airflow/.local/lib/python3.12/site-packages/airflow/example_dags/example_branch_python_dop_operator_3.py took 0.061 seconds
[2024-12-17T06:51:18.855+0000] {processor.py:186} INFO - Started process (PID=390) to work on /home/airflow/.local/lib/python3.12/site-packages/airflow/example_dags/example_branch_python_dop_operator_3.py
[2024-12-17T06:51:18.856+0000] {processor.py:914} INFO - Processing file /home/airflow/.local/lib/python3.12/site-packages/airflow/example_dags/example_branch_python_dop_operator_3.py for tasks to queue
[2024-12-17T06:51:18.857+0000] {logging_mixin.py:190} INFO - [2024-12-17T06:51:18.857+0000] {dagbag.py:588} INFO - Filling up the DagBag from /home/airflow/.local/lib/python3.12/site-packages/airflow/example_dags/example_branch_python_dop_operator_3.py
[2024-12-17T06:51:18.870+0000] {processor.py:925} INFO - DAG(s) 'example_branch_dop_operator_v3' retrieved from /home/airflow/.local/lib/python3.12/site-packages/airflow/example_dags/example_branch_python_dop_operator_3.py
[2024-12-17T06:51:18.890+0000] {logging_mixin.py:190} INFO - [2024-12-17T06:51:18.890+0000] {dag.py:3239} INFO - Sync 1 DAGs
[2024-12-17T06:51:18.919+0000] {logging_mixin.py:190} INFO - [2024-12-17T06:51:18.918+0000] {dag.py:4180} INFO - Setting next_dagrun for example_branch_dop_operator_v3 to 2024-12-17 06:50:00+00:00, run_after=2024-12-17 06:51:00+00:00
[2024-12-17T06:51:18.938+0000] {processor.py:208} INFO - Processing /home/airflow/.local/lib/python3.12/site-packages/airflow/example_dags/example_branch_python_dop_operator_3.py took 0.087 seconds
