[2024-12-17T06:48:41.231+0000] {processor.py:186} INFO - Started process (PID=47) to work on /home/airflow/.local/lib/python3.12/site-packages/airflow/example_dags/example_dataset_alias.py
[2024-12-17T06:48:41.232+0000] {processor.py:914} INFO - Processing file /home/airflow/.local/lib/python3.12/site-packages/airflow/example_dags/example_dataset_alias.py for tasks to queue
[2024-12-17T06:48:41.235+0000] {logging_mixin.py:190} INFO - [2024-12-17T06:48:41.234+0000] {dagbag.py:588} INFO - Filling up the DagBag from /home/airflow/.local/lib/python3.12/site-packages/airflow/example_dags/example_dataset_alias.py
[2024-12-17T06:48:41.863+0000] {processor.py:925} INFO - DAG(s) 'dataset_alias_example_alias_consumer', 'dataset_alias_example_alias_producer', 'dataset_s3_bucket_producer', 'dataset_s3_bucket_consumer' retrieved from /home/airflow/.local/lib/python3.12/site-packages/airflow/example_dags/example_dataset_alias.py
[2024-12-17T06:48:41.937+0000] {logging_mixin.py:190} INFO - [2024-12-17T06:48:41.936+0000] {override.py:1911} INFO - Created Permission View: can edit on DAG:dataset_alias_example_alias_consumer
[2024-12-17T06:48:41.948+0000] {logging_mixin.py:190} INFO - [2024-12-17T06:48:41.948+0000] {override.py:1911} INFO - Created Permission View: can delete on DAG:dataset_alias_example_alias_consumer
[2024-12-17T06:48:41.956+0000] {logging_mixin.py:190} INFO - [2024-12-17T06:48:41.955+0000] {override.py:1911} INFO - Created Permission View: can read on DAG:dataset_alias_example_alias_consumer
[2024-12-17T06:48:41.962+0000] {logging_mixin.py:190} INFO - [2024-12-17T06:48:41.962+0000] {override.py:1911} INFO - Created Permission View: can delete on DAG Run:dataset_alias_example_alias_consumer
[2024-12-17T06:48:41.968+0000] {logging_mixin.py:190} INFO - [2024-12-17T06:48:41.968+0000] {override.py:1911} INFO - Created Permission View: can read on DAG Run:dataset_alias_example_alias_consumer
[2024-12-17T06:48:41.975+0000] {logging_mixin.py:190} INFO - [2024-12-17T06:48:41.974+0000] {override.py:1911} INFO - Created Permission View: menu access on DAG Run:dataset_alias_example_alias_consumer
[2024-12-17T06:48:41.981+0000] {logging_mixin.py:190} INFO - [2024-12-17T06:48:41.981+0000] {override.py:1911} INFO - Created Permission View: can create on DAG Run:dataset_alias_example_alias_consumer
[2024-12-17T06:48:41.996+0000] {logging_mixin.py:190} INFO - [2024-12-17T06:48:41.995+0000] {override.py:1911} INFO - Created Permission View: can edit on DAG:dataset_alias_example_alias_producer
[2024-12-17T06:48:42.003+0000] {logging_mixin.py:190} INFO - [2024-12-17T06:48:42.002+0000] {override.py:1911} INFO - Created Permission View: can delete on DAG:dataset_alias_example_alias_producer
[2024-12-17T06:48:42.009+0000] {logging_mixin.py:190} INFO - [2024-12-17T06:48:42.009+0000] {override.py:1911} INFO - Created Permission View: can read on DAG:dataset_alias_example_alias_producer
[2024-12-17T06:48:42.016+0000] {logging_mixin.py:190} INFO - [2024-12-17T06:48:42.016+0000] {override.py:1911} INFO - Created Permission View: can delete on DAG Run:dataset_alias_example_alias_producer
[2024-12-17T06:48:42.023+0000] {logging_mixin.py:190} INFO - [2024-12-17T06:48:42.023+0000] {override.py:1911} INFO - Created Permission View: can read on DAG Run:dataset_alias_example_alias_producer
[2024-12-17T06:48:42.029+0000] {logging_mixin.py:190} INFO - [2024-12-17T06:48:42.029+0000] {override.py:1911} INFO - Created Permission View: menu access on DAG Run:dataset_alias_example_alias_producer
[2024-12-17T06:48:42.036+0000] {logging_mixin.py:190} INFO - [2024-12-17T06:48:42.036+0000] {override.py:1911} INFO - Created Permission View: can create on DAG Run:dataset_alias_example_alias_producer
[2024-12-17T06:48:42.049+0000] {logging_mixin.py:190} INFO - [2024-12-17T06:48:42.049+0000] {override.py:1911} INFO - Created Permission View: can edit on DAG:dataset_s3_bucket_producer
[2024-12-17T06:48:42.058+0000] {logging_mixin.py:190} INFO - [2024-12-17T06:48:42.058+0000] {override.py:1911} INFO - Created Permission View: can delete on DAG:dataset_s3_bucket_producer
[2024-12-17T06:48:42.065+0000] {logging_mixin.py:190} INFO - [2024-12-17T06:48:42.065+0000] {override.py:1911} INFO - Created Permission View: can read on DAG:dataset_s3_bucket_producer
[2024-12-17T06:48:42.072+0000] {logging_mixin.py:190} INFO - [2024-12-17T06:48:42.072+0000] {override.py:1911} INFO - Created Permission View: can delete on DAG Run:dataset_s3_bucket_producer
[2024-12-17T06:48:42.079+0000] {logging_mixin.py:190} INFO - [2024-12-17T06:48:42.079+0000] {override.py:1911} INFO - Created Permission View: can read on DAG Run:dataset_s3_bucket_producer
[2024-12-17T06:48:42.086+0000] {logging_mixin.py:190} INFO - [2024-12-17T06:48:42.086+0000] {override.py:1911} INFO - Created Permission View: menu access on DAG Run:dataset_s3_bucket_producer
[2024-12-17T06:48:42.093+0000] {logging_mixin.py:190} INFO - [2024-12-17T06:48:42.092+0000] {override.py:1911} INFO - Created Permission View: can create on DAG Run:dataset_s3_bucket_producer
[2024-12-17T06:48:42.106+0000] {logging_mixin.py:190} INFO - [2024-12-17T06:48:42.105+0000] {override.py:1911} INFO - Created Permission View: can edit on DAG:dataset_s3_bucket_consumer
[2024-12-17T06:48:42.114+0000] {logging_mixin.py:190} INFO - [2024-12-17T06:48:42.113+0000] {override.py:1911} INFO - Created Permission View: can delete on DAG:dataset_s3_bucket_consumer
[2024-12-17T06:48:42.120+0000] {logging_mixin.py:190} INFO - [2024-12-17T06:48:42.120+0000] {override.py:1911} INFO - Created Permission View: can read on DAG:dataset_s3_bucket_consumer
[2024-12-17T06:48:42.126+0000] {logging_mixin.py:190} INFO - [2024-12-17T06:48:42.126+0000] {override.py:1911} INFO - Created Permission View: can delete on DAG Run:dataset_s3_bucket_consumer
[2024-12-17T06:48:42.132+0000] {logging_mixin.py:190} INFO - [2024-12-17T06:48:42.132+0000] {override.py:1911} INFO - Created Permission View: can read on DAG Run:dataset_s3_bucket_consumer
[2024-12-17T06:48:42.138+0000] {logging_mixin.py:190} INFO - [2024-12-17T06:48:42.138+0000] {override.py:1911} INFO - Created Permission View: menu access on DAG Run:dataset_s3_bucket_consumer
[2024-12-17T06:48:42.144+0000] {logging_mixin.py:190} INFO - [2024-12-17T06:48:42.144+0000] {override.py:1911} INFO - Created Permission View: can create on DAG Run:dataset_s3_bucket_consumer
[2024-12-17T06:48:42.145+0000] {logging_mixin.py:190} INFO - [2024-12-17T06:48:42.144+0000] {dag.py:3239} INFO - Sync 4 DAGs
[2024-12-17T06:48:42.156+0000] {logging_mixin.py:190} INFO - [2024-12-17T06:48:42.155+0000] {dag.py:3262} INFO - Creating ORM DAG for dataset_alias_example_alias_producer
[2024-12-17T06:48:42.156+0000] {logging_mixin.py:190} INFO - [2024-12-17T06:48:42.156+0000] {dag.py:3262} INFO - Creating ORM DAG for dataset_s3_bucket_consumer
[2024-12-17T06:48:42.157+0000] {logging_mixin.py:190} INFO - [2024-12-17T06:48:42.156+0000] {dag.py:3262} INFO - Creating ORM DAG for dataset_s3_bucket_producer
[2024-12-17T06:48:42.157+0000] {logging_mixin.py:190} INFO - [2024-12-17T06:48:42.157+0000] {dag.py:3262} INFO - Creating ORM DAG for dataset_alias_example_alias_consumer
[2024-12-17T06:48:42.164+0000] {logging_mixin.py:190} INFO - [2024-12-17T06:48:42.163+0000] {dag.py:4180} INFO - Setting next_dagrun for dataset_alias_example_alias_consumer to None, run_after=None
[2024-12-17T06:48:42.164+0000] {logging_mixin.py:190} INFO - [2024-12-17T06:48:42.164+0000] {dag.py:4180} INFO - Setting next_dagrun for dataset_alias_example_alias_producer to None, run_after=None
[2024-12-17T06:48:42.164+0000] {logging_mixin.py:190} INFO - [2024-12-17T06:48:42.164+0000] {dag.py:4180} INFO - Setting next_dagrun for dataset_s3_bucket_consumer to None, run_after=None
[2024-12-17T06:48:42.165+0000] {logging_mixin.py:190} INFO - [2024-12-17T06:48:42.165+0000] {dag.py:4180} INFO - Setting next_dagrun for dataset_s3_bucket_producer to None, run_after=None
[2024-12-17T06:48:42.195+0000] {processor.py:208} INFO - Processing /home/airflow/.local/lib/python3.12/site-packages/airflow/example_dags/example_dataset_alias.py took 0.970 seconds
[2024-12-17T06:49:12.637+0000] {processor.py:186} INFO - Started process (PID=110) to work on /home/airflow/.local/lib/python3.12/site-packages/airflow/example_dags/example_dataset_alias.py
[2024-12-17T06:49:12.638+0000] {processor.py:914} INFO - Processing file /home/airflow/.local/lib/python3.12/site-packages/airflow/example_dags/example_dataset_alias.py for tasks to queue
[2024-12-17T06:49:12.640+0000] {logging_mixin.py:190} INFO - [2024-12-17T06:49:12.639+0000] {dagbag.py:588} INFO - Filling up the DagBag from /home/airflow/.local/lib/python3.12/site-packages/airflow/example_dags/example_dataset_alias.py
[2024-12-17T06:49:13.005+0000] {processor.py:925} INFO - DAG(s) 'dataset_s3_bucket_consumer', 'dataset_alias_example_alias_producer', 'dataset_s3_bucket_producer', 'dataset_alias_example_alias_consumer' retrieved from /home/airflow/.local/lib/python3.12/site-packages/airflow/example_dags/example_dataset_alias.py
[2024-12-17T06:49:13.021+0000] {logging_mixin.py:190} INFO - [2024-12-17T06:49:13.021+0000] {dag.py:3239} INFO - Sync 4 DAGs
[2024-12-17T06:49:13.039+0000] {logging_mixin.py:190} INFO - [2024-12-17T06:49:13.039+0000] {dag.py:4180} INFO - Setting next_dagrun for dataset_alias_example_alias_consumer to None, run_after=None
[2024-12-17T06:49:13.041+0000] {logging_mixin.py:190} INFO - [2024-12-17T06:49:13.041+0000] {dag.py:4180} INFO - Setting next_dagrun for dataset_alias_example_alias_producer to None, run_after=None
[2024-12-17T06:49:13.042+0000] {logging_mixin.py:190} INFO - [2024-12-17T06:49:13.042+0000] {dag.py:4180} INFO - Setting next_dagrun for dataset_s3_bucket_consumer to None, run_after=None
[2024-12-17T06:49:13.043+0000] {logging_mixin.py:190} INFO - [2024-12-17T06:49:13.043+0000] {dag.py:4180} INFO - Setting next_dagrun for dataset_s3_bucket_producer to None, run_after=None
[2024-12-17T06:49:13.060+0000] {processor.py:208} INFO - Processing /home/airflow/.local/lib/python3.12/site-packages/airflow/example_dags/example_dataset_alias.py took 0.426 seconds
[2024-12-17T06:49:43.972+0000] {processor.py:186} INFO - Started process (PID=173) to work on /home/airflow/.local/lib/python3.12/site-packages/airflow/example_dags/example_dataset_alias.py
[2024-12-17T06:49:43.972+0000] {processor.py:914} INFO - Processing file /home/airflow/.local/lib/python3.12/site-packages/airflow/example_dags/example_dataset_alias.py for tasks to queue
[2024-12-17T06:49:43.974+0000] {logging_mixin.py:190} INFO - [2024-12-17T06:49:43.974+0000] {dagbag.py:588} INFO - Filling up the DagBag from /home/airflow/.local/lib/python3.12/site-packages/airflow/example_dags/example_dataset_alias.py
[2024-12-17T06:49:44.331+0000] {processor.py:925} INFO - DAG(s) 'dataset_s3_bucket_producer', 'dataset_alias_example_alias_consumer', 'dataset_alias_example_alias_producer', 'dataset_s3_bucket_consumer' retrieved from /home/airflow/.local/lib/python3.12/site-packages/airflow/example_dags/example_dataset_alias.py
[2024-12-17T06:49:44.347+0000] {logging_mixin.py:190} INFO - [2024-12-17T06:49:44.347+0000] {dag.py:3239} INFO - Sync 4 DAGs
[2024-12-17T06:49:44.364+0000] {logging_mixin.py:190} INFO - [2024-12-17T06:49:44.364+0000] {dag.py:4180} INFO - Setting next_dagrun for dataset_alias_example_alias_consumer to None, run_after=None
[2024-12-17T06:49:44.366+0000] {logging_mixin.py:190} INFO - [2024-12-17T06:49:44.366+0000] {dag.py:4180} INFO - Setting next_dagrun for dataset_alias_example_alias_producer to None, run_after=None
[2024-12-17T06:49:44.368+0000] {logging_mixin.py:190} INFO - [2024-12-17T06:49:44.367+0000] {dag.py:4180} INFO - Setting next_dagrun for dataset_s3_bucket_consumer to None, run_after=None
[2024-12-17T06:49:44.369+0000] {logging_mixin.py:190} INFO - [2024-12-17T06:49:44.368+0000] {dag.py:4180} INFO - Setting next_dagrun for dataset_s3_bucket_producer to None, run_after=None
[2024-12-17T06:49:44.385+0000] {processor.py:208} INFO - Processing /home/airflow/.local/lib/python3.12/site-packages/airflow/example_dags/example_dataset_alias.py took 0.417 seconds
[2024-12-17T06:50:15.173+0000] {processor.py:186} INFO - Started process (PID=236) to work on /home/airflow/.local/lib/python3.12/site-packages/airflow/example_dags/example_dataset_alias.py
[2024-12-17T06:50:15.174+0000] {processor.py:914} INFO - Processing file /home/airflow/.local/lib/python3.12/site-packages/airflow/example_dags/example_dataset_alias.py for tasks to queue
[2024-12-17T06:50:15.176+0000] {logging_mixin.py:190} INFO - [2024-12-17T06:50:15.176+0000] {dagbag.py:588} INFO - Filling up the DagBag from /home/airflow/.local/lib/python3.12/site-packages/airflow/example_dags/example_dataset_alias.py
[2024-12-17T06:50:15.602+0000] {processor.py:925} INFO - DAG(s) 'dataset_s3_bucket_consumer', 'dataset_alias_example_alias_producer', 'dataset_s3_bucket_producer', 'dataset_alias_example_alias_consumer' retrieved from /home/airflow/.local/lib/python3.12/site-packages/airflow/example_dags/example_dataset_alias.py
[2024-12-17T06:50:15.625+0000] {logging_mixin.py:190} INFO - [2024-12-17T06:50:15.624+0000] {dag.py:3239} INFO - Sync 4 DAGs
[2024-12-17T06:50:15.648+0000] {logging_mixin.py:190} INFO - [2024-12-17T06:50:15.647+0000] {dag.py:4180} INFO - Setting next_dagrun for dataset_alias_example_alias_consumer to None, run_after=None
[2024-12-17T06:50:15.652+0000] {logging_mixin.py:190} INFO - [2024-12-17T06:50:15.652+0000] {dag.py:4180} INFO - Setting next_dagrun for dataset_alias_example_alias_producer to None, run_after=None
[2024-12-17T06:50:15.654+0000] {logging_mixin.py:190} INFO - [2024-12-17T06:50:15.654+0000] {dag.py:4180} INFO - Setting next_dagrun for dataset_s3_bucket_consumer to None, run_after=None
[2024-12-17T06:50:15.656+0000] {logging_mixin.py:190} INFO - [2024-12-17T06:50:15.656+0000] {dag.py:4180} INFO - Setting next_dagrun for dataset_s3_bucket_producer to None, run_after=None
[2024-12-17T06:50:15.688+0000] {processor.py:208} INFO - Processing /home/airflow/.local/lib/python3.12/site-packages/airflow/example_dags/example_dataset_alias.py took 0.519 seconds
[2024-12-17T06:50:46.162+0000] {processor.py:186} INFO - Started process (PID=299) to work on /home/airflow/.local/lib/python3.12/site-packages/airflow/example_dags/example_dataset_alias.py
[2024-12-17T06:50:46.163+0000] {processor.py:914} INFO - Processing file /home/airflow/.local/lib/python3.12/site-packages/airflow/example_dags/example_dataset_alias.py for tasks to queue
[2024-12-17T06:50:46.165+0000] {logging_mixin.py:190} INFO - [2024-12-17T06:50:46.165+0000] {dagbag.py:588} INFO - Filling up the DagBag from /home/airflow/.local/lib/python3.12/site-packages/airflow/example_dags/example_dataset_alias.py
[2024-12-17T06:50:46.546+0000] {processor.py:925} INFO - DAG(s) 'dataset_alias_example_alias_consumer', 'dataset_alias_example_alias_producer', 'dataset_s3_bucket_producer', 'dataset_s3_bucket_consumer' retrieved from /home/airflow/.local/lib/python3.12/site-packages/airflow/example_dags/example_dataset_alias.py
[2024-12-17T06:50:46.564+0000] {logging_mixin.py:190} INFO - [2024-12-17T06:50:46.564+0000] {dag.py:3239} INFO - Sync 4 DAGs
[2024-12-17T06:50:46.582+0000] {logging_mixin.py:190} INFO - [2024-12-17T06:50:46.582+0000] {dag.py:4180} INFO - Setting next_dagrun for dataset_alias_example_alias_consumer to None, run_after=None
[2024-12-17T06:50:46.584+0000] {logging_mixin.py:190} INFO - [2024-12-17T06:50:46.584+0000] {dag.py:4180} INFO - Setting next_dagrun for dataset_alias_example_alias_producer to None, run_after=None
[2024-12-17T06:50:46.585+0000] {logging_mixin.py:190} INFO - [2024-12-17T06:50:46.585+0000] {dag.py:4180} INFO - Setting next_dagrun for dataset_s3_bucket_consumer to None, run_after=None
[2024-12-17T06:50:46.586+0000] {logging_mixin.py:190} INFO - [2024-12-17T06:50:46.586+0000] {dag.py:4180} INFO - Setting next_dagrun for dataset_s3_bucket_producer to None, run_after=None
[2024-12-17T06:50:46.603+0000] {processor.py:208} INFO - Processing /home/airflow/.local/lib/python3.12/site-packages/airflow/example_dags/example_dataset_alias.py took 0.446 seconds
[2024-12-17T06:51:17.004+0000] {processor.py:186} INFO - Started process (PID=362) to work on /home/airflow/.local/lib/python3.12/site-packages/airflow/example_dags/example_dataset_alias.py
[2024-12-17T06:51:17.005+0000] {processor.py:914} INFO - Processing file /home/airflow/.local/lib/python3.12/site-packages/airflow/example_dags/example_dataset_alias.py for tasks to queue
[2024-12-17T06:51:17.008+0000] {logging_mixin.py:190} INFO - [2024-12-17T06:51:17.008+0000] {dagbag.py:588} INFO - Filling up the DagBag from /home/airflow/.local/lib/python3.12/site-packages/airflow/example_dags/example_dataset_alias.py
[2024-12-17T06:51:17.377+0000] {processor.py:925} INFO - DAG(s) 'dataset_s3_bucket_producer', 'dataset_alias_example_alias_consumer', 'dataset_alias_example_alias_producer', 'dataset_s3_bucket_consumer' retrieved from /home/airflow/.local/lib/python3.12/site-packages/airflow/example_dags/example_dataset_alias.py
[2024-12-17T06:51:17.398+0000] {logging_mixin.py:190} INFO - [2024-12-17T06:51:17.397+0000] {dag.py:3239} INFO - Sync 4 DAGs
[2024-12-17T06:51:17.415+0000] {logging_mixin.py:190} INFO - [2024-12-17T06:51:17.415+0000] {dag.py:4180} INFO - Setting next_dagrun for dataset_alias_example_alias_consumer to None, run_after=None
[2024-12-17T06:51:17.417+0000] {logging_mixin.py:190} INFO - [2024-12-17T06:51:17.417+0000] {dag.py:4180} INFO - Setting next_dagrun for dataset_alias_example_alias_producer to None, run_after=None
[2024-12-17T06:51:17.418+0000] {logging_mixin.py:190} INFO - [2024-12-17T06:51:17.418+0000] {dag.py:4180} INFO - Setting next_dagrun for dataset_s3_bucket_consumer to None, run_after=None
[2024-12-17T06:51:17.420+0000] {logging_mixin.py:190} INFO - [2024-12-17T06:51:17.419+0000] {dag.py:4180} INFO - Setting next_dagrun for dataset_s3_bucket_producer to None, run_after=None
[2024-12-17T06:51:17.437+0000] {processor.py:208} INFO - Processing /home/airflow/.local/lib/python3.12/site-packages/airflow/example_dags/example_dataset_alias.py took 0.444 seconds
