[2024-12-17T06:48:44.780+0000] {processor.py:186} INFO - Started process (PID=72) to work on /home/airflow/.local/lib/python3.12/site-packages/airflow/example_dags/example_latest_only_with_trigger.py
[2024-12-17T06:48:44.781+0000] {processor.py:914} INFO - Processing file /home/airflow/.local/lib/python3.12/site-packages/airflow/example_dags/example_latest_only_with_trigger.py for tasks to queue
[2024-12-17T06:48:44.782+0000] {logging_mixin.py:190} INFO - [2024-12-17T06:48:44.782+0000] {dagbag.py:588} INFO - Filling up the DagBag from /home/airflow/.local/lib/python3.12/site-packages/airflow/example_dags/example_latest_only_with_trigger.py
[2024-12-17T06:48:44.789+0000] {processor.py:925} INFO - DAG(s) 'latest_only_with_trigger' retrieved from /home/airflow/.local/lib/python3.12/site-packages/airflow/example_dags/example_latest_only_with_trigger.py
[2024-12-17T06:48:44.881+0000] {logging_mixin.py:190} INFO - [2024-12-17T06:48:44.880+0000] {override.py:1911} INFO - Created Permission View: can edit on DAG:latest_only_with_trigger
[2024-12-17T06:48:44.896+0000] {logging_mixin.py:190} INFO - [2024-12-17T06:48:44.895+0000] {override.py:1911} INFO - Created Permission View: can delete on DAG:latest_only_with_trigger
[2024-12-17T06:48:44.912+0000] {logging_mixin.py:190} INFO - [2024-12-17T06:48:44.911+0000] {override.py:1911} INFO - Created Permission View: can read on DAG:latest_only_with_trigger
[2024-12-17T06:48:44.934+0000] {logging_mixin.py:190} INFO - [2024-12-17T06:48:44.934+0000] {override.py:1911} INFO - Created Permission View: can delete on DAG Run:latest_only_with_trigger
[2024-12-17T06:48:44.948+0000] {logging_mixin.py:190} INFO - [2024-12-17T06:48:44.948+0000] {override.py:1911} INFO - Created Permission View: can read on DAG Run:latest_only_with_trigger
[2024-12-17T06:48:44.958+0000] {logging_mixin.py:190} INFO - [2024-12-17T06:48:44.958+0000] {override.py:1911} INFO - Created Permission View: menu access on DAG Run:latest_only_with_trigger
[2024-12-17T06:48:44.965+0000] {logging_mixin.py:190} INFO - [2024-12-17T06:48:44.965+0000] {override.py:1911} INFO - Created Permission View: can create on DAG Run:latest_only_with_trigger
[2024-12-17T06:48:44.966+0000] {logging_mixin.py:190} INFO - [2024-12-17T06:48:44.966+0000] {dag.py:3239} INFO - Sync 1 DAGs
[2024-12-17T06:48:44.979+0000] {logging_mixin.py:190} INFO - [2024-12-17T06:48:44.979+0000] {dag.py:3262} INFO - Creating ORM DAG for latest_only_with_trigger
[2024-12-17T06:48:44.990+0000] {logging_mixin.py:190} INFO - [2024-12-17T06:48:44.990+0000] {dag.py:4180} INFO - Setting next_dagrun for latest_only_with_trigger to 2024-12-17 00:00:00+00:00, run_after=2024-12-17 04:00:00+00:00
[2024-12-17T06:48:45.007+0000] {processor.py:208} INFO - Processing /home/airflow/.local/lib/python3.12/site-packages/airflow/example_dags/example_latest_only_with_trigger.py took 0.232 seconds
[2024-12-17T06:49:15.966+0000] {processor.py:186} INFO - Started process (PID=135) to work on /home/airflow/.local/lib/python3.12/site-packages/airflow/example_dags/example_latest_only_with_trigger.py
[2024-12-17T06:49:15.967+0000] {processor.py:914} INFO - Processing file /home/airflow/.local/lib/python3.12/site-packages/airflow/example_dags/example_latest_only_with_trigger.py for tasks to queue
[2024-12-17T06:49:15.969+0000] {logging_mixin.py:190} INFO - [2024-12-17T06:49:15.969+0000] {dagbag.py:588} INFO - Filling up the DagBag from /home/airflow/.local/lib/python3.12/site-packages/airflow/example_dags/example_latest_only_with_trigger.py
[2024-12-17T06:49:15.975+0000] {processor.py:925} INFO - DAG(s) 'latest_only_with_trigger' retrieved from /home/airflow/.local/lib/python3.12/site-packages/airflow/example_dags/example_latest_only_with_trigger.py
[2024-12-17T06:49:15.991+0000] {logging_mixin.py:190} INFO - [2024-12-17T06:49:15.991+0000] {dag.py:3239} INFO - Sync 1 DAGs
[2024-12-17T06:49:16.007+0000] {logging_mixin.py:190} INFO - [2024-12-17T06:49:16.006+0000] {dag.py:4180} INFO - Setting next_dagrun for latest_only_with_trigger to 2024-12-17 00:00:00+00:00, run_after=2024-12-17 04:00:00+00:00
[2024-12-17T06:49:16.021+0000] {processor.py:208} INFO - Processing /home/airflow/.local/lib/python3.12/site-packages/airflow/example_dags/example_latest_only_with_trigger.py took 0.059 seconds
[2024-12-17T06:49:46.280+0000] {processor.py:186} INFO - Started process (PID=197) to work on /home/airflow/.local/lib/python3.12/site-packages/airflow/example_dags/example_latest_only_with_trigger.py
[2024-12-17T06:49:46.280+0000] {processor.py:914} INFO - Processing file /home/airflow/.local/lib/python3.12/site-packages/airflow/example_dags/example_latest_only_with_trigger.py for tasks to queue
[2024-12-17T06:49:46.282+0000] {logging_mixin.py:190} INFO - [2024-12-17T06:49:46.282+0000] {dagbag.py:588} INFO - Filling up the DagBag from /home/airflow/.local/lib/python3.12/site-packages/airflow/example_dags/example_latest_only_with_trigger.py
[2024-12-17T06:49:46.288+0000] {processor.py:925} INFO - DAG(s) 'latest_only_with_trigger' retrieved from /home/airflow/.local/lib/python3.12/site-packages/airflow/example_dags/example_latest_only_with_trigger.py
[2024-12-17T06:49:46.304+0000] {logging_mixin.py:190} INFO - [2024-12-17T06:49:46.303+0000] {dag.py:3239} INFO - Sync 1 DAGs
[2024-12-17T06:49:46.322+0000] {logging_mixin.py:190} INFO - [2024-12-17T06:49:46.322+0000] {dag.py:4180} INFO - Setting next_dagrun for latest_only_with_trigger to 2024-12-17 00:00:00+00:00, run_after=2024-12-17 04:00:00+00:00
[2024-12-17T06:49:46.336+0000] {processor.py:208} INFO - Processing /home/airflow/.local/lib/python3.12/site-packages/airflow/example_dags/example_latest_only_with_trigger.py took 0.060 seconds
[2024-12-17T06:50:16.791+0000] {processor.py:186} INFO - Started process (PID=260) to work on /home/airflow/.local/lib/python3.12/site-packages/airflow/example_dags/example_latest_only_with_trigger.py
[2024-12-17T06:50:16.792+0000] {processor.py:914} INFO - Processing file /home/airflow/.local/lib/python3.12/site-packages/airflow/example_dags/example_latest_only_with_trigger.py for tasks to queue
[2024-12-17T06:50:16.794+0000] {logging_mixin.py:190} INFO - [2024-12-17T06:50:16.793+0000] {dagbag.py:588} INFO - Filling up the DagBag from /home/airflow/.local/lib/python3.12/site-packages/airflow/example_dags/example_latest_only_with_trigger.py
[2024-12-17T06:50:16.800+0000] {processor.py:925} INFO - DAG(s) 'latest_only_with_trigger' retrieved from /home/airflow/.local/lib/python3.12/site-packages/airflow/example_dags/example_latest_only_with_trigger.py
[2024-12-17T06:50:16.820+0000] {logging_mixin.py:190} INFO - [2024-12-17T06:50:16.820+0000] {dag.py:3239} INFO - Sync 1 DAGs
[2024-12-17T06:50:16.841+0000] {logging_mixin.py:190} INFO - [2024-12-17T06:50:16.841+0000] {dag.py:4180} INFO - Setting next_dagrun for latest_only_with_trigger to 2024-12-17 00:00:00+00:00, run_after=2024-12-17 04:00:00+00:00
[2024-12-17T06:50:16.857+0000] {processor.py:208} INFO - Processing /home/airflow/.local/lib/python3.12/site-packages/airflow/example_dags/example_latest_only_with_trigger.py took 0.070 seconds
[2024-12-17T06:50:47.738+0000] {processor.py:186} INFO - Started process (PID=323) to work on /home/airflow/.local/lib/python3.12/site-packages/airflow/example_dags/example_latest_only_with_trigger.py
[2024-12-17T06:50:47.739+0000] {processor.py:914} INFO - Processing file /home/airflow/.local/lib/python3.12/site-packages/airflow/example_dags/example_latest_only_with_trigger.py for tasks to queue
[2024-12-17T06:50:47.740+0000] {logging_mixin.py:190} INFO - [2024-12-17T06:50:47.740+0000] {dagbag.py:588} INFO - Filling up the DagBag from /home/airflow/.local/lib/python3.12/site-packages/airflow/example_dags/example_latest_only_with_trigger.py
[2024-12-17T06:50:47.745+0000] {processor.py:925} INFO - DAG(s) 'latest_only_with_trigger' retrieved from /home/airflow/.local/lib/python3.12/site-packages/airflow/example_dags/example_latest_only_with_trigger.py
[2024-12-17T06:50:47.760+0000] {logging_mixin.py:190} INFO - [2024-12-17T06:50:47.760+0000] {dag.py:3239} INFO - Sync 1 DAGs
[2024-12-17T06:50:47.780+0000] {logging_mixin.py:190} INFO - [2024-12-17T06:50:47.780+0000] {dag.py:4180} INFO - Setting next_dagrun for latest_only_with_trigger to 2024-12-17 00:00:00+00:00, run_after=2024-12-17 04:00:00+00:00
[2024-12-17T06:50:47.794+0000] {processor.py:208} INFO - Processing /home/airflow/.local/lib/python3.12/site-packages/airflow/example_dags/example_latest_only_with_trigger.py took 0.063 seconds
[2024-12-17T06:51:18.567+0000] {processor.py:186} INFO - Started process (PID=386) to work on /home/airflow/.local/lib/python3.12/site-packages/airflow/example_dags/example_latest_only_with_trigger.py
[2024-12-17T06:51:18.569+0000] {processor.py:914} INFO - Processing file /home/airflow/.local/lib/python3.12/site-packages/airflow/example_dags/example_latest_only_with_trigger.py for tasks to queue
[2024-12-17T06:51:18.571+0000] {logging_mixin.py:190} INFO - [2024-12-17T06:51:18.571+0000] {dagbag.py:588} INFO - Filling up the DagBag from /home/airflow/.local/lib/python3.12/site-packages/airflow/example_dags/example_latest_only_with_trigger.py
[2024-12-17T06:51:18.579+0000] {processor.py:925} INFO - DAG(s) 'latest_only_with_trigger' retrieved from /home/airflow/.local/lib/python3.12/site-packages/airflow/example_dags/example_latest_only_with_trigger.py
[2024-12-17T06:51:18.601+0000] {logging_mixin.py:190} INFO - [2024-12-17T06:51:18.600+0000] {dag.py:3239} INFO - Sync 1 DAGs
[2024-12-17T06:51:18.626+0000] {logging_mixin.py:190} INFO - [2024-12-17T06:51:18.626+0000] {dag.py:4180} INFO - Setting next_dagrun for latest_only_with_trigger to 2024-12-17 00:00:00+00:00, run_after=2024-12-17 04:00:00+00:00
[2024-12-17T06:51:18.647+0000] {processor.py:208} INFO - Processing /home/airflow/.local/lib/python3.12/site-packages/airflow/example_dags/example_latest_only_with_trigger.py took 0.087 seconds
