[2024-12-17T06:48:46.081+0000] {processor.py:186} INFO - Started process (PID=82) to work on /home/airflow/.local/lib/python3.12/site-packages/airflow/example_dags/example_setup_teardown_taskflow.py
[2024-12-17T06:48:46.082+0000] {processor.py:914} INFO - Processing file /home/airflow/.local/lib/python3.12/site-packages/airflow/example_dags/example_setup_teardown_taskflow.py for tasks to queue
[2024-12-17T06:48:46.084+0000] {logging_mixin.py:190} INFO - [2024-12-17T06:48:46.084+0000] {dagbag.py:588} INFO - Filling up the DagBag from /home/airflow/.local/lib/python3.12/site-packages/airflow/example_dags/example_setup_teardown_taskflow.py
[2024-12-17T06:48:46.093+0000] {processor.py:925} INFO - DAG(s) 'example_setup_teardown_taskflow' retrieved from /home/airflow/.local/lib/python3.12/site-packages/airflow/example_dags/example_setup_teardown_taskflow.py
[2024-12-17T06:48:46.174+0000] {logging_mixin.py:190} INFO - [2024-12-17T06:48:46.174+0000] {override.py:1911} INFO - Created Permission View: can edit on DAG:example_setup_teardown_taskflow
[2024-12-17T06:48:46.184+0000] {logging_mixin.py:190} INFO - [2024-12-17T06:48:46.184+0000] {override.py:1911} INFO - Created Permission View: can delete on DAG:example_setup_teardown_taskflow
[2024-12-17T06:48:46.190+0000] {logging_mixin.py:190} INFO - [2024-12-17T06:48:46.190+0000] {override.py:1911} INFO - Created Permission View: can read on DAG:example_setup_teardown_taskflow
[2024-12-17T06:48:46.196+0000] {logging_mixin.py:190} INFO - [2024-12-17T06:48:46.195+0000] {override.py:1911} INFO - Created Permission View: can delete on DAG Run:example_setup_teardown_taskflow
[2024-12-17T06:48:46.201+0000] {logging_mixin.py:190} INFO - [2024-12-17T06:48:46.201+0000] {override.py:1911} INFO - Created Permission View: can read on DAG Run:example_setup_teardown_taskflow
[2024-12-17T06:48:46.206+0000] {logging_mixin.py:190} INFO - [2024-12-17T06:48:46.206+0000] {override.py:1911} INFO - Created Permission View: menu access on DAG Run:example_setup_teardown_taskflow
[2024-12-17T06:48:46.211+0000] {logging_mixin.py:190} INFO - [2024-12-17T06:48:46.211+0000] {override.py:1911} INFO - Created Permission View: can create on DAG Run:example_setup_teardown_taskflow
[2024-12-17T06:48:46.212+0000] {logging_mixin.py:190} INFO - [2024-12-17T06:48:46.212+0000] {dag.py:3239} INFO - Sync 1 DAGs
[2024-12-17T06:48:46.227+0000] {logging_mixin.py:190} INFO - [2024-12-17T06:48:46.226+0000] {dag.py:3262} INFO - Creating ORM DAG for example_setup_teardown_taskflow
[2024-12-17T06:48:46.227+0000] {logging_mixin.py:190} INFO - [2024-12-17T06:48:46.227+0000] {dag.py:4180} INFO - Setting next_dagrun for example_setup_teardown_taskflow to None, run_after=None
[2024-12-17T06:48:46.243+0000] {processor.py:208} INFO - Processing /home/airflow/.local/lib/python3.12/site-packages/airflow/example_dags/example_setup_teardown_taskflow.py took 0.168 seconds
[2024-12-17T06:49:16.608+0000] {processor.py:186} INFO - Started process (PID=144) to work on /home/airflow/.local/lib/python3.12/site-packages/airflow/example_dags/example_setup_teardown_taskflow.py
[2024-12-17T06:49:16.609+0000] {processor.py:914} INFO - Processing file /home/airflow/.local/lib/python3.12/site-packages/airflow/example_dags/example_setup_teardown_taskflow.py for tasks to queue
[2024-12-17T06:49:16.610+0000] {logging_mixin.py:190} INFO - [2024-12-17T06:49:16.610+0000] {dagbag.py:588} INFO - Filling up the DagBag from /home/airflow/.local/lib/python3.12/site-packages/airflow/example_dags/example_setup_teardown_taskflow.py
[2024-12-17T06:49:16.615+0000] {processor.py:925} INFO - DAG(s) 'example_setup_teardown_taskflow' retrieved from /home/airflow/.local/lib/python3.12/site-packages/airflow/example_dags/example_setup_teardown_taskflow.py
[2024-12-17T06:49:16.632+0000] {logging_mixin.py:190} INFO - [2024-12-17T06:49:16.631+0000] {dag.py:3239} INFO - Sync 1 DAGs
[2024-12-17T06:49:16.642+0000] {logging_mixin.py:190} INFO - [2024-12-17T06:49:16.642+0000] {dag.py:4180} INFO - Setting next_dagrun for example_setup_teardown_taskflow to None, run_after=None
[2024-12-17T06:49:16.656+0000] {processor.py:208} INFO - Processing /home/airflow/.local/lib/python3.12/site-packages/airflow/example_dags/example_setup_teardown_taskflow.py took 0.052 seconds
[2024-12-17T06:49:46.882+0000] {processor.py:186} INFO - Started process (PID=207) to work on /home/airflow/.local/lib/python3.12/site-packages/airflow/example_dags/example_setup_teardown_taskflow.py
[2024-12-17T06:49:46.883+0000] {processor.py:914} INFO - Processing file /home/airflow/.local/lib/python3.12/site-packages/airflow/example_dags/example_setup_teardown_taskflow.py for tasks to queue
[2024-12-17T06:49:46.884+0000] {logging_mixin.py:190} INFO - [2024-12-17T06:49:46.884+0000] {dagbag.py:588} INFO - Filling up the DagBag from /home/airflow/.local/lib/python3.12/site-packages/airflow/example_dags/example_setup_teardown_taskflow.py
[2024-12-17T06:49:46.890+0000] {processor.py:925} INFO - DAG(s) 'example_setup_teardown_taskflow' retrieved from /home/airflow/.local/lib/python3.12/site-packages/airflow/example_dags/example_setup_teardown_taskflow.py
[2024-12-17T06:49:46.905+0000] {logging_mixin.py:190} INFO - [2024-12-17T06:49:46.905+0000] {dag.py:3239} INFO - Sync 1 DAGs
[2024-12-17T06:49:46.917+0000] {logging_mixin.py:190} INFO - [2024-12-17T06:49:46.917+0000] {dag.py:4180} INFO - Setting next_dagrun for example_setup_teardown_taskflow to None, run_after=None
[2024-12-17T06:49:46.932+0000] {processor.py:208} INFO - Processing /home/airflow/.local/lib/python3.12/site-packages/airflow/example_dags/example_setup_teardown_taskflow.py took 0.054 seconds
[2024-12-17T06:50:17.373+0000] {processor.py:186} INFO - Started process (PID=270) to work on /home/airflow/.local/lib/python3.12/site-packages/airflow/example_dags/example_setup_teardown_taskflow.py
[2024-12-17T06:50:17.374+0000] {processor.py:914} INFO - Processing file /home/airflow/.local/lib/python3.12/site-packages/airflow/example_dags/example_setup_teardown_taskflow.py for tasks to queue
[2024-12-17T06:50:17.375+0000] {logging_mixin.py:190} INFO - [2024-12-17T06:50:17.375+0000] {dagbag.py:588} INFO - Filling up the DagBag from /home/airflow/.local/lib/python3.12/site-packages/airflow/example_dags/example_setup_teardown_taskflow.py
[2024-12-17T06:50:17.383+0000] {processor.py:925} INFO - DAG(s) 'example_setup_teardown_taskflow' retrieved from /home/airflow/.local/lib/python3.12/site-packages/airflow/example_dags/example_setup_teardown_taskflow.py
[2024-12-17T06:50:17.406+0000] {logging_mixin.py:190} INFO - [2024-12-17T06:50:17.406+0000] {dag.py:3239} INFO - Sync 1 DAGs
[2024-12-17T06:50:17.430+0000] {logging_mixin.py:190} INFO - [2024-12-17T06:50:17.429+0000] {dag.py:4180} INFO - Setting next_dagrun for example_setup_teardown_taskflow to None, run_after=None
[2024-12-17T06:50:17.470+0000] {processor.py:208} INFO - Processing /home/airflow/.local/lib/python3.12/site-packages/airflow/example_dags/example_setup_teardown_taskflow.py took 0.100 seconds
[2024-12-17T06:50:48.372+0000] {processor.py:186} INFO - Started process (PID=333) to work on /home/airflow/.local/lib/python3.12/site-packages/airflow/example_dags/example_setup_teardown_taskflow.py
[2024-12-17T06:50:48.373+0000] {processor.py:914} INFO - Processing file /home/airflow/.local/lib/python3.12/site-packages/airflow/example_dags/example_setup_teardown_taskflow.py for tasks to queue
[2024-12-17T06:50:48.374+0000] {logging_mixin.py:190} INFO - [2024-12-17T06:50:48.374+0000] {dagbag.py:588} INFO - Filling up the DagBag from /home/airflow/.local/lib/python3.12/site-packages/airflow/example_dags/example_setup_teardown_taskflow.py
[2024-12-17T06:50:48.381+0000] {processor.py:925} INFO - DAG(s) 'example_setup_teardown_taskflow' retrieved from /home/airflow/.local/lib/python3.12/site-packages/airflow/example_dags/example_setup_teardown_taskflow.py
[2024-12-17T06:50:48.397+0000] {logging_mixin.py:190} INFO - [2024-12-17T06:50:48.396+0000] {dag.py:3239} INFO - Sync 1 DAGs
[2024-12-17T06:50:48.409+0000] {logging_mixin.py:190} INFO - [2024-12-17T06:50:48.408+0000] {dag.py:4180} INFO - Setting next_dagrun for example_setup_teardown_taskflow to None, run_after=None
[2024-12-17T06:50:48.424+0000] {processor.py:208} INFO - Processing /home/airflow/.local/lib/python3.12/site-packages/airflow/example_dags/example_setup_teardown_taskflow.py took 0.056 seconds
[2024-12-17T06:51:19.210+0000] {processor.py:186} INFO - Started process (PID=396) to work on /home/airflow/.local/lib/python3.12/site-packages/airflow/example_dags/example_setup_teardown_taskflow.py
[2024-12-17T06:51:19.210+0000] {processor.py:914} INFO - Processing file /home/airflow/.local/lib/python3.12/site-packages/airflow/example_dags/example_setup_teardown_taskflow.py for tasks to queue
[2024-12-17T06:51:19.211+0000] {logging_mixin.py:190} INFO - [2024-12-17T06:51:19.211+0000] {dagbag.py:588} INFO - Filling up the DagBag from /home/airflow/.local/lib/python3.12/site-packages/airflow/example_dags/example_setup_teardown_taskflow.py
[2024-12-17T06:51:19.218+0000] {processor.py:925} INFO - DAG(s) 'example_setup_teardown_taskflow' retrieved from /home/airflow/.local/lib/python3.12/site-packages/airflow/example_dags/example_setup_teardown_taskflow.py
[2024-12-17T06:51:19.236+0000] {logging_mixin.py:190} INFO - [2024-12-17T06:51:19.236+0000] {dag.py:3239} INFO - Sync 1 DAGs
[2024-12-17T06:51:19.246+0000] {logging_mixin.py:190} INFO - [2024-12-17T06:51:19.246+0000] {dag.py:4180} INFO - Setting next_dagrun for example_setup_teardown_taskflow to None, run_after=None
[2024-12-17T06:51:19.262+0000] {processor.py:208} INFO - Processing /home/airflow/.local/lib/python3.12/site-packages/airflow/example_dags/example_setup_teardown_taskflow.py took 0.056 seconds
