[2024-12-17T06:48:46.002+0000] {processor.py:186} INFO - Started process (PID=81) to work on /home/airflow/.local/lib/python3.12/site-packages/airflow/example_dags/example_datasets.py
[2024-12-17T06:48:46.003+0000] {processor.py:914} INFO - Processing file /home/airflow/.local/lib/python3.12/site-packages/airflow/example_dags/example_datasets.py for tasks to queue
[2024-12-17T06:48:46.004+0000] {logging_mixin.py:190} INFO - [2024-12-17T06:48:46.004+0000] {dagbag.py:588} INFO - Filling up the DagBag from /home/airflow/.local/lib/python3.12/site-packages/airflow/example_dags/example_datasets.py
[2024-12-17T06:48:46.425+0000] {processor.py:925} INFO - DAG(s) 'consume_1_or_2_with_dataset_expressions', 'consume_1_and_2_with_dataset_expressions', 'dataset_consumes_1_never_scheduled', 'conditional_dataset_and_time_based_timetable', 'consume_1_or_both_2_and_3_with_dataset_expressions', 'dataset_consumes_1', 'dataset_consumes_1_and_2', 'dataset_consumes_unknown_never_scheduled', 'dataset_produces_2', 'dataset_produces_1' retrieved from /home/airflow/.local/lib/python3.12/site-packages/airflow/example_dags/example_datasets.py
[2024-12-17T06:48:46.514+0000] {logging_mixin.py:190} INFO - [2024-12-17T06:48:46.513+0000] {override.py:1911} INFO - Created Permission View: can edit on DAG:consume_1_or_2_with_dataset_expressions
[2024-12-17T06:48:46.524+0000] {logging_mixin.py:190} INFO - [2024-12-17T06:48:46.524+0000] {override.py:1911} INFO - Created Permission View: can delete on DAG:consume_1_or_2_with_dataset_expressions
[2024-12-17T06:48:46.532+0000] {logging_mixin.py:190} INFO - [2024-12-17T06:48:46.531+0000] {override.py:1911} INFO - Created Permission View: can read on DAG:consume_1_or_2_with_dataset_expressions
[2024-12-17T06:48:46.539+0000] {logging_mixin.py:190} INFO - [2024-12-17T06:48:46.538+0000] {override.py:1911} INFO - Created Permission View: can delete on DAG Run:consume_1_or_2_with_dataset_expressions
[2024-12-17T06:48:46.545+0000] {logging_mixin.py:190} INFO - [2024-12-17T06:48:46.545+0000] {override.py:1911} INFO - Created Permission View: can read on DAG Run:consume_1_or_2_with_dataset_expressions
[2024-12-17T06:48:46.552+0000] {logging_mixin.py:190} INFO - [2024-12-17T06:48:46.551+0000] {override.py:1911} INFO - Created Permission View: menu access on DAG Run:consume_1_or_2_with_dataset_expressions
[2024-12-17T06:48:46.558+0000] {logging_mixin.py:190} INFO - [2024-12-17T06:48:46.557+0000] {override.py:1911} INFO - Created Permission View: can create on DAG Run:consume_1_or_2_with_dataset_expressions
[2024-12-17T06:48:46.569+0000] {logging_mixin.py:190} INFO - [2024-12-17T06:48:46.569+0000] {override.py:1911} INFO - Created Permission View: can edit on DAG:consume_1_and_2_with_dataset_expressions
[2024-12-17T06:48:46.576+0000] {logging_mixin.py:190} INFO - [2024-12-17T06:48:46.576+0000] {override.py:1911} INFO - Created Permission View: can delete on DAG:consume_1_and_2_with_dataset_expressions
[2024-12-17T06:48:46.582+0000] {logging_mixin.py:190} INFO - [2024-12-17T06:48:46.582+0000] {override.py:1911} INFO - Created Permission View: can read on DAG:consume_1_and_2_with_dataset_expressions
[2024-12-17T06:48:46.589+0000] {logging_mixin.py:190} INFO - [2024-12-17T06:48:46.588+0000] {override.py:1911} INFO - Created Permission View: can delete on DAG Run:consume_1_and_2_with_dataset_expressions
[2024-12-17T06:48:46.594+0000] {logging_mixin.py:190} INFO - [2024-12-17T06:48:46.593+0000] {override.py:1911} INFO - Created Permission View: can read on DAG Run:consume_1_and_2_with_dataset_expressions
[2024-12-17T06:48:46.598+0000] {logging_mixin.py:190} INFO - [2024-12-17T06:48:46.598+0000] {override.py:1911} INFO - Created Permission View: menu access on DAG Run:consume_1_and_2_with_dataset_expressions
[2024-12-17T06:48:46.605+0000] {logging_mixin.py:190} INFO - [2024-12-17T06:48:46.604+0000] {override.py:1911} INFO - Created Permission View: can create on DAG Run:consume_1_and_2_with_dataset_expressions
[2024-12-17T06:48:46.617+0000] {logging_mixin.py:190} INFO - [2024-12-17T06:48:46.617+0000] {override.py:1911} INFO - Created Permission View: can edit on DAG:dataset_consumes_1_never_scheduled
[2024-12-17T06:48:46.624+0000] {logging_mixin.py:190} INFO - [2024-12-17T06:48:46.623+0000] {override.py:1911} INFO - Created Permission View: can delete on DAG:dataset_consumes_1_never_scheduled
[2024-12-17T06:48:46.630+0000] {logging_mixin.py:190} INFO - [2024-12-17T06:48:46.629+0000] {override.py:1911} INFO - Created Permission View: can read on DAG:dataset_consumes_1_never_scheduled
[2024-12-17T06:48:46.635+0000] {logging_mixin.py:190} INFO - [2024-12-17T06:48:46.635+0000] {override.py:1911} INFO - Created Permission View: can delete on DAG Run:dataset_consumes_1_never_scheduled
[2024-12-17T06:48:46.639+0000] {logging_mixin.py:190} INFO - [2024-12-17T06:48:46.639+0000] {override.py:1911} INFO - Created Permission View: can read on DAG Run:dataset_consumes_1_never_scheduled
[2024-12-17T06:48:46.644+0000] {logging_mixin.py:190} INFO - [2024-12-17T06:48:46.643+0000] {override.py:1911} INFO - Created Permission View: menu access on DAG Run:dataset_consumes_1_never_scheduled
[2024-12-17T06:48:46.650+0000] {logging_mixin.py:190} INFO - [2024-12-17T06:48:46.649+0000] {override.py:1911} INFO - Created Permission View: can create on DAG Run:dataset_consumes_1_never_scheduled
[2024-12-17T06:48:46.663+0000] {logging_mixin.py:190} INFO - [2024-12-17T06:48:46.662+0000] {override.py:1911} INFO - Created Permission View: can edit on DAG:conditional_dataset_and_time_based_timetable
[2024-12-17T06:48:46.669+0000] {logging_mixin.py:190} INFO - [2024-12-17T06:48:46.669+0000] {override.py:1911} INFO - Created Permission View: can delete on DAG:conditional_dataset_and_time_based_timetable
[2024-12-17T06:48:46.676+0000] {logging_mixin.py:190} INFO - [2024-12-17T06:48:46.676+0000] {override.py:1911} INFO - Created Permission View: can read on DAG:conditional_dataset_and_time_based_timetable
[2024-12-17T06:48:46.684+0000] {logging_mixin.py:190} INFO - [2024-12-17T06:48:46.683+0000] {override.py:1911} INFO - Created Permission View: can delete on DAG Run:conditional_dataset_and_time_based_timetable
[2024-12-17T06:48:46.691+0000] {logging_mixin.py:190} INFO - [2024-12-17T06:48:46.691+0000] {override.py:1911} INFO - Created Permission View: can read on DAG Run:conditional_dataset_and_time_based_timetable
[2024-12-17T06:48:46.698+0000] {logging_mixin.py:190} INFO - [2024-12-17T06:48:46.697+0000] {override.py:1911} INFO - Created Permission View: menu access on DAG Run:conditional_dataset_and_time_based_timetable
[2024-12-17T06:48:46.704+0000] {logging_mixin.py:190} INFO - [2024-12-17T06:48:46.704+0000] {override.py:1911} INFO - Created Permission View: can create on DAG Run:conditional_dataset_and_time_based_timetable
[2024-12-17T06:48:46.719+0000] {logging_mixin.py:190} INFO - [2024-12-17T06:48:46.719+0000] {override.py:1911} INFO - Created Permission View: can edit on DAG:consume_1_or_both_2_and_3_with_dataset_expressions
[2024-12-17T06:48:46.726+0000] {logging_mixin.py:190} INFO - [2024-12-17T06:48:46.726+0000] {override.py:1911} INFO - Created Permission View: can delete on DAG:consume_1_or_both_2_and_3_with_dataset_expressions
[2024-12-17T06:48:46.733+0000] {logging_mixin.py:190} INFO - [2024-12-17T06:48:46.733+0000] {override.py:1911} INFO - Created Permission View: can read on DAG:consume_1_or_both_2_and_3_with_dataset_expressions
[2024-12-17T06:48:46.740+0000] {logging_mixin.py:190} INFO - [2024-12-17T06:48:46.740+0000] {override.py:1911} INFO - Created Permission View: can delete on DAG Run:consume_1_or_both_2_and_3_with_dataset_expressions
[2024-12-17T06:48:46.746+0000] {logging_mixin.py:190} INFO - [2024-12-17T06:48:46.745+0000] {override.py:1911} INFO - Created Permission View: can read on DAG Run:consume_1_or_both_2_and_3_with_dataset_expressions
[2024-12-17T06:48:46.753+0000] {logging_mixin.py:190} INFO - [2024-12-17T06:48:46.752+0000] {override.py:1911} INFO - Created Permission View: menu access on DAG Run:consume_1_or_both_2_and_3_with_dataset_expressions
[2024-12-17T06:48:46.759+0000] {logging_mixin.py:190} INFO - [2024-12-17T06:48:46.758+0000] {override.py:1911} INFO - Created Permission View: can create on DAG Run:consume_1_or_both_2_and_3_with_dataset_expressions
[2024-12-17T06:48:46.771+0000] {logging_mixin.py:190} INFO - [2024-12-17T06:48:46.770+0000] {override.py:1911} INFO - Created Permission View: can edit on DAG:dataset_consumes_1
[2024-12-17T06:48:46.777+0000] {logging_mixin.py:190} INFO - [2024-12-17T06:48:46.777+0000] {override.py:1911} INFO - Created Permission View: can delete on DAG:dataset_consumes_1
[2024-12-17T06:48:46.784+0000] {logging_mixin.py:190} INFO - [2024-12-17T06:48:46.783+0000] {override.py:1911} INFO - Created Permission View: can read on DAG:dataset_consumes_1
[2024-12-17T06:48:46.790+0000] {logging_mixin.py:190} INFO - [2024-12-17T06:48:46.790+0000] {override.py:1911} INFO - Created Permission View: can delete on DAG Run:dataset_consumes_1
[2024-12-17T06:48:46.797+0000] {logging_mixin.py:190} INFO - [2024-12-17T06:48:46.796+0000] {override.py:1911} INFO - Created Permission View: can read on DAG Run:dataset_consumes_1
[2024-12-17T06:48:46.803+0000] {logging_mixin.py:190} INFO - [2024-12-17T06:48:46.802+0000] {override.py:1911} INFO - Created Permission View: menu access on DAG Run:dataset_consumes_1
[2024-12-17T06:48:46.810+0000] {logging_mixin.py:190} INFO - [2024-12-17T06:48:46.809+0000] {override.py:1911} INFO - Created Permission View: can create on DAG Run:dataset_consumes_1
[2024-12-17T06:48:46.821+0000] {logging_mixin.py:190} INFO - [2024-12-17T06:48:46.821+0000] {override.py:1911} INFO - Created Permission View: can edit on DAG:dataset_consumes_1_and_2
[2024-12-17T06:48:46.828+0000] {logging_mixin.py:190} INFO - [2024-12-17T06:48:46.827+0000] {override.py:1911} INFO - Created Permission View: can delete on DAG:dataset_consumes_1_and_2
[2024-12-17T06:48:46.834+0000] {logging_mixin.py:190} INFO - [2024-12-17T06:48:46.834+0000] {override.py:1911} INFO - Created Permission View: can read on DAG:dataset_consumes_1_and_2
[2024-12-17T06:48:46.841+0000] {logging_mixin.py:190} INFO - [2024-12-17T06:48:46.841+0000] {override.py:1911} INFO - Created Permission View: can delete on DAG Run:dataset_consumes_1_and_2
[2024-12-17T06:48:46.848+0000] {logging_mixin.py:190} INFO - [2024-12-17T06:48:46.847+0000] {override.py:1911} INFO - Created Permission View: can read on DAG Run:dataset_consumes_1_and_2
[2024-12-17T06:48:46.854+0000] {logging_mixin.py:190} INFO - [2024-12-17T06:48:46.854+0000] {override.py:1911} INFO - Created Permission View: menu access on DAG Run:dataset_consumes_1_and_2
[2024-12-17T06:48:46.861+0000] {logging_mixin.py:190} INFO - [2024-12-17T06:48:46.860+0000] {override.py:1911} INFO - Created Permission View: can create on DAG Run:dataset_consumes_1_and_2
[2024-12-17T06:48:46.873+0000] {logging_mixin.py:190} INFO - [2024-12-17T06:48:46.873+0000] {override.py:1911} INFO - Created Permission View: can edit on DAG:dataset_consumes_unknown_never_scheduled
[2024-12-17T06:48:46.879+0000] {logging_mixin.py:190} INFO - [2024-12-17T06:48:46.879+0000] {override.py:1911} INFO - Created Permission View: can delete on DAG:dataset_consumes_unknown_never_scheduled
[2024-12-17T06:48:46.885+0000] {logging_mixin.py:190} INFO - [2024-12-17T06:48:46.885+0000] {override.py:1911} INFO - Created Permission View: can read on DAG:dataset_consumes_unknown_never_scheduled
[2024-12-17T06:48:46.892+0000] {logging_mixin.py:190} INFO - [2024-12-17T06:48:46.891+0000] {override.py:1911} INFO - Created Permission View: can delete on DAG Run:dataset_consumes_unknown_never_scheduled
[2024-12-17T06:48:46.900+0000] {logging_mixin.py:190} INFO - [2024-12-17T06:48:46.900+0000] {override.py:1911} INFO - Created Permission View: can read on DAG Run:dataset_consumes_unknown_never_scheduled
[2024-12-17T06:48:46.907+0000] {logging_mixin.py:190} INFO - [2024-12-17T06:48:46.907+0000] {override.py:1911} INFO - Created Permission View: menu access on DAG Run:dataset_consumes_unknown_never_scheduled
[2024-12-17T06:48:46.916+0000] {logging_mixin.py:190} INFO - [2024-12-17T06:48:46.915+0000] {override.py:1911} INFO - Created Permission View: can create on DAG Run:dataset_consumes_unknown_never_scheduled
[2024-12-17T06:48:46.927+0000] {logging_mixin.py:190} INFO - [2024-12-17T06:48:46.927+0000] {override.py:1911} INFO - Created Permission View: can edit on DAG:dataset_produces_2
[2024-12-17T06:48:46.934+0000] {logging_mixin.py:190} INFO - [2024-12-17T06:48:46.934+0000] {override.py:1911} INFO - Created Permission View: can delete on DAG:dataset_produces_2
[2024-12-17T06:48:46.941+0000] {logging_mixin.py:190} INFO - [2024-12-17T06:48:46.940+0000] {override.py:1911} INFO - Created Permission View: can read on DAG:dataset_produces_2
[2024-12-17T06:48:46.948+0000] {logging_mixin.py:190} INFO - [2024-12-17T06:48:46.948+0000] {override.py:1911} INFO - Created Permission View: can delete on DAG Run:dataset_produces_2
[2024-12-17T06:48:46.956+0000] {logging_mixin.py:190} INFO - [2024-12-17T06:48:46.955+0000] {override.py:1911} INFO - Created Permission View: can read on DAG Run:dataset_produces_2
[2024-12-17T06:48:46.963+0000] {logging_mixin.py:190} INFO - [2024-12-17T06:48:46.963+0000] {override.py:1911} INFO - Created Permission View: menu access on DAG Run:dataset_produces_2
[2024-12-17T06:48:46.970+0000] {logging_mixin.py:190} INFO - [2024-12-17T06:48:46.970+0000] {override.py:1911} INFO - Created Permission View: can create on DAG Run:dataset_produces_2
[2024-12-17T06:48:46.983+0000] {logging_mixin.py:190} INFO - [2024-12-17T06:48:46.983+0000] {override.py:1911} INFO - Created Permission View: can edit on DAG:dataset_produces_1
[2024-12-17T06:48:46.990+0000] {logging_mixin.py:190} INFO - [2024-12-17T06:48:46.990+0000] {override.py:1911} INFO - Created Permission View: can delete on DAG:dataset_produces_1
[2024-12-17T06:48:46.997+0000] {logging_mixin.py:190} INFO - [2024-12-17T06:48:46.997+0000] {override.py:1911} INFO - Created Permission View: can read on DAG:dataset_produces_1
[2024-12-17T06:48:47.003+0000] {logging_mixin.py:190} INFO - [2024-12-17T06:48:47.003+0000] {override.py:1911} INFO - Created Permission View: can delete on DAG Run:dataset_produces_1
[2024-12-17T06:48:47.010+0000] {logging_mixin.py:190} INFO - [2024-12-17T06:48:47.010+0000] {override.py:1911} INFO - Created Permission View: can read on DAG Run:dataset_produces_1
[2024-12-17T06:48:47.016+0000] {logging_mixin.py:190} INFO - [2024-12-17T06:48:47.016+0000] {override.py:1911} INFO - Created Permission View: menu access on DAG Run:dataset_produces_1
[2024-12-17T06:48:47.023+0000] {logging_mixin.py:190} INFO - [2024-12-17T06:48:47.023+0000] {override.py:1911} INFO - Created Permission View: can create on DAG Run:dataset_produces_1
[2024-12-17T06:48:47.024+0000] {logging_mixin.py:190} INFO - [2024-12-17T06:48:47.023+0000] {dag.py:3239} INFO - Sync 10 DAGs
[2024-12-17T06:48:47.037+0000] {logging_mixin.py:190} INFO - [2024-12-17T06:48:47.036+0000] {dag.py:3262} INFO - Creating ORM DAG for dataset_consumes_unknown_never_scheduled
[2024-12-17T06:48:47.038+0000] {logging_mixin.py:190} INFO - [2024-12-17T06:48:47.038+0000] {dag.py:3262} INFO - Creating ORM DAG for dataset_consumes_1
[2024-12-17T06:48:47.039+0000] {logging_mixin.py:190} INFO - [2024-12-17T06:48:47.038+0000] {dag.py:3262} INFO - Creating ORM DAG for conditional_dataset_and_time_based_timetable
[2024-12-17T06:48:47.039+0000] {logging_mixin.py:190} INFO - [2024-12-17T06:48:47.039+0000] {dag.py:3262} INFO - Creating ORM DAG for consume_1_or_both_2_and_3_with_dataset_expressions
[2024-12-17T06:48:47.040+0000] {logging_mixin.py:190} INFO - [2024-12-17T06:48:47.040+0000] {dag.py:3262} INFO - Creating ORM DAG for dataset_consumes_1_and_2
[2024-12-17T06:48:47.041+0000] {logging_mixin.py:190} INFO - [2024-12-17T06:48:47.040+0000] {dag.py:3262} INFO - Creating ORM DAG for dataset_produces_2
[2024-12-17T06:48:47.041+0000] {logging_mixin.py:190} INFO - [2024-12-17T06:48:47.041+0000] {dag.py:3262} INFO - Creating ORM DAG for consume_1_or_2_with_dataset_expressions
[2024-12-17T06:48:47.042+0000] {logging_mixin.py:190} INFO - [2024-12-17T06:48:47.042+0000] {dag.py:3262} INFO - Creating ORM DAG for dataset_consumes_1_never_scheduled
[2024-12-17T06:48:47.042+0000] {logging_mixin.py:190} INFO - [2024-12-17T06:48:47.042+0000] {dag.py:3262} INFO - Creating ORM DAG for dataset_produces_1
[2024-12-17T06:48:47.043+0000] {logging_mixin.py:190} INFO - [2024-12-17T06:48:47.043+0000] {dag.py:3262} INFO - Creating ORM DAG for consume_1_and_2_with_dataset_expressions
[2024-12-17T06:48:47.055+0000] {logging_mixin.py:190} INFO - [2024-12-17T06:48:47.055+0000] {dag.py:4180} INFO - Setting next_dagrun for conditional_dataset_and_time_based_timetable to 2024-12-11 01:00:00+00:00, run_after=2024-12-11 01:00:00+00:00
[2024-12-17T06:48:47.056+0000] {logging_mixin.py:190} INFO - [2024-12-17T06:48:47.056+0000] {dag.py:4180} INFO - Setting next_dagrun for consume_1_and_2_with_dataset_expressions to None, run_after=None
[2024-12-17T06:48:47.057+0000] {logging_mixin.py:190} INFO - [2024-12-17T06:48:47.056+0000] {dag.py:4180} INFO - Setting next_dagrun for consume_1_or_2_with_dataset_expressions to None, run_after=None
[2024-12-17T06:48:47.057+0000] {logging_mixin.py:190} INFO - [2024-12-17T06:48:47.057+0000] {dag.py:4180} INFO - Setting next_dagrun for consume_1_or_both_2_and_3_with_dataset_expressions to None, run_after=None
[2024-12-17T06:48:47.057+0000] {logging_mixin.py:190} INFO - [2024-12-17T06:48:47.057+0000] {dag.py:4180} INFO - Setting next_dagrun for dataset_consumes_1 to None, run_after=None
[2024-12-17T06:48:47.058+0000] {logging_mixin.py:190} INFO - [2024-12-17T06:48:47.058+0000] {dag.py:4180} INFO - Setting next_dagrun for dataset_consumes_1_and_2 to None, run_after=None
[2024-12-17T06:48:47.059+0000] {logging_mixin.py:190} INFO - [2024-12-17T06:48:47.058+0000] {dag.py:4180} INFO - Setting next_dagrun for dataset_consumes_1_never_scheduled to None, run_after=None
[2024-12-17T06:48:47.059+0000] {logging_mixin.py:190} INFO - [2024-12-17T06:48:47.059+0000] {dag.py:4180} INFO - Setting next_dagrun for dataset_consumes_unknown_never_scheduled to None, run_after=None
[2024-12-17T06:48:47.061+0000] {logging_mixin.py:190} INFO - [2024-12-17T06:48:47.061+0000] {dag.py:4180} INFO - Setting next_dagrun for dataset_produces_1 to 2024-12-16 00:00:00+00:00, run_after=2024-12-17 00:00:00+00:00
[2024-12-17T06:48:47.062+0000] {logging_mixin.py:190} INFO - [2024-12-17T06:48:47.062+0000] {dag.py:4180} INFO - Setting next_dagrun for dataset_produces_2 to None, run_after=None
[2024-12-17T06:48:47.112+0000] {processor.py:208} INFO - Processing /home/airflow/.local/lib/python3.12/site-packages/airflow/example_dags/example_datasets.py took 1.115 seconds
[2024-12-17T06:49:17.756+0000] {processor.py:186} INFO - Started process (PID=147) to work on /home/airflow/.local/lib/python3.12/site-packages/airflow/example_dags/example_datasets.py
[2024-12-17T06:49:17.761+0000] {processor.py:914} INFO - Processing file /home/airflow/.local/lib/python3.12/site-packages/airflow/example_dags/example_datasets.py for tasks to queue
[2024-12-17T06:49:17.763+0000] {logging_mixin.py:190} INFO - [2024-12-17T06:49:17.763+0000] {dagbag.py:588} INFO - Filling up the DagBag from /home/airflow/.local/lib/python3.12/site-packages/airflow/example_dags/example_datasets.py
[2024-12-17T06:49:18.110+0000] {processor.py:925} INFO - DAG(s) 'dataset_consumes_1', 'dataset_produces_2', 'consume_1_or_2_with_dataset_expressions', 'consume_1_and_2_with_dataset_expressions', 'dataset_consumes_1_never_scheduled', 'dataset_produces_1', 'conditional_dataset_and_time_based_timetable', 'dataset_consumes_unknown_never_scheduled', 'dataset_consumes_1_and_2', 'consume_1_or_both_2_and_3_with_dataset_expressions' retrieved from /home/airflow/.local/lib/python3.12/site-packages/airflow/example_dags/example_datasets.py
[2024-12-17T06:49:18.144+0000] {logging_mixin.py:190} INFO - [2024-12-17T06:49:18.144+0000] {dag.py:3239} INFO - Sync 10 DAGs
[2024-12-17T06:49:18.162+0000] {logging_mixin.py:190} INFO - [2024-12-17T06:49:18.161+0000] {dag.py:4180} INFO - Setting next_dagrun for conditional_dataset_and_time_based_timetable to 2024-12-11 01:00:00+00:00, run_after=2024-12-11 01:00:00+00:00
[2024-12-17T06:49:18.165+0000] {logging_mixin.py:190} INFO - [2024-12-17T06:49:18.164+0000] {dag.py:4180} INFO - Setting next_dagrun for consume_1_and_2_with_dataset_expressions to None, run_after=None
[2024-12-17T06:49:18.166+0000] {logging_mixin.py:190} INFO - [2024-12-17T06:49:18.166+0000] {dag.py:4180} INFO - Setting next_dagrun for consume_1_or_2_with_dataset_expressions to None, run_after=None
[2024-12-17T06:49:18.167+0000] {logging_mixin.py:190} INFO - [2024-12-17T06:49:18.167+0000] {dag.py:4180} INFO - Setting next_dagrun for consume_1_or_both_2_and_3_with_dataset_expressions to None, run_after=None
[2024-12-17T06:49:18.168+0000] {logging_mixin.py:190} INFO - [2024-12-17T06:49:18.168+0000] {dag.py:4180} INFO - Setting next_dagrun for dataset_consumes_1 to None, run_after=None
[2024-12-17T06:49:18.169+0000] {logging_mixin.py:190} INFO - [2024-12-17T06:49:18.169+0000] {dag.py:4180} INFO - Setting next_dagrun for dataset_consumes_1_and_2 to None, run_after=None
[2024-12-17T06:49:18.170+0000] {logging_mixin.py:190} INFO - [2024-12-17T06:49:18.170+0000] {dag.py:4180} INFO - Setting next_dagrun for dataset_consumes_1_never_scheduled to None, run_after=None
[2024-12-17T06:49:18.171+0000] {logging_mixin.py:190} INFO - [2024-12-17T06:49:18.171+0000] {dag.py:4180} INFO - Setting next_dagrun for dataset_consumes_unknown_never_scheduled to None, run_after=None
[2024-12-17T06:49:18.173+0000] {logging_mixin.py:190} INFO - [2024-12-17T06:49:18.173+0000] {dag.py:4180} INFO - Setting next_dagrun for dataset_produces_1 to 2024-12-16 00:00:00+00:00, run_after=2024-12-17 00:00:00+00:00
[2024-12-17T06:49:18.174+0000] {logging_mixin.py:190} INFO - [2024-12-17T06:49:18.174+0000] {dag.py:4180} INFO - Setting next_dagrun for dataset_produces_2 to None, run_after=None
[2024-12-17T06:49:18.202+0000] {processor.py:208} INFO - Processing /home/airflow/.local/lib/python3.12/site-packages/airflow/example_dags/example_datasets.py took 0.451 seconds
[2024-12-17T06:49:49.012+0000] {processor.py:186} INFO - Started process (PID=210) to work on /home/airflow/.local/lib/python3.12/site-packages/airflow/example_dags/example_datasets.py
[2024-12-17T06:49:49.016+0000] {processor.py:914} INFO - Processing file /home/airflow/.local/lib/python3.12/site-packages/airflow/example_dags/example_datasets.py for tasks to queue
[2024-12-17T06:49:49.018+0000] {logging_mixin.py:190} INFO - [2024-12-17T06:49:49.018+0000] {dagbag.py:588} INFO - Filling up the DagBag from /home/airflow/.local/lib/python3.12/site-packages/airflow/example_dags/example_datasets.py
[2024-12-17T06:49:49.374+0000] {processor.py:925} INFO - DAG(s) 'consume_1_or_2_with_dataset_expressions', 'dataset_consumes_1_and_2', 'dataset_consumes_1', 'consume_1_or_both_2_and_3_with_dataset_expressions', 'conditional_dataset_and_time_based_timetable', 'dataset_produces_2', 'dataset_consumes_1_never_scheduled', 'dataset_produces_1', 'consume_1_and_2_with_dataset_expressions', 'dataset_consumes_unknown_never_scheduled' retrieved from /home/airflow/.local/lib/python3.12/site-packages/airflow/example_dags/example_datasets.py
[2024-12-17T06:49:49.409+0000] {logging_mixin.py:190} INFO - [2024-12-17T06:49:49.409+0000] {dag.py:3239} INFO - Sync 10 DAGs
[2024-12-17T06:49:49.427+0000] {logging_mixin.py:190} INFO - [2024-12-17T06:49:49.427+0000] {dag.py:4180} INFO - Setting next_dagrun for conditional_dataset_and_time_based_timetable to 2024-12-11 01:00:00+00:00, run_after=2024-12-11 01:00:00+00:00
[2024-12-17T06:49:49.429+0000] {logging_mixin.py:190} INFO - [2024-12-17T06:49:49.429+0000] {dag.py:4180} INFO - Setting next_dagrun for consume_1_and_2_with_dataset_expressions to None, run_after=None
[2024-12-17T06:49:49.431+0000] {logging_mixin.py:190} INFO - [2024-12-17T06:49:49.430+0000] {dag.py:4180} INFO - Setting next_dagrun for consume_1_or_2_with_dataset_expressions to None, run_after=None
[2024-12-17T06:49:49.432+0000] {logging_mixin.py:190} INFO - [2024-12-17T06:49:49.431+0000] {dag.py:4180} INFO - Setting next_dagrun for consume_1_or_both_2_and_3_with_dataset_expressions to None, run_after=None
[2024-12-17T06:49:49.433+0000] {logging_mixin.py:190} INFO - [2024-12-17T06:49:49.432+0000] {dag.py:4180} INFO - Setting next_dagrun for dataset_consumes_1 to None, run_after=None
[2024-12-17T06:49:49.434+0000] {logging_mixin.py:190} INFO - [2024-12-17T06:49:49.434+0000] {dag.py:4180} INFO - Setting next_dagrun for dataset_consumes_1_and_2 to None, run_after=None
[2024-12-17T06:49:49.435+0000] {logging_mixin.py:190} INFO - [2024-12-17T06:49:49.435+0000] {dag.py:4180} INFO - Setting next_dagrun for dataset_consumes_1_never_scheduled to None, run_after=None
[2024-12-17T06:49:49.436+0000] {logging_mixin.py:190} INFO - [2024-12-17T06:49:49.436+0000] {dag.py:4180} INFO - Setting next_dagrun for dataset_consumes_unknown_never_scheduled to None, run_after=None
[2024-12-17T06:49:49.438+0000] {logging_mixin.py:190} INFO - [2024-12-17T06:49:49.438+0000] {dag.py:4180} INFO - Setting next_dagrun for dataset_produces_1 to 2024-12-16 00:00:00+00:00, run_after=2024-12-17 00:00:00+00:00
[2024-12-17T06:49:49.440+0000] {logging_mixin.py:190} INFO - [2024-12-17T06:49:49.439+0000] {dag.py:4180} INFO - Setting next_dagrun for dataset_produces_2 to None, run_after=None
[2024-12-17T06:49:49.465+0000] {processor.py:208} INFO - Processing /home/airflow/.local/lib/python3.12/site-packages/airflow/example_dags/example_datasets.py took 0.457 seconds
[2024-12-17T06:50:19.666+0000] {processor.py:186} INFO - Started process (PID=273) to work on /home/airflow/.local/lib/python3.12/site-packages/airflow/example_dags/example_datasets.py
[2024-12-17T06:50:19.667+0000] {processor.py:914} INFO - Processing file /home/airflow/.local/lib/python3.12/site-packages/airflow/example_dags/example_datasets.py for tasks to queue
[2024-12-17T06:50:19.670+0000] {logging_mixin.py:190} INFO - [2024-12-17T06:50:19.669+0000] {dagbag.py:588} INFO - Filling up the DagBag from /home/airflow/.local/lib/python3.12/site-packages/airflow/example_dags/example_datasets.py
[2024-12-17T06:50:20.159+0000] {processor.py:925} INFO - DAG(s) 'dataset_consumes_1', 'dataset_consumes_1_never_scheduled', 'dataset_produces_1', 'consume_1_and_2_with_dataset_expressions', 'consume_1_or_both_2_and_3_with_dataset_expressions', 'conditional_dataset_and_time_based_timetable', 'consume_1_or_2_with_dataset_expressions', 'dataset_consumes_unknown_never_scheduled', 'dataset_consumes_1_and_2', 'dataset_produces_2' retrieved from /home/airflow/.local/lib/python3.12/site-packages/airflow/example_dags/example_datasets.py
[2024-12-17T06:50:20.200+0000] {logging_mixin.py:190} INFO - [2024-12-17T06:50:20.200+0000] {dag.py:3239} INFO - Sync 10 DAGs
[2024-12-17T06:50:20.226+0000] {logging_mixin.py:190} INFO - [2024-12-17T06:50:20.226+0000] {dag.py:4180} INFO - Setting next_dagrun for conditional_dataset_and_time_based_timetable to 2024-12-11 01:00:00+00:00, run_after=2024-12-11 01:00:00+00:00
[2024-12-17T06:50:20.229+0000] {logging_mixin.py:190} INFO - [2024-12-17T06:50:20.229+0000] {dag.py:4180} INFO - Setting next_dagrun for consume_1_and_2_with_dataset_expressions to None, run_after=None
[2024-12-17T06:50:20.231+0000] {logging_mixin.py:190} INFO - [2024-12-17T06:50:20.231+0000] {dag.py:4180} INFO - Setting next_dagrun for consume_1_or_2_with_dataset_expressions to None, run_after=None
[2024-12-17T06:50:20.232+0000] {logging_mixin.py:190} INFO - [2024-12-17T06:50:20.232+0000] {dag.py:4180} INFO - Setting next_dagrun for consume_1_or_both_2_and_3_with_dataset_expressions to None, run_after=None
[2024-12-17T06:50:20.233+0000] {logging_mixin.py:190} INFO - [2024-12-17T06:50:20.233+0000] {dag.py:4180} INFO - Setting next_dagrun for dataset_consumes_1 to None, run_after=None
[2024-12-17T06:50:20.234+0000] {logging_mixin.py:190} INFO - [2024-12-17T06:50:20.234+0000] {dag.py:4180} INFO - Setting next_dagrun for dataset_consumes_1_and_2 to None, run_after=None
[2024-12-17T06:50:20.235+0000] {logging_mixin.py:190} INFO - [2024-12-17T06:50:20.235+0000] {dag.py:4180} INFO - Setting next_dagrun for dataset_consumes_1_never_scheduled to None, run_after=None
[2024-12-17T06:50:20.236+0000] {logging_mixin.py:190} INFO - [2024-12-17T06:50:20.236+0000] {dag.py:4180} INFO - Setting next_dagrun for dataset_consumes_unknown_never_scheduled to None, run_after=None
[2024-12-17T06:50:20.238+0000] {logging_mixin.py:190} INFO - [2024-12-17T06:50:20.238+0000] {dag.py:4180} INFO - Setting next_dagrun for dataset_produces_1 to 2024-12-16 00:00:00+00:00, run_after=2024-12-17 00:00:00+00:00
[2024-12-17T06:50:20.240+0000] {logging_mixin.py:190} INFO - [2024-12-17T06:50:20.239+0000] {dag.py:4180} INFO - Setting next_dagrun for dataset_produces_2 to None, run_after=None
[2024-12-17T06:50:20.270+0000] {processor.py:208} INFO - Processing /home/airflow/.local/lib/python3.12/site-packages/airflow/example_dags/example_datasets.py took 0.612 seconds
[2024-12-17T06:50:50.552+0000] {processor.py:186} INFO - Started process (PID=336) to work on /home/airflow/.local/lib/python3.12/site-packages/airflow/example_dags/example_datasets.py
[2024-12-17T06:50:50.553+0000] {processor.py:914} INFO - Processing file /home/airflow/.local/lib/python3.12/site-packages/airflow/example_dags/example_datasets.py for tasks to queue
[2024-12-17T06:50:50.554+0000] {logging_mixin.py:190} INFO - [2024-12-17T06:50:50.554+0000] {dagbag.py:588} INFO - Filling up the DagBag from /home/airflow/.local/lib/python3.12/site-packages/airflow/example_dags/example_datasets.py
[2024-12-17T06:50:50.939+0000] {processor.py:925} INFO - DAG(s) 'dataset_consumes_unknown_never_scheduled', 'dataset_produces_1', 'consume_1_or_both_2_and_3_with_dataset_expressions', 'conditional_dataset_and_time_based_timetable', 'consume_1_and_2_with_dataset_expressions', 'dataset_produces_2', 'consume_1_or_2_with_dataset_expressions', 'dataset_consumes_1_never_scheduled', 'dataset_consumes_1_and_2', 'dataset_consumes_1' retrieved from /home/airflow/.local/lib/python3.12/site-packages/airflow/example_dags/example_datasets.py
[2024-12-17T06:50:50.987+0000] {logging_mixin.py:190} INFO - [2024-12-17T06:50:50.987+0000] {dag.py:3239} INFO - Sync 10 DAGs
[2024-12-17T06:50:51.007+0000] {logging_mixin.py:190} INFO - [2024-12-17T06:50:51.007+0000] {dag.py:4180} INFO - Setting next_dagrun for conditional_dataset_and_time_based_timetable to 2024-12-11 01:00:00+00:00, run_after=2024-12-11 01:00:00+00:00
[2024-12-17T06:50:51.010+0000] {logging_mixin.py:190} INFO - [2024-12-17T06:50:51.010+0000] {dag.py:4180} INFO - Setting next_dagrun for consume_1_and_2_with_dataset_expressions to None, run_after=None
[2024-12-17T06:50:51.012+0000] {logging_mixin.py:190} INFO - [2024-12-17T06:50:51.012+0000] {dag.py:4180} INFO - Setting next_dagrun for consume_1_or_2_with_dataset_expressions to None, run_after=None
[2024-12-17T06:50:51.013+0000] {logging_mixin.py:190} INFO - [2024-12-17T06:50:51.013+0000] {dag.py:4180} INFO - Setting next_dagrun for consume_1_or_both_2_and_3_with_dataset_expressions to None, run_after=None
[2024-12-17T06:50:51.014+0000] {logging_mixin.py:190} INFO - [2024-12-17T06:50:51.014+0000] {dag.py:4180} INFO - Setting next_dagrun for dataset_consumes_1 to None, run_after=None
[2024-12-17T06:50:51.015+0000] {logging_mixin.py:190} INFO - [2024-12-17T06:50:51.015+0000] {dag.py:4180} INFO - Setting next_dagrun for dataset_consumes_1_and_2 to None, run_after=None
[2024-12-17T06:50:51.016+0000] {logging_mixin.py:190} INFO - [2024-12-17T06:50:51.016+0000] {dag.py:4180} INFO - Setting next_dagrun for dataset_consumes_1_never_scheduled to None, run_after=None
[2024-12-17T06:50:51.017+0000] {logging_mixin.py:190} INFO - [2024-12-17T06:50:51.016+0000] {dag.py:4180} INFO - Setting next_dagrun for dataset_consumes_unknown_never_scheduled to None, run_after=None
[2024-12-17T06:50:51.019+0000] {logging_mixin.py:190} INFO - [2024-12-17T06:50:51.018+0000] {dag.py:4180} INFO - Setting next_dagrun for dataset_produces_1 to 2024-12-16 00:00:00+00:00, run_after=2024-12-17 00:00:00+00:00
[2024-12-17T06:50:51.019+0000] {logging_mixin.py:190} INFO - [2024-12-17T06:50:51.019+0000] {dag.py:4180} INFO - Setting next_dagrun for dataset_produces_2 to None, run_after=None
[2024-12-17T06:50:51.047+0000] {processor.py:208} INFO - Processing /home/airflow/.local/lib/python3.12/site-packages/airflow/example_dags/example_datasets.py took 0.499 seconds
[2024-12-17T06:51:21.448+0000] {processor.py:186} INFO - Started process (PID=399) to work on /home/airflow/.local/lib/python3.12/site-packages/airflow/example_dags/example_datasets.py
[2024-12-17T06:51:21.453+0000] {processor.py:914} INFO - Processing file /home/airflow/.local/lib/python3.12/site-packages/airflow/example_dags/example_datasets.py for tasks to queue
[2024-12-17T06:51:21.455+0000] {logging_mixin.py:190} INFO - [2024-12-17T06:51:21.455+0000] {dagbag.py:588} INFO - Filling up the DagBag from /home/airflow/.local/lib/python3.12/site-packages/airflow/example_dags/example_datasets.py
[2024-12-17T06:51:21.847+0000] {processor.py:925} INFO - DAG(s) 'consume_1_or_both_2_and_3_with_dataset_expressions', 'dataset_produces_1', 'dataset_consumes_1_and_2', 'conditional_dataset_and_time_based_timetable', 'consume_1_or_2_with_dataset_expressions', 'consume_1_and_2_with_dataset_expressions', 'dataset_consumes_unknown_never_scheduled', 'dataset_consumes_1', 'dataset_consumes_1_never_scheduled', 'dataset_produces_2' retrieved from /home/airflow/.local/lib/python3.12/site-packages/airflow/example_dags/example_datasets.py
[2024-12-17T06:51:21.882+0000] {logging_mixin.py:190} INFO - [2024-12-17T06:51:21.881+0000] {dag.py:3239} INFO - Sync 10 DAGs
[2024-12-17T06:51:21.900+0000] {logging_mixin.py:190} INFO - [2024-12-17T06:51:21.900+0000] {dag.py:4180} INFO - Setting next_dagrun for conditional_dataset_and_time_based_timetable to 2024-12-11 01:00:00+00:00, run_after=2024-12-11 01:00:00+00:00
[2024-12-17T06:51:21.904+0000] {logging_mixin.py:190} INFO - [2024-12-17T06:51:21.904+0000] {dag.py:4180} INFO - Setting next_dagrun for consume_1_and_2_with_dataset_expressions to None, run_after=None
[2024-12-17T06:51:21.907+0000] {logging_mixin.py:190} INFO - [2024-12-17T06:51:21.906+0000] {dag.py:4180} INFO - Setting next_dagrun for consume_1_or_2_with_dataset_expressions to None, run_after=None
[2024-12-17T06:51:21.908+0000] {logging_mixin.py:190} INFO - [2024-12-17T06:51:21.907+0000] {dag.py:4180} INFO - Setting next_dagrun for consume_1_or_both_2_and_3_with_dataset_expressions to None, run_after=None
[2024-12-17T06:51:21.909+0000] {logging_mixin.py:190} INFO - [2024-12-17T06:51:21.908+0000] {dag.py:4180} INFO - Setting next_dagrun for dataset_consumes_1 to None, run_after=None
[2024-12-17T06:51:21.910+0000] {logging_mixin.py:190} INFO - [2024-12-17T06:51:21.909+0000] {dag.py:4180} INFO - Setting next_dagrun for dataset_consumes_1_and_2 to None, run_after=None
[2024-12-17T06:51:21.911+0000] {logging_mixin.py:190} INFO - [2024-12-17T06:51:21.910+0000] {dag.py:4180} INFO - Setting next_dagrun for dataset_consumes_1_never_scheduled to None, run_after=None
[2024-12-17T06:51:21.912+0000] {logging_mixin.py:190} INFO - [2024-12-17T06:51:21.912+0000] {dag.py:4180} INFO - Setting next_dagrun for dataset_consumes_unknown_never_scheduled to None, run_after=None
[2024-12-17T06:51:21.914+0000] {logging_mixin.py:190} INFO - [2024-12-17T06:51:21.914+0000] {dag.py:4180} INFO - Setting next_dagrun for dataset_produces_1 to 2024-12-16 00:00:00+00:00, run_after=2024-12-17 00:00:00+00:00
[2024-12-17T06:51:21.916+0000] {logging_mixin.py:190} INFO - [2024-12-17T06:51:21.916+0000] {dag.py:4180} INFO - Setting next_dagrun for dataset_produces_2 to None, run_after=None
[2024-12-17T06:51:21.945+0000] {processor.py:208} INFO - Processing /home/airflow/.local/lib/python3.12/site-packages/airflow/example_dags/example_datasets.py took 0.502 seconds
