[2024-12-17T06:48:43.133+0000] {processor.py:186} INFO - Started process (PID=57) to work on /home/airflow/.local/lib/python3.12/site-packages/airflow/example_dags/example_params_ui_tutorial.py
[2024-12-17T06:48:43.134+0000] {processor.py:914} INFO - Processing file /home/airflow/.local/lib/python3.12/site-packages/airflow/example_dags/example_params_ui_tutorial.py for tasks to queue
[2024-12-17T06:48:43.136+0000] {logging_mixin.py:190} INFO - [2024-12-17T06:48:43.135+0000] {dagbag.py:588} INFO - Filling up the DagBag from /home/airflow/.local/lib/python3.12/site-packages/airflow/example_dags/example_params_ui_tutorial.py
[2024-12-17T06:48:43.149+0000] {processor.py:925} INFO - DAG(s) 'example_params_ui_tutorial' retrieved from /home/airflow/.local/lib/python3.12/site-packages/airflow/example_dags/example_params_ui_tutorial.py
[2024-12-17T06:48:43.297+0000] {logging_mixin.py:190} INFO - [2024-12-17T06:48:43.297+0000] {override.py:1911} INFO - Created Permission View: can edit on DAG:example_params_ui_tutorial
[2024-12-17T06:48:43.307+0000] {logging_mixin.py:190} INFO - [2024-12-17T06:48:43.307+0000] {override.py:1911} INFO - Created Permission View: can delete on DAG:example_params_ui_tutorial
[2024-12-17T06:48:43.314+0000] {logging_mixin.py:190} INFO - [2024-12-17T06:48:43.314+0000] {override.py:1911} INFO - Created Permission View: can read on DAG:example_params_ui_tutorial
[2024-12-17T06:48:43.321+0000] {logging_mixin.py:190} INFO - [2024-12-17T06:48:43.321+0000] {override.py:1911} INFO - Created Permission View: can delete on DAG Run:example_params_ui_tutorial
[2024-12-17T06:48:43.327+0000] {logging_mixin.py:190} INFO - [2024-12-17T06:48:43.327+0000] {override.py:1911} INFO - Created Permission View: can read on DAG Run:example_params_ui_tutorial
[2024-12-17T06:48:43.333+0000] {logging_mixin.py:190} INFO - [2024-12-17T06:48:43.333+0000] {override.py:1911} INFO - Created Permission View: menu access on DAG Run:example_params_ui_tutorial
[2024-12-17T06:48:43.339+0000] {logging_mixin.py:190} INFO - [2024-12-17T06:48:43.339+0000] {override.py:1911} INFO - Created Permission View: can create on DAG Run:example_params_ui_tutorial
[2024-12-17T06:48:43.340+0000] {logging_mixin.py:190} INFO - [2024-12-17T06:48:43.339+0000] {dag.py:3239} INFO - Sync 1 DAGs
[2024-12-17T06:48:43.354+0000] {logging_mixin.py:190} INFO - [2024-12-17T06:48:43.353+0000] {dag.py:3262} INFO - Creating ORM DAG for example_params_ui_tutorial
[2024-12-17T06:48:43.354+0000] {logging_mixin.py:190} INFO - [2024-12-17T06:48:43.354+0000] {dag.py:4180} INFO - Setting next_dagrun for example_params_ui_tutorial to None, run_after=None
[2024-12-17T06:48:43.372+0000] {processor.py:208} INFO - Processing /home/airflow/.local/lib/python3.12/site-packages/airflow/example_dags/example_params_ui_tutorial.py took 0.245 seconds
[2024-12-17T06:49:13.403+0000] {processor.py:186} INFO - Started process (PID=120) to work on /home/airflow/.local/lib/python3.12/site-packages/airflow/example_dags/example_params_ui_tutorial.py
[2024-12-17T06:49:13.404+0000] {processor.py:914} INFO - Processing file /home/airflow/.local/lib/python3.12/site-packages/airflow/example_dags/example_params_ui_tutorial.py for tasks to queue
[2024-12-17T06:49:13.405+0000] {logging_mixin.py:190} INFO - [2024-12-17T06:49:13.405+0000] {dagbag.py:588} INFO - Filling up the DagBag from /home/airflow/.local/lib/python3.12/site-packages/airflow/example_dags/example_params_ui_tutorial.py
[2024-12-17T06:49:13.410+0000] {processor.py:925} INFO - DAG(s) 'example_params_ui_tutorial' retrieved from /home/airflow/.local/lib/python3.12/site-packages/airflow/example_dags/example_params_ui_tutorial.py
[2024-12-17T06:49:13.437+0000] {logging_mixin.py:190} INFO - [2024-12-17T06:49:13.436+0000] {dag.py:3239} INFO - Sync 1 DAGs
[2024-12-17T06:49:13.449+0000] {logging_mixin.py:190} INFO - [2024-12-17T06:49:13.448+0000] {dag.py:4180} INFO - Setting next_dagrun for example_params_ui_tutorial to None, run_after=None
[2024-12-17T06:49:13.462+0000] {processor.py:208} INFO - Processing /home/airflow/.local/lib/python3.12/site-packages/airflow/example_dags/example_params_ui_tutorial.py took 0.063 seconds
[2024-12-17T06:49:44.739+0000] {processor.py:186} INFO - Started process (PID=183) to work on /home/airflow/.local/lib/python3.12/site-packages/airflow/example_dags/example_params_ui_tutorial.py
[2024-12-17T06:49:44.740+0000] {processor.py:914} INFO - Processing file /home/airflow/.local/lib/python3.12/site-packages/airflow/example_dags/example_params_ui_tutorial.py for tasks to queue
[2024-12-17T06:49:44.741+0000] {logging_mixin.py:190} INFO - [2024-12-17T06:49:44.741+0000] {dagbag.py:588} INFO - Filling up the DagBag from /home/airflow/.local/lib/python3.12/site-packages/airflow/example_dags/example_params_ui_tutorial.py
[2024-12-17T06:49:44.747+0000] {processor.py:925} INFO - DAG(s) 'example_params_ui_tutorial' retrieved from /home/airflow/.local/lib/python3.12/site-packages/airflow/example_dags/example_params_ui_tutorial.py
[2024-12-17T06:49:44.777+0000] {logging_mixin.py:190} INFO - [2024-12-17T06:49:44.777+0000] {dag.py:3239} INFO - Sync 1 DAGs
[2024-12-17T06:49:44.788+0000] {logging_mixin.py:190} INFO - [2024-12-17T06:49:44.787+0000] {dag.py:4180} INFO - Setting next_dagrun for example_params_ui_tutorial to None, run_after=None
[2024-12-17T06:49:44.803+0000] {processor.py:208} INFO - Processing /home/airflow/.local/lib/python3.12/site-packages/airflow/example_dags/example_params_ui_tutorial.py took 0.067 seconds
[2024-12-17T06:50:16.121+0000] {processor.py:186} INFO - Started process (PID=246) to work on /home/airflow/.local/lib/python3.12/site-packages/airflow/example_dags/example_params_ui_tutorial.py
[2024-12-17T06:50:16.123+0000] {processor.py:914} INFO - Processing file /home/airflow/.local/lib/python3.12/site-packages/airflow/example_dags/example_params_ui_tutorial.py for tasks to queue
[2024-12-17T06:50:16.126+0000] {logging_mixin.py:190} INFO - [2024-12-17T06:50:16.126+0000] {dagbag.py:588} INFO - Filling up the DagBag from /home/airflow/.local/lib/python3.12/site-packages/airflow/example_dags/example_params_ui_tutorial.py
[2024-12-17T06:50:16.149+0000] {processor.py:925} INFO - DAG(s) 'example_params_ui_tutorial' retrieved from /home/airflow/.local/lib/python3.12/site-packages/airflow/example_dags/example_params_ui_tutorial.py
[2024-12-17T06:50:16.191+0000] {logging_mixin.py:190} INFO - [2024-12-17T06:50:16.191+0000] {dag.py:3239} INFO - Sync 1 DAGs
[2024-12-17T06:50:16.205+0000] {logging_mixin.py:190} INFO - [2024-12-17T06:50:16.205+0000] {dag.py:4180} INFO - Setting next_dagrun for example_params_ui_tutorial to None, run_after=None
[2024-12-17T06:50:16.226+0000] {processor.py:208} INFO - Processing /home/airflow/.local/lib/python3.12/site-packages/airflow/example_dags/example_params_ui_tutorial.py took 0.115 seconds
[2024-12-17T06:50:47.088+0000] {processor.py:186} INFO - Started process (PID=309) to work on /home/airflow/.local/lib/python3.12/site-packages/airflow/example_dags/example_params_ui_tutorial.py
[2024-12-17T06:50:47.089+0000] {processor.py:914} INFO - Processing file /home/airflow/.local/lib/python3.12/site-packages/airflow/example_dags/example_params_ui_tutorial.py for tasks to queue
[2024-12-17T06:50:47.090+0000] {logging_mixin.py:190} INFO - [2024-12-17T06:50:47.090+0000] {dagbag.py:588} INFO - Filling up the DagBag from /home/airflow/.local/lib/python3.12/site-packages/airflow/example_dags/example_params_ui_tutorial.py
[2024-12-17T06:50:47.097+0000] {processor.py:925} INFO - DAG(s) 'example_params_ui_tutorial' retrieved from /home/airflow/.local/lib/python3.12/site-packages/airflow/example_dags/example_params_ui_tutorial.py
[2024-12-17T06:50:47.128+0000] {logging_mixin.py:190} INFO - [2024-12-17T06:50:47.127+0000] {dag.py:3239} INFO - Sync 1 DAGs
[2024-12-17T06:50:47.140+0000] {logging_mixin.py:190} INFO - [2024-12-17T06:50:47.140+0000] {dag.py:4180} INFO - Setting next_dagrun for example_params_ui_tutorial to None, run_after=None
[2024-12-17T06:50:47.158+0000] {processor.py:208} INFO - Processing /home/airflow/.local/lib/python3.12/site-packages/airflow/example_dags/example_params_ui_tutorial.py took 0.075 seconds
[2024-12-17T06:51:17.804+0000] {processor.py:186} INFO - Started process (PID=372) to work on /home/airflow/.local/lib/python3.12/site-packages/airflow/example_dags/example_params_ui_tutorial.py
[2024-12-17T06:51:17.805+0000] {processor.py:914} INFO - Processing file /home/airflow/.local/lib/python3.12/site-packages/airflow/example_dags/example_params_ui_tutorial.py for tasks to queue
[2024-12-17T06:51:17.806+0000] {logging_mixin.py:190} INFO - [2024-12-17T06:51:17.806+0000] {dagbag.py:588} INFO - Filling up the DagBag from /home/airflow/.local/lib/python3.12/site-packages/airflow/example_dags/example_params_ui_tutorial.py
[2024-12-17T06:51:17.812+0000] {processor.py:925} INFO - DAG(s) 'example_params_ui_tutorial' retrieved from /home/airflow/.local/lib/python3.12/site-packages/airflow/example_dags/example_params_ui_tutorial.py
[2024-12-17T06:51:17.845+0000] {logging_mixin.py:190} INFO - [2024-12-17T06:51:17.845+0000] {dag.py:3239} INFO - Sync 1 DAGs
[2024-12-17T06:51:17.858+0000] {logging_mixin.py:190} INFO - [2024-12-17T06:51:17.858+0000] {dag.py:4180} INFO - Setting next_dagrun for example_params_ui_tutorial to None, run_after=None
[2024-12-17T06:51:17.880+0000] {processor.py:208} INFO - Processing /home/airflow/.local/lib/python3.12/site-packages/airflow/example_dags/example_params_ui_tutorial.py took 0.079 seconds
