[2024-12-17T06:48:45.276+0000] {processor.py:186} INFO - Started process (PID=74) to work on /home/airflow/.local/lib/python3.12/site-packages/airflow/example_dags/example_dag_decorator.py
[2024-12-17T06:48:45.276+0000] {processor.py:914} INFO - Processing file /home/airflow/.local/lib/python3.12/site-packages/airflow/example_dags/example_dag_decorator.py for tasks to queue
[2024-12-17T06:48:45.278+0000] {logging_mixin.py:190} INFO - [2024-12-17T06:48:45.278+0000] {dagbag.py:588} INFO - Filling up the DagBag from /home/airflow/.local/lib/python3.12/site-packages/airflow/example_dags/example_dag_decorator.py
[2024-12-17T06:48:45.286+0000] {processor.py:925} INFO - DAG(s) 'example_dag_decorator' retrieved from /home/airflow/.local/lib/python3.12/site-packages/airflow/example_dags/example_dag_decorator.py
[2024-12-17T06:48:45.385+0000] {logging_mixin.py:190} INFO - [2024-12-17T06:48:45.384+0000] {override.py:1911} INFO - Created Permission View: can edit on DAG:example_dag_decorator
[2024-12-17T06:48:45.395+0000] {logging_mixin.py:190} INFO - [2024-12-17T06:48:45.395+0000] {override.py:1911} INFO - Created Permission View: can delete on DAG:example_dag_decorator
[2024-12-17T06:48:45.401+0000] {logging_mixin.py:190} INFO - [2024-12-17T06:48:45.401+0000] {override.py:1911} INFO - Created Permission View: can read on DAG:example_dag_decorator
[2024-12-17T06:48:45.408+0000] {logging_mixin.py:190} INFO - [2024-12-17T06:48:45.407+0000] {override.py:1911} INFO - Created Permission View: can delete on DAG Run:example_dag_decorator
[2024-12-17T06:48:45.413+0000] {logging_mixin.py:190} INFO - [2024-12-17T06:48:45.413+0000] {override.py:1911} INFO - Created Permission View: can read on DAG Run:example_dag_decorator
[2024-12-17T06:48:45.420+0000] {logging_mixin.py:190} INFO - [2024-12-17T06:48:45.419+0000] {override.py:1911} INFO - Created Permission View: menu access on DAG Run:example_dag_decorator
[2024-12-17T06:48:45.425+0000] {logging_mixin.py:190} INFO - [2024-12-17T06:48:45.425+0000] {override.py:1911} INFO - Created Permission View: can create on DAG Run:example_dag_decorator
[2024-12-17T06:48:45.426+0000] {logging_mixin.py:190} INFO - [2024-12-17T06:48:45.426+0000] {dag.py:3239} INFO - Sync 1 DAGs
[2024-12-17T06:48:45.437+0000] {logging_mixin.py:190} INFO - [2024-12-17T06:48:45.437+0000] {dag.py:3262} INFO - Creating ORM DAG for example_dag_decorator
[2024-12-17T06:48:45.438+0000] {logging_mixin.py:190} INFO - [2024-12-17T06:48:45.438+0000] {dag.py:4180} INFO - Setting next_dagrun for example_dag_decorator to None, run_after=None
[2024-12-17T06:48:45.456+0000] {processor.py:208} INFO - Processing /home/airflow/.local/lib/python3.12/site-packages/airflow/example_dags/example_dag_decorator.py took 0.186 seconds
[2024-12-17T06:49:16.120+0000] {processor.py:186} INFO - Started process (PID=137) to work on /home/airflow/.local/lib/python3.12/site-packages/airflow/example_dags/example_dag_decorator.py
[2024-12-17T06:49:16.121+0000] {processor.py:914} INFO - Processing file /home/airflow/.local/lib/python3.12/site-packages/airflow/example_dags/example_dag_decorator.py for tasks to queue
[2024-12-17T06:49:16.123+0000] {logging_mixin.py:190} INFO - [2024-12-17T06:49:16.122+0000] {dagbag.py:588} INFO - Filling up the DagBag from /home/airflow/.local/lib/python3.12/site-packages/airflow/example_dags/example_dag_decorator.py
[2024-12-17T06:49:16.131+0000] {processor.py:925} INFO - DAG(s) 'example_dag_decorator' retrieved from /home/airflow/.local/lib/python3.12/site-packages/airflow/example_dags/example_dag_decorator.py
[2024-12-17T06:49:16.209+0000] {logging_mixin.py:190} INFO - [2024-12-17T06:49:16.208+0000] {dag.py:3239} INFO - Sync 1 DAGs
[2024-12-17T06:49:16.217+0000] {logging_mixin.py:190} INFO - [2024-12-17T06:49:16.217+0000] {dag.py:4180} INFO - Setting next_dagrun for example_dag_decorator to None, run_after=None
[2024-12-17T06:49:16.229+0000] {processor.py:208} INFO - Processing /home/airflow/.local/lib/python3.12/site-packages/airflow/example_dags/example_dag_decorator.py took 0.113 seconds
[2024-12-17T06:49:46.354+0000] {processor.py:186} INFO - Started process (PID=199) to work on /home/airflow/.local/lib/python3.12/site-packages/airflow/example_dags/example_dag_decorator.py
[2024-12-17T06:49:46.355+0000] {processor.py:914} INFO - Processing file /home/airflow/.local/lib/python3.12/site-packages/airflow/example_dags/example_dag_decorator.py for tasks to queue
[2024-12-17T06:49:46.357+0000] {logging_mixin.py:190} INFO - [2024-12-17T06:49:46.357+0000] {dagbag.py:588} INFO - Filling up the DagBag from /home/airflow/.local/lib/python3.12/site-packages/airflow/example_dags/example_dag_decorator.py
[2024-12-17T06:49:46.366+0000] {processor.py:925} INFO - DAG(s) 'example_dag_decorator' retrieved from /home/airflow/.local/lib/python3.12/site-packages/airflow/example_dags/example_dag_decorator.py
[2024-12-17T06:49:46.439+0000] {logging_mixin.py:190} INFO - [2024-12-17T06:49:46.439+0000] {dag.py:3239} INFO - Sync 1 DAGs
[2024-12-17T06:49:46.449+0000] {logging_mixin.py:190} INFO - [2024-12-17T06:49:46.449+0000] {dag.py:4180} INFO - Setting next_dagrun for example_dag_decorator to None, run_after=None
[2024-12-17T06:49:46.464+0000] {processor.py:208} INFO - Processing /home/airflow/.local/lib/python3.12/site-packages/airflow/example_dags/example_dag_decorator.py took 0.114 seconds
[2024-12-17T06:50:16.881+0000] {processor.py:186} INFO - Started process (PID=262) to work on /home/airflow/.local/lib/python3.12/site-packages/airflow/example_dags/example_dag_decorator.py
[2024-12-17T06:50:16.882+0000] {processor.py:914} INFO - Processing file /home/airflow/.local/lib/python3.12/site-packages/airflow/example_dags/example_dag_decorator.py for tasks to queue
[2024-12-17T06:50:16.884+0000] {logging_mixin.py:190} INFO - [2024-12-17T06:50:16.883+0000] {dagbag.py:588} INFO - Filling up the DagBag from /home/airflow/.local/lib/python3.12/site-packages/airflow/example_dags/example_dag_decorator.py
[2024-12-17T06:50:16.890+0000] {processor.py:925} INFO - DAG(s) 'example_dag_decorator' retrieved from /home/airflow/.local/lib/python3.12/site-packages/airflow/example_dags/example_dag_decorator.py
[2024-12-17T06:50:16.911+0000] {logging_mixin.py:190} INFO - [2024-12-17T06:50:16.911+0000] {dag.py:3239} INFO - Sync 1 DAGs
[2024-12-17T06:50:16.925+0000] {logging_mixin.py:190} INFO - [2024-12-17T06:50:16.925+0000] {dag.py:4180} INFO - Setting next_dagrun for example_dag_decorator to None, run_after=None
[2024-12-17T06:50:16.940+0000] {processor.py:208} INFO - Processing /home/airflow/.local/lib/python3.12/site-packages/airflow/example_dags/example_dag_decorator.py took 0.064 seconds
[2024-12-17T06:50:47.814+0000] {processor.py:186} INFO - Started process (PID=325) to work on /home/airflow/.local/lib/python3.12/site-packages/airflow/example_dags/example_dag_decorator.py
[2024-12-17T06:50:47.815+0000] {processor.py:914} INFO - Processing file /home/airflow/.local/lib/python3.12/site-packages/airflow/example_dags/example_dag_decorator.py for tasks to queue
[2024-12-17T06:50:47.817+0000] {logging_mixin.py:190} INFO - [2024-12-17T06:50:47.816+0000] {dagbag.py:588} INFO - Filling up the DagBag from /home/airflow/.local/lib/python3.12/site-packages/airflow/example_dags/example_dag_decorator.py
[2024-12-17T06:50:47.827+0000] {processor.py:925} INFO - DAG(s) 'example_dag_decorator' retrieved from /home/airflow/.local/lib/python3.12/site-packages/airflow/example_dags/example_dag_decorator.py
[2024-12-17T06:50:47.909+0000] {logging_mixin.py:190} INFO - [2024-12-17T06:50:47.909+0000] {dag.py:3239} INFO - Sync 1 DAGs
[2024-12-17T06:50:47.917+0000] {logging_mixin.py:190} INFO - [2024-12-17T06:50:47.917+0000] {dag.py:4180} INFO - Setting next_dagrun for example_dag_decorator to None, run_after=None
[2024-12-17T06:50:47.927+0000] {processor.py:208} INFO - Processing /home/airflow/.local/lib/python3.12/site-packages/airflow/example_dags/example_dag_decorator.py took 0.117 seconds
[2024-12-17T06:51:18.676+0000] {processor.py:186} INFO - Started process (PID=388) to work on /home/airflow/.local/lib/python3.12/site-packages/airflow/example_dags/example_dag_decorator.py
[2024-12-17T06:51:18.677+0000] {processor.py:914} INFO - Processing file /home/airflow/.local/lib/python3.12/site-packages/airflow/example_dags/example_dag_decorator.py for tasks to queue
[2024-12-17T06:51:18.679+0000] {logging_mixin.py:190} INFO - [2024-12-17T06:51:18.678+0000] {dagbag.py:588} INFO - Filling up the DagBag from /home/airflow/.local/lib/python3.12/site-packages/airflow/example_dags/example_dag_decorator.py
[2024-12-17T06:51:18.689+0000] {processor.py:925} INFO - DAG(s) 'example_dag_decorator' retrieved from /home/airflow/.local/lib/python3.12/site-packages/airflow/example_dags/example_dag_decorator.py
[2024-12-17T06:51:18.798+0000] {logging_mixin.py:190} INFO - [2024-12-17T06:51:18.798+0000] {dag.py:3239} INFO - Sync 1 DAGs
[2024-12-17T06:51:18.808+0000] {logging_mixin.py:190} INFO - [2024-12-17T06:51:18.808+0000] {dag.py:4180} INFO - Setting next_dagrun for example_dag_decorator to None, run_after=None
[2024-12-17T06:51:18.831+0000] {processor.py:208} INFO - Processing /home/airflow/.local/lib/python3.12/site-packages/airflow/example_dags/example_dag_decorator.py took 0.158 seconds
