[2024-12-17T06:48:47.743+0000] {processor.py:186} INFO - Started process (PID=89) to work on /home/airflow/.local/lib/python3.12/site-packages/airflow/example_dags/example_setup_teardown.py
[2024-12-17T06:48:47.743+0000] {processor.py:914} INFO - Processing file /home/airflow/.local/lib/python3.12/site-packages/airflow/example_dags/example_setup_teardown.py for tasks to queue
[2024-12-17T06:48:47.746+0000] {logging_mixin.py:190} INFO - [2024-12-17T06:48:47.746+0000] {dagbag.py:588} INFO - Filling up the DagBag from /home/airflow/.local/lib/python3.12/site-packages/airflow/example_dags/example_setup_teardown.py
[2024-12-17T06:48:47.756+0000] {processor.py:925} INFO - DAG(s) 'example_setup_teardown' retrieved from /home/airflow/.local/lib/python3.12/site-packages/airflow/example_dags/example_setup_teardown.py
[2024-12-17T06:48:47.840+0000] {logging_mixin.py:190} INFO - [2024-12-17T06:48:47.840+0000] {override.py:1911} INFO - Created Permission View: can edit on DAG:example_setup_teardown
[2024-12-17T06:48:47.848+0000] {logging_mixin.py:190} INFO - [2024-12-17T06:48:47.847+0000] {override.py:1911} INFO - Created Permission View: can delete on DAG:example_setup_teardown
[2024-12-17T06:48:47.855+0000] {logging_mixin.py:190} INFO - [2024-12-17T06:48:47.854+0000] {override.py:1911} INFO - Created Permission View: can read on DAG:example_setup_teardown
[2024-12-17T06:48:47.862+0000] {logging_mixin.py:190} INFO - [2024-12-17T06:48:47.862+0000] {override.py:1911} INFO - Created Permission View: can delete on DAG Run:example_setup_teardown
[2024-12-17T06:48:47.869+0000] {logging_mixin.py:190} INFO - [2024-12-17T06:48:47.868+0000] {override.py:1911} INFO - Created Permission View: can read on DAG Run:example_setup_teardown
[2024-12-17T06:48:47.876+0000] {logging_mixin.py:190} INFO - [2024-12-17T06:48:47.875+0000] {override.py:1911} INFO - Created Permission View: menu access on DAG Run:example_setup_teardown
[2024-12-17T06:48:47.882+0000] {logging_mixin.py:190} INFO - [2024-12-17T06:48:47.882+0000] {override.py:1911} INFO - Created Permission View: can create on DAG Run:example_setup_teardown
[2024-12-17T06:48:47.883+0000] {logging_mixin.py:190} INFO - [2024-12-17T06:48:47.882+0000] {dag.py:3239} INFO - Sync 1 DAGs
[2024-12-17T06:48:47.899+0000] {logging_mixin.py:190} INFO - [2024-12-17T06:48:47.899+0000] {dag.py:3262} INFO - Creating ORM DAG for example_setup_teardown
[2024-12-17T06:48:47.900+0000] {logging_mixin.py:190} INFO - [2024-12-17T06:48:47.900+0000] {dag.py:4180} INFO - Setting next_dagrun for example_setup_teardown to None, run_after=None
[2024-12-17T06:48:47.918+0000] {processor.py:208} INFO - Processing /home/airflow/.local/lib/python3.12/site-packages/airflow/example_dags/example_setup_teardown.py took 0.182 seconds
[2024-12-17T06:49:18.360+0000] {processor.py:186} INFO - Started process (PID=152) to work on /home/airflow/.local/lib/python3.12/site-packages/airflow/example_dags/example_setup_teardown.py
[2024-12-17T06:49:18.361+0000] {processor.py:914} INFO - Processing file /home/airflow/.local/lib/python3.12/site-packages/airflow/example_dags/example_setup_teardown.py for tasks to queue
[2024-12-17T06:49:18.362+0000] {logging_mixin.py:190} INFO - [2024-12-17T06:49:18.362+0000] {dagbag.py:588} INFO - Filling up the DagBag from /home/airflow/.local/lib/python3.12/site-packages/airflow/example_dags/example_setup_teardown.py
[2024-12-17T06:49:18.367+0000] {processor.py:925} INFO - DAG(s) 'example_setup_teardown' retrieved from /home/airflow/.local/lib/python3.12/site-packages/airflow/example_dags/example_setup_teardown.py
[2024-12-17T06:49:18.381+0000] {logging_mixin.py:190} INFO - [2024-12-17T06:49:18.380+0000] {dag.py:3239} INFO - Sync 1 DAGs
[2024-12-17T06:49:18.392+0000] {logging_mixin.py:190} INFO - [2024-12-17T06:49:18.391+0000] {dag.py:4180} INFO - Setting next_dagrun for example_setup_teardown to None, run_after=None
[2024-12-17T06:49:18.406+0000] {processor.py:208} INFO - Processing /home/airflow/.local/lib/python3.12/site-packages/airflow/example_dags/example_setup_teardown.py took 0.049 seconds
[2024-12-17T06:49:49.571+0000] {processor.py:186} INFO - Started process (PID=215) to work on /home/airflow/.local/lib/python3.12/site-packages/airflow/example_dags/example_setup_teardown.py
[2024-12-17T06:49:49.572+0000] {processor.py:914} INFO - Processing file /home/airflow/.local/lib/python3.12/site-packages/airflow/example_dags/example_setup_teardown.py for tasks to queue
[2024-12-17T06:49:49.573+0000] {logging_mixin.py:190} INFO - [2024-12-17T06:49:49.573+0000] {dagbag.py:588} INFO - Filling up the DagBag from /home/airflow/.local/lib/python3.12/site-packages/airflow/example_dags/example_setup_teardown.py
[2024-12-17T06:49:49.578+0000] {processor.py:925} INFO - DAG(s) 'example_setup_teardown' retrieved from /home/airflow/.local/lib/python3.12/site-packages/airflow/example_dags/example_setup_teardown.py
[2024-12-17T06:49:49.592+0000] {logging_mixin.py:190} INFO - [2024-12-17T06:49:49.592+0000] {dag.py:3239} INFO - Sync 1 DAGs
[2024-12-17T06:49:49.604+0000] {logging_mixin.py:190} INFO - [2024-12-17T06:49:49.604+0000] {dag.py:4180} INFO - Setting next_dagrun for example_setup_teardown to None, run_after=None
[2024-12-17T06:49:49.619+0000] {processor.py:208} INFO - Processing /home/airflow/.local/lib/python3.12/site-packages/airflow/example_dags/example_setup_teardown.py took 0.051 seconds
[2024-12-17T06:50:20.379+0000] {processor.py:186} INFO - Started process (PID=278) to work on /home/airflow/.local/lib/python3.12/site-packages/airflow/example_dags/example_setup_teardown.py
[2024-12-17T06:50:20.380+0000] {processor.py:914} INFO - Processing file /home/airflow/.local/lib/python3.12/site-packages/airflow/example_dags/example_setup_teardown.py for tasks to queue
[2024-12-17T06:50:20.381+0000] {logging_mixin.py:190} INFO - [2024-12-17T06:50:20.381+0000] {dagbag.py:588} INFO - Filling up the DagBag from /home/airflow/.local/lib/python3.12/site-packages/airflow/example_dags/example_setup_teardown.py
[2024-12-17T06:50:20.386+0000] {processor.py:925} INFO - DAG(s) 'example_setup_teardown' retrieved from /home/airflow/.local/lib/python3.12/site-packages/airflow/example_dags/example_setup_teardown.py
[2024-12-17T06:50:20.402+0000] {logging_mixin.py:190} INFO - [2024-12-17T06:50:20.402+0000] {dag.py:3239} INFO - Sync 1 DAGs
[2024-12-17T06:50:20.413+0000] {logging_mixin.py:190} INFO - [2024-12-17T06:50:20.413+0000] {dag.py:4180} INFO - Setting next_dagrun for example_setup_teardown to None, run_after=None
[2024-12-17T06:50:20.429+0000] {processor.py:208} INFO - Processing /home/airflow/.local/lib/python3.12/site-packages/airflow/example_dags/example_setup_teardown.py took 0.055 seconds
[2024-12-17T06:50:51.215+0000] {processor.py:186} INFO - Started process (PID=341) to work on /home/airflow/.local/lib/python3.12/site-packages/airflow/example_dags/example_setup_teardown.py
[2024-12-17T06:50:51.215+0000] {processor.py:914} INFO - Processing file /home/airflow/.local/lib/python3.12/site-packages/airflow/example_dags/example_setup_teardown.py for tasks to queue
[2024-12-17T06:50:51.216+0000] {logging_mixin.py:190} INFO - [2024-12-17T06:50:51.216+0000] {dagbag.py:588} INFO - Filling up the DagBag from /home/airflow/.local/lib/python3.12/site-packages/airflow/example_dags/example_setup_teardown.py
[2024-12-17T06:50:51.221+0000] {processor.py:925} INFO - DAG(s) 'example_setup_teardown' retrieved from /home/airflow/.local/lib/python3.12/site-packages/airflow/example_dags/example_setup_teardown.py
[2024-12-17T06:50:51.237+0000] {logging_mixin.py:190} INFO - [2024-12-17T06:50:51.237+0000] {dag.py:3239} INFO - Sync 1 DAGs
[2024-12-17T06:50:51.249+0000] {logging_mixin.py:190} INFO - [2024-12-17T06:50:51.249+0000] {dag.py:4180} INFO - Setting next_dagrun for example_setup_teardown to None, run_after=None
[2024-12-17T06:50:51.265+0000] {processor.py:208} INFO - Processing /home/airflow/.local/lib/python3.12/site-packages/airflow/example_dags/example_setup_teardown.py took 0.054 seconds
[2024-12-17T06:51:22.079+0000] {processor.py:186} INFO - Started process (PID=404) to work on /home/airflow/.local/lib/python3.12/site-packages/airflow/example_dags/example_setup_teardown.py
[2024-12-17T06:51:22.080+0000] {processor.py:914} INFO - Processing file /home/airflow/.local/lib/python3.12/site-packages/airflow/example_dags/example_setup_teardown.py for tasks to queue
[2024-12-17T06:51:22.081+0000] {logging_mixin.py:190} INFO - [2024-12-17T06:51:22.081+0000] {dagbag.py:588} INFO - Filling up the DagBag from /home/airflow/.local/lib/python3.12/site-packages/airflow/example_dags/example_setup_teardown.py
[2024-12-17T06:51:22.088+0000] {processor.py:925} INFO - DAG(s) 'example_setup_teardown' retrieved from /home/airflow/.local/lib/python3.12/site-packages/airflow/example_dags/example_setup_teardown.py
[2024-12-17T06:51:22.105+0000] {logging_mixin.py:190} INFO - [2024-12-17T06:51:22.104+0000] {dag.py:3239} INFO - Sync 1 DAGs
[2024-12-17T06:51:22.116+0000] {logging_mixin.py:190} INFO - [2024-12-17T06:51:22.115+0000] {dag.py:4180} INFO - Setting next_dagrun for example_setup_teardown to None, run_after=None
[2024-12-17T06:51:22.130+0000] {processor.py:208} INFO - Processing /home/airflow/.local/lib/python3.12/site-packages/airflow/example_dags/example_setup_teardown.py took 0.055 seconds
