[2024-12-17T06:48:43.629+0000] {processor.py:186} INFO - Started process (PID=62) to work on /home/airflow/.local/lib/python3.12/site-packages/airflow/example_dags/example_params_trigger_ui.py
[2024-12-17T06:48:43.629+0000] {processor.py:914} INFO - Processing file /home/airflow/.local/lib/python3.12/site-packages/airflow/example_dags/example_params_trigger_ui.py for tasks to queue
[2024-12-17T06:48:43.631+0000] {logging_mixin.py:190} INFO - [2024-12-17T06:48:43.631+0000] {dagbag.py:588} INFO - Filling up the DagBag from /home/airflow/.local/lib/python3.12/site-packages/airflow/example_dags/example_params_trigger_ui.py
[2024-12-17T06:48:43.641+0000] {processor.py:925} INFO - DAG(s) 'example_params_trigger_ui' retrieved from /home/airflow/.local/lib/python3.12/site-packages/airflow/example_dags/example_params_trigger_ui.py
[2024-12-17T06:48:43.765+0000] {logging_mixin.py:190} INFO - [2024-12-17T06:48:43.765+0000] {override.py:1911} INFO - Created Permission View: can edit on DAG:example_params_trigger_ui
[2024-12-17T06:48:43.775+0000] {logging_mixin.py:190} INFO - [2024-12-17T06:48:43.775+0000] {override.py:1911} INFO - Created Permission View: can delete on DAG:example_params_trigger_ui
[2024-12-17T06:48:43.782+0000] {logging_mixin.py:190} INFO - [2024-12-17T06:48:43.781+0000] {override.py:1911} INFO - Created Permission View: can read on DAG:example_params_trigger_ui
[2024-12-17T06:48:43.788+0000] {logging_mixin.py:190} INFO - [2024-12-17T06:48:43.788+0000] {override.py:1911} INFO - Created Permission View: can delete on DAG Run:example_params_trigger_ui
[2024-12-17T06:48:43.794+0000] {logging_mixin.py:190} INFO - [2024-12-17T06:48:43.794+0000] {override.py:1911} INFO - Created Permission View: can read on DAG Run:example_params_trigger_ui
[2024-12-17T06:48:43.800+0000] {logging_mixin.py:190} INFO - [2024-12-17T06:48:43.799+0000] {override.py:1911} INFO - Created Permission View: menu access on DAG Run:example_params_trigger_ui
[2024-12-17T06:48:43.805+0000] {logging_mixin.py:190} INFO - [2024-12-17T06:48:43.805+0000] {override.py:1911} INFO - Created Permission View: can create on DAG Run:example_params_trigger_ui
[2024-12-17T06:48:43.806+0000] {logging_mixin.py:190} INFO - [2024-12-17T06:48:43.806+0000] {dag.py:3239} INFO - Sync 1 DAGs
[2024-12-17T06:48:43.819+0000] {logging_mixin.py:190} INFO - [2024-12-17T06:48:43.819+0000] {dag.py:3262} INFO - Creating ORM DAG for example_params_trigger_ui
[2024-12-17T06:48:43.820+0000] {logging_mixin.py:190} INFO - [2024-12-17T06:48:43.820+0000] {dag.py:4180} INFO - Setting next_dagrun for example_params_trigger_ui to None, run_after=None
[2024-12-17T06:48:43.838+0000] {processor.py:208} INFO - Processing /home/airflow/.local/lib/python3.12/site-packages/airflow/example_dags/example_params_trigger_ui.py took 0.215 seconds
[2024-12-17T06:49:14.584+0000] {processor.py:186} INFO - Started process (PID=125) to work on /home/airflow/.local/lib/python3.12/site-packages/airflow/example_dags/example_params_trigger_ui.py
[2024-12-17T06:49:14.584+0000] {processor.py:914} INFO - Processing file /home/airflow/.local/lib/python3.12/site-packages/airflow/example_dags/example_params_trigger_ui.py for tasks to queue
[2024-12-17T06:49:14.585+0000] {logging_mixin.py:190} INFO - [2024-12-17T06:49:14.585+0000] {dagbag.py:588} INFO - Filling up the DagBag from /home/airflow/.local/lib/python3.12/site-packages/airflow/example_dags/example_params_trigger_ui.py
[2024-12-17T06:49:14.592+0000] {processor.py:925} INFO - DAG(s) 'example_params_trigger_ui' retrieved from /home/airflow/.local/lib/python3.12/site-packages/airflow/example_dags/example_params_trigger_ui.py
[2024-12-17T06:49:14.620+0000] {logging_mixin.py:190} INFO - [2024-12-17T06:49:14.620+0000] {dag.py:3239} INFO - Sync 1 DAGs
[2024-12-17T06:49:14.632+0000] {logging_mixin.py:190} INFO - [2024-12-17T06:49:14.632+0000] {dag.py:4180} INFO - Setting next_dagrun for example_params_trigger_ui to None, run_after=None
[2024-12-17T06:49:14.644+0000] {processor.py:208} INFO - Processing /home/airflow/.local/lib/python3.12/site-packages/airflow/example_dags/example_params_trigger_ui.py took 0.064 seconds
[2024-12-17T06:49:44.906+0000] {processor.py:186} INFO - Started process (PID=188) to work on /home/airflow/.local/lib/python3.12/site-packages/airflow/example_dags/example_params_trigger_ui.py
[2024-12-17T06:49:44.907+0000] {processor.py:914} INFO - Processing file /home/airflow/.local/lib/python3.12/site-packages/airflow/example_dags/example_params_trigger_ui.py for tasks to queue
[2024-12-17T06:49:44.908+0000] {logging_mixin.py:190} INFO - [2024-12-17T06:49:44.908+0000] {dagbag.py:588} INFO - Filling up the DagBag from /home/airflow/.local/lib/python3.12/site-packages/airflow/example_dags/example_params_trigger_ui.py
[2024-12-17T06:49:44.917+0000] {processor.py:925} INFO - DAG(s) 'example_params_trigger_ui' retrieved from /home/airflow/.local/lib/python3.12/site-packages/airflow/example_dags/example_params_trigger_ui.py
[2024-12-17T06:49:44.944+0000] {logging_mixin.py:190} INFO - [2024-12-17T06:49:44.944+0000] {dag.py:3239} INFO - Sync 1 DAGs
[2024-12-17T06:49:44.956+0000] {logging_mixin.py:190} INFO - [2024-12-17T06:49:44.955+0000] {dag.py:4180} INFO - Setting next_dagrun for example_params_trigger_ui to None, run_after=None
[2024-12-17T06:49:44.970+0000] {processor.py:208} INFO - Processing /home/airflow/.local/lib/python3.12/site-packages/airflow/example_dags/example_params_trigger_ui.py took 0.068 seconds
[2024-12-17T06:50:16.403+0000] {processor.py:186} INFO - Started process (PID=251) to work on /home/airflow/.local/lib/python3.12/site-packages/airflow/example_dags/example_params_trigger_ui.py
[2024-12-17T06:50:16.404+0000] {processor.py:914} INFO - Processing file /home/airflow/.local/lib/python3.12/site-packages/airflow/example_dags/example_params_trigger_ui.py for tasks to queue
[2024-12-17T06:50:16.406+0000] {logging_mixin.py:190} INFO - [2024-12-17T06:50:16.405+0000] {dagbag.py:588} INFO - Filling up the DagBag from /home/airflow/.local/lib/python3.12/site-packages/airflow/example_dags/example_params_trigger_ui.py
[2024-12-17T06:50:16.412+0000] {processor.py:925} INFO - DAG(s) 'example_params_trigger_ui' retrieved from /home/airflow/.local/lib/python3.12/site-packages/airflow/example_dags/example_params_trigger_ui.py
[2024-12-17T06:50:16.443+0000] {logging_mixin.py:190} INFO - [2024-12-17T06:50:16.442+0000] {dag.py:3239} INFO - Sync 1 DAGs
[2024-12-17T06:50:16.454+0000] {logging_mixin.py:190} INFO - [2024-12-17T06:50:16.454+0000] {dag.py:4180} INFO - Setting next_dagrun for example_params_trigger_ui to None, run_after=None
[2024-12-17T06:50:16.473+0000] {processor.py:208} INFO - Processing /home/airflow/.local/lib/python3.12/site-packages/airflow/example_dags/example_params_trigger_ui.py took 0.075 seconds
[2024-12-17T06:50:47.321+0000] {processor.py:186} INFO - Started process (PID=314) to work on /home/airflow/.local/lib/python3.12/site-packages/airflow/example_dags/example_params_trigger_ui.py
[2024-12-17T06:50:47.322+0000] {processor.py:914} INFO - Processing file /home/airflow/.local/lib/python3.12/site-packages/airflow/example_dags/example_params_trigger_ui.py for tasks to queue
[2024-12-17T06:50:47.323+0000] {logging_mixin.py:190} INFO - [2024-12-17T06:50:47.323+0000] {dagbag.py:588} INFO - Filling up the DagBag from /home/airflow/.local/lib/python3.12/site-packages/airflow/example_dags/example_params_trigger_ui.py
[2024-12-17T06:50:47.329+0000] {processor.py:925} INFO - DAG(s) 'example_params_trigger_ui' retrieved from /home/airflow/.local/lib/python3.12/site-packages/airflow/example_dags/example_params_trigger_ui.py
[2024-12-17T06:50:47.364+0000] {logging_mixin.py:190} INFO - [2024-12-17T06:50:47.364+0000] {dag.py:3239} INFO - Sync 1 DAGs
[2024-12-17T06:50:47.375+0000] {logging_mixin.py:190} INFO - [2024-12-17T06:50:47.375+0000] {dag.py:4180} INFO - Setting next_dagrun for example_params_trigger_ui to None, run_after=None
[2024-12-17T06:50:47.392+0000] {processor.py:208} INFO - Processing /home/airflow/.local/lib/python3.12/site-packages/airflow/example_dags/example_params_trigger_ui.py took 0.074 seconds
[2024-12-17T06:51:18.058+0000] {processor.py:186} INFO - Started process (PID=377) to work on /home/airflow/.local/lib/python3.12/site-packages/airflow/example_dags/example_params_trigger_ui.py
[2024-12-17T06:51:18.059+0000] {processor.py:914} INFO - Processing file /home/airflow/.local/lib/python3.12/site-packages/airflow/example_dags/example_params_trigger_ui.py for tasks to queue
[2024-12-17T06:51:18.060+0000] {logging_mixin.py:190} INFO - [2024-12-17T06:51:18.060+0000] {dagbag.py:588} INFO - Filling up the DagBag from /home/airflow/.local/lib/python3.12/site-packages/airflow/example_dags/example_params_trigger_ui.py
[2024-12-17T06:51:18.072+0000] {processor.py:925} INFO - DAG(s) 'example_params_trigger_ui' retrieved from /home/airflow/.local/lib/python3.12/site-packages/airflow/example_dags/example_params_trigger_ui.py
[2024-12-17T06:51:18.106+0000] {logging_mixin.py:190} INFO - [2024-12-17T06:51:18.105+0000] {dag.py:3239} INFO - Sync 1 DAGs
[2024-12-17T06:51:18.117+0000] {logging_mixin.py:190} INFO - [2024-12-17T06:51:18.117+0000] {dag.py:4180} INFO - Setting next_dagrun for example_params_trigger_ui to None, run_after=None
[2024-12-17T06:51:18.135+0000] {processor.py:208} INFO - Processing /home/airflow/.local/lib/python3.12/site-packages/airflow/example_dags/example_params_trigger_ui.py took 0.083 seconds
