[2024-12-17T06:48:46.694+0000] {processor.py:186} INFO - Started process (PID=85) to work on /home/airflow/.local/lib/python3.12/site-packages/airflow/example_dags/example_dataset_alias_with_no_taskflow.py
[2024-12-17T06:48:46.694+0000] {processor.py:914} INFO - Processing file /home/airflow/.local/lib/python3.12/site-packages/airflow/example_dags/example_dataset_alias_with_no_taskflow.py for tasks to queue
[2024-12-17T06:48:46.697+0000] {logging_mixin.py:190} INFO - [2024-12-17T06:48:46.697+0000] {dagbag.py:588} INFO - Filling up the DagBag from /home/airflow/.local/lib/python3.12/site-packages/airflow/example_dags/example_dataset_alias_with_no_taskflow.py
[2024-12-17T06:48:47.127+0000] {processor.py:925} INFO - DAG(s) 'dataset_alias_example_alias_producer_with_no_taskflow', 'dataset_s3_bucket_consumer_with_no_taskflow', 'dataset_s3_bucket_producer_with_no_taskflow', 'dataset_alias_example_alias_consumer_with_no_taskflow' retrieved from /home/airflow/.local/lib/python3.12/site-packages/airflow/example_dags/example_dataset_alias_with_no_taskflow.py
[2024-12-17T06:48:47.207+0000] {logging_mixin.py:190} INFO - [2024-12-17T06:48:47.206+0000] {override.py:1911} INFO - Created Permission View: can edit on DAG:dataset_alias_example_alias_producer_with_no_taskflow
[2024-12-17T06:48:47.220+0000] {logging_mixin.py:190} INFO - [2024-12-17T06:48:47.219+0000] {override.py:1911} INFO - Created Permission View: can delete on DAG:dataset_alias_example_alias_producer_with_no_taskflow
[2024-12-17T06:48:47.234+0000] {logging_mixin.py:190} INFO - [2024-12-17T06:48:47.233+0000] {override.py:1911} INFO - Created Permission View: can read on DAG:dataset_alias_example_alias_producer_with_no_taskflow
[2024-12-17T06:48:47.243+0000] {logging_mixin.py:190} INFO - [2024-12-17T06:48:47.242+0000] {override.py:1911} INFO - Created Permission View: can delete on DAG Run:dataset_alias_example_alias_producer_with_no_taskflow
[2024-12-17T06:48:47.253+0000] {logging_mixin.py:190} INFO - [2024-12-17T06:48:47.253+0000] {override.py:1911} INFO - Created Permission View: can read on DAG Run:dataset_alias_example_alias_producer_with_no_taskflow
[2024-12-17T06:48:47.260+0000] {logging_mixin.py:190} INFO - [2024-12-17T06:48:47.259+0000] {override.py:1911} INFO - Created Permission View: menu access on DAG Run:dataset_alias_example_alias_producer_with_no_taskflow
[2024-12-17T06:48:47.269+0000] {logging_mixin.py:190} INFO - [2024-12-17T06:48:47.268+0000] {override.py:1911} INFO - Created Permission View: can create on DAG Run:dataset_alias_example_alias_producer_with_no_taskflow
[2024-12-17T06:48:47.285+0000] {logging_mixin.py:190} INFO - [2024-12-17T06:48:47.285+0000] {override.py:1911} INFO - Created Permission View: can edit on DAG:dataset_s3_bucket_consumer_with_no_taskflow
[2024-12-17T06:48:47.294+0000] {logging_mixin.py:190} INFO - [2024-12-17T06:48:47.293+0000] {override.py:1911} INFO - Created Permission View: can delete on DAG:dataset_s3_bucket_consumer_with_no_taskflow
[2024-12-17T06:48:47.303+0000] {logging_mixin.py:190} INFO - [2024-12-17T06:48:47.303+0000] {override.py:1911} INFO - Created Permission View: can read on DAG:dataset_s3_bucket_consumer_with_no_taskflow
[2024-12-17T06:48:47.313+0000] {logging_mixin.py:190} INFO - [2024-12-17T06:48:47.312+0000] {override.py:1911} INFO - Created Permission View: can delete on DAG Run:dataset_s3_bucket_consumer_with_no_taskflow
[2024-12-17T06:48:47.320+0000] {logging_mixin.py:190} INFO - [2024-12-17T06:48:47.320+0000] {override.py:1911} INFO - Created Permission View: can read on DAG Run:dataset_s3_bucket_consumer_with_no_taskflow
[2024-12-17T06:48:47.330+0000] {logging_mixin.py:190} INFO - [2024-12-17T06:48:47.330+0000] {override.py:1911} INFO - Created Permission View: menu access on DAG Run:dataset_s3_bucket_consumer_with_no_taskflow
[2024-12-17T06:48:47.337+0000] {logging_mixin.py:190} INFO - [2024-12-17T06:48:47.337+0000] {override.py:1911} INFO - Created Permission View: can create on DAG Run:dataset_s3_bucket_consumer_with_no_taskflow
[2024-12-17T06:48:47.352+0000] {logging_mixin.py:190} INFO - [2024-12-17T06:48:47.352+0000] {override.py:1911} INFO - Created Permission View: can edit on DAG:dataset_s3_bucket_producer_with_no_taskflow
[2024-12-17T06:48:47.369+0000] {logging_mixin.py:190} INFO - [2024-12-17T06:48:47.369+0000] {override.py:1911} INFO - Created Permission View: can delete on DAG:dataset_s3_bucket_producer_with_no_taskflow
[2024-12-17T06:48:47.387+0000] {logging_mixin.py:190} INFO - [2024-12-17T06:48:47.386+0000] {override.py:1911} INFO - Created Permission View: can read on DAG:dataset_s3_bucket_producer_with_no_taskflow
[2024-12-17T06:48:47.414+0000] {logging_mixin.py:190} INFO - [2024-12-17T06:48:47.414+0000] {override.py:1911} INFO - Created Permission View: can delete on DAG Run:dataset_s3_bucket_producer_with_no_taskflow
[2024-12-17T06:48:47.428+0000] {logging_mixin.py:190} INFO - [2024-12-17T06:48:47.427+0000] {override.py:1911} INFO - Created Permission View: can read on DAG Run:dataset_s3_bucket_producer_with_no_taskflow
[2024-12-17T06:48:47.442+0000] {logging_mixin.py:190} INFO - [2024-12-17T06:48:47.441+0000] {override.py:1911} INFO - Created Permission View: menu access on DAG Run:dataset_s3_bucket_producer_with_no_taskflow
[2024-12-17T06:48:47.452+0000] {logging_mixin.py:190} INFO - [2024-12-17T06:48:47.452+0000] {override.py:1911} INFO - Created Permission View: can create on DAG Run:dataset_s3_bucket_producer_with_no_taskflow
[2024-12-17T06:48:47.470+0000] {logging_mixin.py:190} INFO - [2024-12-17T06:48:47.470+0000] {override.py:1911} INFO - Created Permission View: can edit on DAG:dataset_alias_example_alias_consumer_with_no_taskflow
[2024-12-17T06:48:47.482+0000] {logging_mixin.py:190} INFO - [2024-12-17T06:48:47.481+0000] {override.py:1911} INFO - Created Permission View: can delete on DAG:dataset_alias_example_alias_consumer_with_no_taskflow
[2024-12-17T06:48:47.490+0000] {logging_mixin.py:190} INFO - [2024-12-17T06:48:47.489+0000] {override.py:1911} INFO - Created Permission View: can read on DAG:dataset_alias_example_alias_consumer_with_no_taskflow
[2024-12-17T06:48:47.500+0000] {logging_mixin.py:190} INFO - [2024-12-17T06:48:47.500+0000] {override.py:1911} INFO - Created Permission View: can delete on DAG Run:dataset_alias_example_alias_consumer_with_no_taskflow
[2024-12-17T06:48:47.507+0000] {logging_mixin.py:190} INFO - [2024-12-17T06:48:47.506+0000] {override.py:1911} INFO - Created Permission View: can read on DAG Run:dataset_alias_example_alias_consumer_with_no_taskflow
[2024-12-17T06:48:47.518+0000] {logging_mixin.py:190} INFO - [2024-12-17T06:48:47.517+0000] {override.py:1911} INFO - Created Permission View: menu access on DAG Run:dataset_alias_example_alias_consumer_with_no_taskflow
[2024-12-17T06:48:47.526+0000] {logging_mixin.py:190} INFO - [2024-12-17T06:48:47.526+0000] {override.py:1911} INFO - Created Permission View: can create on DAG Run:dataset_alias_example_alias_consumer_with_no_taskflow
[2024-12-17T06:48:47.528+0000] {logging_mixin.py:190} INFO - [2024-12-17T06:48:47.526+0000] {dag.py:3239} INFO - Sync 4 DAGs
[2024-12-17T06:48:47.550+0000] {logging_mixin.py:190} INFO - [2024-12-17T06:48:47.549+0000] {dag.py:3262} INFO - Creating ORM DAG for dataset_s3_bucket_producer_with_no_taskflow
[2024-12-17T06:48:47.551+0000] {logging_mixin.py:190} INFO - [2024-12-17T06:48:47.550+0000] {dag.py:3262} INFO - Creating ORM DAG for dataset_alias_example_alias_consumer_with_no_taskflow
[2024-12-17T06:48:47.551+0000] {logging_mixin.py:190} INFO - [2024-12-17T06:48:47.551+0000] {dag.py:3262} INFO - Creating ORM DAG for dataset_alias_example_alias_producer_with_no_taskflow
[2024-12-17T06:48:47.552+0000] {logging_mixin.py:190} INFO - [2024-12-17T06:48:47.552+0000] {dag.py:3262} INFO - Creating ORM DAG for dataset_s3_bucket_consumer_with_no_taskflow
[2024-12-17T06:48:47.566+0000] {logging_mixin.py:190} INFO - [2024-12-17T06:48:47.566+0000] {dag.py:4180} INFO - Setting next_dagrun for dataset_alias_example_alias_consumer_with_no_taskflow to None, run_after=None
[2024-12-17T06:48:47.567+0000] {logging_mixin.py:190} INFO - [2024-12-17T06:48:47.567+0000] {dag.py:4180} INFO - Setting next_dagrun for dataset_alias_example_alias_producer_with_no_taskflow to None, run_after=None
[2024-12-17T06:48:47.568+0000] {logging_mixin.py:190} INFO - [2024-12-17T06:48:47.567+0000] {dag.py:4180} INFO - Setting next_dagrun for dataset_s3_bucket_consumer_with_no_taskflow to None, run_after=None
[2024-12-17T06:48:47.568+0000] {logging_mixin.py:190} INFO - [2024-12-17T06:48:47.568+0000] {dag.py:4180} INFO - Setting next_dagrun for dataset_s3_bucket_producer_with_no_taskflow to None, run_after=None
[2024-12-17T06:48:47.606+0000] {processor.py:208} INFO - Processing /home/airflow/.local/lib/python3.12/site-packages/airflow/example_dags/example_dataset_alias_with_no_taskflow.py took 0.918 seconds
[2024-12-17T06:49:17.760+0000] {processor.py:186} INFO - Started process (PID=148) to work on /home/airflow/.local/lib/python3.12/site-packages/airflow/example_dags/example_dataset_alias_with_no_taskflow.py
[2024-12-17T06:49:17.761+0000] {processor.py:914} INFO - Processing file /home/airflow/.local/lib/python3.12/site-packages/airflow/example_dags/example_dataset_alias_with_no_taskflow.py for tasks to queue
[2024-12-17T06:49:17.763+0000] {logging_mixin.py:190} INFO - [2024-12-17T06:49:17.763+0000] {dagbag.py:588} INFO - Filling up the DagBag from /home/airflow/.local/lib/python3.12/site-packages/airflow/example_dags/example_dataset_alias_with_no_taskflow.py
[2024-12-17T06:49:18.132+0000] {processor.py:925} INFO - DAG(s) 'dataset_s3_bucket_producer_with_no_taskflow', 'dataset_alias_example_alias_consumer_with_no_taskflow', 'dataset_s3_bucket_consumer_with_no_taskflow', 'dataset_alias_example_alias_producer_with_no_taskflow' retrieved from /home/airflow/.local/lib/python3.12/site-packages/airflow/example_dags/example_dataset_alias_with_no_taskflow.py
[2024-12-17T06:49:18.148+0000] {logging_mixin.py:190} INFO - [2024-12-17T06:49:18.147+0000] {dag.py:3239} INFO - Sync 4 DAGs
[2024-12-17T06:49:18.166+0000] {logging_mixin.py:190} INFO - [2024-12-17T06:49:18.165+0000] {dag.py:4180} INFO - Setting next_dagrun for dataset_alias_example_alias_consumer_with_no_taskflow to None, run_after=None
[2024-12-17T06:49:18.168+0000] {logging_mixin.py:190} INFO - [2024-12-17T06:49:18.167+0000] {dag.py:4180} INFO - Setting next_dagrun for dataset_alias_example_alias_producer_with_no_taskflow to None, run_after=None
[2024-12-17T06:49:18.169+0000] {logging_mixin.py:190} INFO - [2024-12-17T06:49:18.169+0000] {dag.py:4180} INFO - Setting next_dagrun for dataset_s3_bucket_consumer_with_no_taskflow to None, run_after=None
[2024-12-17T06:49:18.170+0000] {logging_mixin.py:190} INFO - [2024-12-17T06:49:18.170+0000] {dag.py:4180} INFO - Setting next_dagrun for dataset_s3_bucket_producer_with_no_taskflow to None, run_after=None
[2024-12-17T06:49:18.190+0000] {processor.py:208} INFO - Processing /home/airflow/.local/lib/python3.12/site-packages/airflow/example_dags/example_dataset_alias_with_no_taskflow.py took 0.434 seconds
[2024-12-17T06:49:49.020+0000] {processor.py:186} INFO - Started process (PID=211) to work on /home/airflow/.local/lib/python3.12/site-packages/airflow/example_dags/example_dataset_alias_with_no_taskflow.py
[2024-12-17T06:49:49.020+0000] {processor.py:914} INFO - Processing file /home/airflow/.local/lib/python3.12/site-packages/airflow/example_dags/example_dataset_alias_with_no_taskflow.py for tasks to queue
[2024-12-17T06:49:49.022+0000] {logging_mixin.py:190} INFO - [2024-12-17T06:49:49.022+0000] {dagbag.py:588} INFO - Filling up the DagBag from /home/airflow/.local/lib/python3.12/site-packages/airflow/example_dags/example_dataset_alias_with_no_taskflow.py
[2024-12-17T06:49:49.382+0000] {processor.py:925} INFO - DAG(s) 'dataset_s3_bucket_consumer_with_no_taskflow', 'dataset_s3_bucket_producer_with_no_taskflow', 'dataset_alias_example_alias_consumer_with_no_taskflow', 'dataset_alias_example_alias_producer_with_no_taskflow' retrieved from /home/airflow/.local/lib/python3.12/site-packages/airflow/example_dags/example_dataset_alias_with_no_taskflow.py
[2024-12-17T06:49:49.399+0000] {logging_mixin.py:190} INFO - [2024-12-17T06:49:49.399+0000] {dag.py:3239} INFO - Sync 4 DAGs
[2024-12-17T06:49:49.411+0000] {logging_mixin.py:190} INFO - [2024-12-17T06:49:49.410+0000] {dag.py:4180} INFO - Setting next_dagrun for dataset_alias_example_alias_consumer_with_no_taskflow to None, run_after=None
[2024-12-17T06:49:49.412+0000] {logging_mixin.py:190} INFO - [2024-12-17T06:49:49.412+0000] {dag.py:4180} INFO - Setting next_dagrun for dataset_alias_example_alias_producer_with_no_taskflow to None, run_after=None
[2024-12-17T06:49:49.413+0000] {logging_mixin.py:190} INFO - [2024-12-17T06:49:49.413+0000] {dag.py:4180} INFO - Setting next_dagrun for dataset_s3_bucket_consumer_with_no_taskflow to None, run_after=None
[2024-12-17T06:49:49.414+0000] {logging_mixin.py:190} INFO - [2024-12-17T06:49:49.414+0000] {dag.py:4180} INFO - Setting next_dagrun for dataset_s3_bucket_producer_with_no_taskflow to None, run_after=None
[2024-12-17T06:49:49.433+0000] {processor.py:208} INFO - Processing /home/airflow/.local/lib/python3.12/site-packages/airflow/example_dags/example_dataset_alias_with_no_taskflow.py took 0.418 seconds
[2024-12-17T06:50:19.672+0000] {processor.py:186} INFO - Started process (PID=274) to work on /home/airflow/.local/lib/python3.12/site-packages/airflow/example_dags/example_dataset_alias_with_no_taskflow.py
[2024-12-17T06:50:19.673+0000] {processor.py:914} INFO - Processing file /home/airflow/.local/lib/python3.12/site-packages/airflow/example_dags/example_dataset_alias_with_no_taskflow.py for tasks to queue
[2024-12-17T06:50:19.677+0000] {logging_mixin.py:190} INFO - [2024-12-17T06:50:19.676+0000] {dagbag.py:588} INFO - Filling up the DagBag from /home/airflow/.local/lib/python3.12/site-packages/airflow/example_dags/example_dataset_alias_with_no_taskflow.py
[2024-12-17T06:50:20.142+0000] {processor.py:925} INFO - DAG(s) 'dataset_s3_bucket_producer_with_no_taskflow', 'dataset_s3_bucket_consumer_with_no_taskflow', 'dataset_alias_example_alias_producer_with_no_taskflow', 'dataset_alias_example_alias_consumer_with_no_taskflow' retrieved from /home/airflow/.local/lib/python3.12/site-packages/airflow/example_dags/example_dataset_alias_with_no_taskflow.py
[2024-12-17T06:50:20.162+0000] {logging_mixin.py:190} INFO - [2024-12-17T06:50:20.162+0000] {dag.py:3239} INFO - Sync 4 DAGs
[2024-12-17T06:50:20.179+0000] {logging_mixin.py:190} INFO - [2024-12-17T06:50:20.178+0000] {dag.py:4180} INFO - Setting next_dagrun for dataset_alias_example_alias_consumer_with_no_taskflow to None, run_after=None
[2024-12-17T06:50:20.181+0000] {logging_mixin.py:190} INFO - [2024-12-17T06:50:20.181+0000] {dag.py:4180} INFO - Setting next_dagrun for dataset_alias_example_alias_producer_with_no_taskflow to None, run_after=None
[2024-12-17T06:50:20.182+0000] {logging_mixin.py:190} INFO - [2024-12-17T06:50:20.182+0000] {dag.py:4180} INFO - Setting next_dagrun for dataset_s3_bucket_consumer_with_no_taskflow to None, run_after=None
[2024-12-17T06:50:20.182+0000] {logging_mixin.py:190} INFO - [2024-12-17T06:50:20.182+0000] {dag.py:4180} INFO - Setting next_dagrun for dataset_s3_bucket_producer_with_no_taskflow to None, run_after=None
[2024-12-17T06:50:20.198+0000] {processor.py:208} INFO - Processing /home/airflow/.local/lib/python3.12/site-packages/airflow/example_dags/example_dataset_alias_with_no_taskflow.py took 0.532 seconds
[2024-12-17T06:50:50.558+0000] {processor.py:186} INFO - Started process (PID=337) to work on /home/airflow/.local/lib/python3.12/site-packages/airflow/example_dags/example_dataset_alias_with_no_taskflow.py
[2024-12-17T06:50:50.559+0000] {processor.py:914} INFO - Processing file /home/airflow/.local/lib/python3.12/site-packages/airflow/example_dags/example_dataset_alias_with_no_taskflow.py for tasks to queue
[2024-12-17T06:50:50.560+0000] {logging_mixin.py:190} INFO - [2024-12-17T06:50:50.560+0000] {dagbag.py:588} INFO - Filling up the DagBag from /home/airflow/.local/lib/python3.12/site-packages/airflow/example_dags/example_dataset_alias_with_no_taskflow.py
[2024-12-17T06:50:50.980+0000] {processor.py:925} INFO - DAG(s) 'dataset_s3_bucket_consumer_with_no_taskflow', 'dataset_s3_bucket_producer_with_no_taskflow', 'dataset_alias_example_alias_producer_with_no_taskflow', 'dataset_alias_example_alias_consumer_with_no_taskflow' retrieved from /home/airflow/.local/lib/python3.12/site-packages/airflow/example_dags/example_dataset_alias_with_no_taskflow.py
[2024-12-17T06:50:50.997+0000] {logging_mixin.py:190} INFO - [2024-12-17T06:50:50.997+0000] {dag.py:3239} INFO - Sync 4 DAGs
[2024-12-17T06:50:51.017+0000] {logging_mixin.py:190} INFO - [2024-12-17T06:50:51.016+0000] {dag.py:4180} INFO - Setting next_dagrun for dataset_alias_example_alias_consumer_with_no_taskflow to None, run_after=None
[2024-12-17T06:50:51.019+0000] {logging_mixin.py:190} INFO - [2024-12-17T06:50:51.019+0000] {dag.py:4180} INFO - Setting next_dagrun for dataset_alias_example_alias_producer_with_no_taskflow to None, run_after=None
[2024-12-17T06:50:51.020+0000] {logging_mixin.py:190} INFO - [2024-12-17T06:50:51.020+0000] {dag.py:4180} INFO - Setting next_dagrun for dataset_s3_bucket_consumer_with_no_taskflow to None, run_after=None
[2024-12-17T06:50:51.021+0000] {logging_mixin.py:190} INFO - [2024-12-17T06:50:51.021+0000] {dag.py:4180} INFO - Setting next_dagrun for dataset_s3_bucket_producer_with_no_taskflow to None, run_after=None
[2024-12-17T06:50:51.038+0000] {processor.py:208} INFO - Processing /home/airflow/.local/lib/python3.12/site-packages/airflow/example_dags/example_dataset_alias_with_no_taskflow.py took 0.484 seconds
[2024-12-17T06:51:21.454+0000] {processor.py:186} INFO - Started process (PID=400) to work on /home/airflow/.local/lib/python3.12/site-packages/airflow/example_dags/example_dataset_alias_with_no_taskflow.py
[2024-12-17T06:51:21.455+0000] {processor.py:914} INFO - Processing file /home/airflow/.local/lib/python3.12/site-packages/airflow/example_dags/example_dataset_alias_with_no_taskflow.py for tasks to queue
[2024-12-17T06:51:21.456+0000] {logging_mixin.py:190} INFO - [2024-12-17T06:51:21.456+0000] {dagbag.py:588} INFO - Filling up the DagBag from /home/airflow/.local/lib/python3.12/site-packages/airflow/example_dags/example_dataset_alias_with_no_taskflow.py
[2024-12-17T06:51:21.851+0000] {processor.py:925} INFO - DAG(s) 'dataset_alias_example_alias_producer_with_no_taskflow', 'dataset_alias_example_alias_consumer_with_no_taskflow', 'dataset_s3_bucket_consumer_with_no_taskflow', 'dataset_s3_bucket_producer_with_no_taskflow' retrieved from /home/airflow/.local/lib/python3.12/site-packages/airflow/example_dags/example_dataset_alias_with_no_taskflow.py
[2024-12-17T06:51:21.868+0000] {logging_mixin.py:190} INFO - [2024-12-17T06:51:21.868+0000] {dag.py:3239} INFO - Sync 4 DAGs
[2024-12-17T06:51:21.887+0000] {logging_mixin.py:190} INFO - [2024-12-17T06:51:21.887+0000] {dag.py:4180} INFO - Setting next_dagrun for dataset_alias_example_alias_consumer_with_no_taskflow to None, run_after=None
[2024-12-17T06:51:21.889+0000] {logging_mixin.py:190} INFO - [2024-12-17T06:51:21.889+0000] {dag.py:4180} INFO - Setting next_dagrun for dataset_alias_example_alias_producer_with_no_taskflow to None, run_after=None
[2024-12-17T06:51:21.892+0000] {logging_mixin.py:190} INFO - [2024-12-17T06:51:21.891+0000] {dag.py:4180} INFO - Setting next_dagrun for dataset_s3_bucket_consumer_with_no_taskflow to None, run_after=None
[2024-12-17T06:51:21.893+0000] {logging_mixin.py:190} INFO - [2024-12-17T06:51:21.893+0000] {dag.py:4180} INFO - Setting next_dagrun for dataset_s3_bucket_producer_with_no_taskflow to None, run_after=None
[2024-12-17T06:51:21.916+0000] {processor.py:208} INFO - Processing /home/airflow/.local/lib/python3.12/site-packages/airflow/example_dags/example_dataset_alias_with_no_taskflow.py took 0.466 seconds
