[2024-12-17T06:48:45.612+0000] {processor.py:186} INFO - Started process (PID=77) to work on /home/airflow/.local/lib/python3.12/site-packages/airflow/example_dags/example_python_decorator.py
[2024-12-17T06:48:45.612+0000] {processor.py:914} INFO - Processing file /home/airflow/.local/lib/python3.12/site-packages/airflow/example_dags/example_python_decorator.py for tasks to queue
[2024-12-17T06:48:45.613+0000] {logging_mixin.py:190} INFO - [2024-12-17T06:48:45.613+0000] {dagbag.py:588} INFO - Filling up the DagBag from /home/airflow/.local/lib/python3.12/site-packages/airflow/example_dags/example_python_decorator.py
[2024-12-17T06:48:45.624+0000] {processor.py:925} INFO - DAG(s) 'example_python_decorator' retrieved from /home/airflow/.local/lib/python3.12/site-packages/airflow/example_dags/example_python_decorator.py
[2024-12-17T06:48:45.701+0000] {logging_mixin.py:190} INFO - [2024-12-17T06:48:45.700+0000] {override.py:1911} INFO - Created Permission View: can edit on DAG:example_python_decorator
[2024-12-17T06:48:45.711+0000] {logging_mixin.py:190} INFO - [2024-12-17T06:48:45.710+0000] {override.py:1911} INFO - Created Permission View: can delete on DAG:example_python_decorator
[2024-12-17T06:48:45.718+0000] {logging_mixin.py:190} INFO - [2024-12-17T06:48:45.718+0000] {override.py:1911} INFO - Created Permission View: can read on DAG:example_python_decorator
[2024-12-17T06:48:45.724+0000] {logging_mixin.py:190} INFO - [2024-12-17T06:48:45.724+0000] {override.py:1911} INFO - Created Permission View: can delete on DAG Run:example_python_decorator
[2024-12-17T06:48:45.729+0000] {logging_mixin.py:190} INFO - [2024-12-17T06:48:45.729+0000] {override.py:1911} INFO - Created Permission View: can read on DAG Run:example_python_decorator
[2024-12-17T06:48:45.735+0000] {logging_mixin.py:190} INFO - [2024-12-17T06:48:45.735+0000] {override.py:1911} INFO - Created Permission View: menu access on DAG Run:example_python_decorator
[2024-12-17T06:48:45.741+0000] {logging_mixin.py:190} INFO - [2024-12-17T06:48:45.741+0000] {override.py:1911} INFO - Created Permission View: can create on DAG Run:example_python_decorator
[2024-12-17T06:48:45.742+0000] {logging_mixin.py:190} INFO - [2024-12-17T06:48:45.742+0000] {dag.py:3239} INFO - Sync 1 DAGs
[2024-12-17T06:48:45.755+0000] {logging_mixin.py:190} INFO - [2024-12-17T06:48:45.755+0000] {dag.py:3262} INFO - Creating ORM DAG for example_python_decorator
[2024-12-17T06:48:45.756+0000] {logging_mixin.py:190} INFO - [2024-12-17T06:48:45.755+0000] {dag.py:4180} INFO - Setting next_dagrun for example_python_decorator to None, run_after=None
[2024-12-17T06:48:45.771+0000] {processor.py:208} INFO - Processing /home/airflow/.local/lib/python3.12/site-packages/airflow/example_dags/example_python_decorator.py took 0.166 seconds
[2024-12-17T06:49:16.399+0000] {processor.py:186} INFO - Started process (PID=140) to work on /home/airflow/.local/lib/python3.12/site-packages/airflow/example_dags/example_python_decorator.py
[2024-12-17T06:49:16.399+0000] {processor.py:914} INFO - Processing file /home/airflow/.local/lib/python3.12/site-packages/airflow/example_dags/example_python_decorator.py for tasks to queue
[2024-12-17T06:49:16.400+0000] {logging_mixin.py:190} INFO - [2024-12-17T06:49:16.400+0000] {dagbag.py:588} INFO - Filling up the DagBag from /home/airflow/.local/lib/python3.12/site-packages/airflow/example_dags/example_python_decorator.py
[2024-12-17T06:49:16.408+0000] {processor.py:925} INFO - DAG(s) 'example_python_decorator' retrieved from /home/airflow/.local/lib/python3.12/site-packages/airflow/example_dags/example_python_decorator.py
[2024-12-17T06:49:16.423+0000] {logging_mixin.py:190} INFO - [2024-12-17T06:49:16.422+0000] {dag.py:3239} INFO - Sync 1 DAGs
[2024-12-17T06:49:16.435+0000] {logging_mixin.py:190} INFO - [2024-12-17T06:49:16.434+0000] {dag.py:4180} INFO - Setting next_dagrun for example_python_decorator to None, run_after=None
[2024-12-17T06:49:16.450+0000] {processor.py:208} INFO - Processing /home/airflow/.local/lib/python3.12/site-packages/airflow/example_dags/example_python_decorator.py took 0.054 seconds
[2024-12-17T06:49:46.566+0000] {processor.py:186} INFO - Started process (PID=203) to work on /home/airflow/.local/lib/python3.12/site-packages/airflow/example_dags/example_python_decorator.py
[2024-12-17T06:49:46.566+0000] {processor.py:914} INFO - Processing file /home/airflow/.local/lib/python3.12/site-packages/airflow/example_dags/example_python_decorator.py for tasks to queue
[2024-12-17T06:49:46.568+0000] {logging_mixin.py:190} INFO - [2024-12-17T06:49:46.568+0000] {dagbag.py:588} INFO - Filling up the DagBag from /home/airflow/.local/lib/python3.12/site-packages/airflow/example_dags/example_python_decorator.py
[2024-12-17T06:49:46.580+0000] {processor.py:925} INFO - DAG(s) 'example_python_decorator' retrieved from /home/airflow/.local/lib/python3.12/site-packages/airflow/example_dags/example_python_decorator.py
[2024-12-17T06:49:46.597+0000] {logging_mixin.py:190} INFO - [2024-12-17T06:49:46.596+0000] {dag.py:3239} INFO - Sync 1 DAGs
[2024-12-17T06:49:46.605+0000] {logging_mixin.py:190} INFO - [2024-12-17T06:49:46.605+0000] {dag.py:4180} INFO - Setting next_dagrun for example_python_decorator to None, run_after=None
[2024-12-17T06:49:46.618+0000] {processor.py:208} INFO - Processing /home/airflow/.local/lib/python3.12/site-packages/airflow/example_dags/example_python_decorator.py took 0.055 seconds
[2024-12-17T06:50:17.046+0000] {processor.py:186} INFO - Started process (PID=266) to work on /home/airflow/.local/lib/python3.12/site-packages/airflow/example_dags/example_python_decorator.py
[2024-12-17T06:50:17.046+0000] {processor.py:914} INFO - Processing file /home/airflow/.local/lib/python3.12/site-packages/airflow/example_dags/example_python_decorator.py for tasks to queue
[2024-12-17T06:50:17.048+0000] {logging_mixin.py:190} INFO - [2024-12-17T06:50:17.048+0000] {dagbag.py:588} INFO - Filling up the DagBag from /home/airflow/.local/lib/python3.12/site-packages/airflow/example_dags/example_python_decorator.py
[2024-12-17T06:50:17.059+0000] {processor.py:925} INFO - DAG(s) 'example_python_decorator' retrieved from /home/airflow/.local/lib/python3.12/site-packages/airflow/example_dags/example_python_decorator.py
[2024-12-17T06:50:17.076+0000] {logging_mixin.py:190} INFO - [2024-12-17T06:50:17.076+0000] {dag.py:3239} INFO - Sync 1 DAGs
[2024-12-17T06:50:17.087+0000] {logging_mixin.py:190} INFO - [2024-12-17T06:50:17.087+0000] {dag.py:4180} INFO - Setting next_dagrun for example_python_decorator to None, run_after=None
[2024-12-17T06:50:17.101+0000] {processor.py:208} INFO - Processing /home/airflow/.local/lib/python3.12/site-packages/airflow/example_dags/example_python_decorator.py took 0.060 seconds
[2024-12-17T06:50:48.031+0000] {processor.py:186} INFO - Started process (PID=329) to work on /home/airflow/.local/lib/python3.12/site-packages/airflow/example_dags/example_python_decorator.py
[2024-12-17T06:50:48.032+0000] {processor.py:914} INFO - Processing file /home/airflow/.local/lib/python3.12/site-packages/airflow/example_dags/example_python_decorator.py for tasks to queue
[2024-12-17T06:50:48.033+0000] {logging_mixin.py:190} INFO - [2024-12-17T06:50:48.033+0000] {dagbag.py:588} INFO - Filling up the DagBag from /home/airflow/.local/lib/python3.12/site-packages/airflow/example_dags/example_python_decorator.py
[2024-12-17T06:50:48.045+0000] {processor.py:925} INFO - DAG(s) 'example_python_decorator' retrieved from /home/airflow/.local/lib/python3.12/site-packages/airflow/example_dags/example_python_decorator.py
[2024-12-17T06:50:48.072+0000] {logging_mixin.py:190} INFO - [2024-12-17T06:50:48.072+0000] {dag.py:3239} INFO - Sync 1 DAGs
[2024-12-17T06:50:48.084+0000] {logging_mixin.py:190} INFO - [2024-12-17T06:50:48.084+0000] {dag.py:4180} INFO - Setting next_dagrun for example_python_decorator to None, run_after=None
[2024-12-17T06:50:48.100+0000] {processor.py:208} INFO - Processing /home/airflow/.local/lib/python3.12/site-packages/airflow/example_dags/example_python_decorator.py took 0.073 seconds
[2024-12-17T06:51:18.965+0000] {processor.py:186} INFO - Started process (PID=391) to work on /home/airflow/.local/lib/python3.12/site-packages/airflow/example_dags/example_python_decorator.py
[2024-12-17T06:51:18.967+0000] {processor.py:914} INFO - Processing file /home/airflow/.local/lib/python3.12/site-packages/airflow/example_dags/example_python_decorator.py for tasks to queue
[2024-12-17T06:51:18.970+0000] {logging_mixin.py:190} INFO - [2024-12-17T06:51:18.969+0000] {dagbag.py:588} INFO - Filling up the DagBag from /home/airflow/.local/lib/python3.12/site-packages/airflow/example_dags/example_python_decorator.py
[2024-12-17T06:51:18.982+0000] {processor.py:925} INFO - DAG(s) 'example_python_decorator' retrieved from /home/airflow/.local/lib/python3.12/site-packages/airflow/example_dags/example_python_decorator.py
[2024-12-17T06:51:19.006+0000] {logging_mixin.py:190} INFO - [2024-12-17T06:51:19.005+0000] {dag.py:3239} INFO - Sync 1 DAGs
[2024-12-17T06:51:19.020+0000] {logging_mixin.py:190} INFO - [2024-12-17T06:51:19.020+0000] {dag.py:4180} INFO - Setting next_dagrun for example_python_decorator to None, run_after=None
[2024-12-17T06:51:19.037+0000] {processor.py:208} INFO - Processing /home/airflow/.local/lib/python3.12/site-packages/airflow/example_dags/example_python_decorator.py took 0.079 seconds
