[2024-12-17T06:48:44.571+0000] {processor.py:186} INFO - Started process (PID=70) to work on /home/airflow/.local/lib/python3.12/site-packages/airflow/example_dags/example_skip_dag.py
[2024-12-17T06:48:44.572+0000] {processor.py:914} INFO - Processing file /home/airflow/.local/lib/python3.12/site-packages/airflow/example_dags/example_skip_dag.py for tasks to queue
[2024-12-17T06:48:44.575+0000] {logging_mixin.py:190} INFO - [2024-12-17T06:48:44.575+0000] {dagbag.py:588} INFO - Filling up the DagBag from /home/airflow/.local/lib/python3.12/site-packages/airflow/example_dags/example_skip_dag.py
[2024-12-17T06:48:44.585+0000] {processor.py:925} INFO - DAG(s) 'example_skip_dag' retrieved from /home/airflow/.local/lib/python3.12/site-packages/airflow/example_dags/example_skip_dag.py
[2024-12-17T06:48:44.672+0000] {logging_mixin.py:190} INFO - [2024-12-17T06:48:44.671+0000] {override.py:1911} INFO - Created Permission View: can edit on DAG:example_skip_dag
[2024-12-17T06:48:44.682+0000] {logging_mixin.py:190} INFO - [2024-12-17T06:48:44.681+0000] {override.py:1911} INFO - Created Permission View: can delete on DAG:example_skip_dag
[2024-12-17T06:48:44.687+0000] {logging_mixin.py:190} INFO - [2024-12-17T06:48:44.687+0000] {override.py:1911} INFO - Created Permission View: can read on DAG:example_skip_dag
[2024-12-17T06:48:44.693+0000] {logging_mixin.py:190} INFO - [2024-12-17T06:48:44.693+0000] {override.py:1911} INFO - Created Permission View: can delete on DAG Run:example_skip_dag
[2024-12-17T06:48:44.700+0000] {logging_mixin.py:190} INFO - [2024-12-17T06:48:44.700+0000] {override.py:1911} INFO - Created Permission View: can read on DAG Run:example_skip_dag
[2024-12-17T06:48:44.706+0000] {logging_mixin.py:190} INFO - [2024-12-17T06:48:44.706+0000] {override.py:1911} INFO - Created Permission View: menu access on DAG Run:example_skip_dag
[2024-12-17T06:48:44.712+0000] {logging_mixin.py:190} INFO - [2024-12-17T06:48:44.711+0000] {override.py:1911} INFO - Created Permission View: can create on DAG Run:example_skip_dag
[2024-12-17T06:48:44.712+0000] {logging_mixin.py:190} INFO - [2024-12-17T06:48:44.712+0000] {dag.py:3239} INFO - Sync 1 DAGs
[2024-12-17T06:48:44.727+0000] {logging_mixin.py:190} INFO - [2024-12-17T06:48:44.726+0000] {dag.py:3262} INFO - Creating ORM DAG for example_skip_dag
[2024-12-17T06:48:44.737+0000] {logging_mixin.py:190} INFO - [2024-12-17T06:48:44.737+0000] {dag.py:4180} INFO - Setting next_dagrun for example_skip_dag to 2024-12-16 00:00:00+00:00, run_after=2024-12-17 00:00:00+00:00
[2024-12-17T06:48:44.753+0000] {processor.py:208} INFO - Processing /home/airflow/.local/lib/python3.12/site-packages/airflow/example_dags/example_skip_dag.py took 0.187 seconds
[2024-12-17T06:49:14.924+0000] {processor.py:186} INFO - Started process (PID=133) to work on /home/airflow/.local/lib/python3.12/site-packages/airflow/example_dags/example_skip_dag.py
[2024-12-17T06:49:14.925+0000] {processor.py:914} INFO - Processing file /home/airflow/.local/lib/python3.12/site-packages/airflow/example_dags/example_skip_dag.py for tasks to queue
[2024-12-17T06:49:14.926+0000] {logging_mixin.py:190} INFO - [2024-12-17T06:49:14.926+0000] {dagbag.py:588} INFO - Filling up the DagBag from /home/airflow/.local/lib/python3.12/site-packages/airflow/example_dags/example_skip_dag.py
[2024-12-17T06:49:14.931+0000] {processor.py:925} INFO - DAG(s) 'example_skip_dag' retrieved from /home/airflow/.local/lib/python3.12/site-packages/airflow/example_dags/example_skip_dag.py
[2024-12-17T06:49:14.946+0000] {logging_mixin.py:190} INFO - [2024-12-17T06:49:14.946+0000] {dag.py:3239} INFO - Sync 1 DAGs
[2024-12-17T06:49:14.963+0000] {logging_mixin.py:190} INFO - [2024-12-17T06:49:14.963+0000] {dag.py:4180} INFO - Setting next_dagrun for example_skip_dag to 2024-12-16 00:00:00+00:00, run_after=2024-12-17 00:00:00+00:00
[2024-12-17T06:49:14.979+0000] {processor.py:208} INFO - Processing /home/airflow/.local/lib/python3.12/site-packages/airflow/example_dags/example_skip_dag.py took 0.058 seconds
[2024-12-17T06:49:45.250+0000] {processor.py:186} INFO - Started process (PID=196) to work on /home/airflow/.local/lib/python3.12/site-packages/airflow/example_dags/example_skip_dag.py
[2024-12-17T06:49:45.250+0000] {processor.py:914} INFO - Processing file /home/airflow/.local/lib/python3.12/site-packages/airflow/example_dags/example_skip_dag.py for tasks to queue
[2024-12-17T06:49:45.252+0000] {logging_mixin.py:190} INFO - [2024-12-17T06:49:45.252+0000] {dagbag.py:588} INFO - Filling up the DagBag from /home/airflow/.local/lib/python3.12/site-packages/airflow/example_dags/example_skip_dag.py
[2024-12-17T06:49:45.257+0000] {processor.py:925} INFO - DAG(s) 'example_skip_dag' retrieved from /home/airflow/.local/lib/python3.12/site-packages/airflow/example_dags/example_skip_dag.py
[2024-12-17T06:49:45.271+0000] {logging_mixin.py:190} INFO - [2024-12-17T06:49:45.271+0000] {dag.py:3239} INFO - Sync 1 DAGs
[2024-12-17T06:49:45.287+0000] {logging_mixin.py:190} INFO - [2024-12-17T06:49:45.287+0000] {dag.py:4180} INFO - Setting next_dagrun for example_skip_dag to 2024-12-16 00:00:00+00:00, run_after=2024-12-17 00:00:00+00:00
[2024-12-17T06:49:45.298+0000] {processor.py:208} INFO - Processing /home/airflow/.local/lib/python3.12/site-packages/airflow/example_dags/example_skip_dag.py took 0.053 seconds
[2024-12-17T06:50:16.749+0000] {processor.py:186} INFO - Started process (PID=259) to work on /home/airflow/.local/lib/python3.12/site-packages/airflow/example_dags/example_skip_dag.py
[2024-12-17T06:50:16.750+0000] {processor.py:914} INFO - Processing file /home/airflow/.local/lib/python3.12/site-packages/airflow/example_dags/example_skip_dag.py for tasks to queue
[2024-12-17T06:50:16.752+0000] {logging_mixin.py:190} INFO - [2024-12-17T06:50:16.752+0000] {dagbag.py:588} INFO - Filling up the DagBag from /home/airflow/.local/lib/python3.12/site-packages/airflow/example_dags/example_skip_dag.py
[2024-12-17T06:50:16.758+0000] {processor.py:925} INFO - DAG(s) 'example_skip_dag' retrieved from /home/airflow/.local/lib/python3.12/site-packages/airflow/example_dags/example_skip_dag.py
[2024-12-17T06:50:16.776+0000] {logging_mixin.py:190} INFO - [2024-12-17T06:50:16.776+0000] {dag.py:3239} INFO - Sync 1 DAGs
[2024-12-17T06:50:16.799+0000] {logging_mixin.py:190} INFO - [2024-12-17T06:50:16.799+0000] {dag.py:4180} INFO - Setting next_dagrun for example_skip_dag to 2024-12-16 00:00:00+00:00, run_after=2024-12-17 00:00:00+00:00
[2024-12-17T06:50:16.819+0000] {processor.py:208} INFO - Processing /home/airflow/.local/lib/python3.12/site-packages/airflow/example_dags/example_skip_dag.py took 0.075 seconds
[2024-12-17T06:50:47.722+0000] {processor.py:186} INFO - Started process (PID=322) to work on /home/airflow/.local/lib/python3.12/site-packages/airflow/example_dags/example_skip_dag.py
[2024-12-17T06:50:47.723+0000] {processor.py:914} INFO - Processing file /home/airflow/.local/lib/python3.12/site-packages/airflow/example_dags/example_skip_dag.py for tasks to queue
[2024-12-17T06:50:47.724+0000] {logging_mixin.py:190} INFO - [2024-12-17T06:50:47.724+0000] {dagbag.py:588} INFO - Filling up the DagBag from /home/airflow/.local/lib/python3.12/site-packages/airflow/example_dags/example_skip_dag.py
[2024-12-17T06:50:47.731+0000] {processor.py:925} INFO - DAG(s) 'example_skip_dag' retrieved from /home/airflow/.local/lib/python3.12/site-packages/airflow/example_dags/example_skip_dag.py
[2024-12-17T06:50:47.751+0000] {logging_mixin.py:190} INFO - [2024-12-17T06:50:47.750+0000] {dag.py:3239} INFO - Sync 1 DAGs
[2024-12-17T06:50:47.768+0000] {logging_mixin.py:190} INFO - [2024-12-17T06:50:47.768+0000] {dag.py:4180} INFO - Setting next_dagrun for example_skip_dag to 2024-12-16 00:00:00+00:00, run_after=2024-12-17 00:00:00+00:00
[2024-12-17T06:50:47.782+0000] {processor.py:208} INFO - Processing /home/airflow/.local/lib/python3.12/site-packages/airflow/example_dags/example_skip_dag.py took 0.064 seconds
[2024-12-17T06:51:18.505+0000] {processor.py:186} INFO - Started process (PID=385) to work on /home/airflow/.local/lib/python3.12/site-packages/airflow/example_dags/example_skip_dag.py
[2024-12-17T06:51:18.506+0000] {processor.py:914} INFO - Processing file /home/airflow/.local/lib/python3.12/site-packages/airflow/example_dags/example_skip_dag.py for tasks to queue
[2024-12-17T06:51:18.507+0000] {logging_mixin.py:190} INFO - [2024-12-17T06:51:18.507+0000] {dagbag.py:588} INFO - Filling up the DagBag from /home/airflow/.local/lib/python3.12/site-packages/airflow/example_dags/example_skip_dag.py
[2024-12-17T06:51:18.515+0000] {processor.py:925} INFO - DAG(s) 'example_skip_dag' retrieved from /home/airflow/.local/lib/python3.12/site-packages/airflow/example_dags/example_skip_dag.py
[2024-12-17T06:51:18.539+0000] {logging_mixin.py:190} INFO - [2024-12-17T06:51:18.539+0000] {dag.py:3239} INFO - Sync 1 DAGs
[2024-12-17T06:51:18.557+0000] {logging_mixin.py:190} INFO - [2024-12-17T06:51:18.557+0000] {dag.py:4180} INFO - Setting next_dagrun for example_skip_dag to 2024-12-16 00:00:00+00:00, run_after=2024-12-17 00:00:00+00:00
[2024-12-17T06:51:18.573+0000] {processor.py:208} INFO - Processing /home/airflow/.local/lib/python3.12/site-packages/airflow/example_dags/example_skip_dag.py took 0.073 seconds
