[2024-12-17T06:48:42.002+0000] {processor.py:186} INFO - Started process (PID=48) to work on /home/airflow/.local/lib/python3.12/site-packages/airflow/example_dags/example_short_circuit_operator.py
[2024-12-17T06:48:42.002+0000] {processor.py:914} INFO - Processing file /home/airflow/.local/lib/python3.12/site-packages/airflow/example_dags/example_short_circuit_operator.py for tasks to queue
[2024-12-17T06:48:42.004+0000] {logging_mixin.py:190} INFO - [2024-12-17T06:48:42.003+0000] {dagbag.py:588} INFO - Filling up the DagBag from /home/airflow/.local/lib/python3.12/site-packages/airflow/example_dags/example_short_circuit_operator.py
[2024-12-17T06:48:42.011+0000] {processor.py:925} INFO - DAG(s) 'example_short_circuit_operator' retrieved from /home/airflow/.local/lib/python3.12/site-packages/airflow/example_dags/example_short_circuit_operator.py
[2024-12-17T06:48:42.106+0000] {logging_mixin.py:190} INFO - [2024-12-17T06:48:42.104+0000] {override.py:1911} INFO - Created Permission View: can edit on DAG:example_short_circuit_operator
[2024-12-17T06:48:42.116+0000] {logging_mixin.py:190} INFO - [2024-12-17T06:48:42.116+0000] {override.py:1911} INFO - Created Permission View: can delete on DAG:example_short_circuit_operator
[2024-12-17T06:48:42.122+0000] {logging_mixin.py:190} INFO - [2024-12-17T06:48:42.122+0000] {override.py:1911} INFO - Created Permission View: can read on DAG:example_short_circuit_operator
[2024-12-17T06:48:42.129+0000] {logging_mixin.py:190} INFO - [2024-12-17T06:48:42.129+0000] {override.py:1911} INFO - Created Permission View: can delete on DAG Run:example_short_circuit_operator
[2024-12-17T06:48:42.135+0000] {logging_mixin.py:190} INFO - [2024-12-17T06:48:42.135+0000] {override.py:1911} INFO - Created Permission View: can read on DAG Run:example_short_circuit_operator
[2024-12-17T06:48:42.142+0000] {logging_mixin.py:190} INFO - [2024-12-17T06:48:42.141+0000] {override.py:1911} INFO - Created Permission View: menu access on DAG Run:example_short_circuit_operator
[2024-12-17T06:48:42.148+0000] {logging_mixin.py:190} INFO - [2024-12-17T06:48:42.148+0000] {override.py:1911} INFO - Created Permission View: can create on DAG Run:example_short_circuit_operator
[2024-12-17T06:48:42.149+0000] {logging_mixin.py:190} INFO - [2024-12-17T06:48:42.148+0000] {dag.py:3239} INFO - Sync 1 DAGs
[2024-12-17T06:48:42.162+0000] {logging_mixin.py:190} INFO - [2024-12-17T06:48:42.162+0000] {dag.py:3262} INFO - Creating ORM DAG for example_short_circuit_operator
[2024-12-17T06:48:42.163+0000] {logging_mixin.py:190} INFO - [2024-12-17T06:48:42.163+0000] {dag.py:4180} INFO - Setting next_dagrun for example_short_circuit_operator to None, run_after=None
[2024-12-17T06:48:42.179+0000] {processor.py:208} INFO - Processing /home/airflow/.local/lib/python3.12/site-packages/airflow/example_dags/example_short_circuit_operator.py took 0.181 seconds
[2024-12-17T06:49:13.070+0000] {processor.py:186} INFO - Started process (PID=111) to work on /home/airflow/.local/lib/python3.12/site-packages/airflow/example_dags/example_short_circuit_operator.py
[2024-12-17T06:49:13.071+0000] {processor.py:914} INFO - Processing file /home/airflow/.local/lib/python3.12/site-packages/airflow/example_dags/example_short_circuit_operator.py for tasks to queue
[2024-12-17T06:49:13.073+0000] {logging_mixin.py:190} INFO - [2024-12-17T06:49:13.072+0000] {dagbag.py:588} INFO - Filling up the DagBag from /home/airflow/.local/lib/python3.12/site-packages/airflow/example_dags/example_short_circuit_operator.py
[2024-12-17T06:49:13.077+0000] {processor.py:925} INFO - DAG(s) 'example_short_circuit_operator' retrieved from /home/airflow/.local/lib/python3.12/site-packages/airflow/example_dags/example_short_circuit_operator.py
[2024-12-17T06:49:13.095+0000] {logging_mixin.py:190} INFO - [2024-12-17T06:49:13.095+0000] {dag.py:3239} INFO - Sync 1 DAGs
[2024-12-17T06:49:13.106+0000] {logging_mixin.py:190} INFO - [2024-12-17T06:49:13.106+0000] {dag.py:4180} INFO - Setting next_dagrun for example_short_circuit_operator to None, run_after=None
[2024-12-17T06:49:13.119+0000] {processor.py:208} INFO - Processing /home/airflow/.local/lib/python3.12/site-packages/airflow/example_dags/example_short_circuit_operator.py took 0.054 seconds
[2024-12-17T06:49:44.398+0000] {processor.py:186} INFO - Started process (PID=174) to work on /home/airflow/.local/lib/python3.12/site-packages/airflow/example_dags/example_short_circuit_operator.py
[2024-12-17T06:49:44.399+0000] {processor.py:914} INFO - Processing file /home/airflow/.local/lib/python3.12/site-packages/airflow/example_dags/example_short_circuit_operator.py for tasks to queue
[2024-12-17T06:49:44.400+0000] {logging_mixin.py:190} INFO - [2024-12-17T06:49:44.400+0000] {dagbag.py:588} INFO - Filling up the DagBag from /home/airflow/.local/lib/python3.12/site-packages/airflow/example_dags/example_short_circuit_operator.py
[2024-12-17T06:49:44.405+0000] {processor.py:925} INFO - DAG(s) 'example_short_circuit_operator' retrieved from /home/airflow/.local/lib/python3.12/site-packages/airflow/example_dags/example_short_circuit_operator.py
[2024-12-17T06:49:44.420+0000] {logging_mixin.py:190} INFO - [2024-12-17T06:49:44.420+0000] {dag.py:3239} INFO - Sync 1 DAGs
[2024-12-17T06:49:44.432+0000] {logging_mixin.py:190} INFO - [2024-12-17T06:49:44.432+0000] {dag.py:4180} INFO - Setting next_dagrun for example_short_circuit_operator to None, run_after=None
[2024-12-17T06:49:44.444+0000] {processor.py:208} INFO - Processing /home/airflow/.local/lib/python3.12/site-packages/airflow/example_dags/example_short_circuit_operator.py took 0.049 seconds
[2024-12-17T06:50:15.688+0000] {processor.py:186} INFO - Started process (PID=237) to work on /home/airflow/.local/lib/python3.12/site-packages/airflow/example_dags/example_short_circuit_operator.py
[2024-12-17T06:50:15.689+0000] {processor.py:914} INFO - Processing file /home/airflow/.local/lib/python3.12/site-packages/airflow/example_dags/example_short_circuit_operator.py for tasks to queue
[2024-12-17T06:50:15.691+0000] {logging_mixin.py:190} INFO - [2024-12-17T06:50:15.691+0000] {dagbag.py:588} INFO - Filling up the DagBag from /home/airflow/.local/lib/python3.12/site-packages/airflow/example_dags/example_short_circuit_operator.py
[2024-12-17T06:50:15.700+0000] {processor.py:925} INFO - DAG(s) 'example_short_circuit_operator' retrieved from /home/airflow/.local/lib/python3.12/site-packages/airflow/example_dags/example_short_circuit_operator.py
[2024-12-17T06:50:15.725+0000] {logging_mixin.py:190} INFO - [2024-12-17T06:50:15.724+0000] {dag.py:3239} INFO - Sync 1 DAGs
[2024-12-17T06:50:15.739+0000] {logging_mixin.py:190} INFO - [2024-12-17T06:50:15.739+0000] {dag.py:4180} INFO - Setting next_dagrun for example_short_circuit_operator to None, run_after=None
[2024-12-17T06:50:15.760+0000] {processor.py:208} INFO - Processing /home/airflow/.local/lib/python3.12/site-packages/airflow/example_dags/example_short_circuit_operator.py took 0.077 seconds
[2024-12-17T06:50:46.622+0000] {processor.py:186} INFO - Started process (PID=300) to work on /home/airflow/.local/lib/python3.12/site-packages/airflow/example_dags/example_short_circuit_operator.py
[2024-12-17T06:50:46.623+0000] {processor.py:914} INFO - Processing file /home/airflow/.local/lib/python3.12/site-packages/airflow/example_dags/example_short_circuit_operator.py for tasks to queue
[2024-12-17T06:50:46.624+0000] {logging_mixin.py:190} INFO - [2024-12-17T06:50:46.624+0000] {dagbag.py:588} INFO - Filling up the DagBag from /home/airflow/.local/lib/python3.12/site-packages/airflow/example_dags/example_short_circuit_operator.py
[2024-12-17T06:50:46.630+0000] {processor.py:925} INFO - DAG(s) 'example_short_circuit_operator' retrieved from /home/airflow/.local/lib/python3.12/site-packages/airflow/example_dags/example_short_circuit_operator.py
[2024-12-17T06:50:46.646+0000] {logging_mixin.py:190} INFO - [2024-12-17T06:50:46.645+0000] {dag.py:3239} INFO - Sync 1 DAGs
[2024-12-17T06:50:46.656+0000] {logging_mixin.py:190} INFO - [2024-12-17T06:50:46.656+0000] {dag.py:4180} INFO - Setting next_dagrun for example_short_circuit_operator to None, run_after=None
[2024-12-17T06:50:46.667+0000] {processor.py:208} INFO - Processing /home/airflow/.local/lib/python3.12/site-packages/airflow/example_dags/example_short_circuit_operator.py took 0.048 seconds
[2024-12-17T06:51:17.447+0000] {processor.py:186} INFO - Started process (PID=363) to work on /home/airflow/.local/lib/python3.12/site-packages/airflow/example_dags/example_short_circuit_operator.py
[2024-12-17T06:51:17.448+0000] {processor.py:914} INFO - Processing file /home/airflow/.local/lib/python3.12/site-packages/airflow/example_dags/example_short_circuit_operator.py for tasks to queue
[2024-12-17T06:51:17.450+0000] {logging_mixin.py:190} INFO - [2024-12-17T06:51:17.449+0000] {dagbag.py:588} INFO - Filling up the DagBag from /home/airflow/.local/lib/python3.12/site-packages/airflow/example_dags/example_short_circuit_operator.py
[2024-12-17T06:51:17.455+0000] {processor.py:925} INFO - DAG(s) 'example_short_circuit_operator' retrieved from /home/airflow/.local/lib/python3.12/site-packages/airflow/example_dags/example_short_circuit_operator.py
[2024-12-17T06:51:17.471+0000] {logging_mixin.py:190} INFO - [2024-12-17T06:51:17.471+0000] {dag.py:3239} INFO - Sync 1 DAGs
[2024-12-17T06:51:17.481+0000] {logging_mixin.py:190} INFO - [2024-12-17T06:51:17.481+0000] {dag.py:4180} INFO - Setting next_dagrun for example_short_circuit_operator to None, run_after=None
[2024-12-17T06:51:17.497+0000] {processor.py:208} INFO - Processing /home/airflow/.local/lib/python3.12/site-packages/airflow/example_dags/example_short_circuit_operator.py took 0.054 seconds
