[2024-12-17T06:48:42.235+0000] {processor.py:186} INFO - Started process (PID=50) to work on /home/airflow/.local/lib/python3.12/site-packages/airflow/example_dags/example_kubernetes_executor.py
[2024-12-17T06:48:42.236+0000] {processor.py:914} INFO - Processing file /home/airflow/.local/lib/python3.12/site-packages/airflow/example_dags/example_kubernetes_executor.py for tasks to queue
[2024-12-17T06:48:42.240+0000] {logging_mixin.py:190} INFO - [2024-12-17T06:48:42.239+0000] {dagbag.py:588} INFO - Filling up the DagBag from /home/airflow/.local/lib/python3.12/site-packages/airflow/example_dags/example_kubernetes_executor.py
[2024-12-17T06:48:42.264+0000] {processor.py:925} INFO - DAG(s) 'example_kubernetes_executor' retrieved from /home/airflow/.local/lib/python3.12/site-packages/airflow/example_dags/example_kubernetes_executor.py
[2024-12-17T06:48:42.386+0000] {logging_mixin.py:190} INFO - [2024-12-17T06:48:42.385+0000] {override.py:1911} INFO - Created Permission View: can edit on DAG:example_kubernetes_executor
[2024-12-17T06:48:42.397+0000] {logging_mixin.py:190} INFO - [2024-12-17T06:48:42.397+0000] {override.py:1911} INFO - Created Permission View: can delete on DAG:example_kubernetes_executor
[2024-12-17T06:48:42.404+0000] {logging_mixin.py:190} INFO - [2024-12-17T06:48:42.404+0000] {override.py:1911} INFO - Created Permission View: can read on DAG:example_kubernetes_executor
[2024-12-17T06:48:42.414+0000] {logging_mixin.py:190} INFO - [2024-12-17T06:48:42.413+0000] {override.py:1911} INFO - Created Permission View: can delete on DAG Run:example_kubernetes_executor
[2024-12-17T06:48:42.422+0000] {logging_mixin.py:190} INFO - [2024-12-17T06:48:42.422+0000] {override.py:1911} INFO - Created Permission View: can read on DAG Run:example_kubernetes_executor
[2024-12-17T06:48:42.430+0000] {logging_mixin.py:190} INFO - [2024-12-17T06:48:42.430+0000] {override.py:1911} INFO - Created Permission View: menu access on DAG Run:example_kubernetes_executor
[2024-12-17T06:48:42.437+0000] {logging_mixin.py:190} INFO - [2024-12-17T06:48:42.437+0000] {override.py:1911} INFO - Created Permission View: can create on DAG Run:example_kubernetes_executor
[2024-12-17T06:48:42.437+0000] {logging_mixin.py:190} INFO - [2024-12-17T06:48:42.437+0000] {dag.py:3239} INFO - Sync 1 DAGs
[2024-12-17T06:48:42.450+0000] {logging_mixin.py:190} INFO - [2024-12-17T06:48:42.450+0000] {dag.py:3262} INFO - Creating ORM DAG for example_kubernetes_executor
[2024-12-17T06:48:42.451+0000] {logging_mixin.py:190} INFO - [2024-12-17T06:48:42.451+0000] {dag.py:4180} INFO - Setting next_dagrun for example_kubernetes_executor to None, run_after=None
[2024-12-17T06:48:42.468+0000] {processor.py:208} INFO - Processing /home/airflow/.local/lib/python3.12/site-packages/airflow/example_dags/example_kubernetes_executor.py took 0.239 seconds
[2024-12-17T06:49:13.140+0000] {processor.py:186} INFO - Started process (PID=113) to work on /home/airflow/.local/lib/python3.12/site-packages/airflow/example_dags/example_kubernetes_executor.py
[2024-12-17T06:49:13.140+0000] {processor.py:914} INFO - Processing file /home/airflow/.local/lib/python3.12/site-packages/airflow/example_dags/example_kubernetes_executor.py for tasks to queue
[2024-12-17T06:49:13.141+0000] {logging_mixin.py:190} INFO - [2024-12-17T06:49:13.141+0000] {dagbag.py:588} INFO - Filling up the DagBag from /home/airflow/.local/lib/python3.12/site-packages/airflow/example_dags/example_kubernetes_executor.py
[2024-12-17T06:49:13.150+0000] {processor.py:925} INFO - DAG(s) 'example_kubernetes_executor' retrieved from /home/airflow/.local/lib/python3.12/site-packages/airflow/example_dags/example_kubernetes_executor.py
[2024-12-17T06:49:13.167+0000] {logging_mixin.py:190} INFO - [2024-12-17T06:49:13.166+0000] {dag.py:3239} INFO - Sync 1 DAGs
[2024-12-17T06:49:13.175+0000] {logging_mixin.py:190} INFO - [2024-12-17T06:49:13.175+0000] {dag.py:4180} INFO - Setting next_dagrun for example_kubernetes_executor to None, run_after=None
[2024-12-17T06:49:13.189+0000] {processor.py:208} INFO - Processing /home/airflow/.local/lib/python3.12/site-packages/airflow/example_dags/example_kubernetes_executor.py took 0.053 seconds
[2024-12-17T06:49:44.466+0000] {processor.py:186} INFO - Started process (PID=176) to work on /home/airflow/.local/lib/python3.12/site-packages/airflow/example_dags/example_kubernetes_executor.py
[2024-12-17T06:49:44.466+0000] {processor.py:914} INFO - Processing file /home/airflow/.local/lib/python3.12/site-packages/airflow/example_dags/example_kubernetes_executor.py for tasks to queue
[2024-12-17T06:49:44.468+0000] {logging_mixin.py:190} INFO - [2024-12-17T06:49:44.467+0000] {dagbag.py:588} INFO - Filling up the DagBag from /home/airflow/.local/lib/python3.12/site-packages/airflow/example_dags/example_kubernetes_executor.py
[2024-12-17T06:49:44.475+0000] {processor.py:925} INFO - DAG(s) 'example_kubernetes_executor' retrieved from /home/airflow/.local/lib/python3.12/site-packages/airflow/example_dags/example_kubernetes_executor.py
[2024-12-17T06:49:44.493+0000] {logging_mixin.py:190} INFO - [2024-12-17T06:49:44.493+0000] {dag.py:3239} INFO - Sync 1 DAGs
[2024-12-17T06:49:44.505+0000] {logging_mixin.py:190} INFO - [2024-12-17T06:49:44.504+0000] {dag.py:4180} INFO - Setting next_dagrun for example_kubernetes_executor to None, run_after=None
[2024-12-17T06:49:44.517+0000] {processor.py:208} INFO - Processing /home/airflow/.local/lib/python3.12/site-packages/airflow/example_dags/example_kubernetes_executor.py took 0.055 seconds
[2024-12-17T06:50:15.789+0000] {processor.py:186} INFO - Started process (PID=239) to work on /home/airflow/.local/lib/python3.12/site-packages/airflow/example_dags/example_kubernetes_executor.py
[2024-12-17T06:50:15.790+0000] {processor.py:914} INFO - Processing file /home/airflow/.local/lib/python3.12/site-packages/airflow/example_dags/example_kubernetes_executor.py for tasks to queue
[2024-12-17T06:50:15.792+0000] {logging_mixin.py:190} INFO - [2024-12-17T06:50:15.792+0000] {dagbag.py:588} INFO - Filling up the DagBag from /home/airflow/.local/lib/python3.12/site-packages/airflow/example_dags/example_kubernetes_executor.py
[2024-12-17T06:50:15.802+0000] {processor.py:925} INFO - DAG(s) 'example_kubernetes_executor' retrieved from /home/airflow/.local/lib/python3.12/site-packages/airflow/example_dags/example_kubernetes_executor.py
[2024-12-17T06:50:15.826+0000] {logging_mixin.py:190} INFO - [2024-12-17T06:50:15.826+0000] {dag.py:3239} INFO - Sync 1 DAGs
[2024-12-17T06:50:15.839+0000] {logging_mixin.py:190} INFO - [2024-12-17T06:50:15.839+0000] {dag.py:4180} INFO - Setting next_dagrun for example_kubernetes_executor to None, run_after=None
[2024-12-17T06:50:15.854+0000] {processor.py:208} INFO - Processing /home/airflow/.local/lib/python3.12/site-packages/airflow/example_dags/example_kubernetes_executor.py took 0.072 seconds
[2024-12-17T06:50:46.695+0000] {processor.py:186} INFO - Started process (PID=302) to work on /home/airflow/.local/lib/python3.12/site-packages/airflow/example_dags/example_kubernetes_executor.py
[2024-12-17T06:50:46.695+0000] {processor.py:914} INFO - Processing file /home/airflow/.local/lib/python3.12/site-packages/airflow/example_dags/example_kubernetes_executor.py for tasks to queue
[2024-12-17T06:50:46.697+0000] {logging_mixin.py:190} INFO - [2024-12-17T06:50:46.697+0000] {dagbag.py:588} INFO - Filling up the DagBag from /home/airflow/.local/lib/python3.12/site-packages/airflow/example_dags/example_kubernetes_executor.py
[2024-12-17T06:50:46.708+0000] {processor.py:925} INFO - DAG(s) 'example_kubernetes_executor' retrieved from /home/airflow/.local/lib/python3.12/site-packages/airflow/example_dags/example_kubernetes_executor.py
[2024-12-17T06:50:46.725+0000] {logging_mixin.py:190} INFO - [2024-12-17T06:50:46.724+0000] {dag.py:3239} INFO - Sync 1 DAGs
[2024-12-17T06:50:46.735+0000] {logging_mixin.py:190} INFO - [2024-12-17T06:50:46.735+0000] {dag.py:4180} INFO - Setting next_dagrun for example_kubernetes_executor to None, run_after=None
[2024-12-17T06:50:46.749+0000] {processor.py:208} INFO - Processing /home/airflow/.local/lib/python3.12/site-packages/airflow/example_dags/example_kubernetes_executor.py took 0.059 seconds
[2024-12-17T06:51:17.521+0000] {processor.py:186} INFO - Started process (PID=365) to work on /home/airflow/.local/lib/python3.12/site-packages/airflow/example_dags/example_kubernetes_executor.py
[2024-12-17T06:51:17.521+0000] {processor.py:914} INFO - Processing file /home/airflow/.local/lib/python3.12/site-packages/airflow/example_dags/example_kubernetes_executor.py for tasks to queue
[2024-12-17T06:51:17.523+0000] {logging_mixin.py:190} INFO - [2024-12-17T06:51:17.523+0000] {dagbag.py:588} INFO - Filling up the DagBag from /home/airflow/.local/lib/python3.12/site-packages/airflow/example_dags/example_kubernetes_executor.py
[2024-12-17T06:51:17.530+0000] {processor.py:925} INFO - DAG(s) 'example_kubernetes_executor' retrieved from /home/airflow/.local/lib/python3.12/site-packages/airflow/example_dags/example_kubernetes_executor.py
[2024-12-17T06:51:17.547+0000] {logging_mixin.py:190} INFO - [2024-12-17T06:51:17.547+0000] {dag.py:3239} INFO - Sync 1 DAGs
[2024-12-17T06:51:17.558+0000] {logging_mixin.py:190} INFO - [2024-12-17T06:51:17.558+0000] {dag.py:4180} INFO - Setting next_dagrun for example_kubernetes_executor to None, run_after=None
[2024-12-17T06:51:17.573+0000] {processor.py:208} INFO - Processing /home/airflow/.local/lib/python3.12/site-packages/airflow/example_dags/example_kubernetes_executor.py took 0.056 seconds
