[2024-12-17T06:48:43.773+0000] {processor.py:186} INFO - Started process (PID=63) to work on /home/airflow/.local/lib/python3.12/site-packages/airflow/example_dags/tutorial_dag.py
[2024-12-17T06:48:43.774+0000] {processor.py:914} INFO - Processing file /home/airflow/.local/lib/python3.12/site-packages/airflow/example_dags/tutorial_dag.py for tasks to queue
[2024-12-17T06:48:43.776+0000] {logging_mixin.py:190} INFO - [2024-12-17T06:48:43.775+0000] {dagbag.py:588} INFO - Filling up the DagBag from /home/airflow/.local/lib/python3.12/site-packages/airflow/example_dags/tutorial_dag.py
[2024-12-17T06:48:43.782+0000] {processor.py:925} INFO - DAG(s) 'tutorial_dag' retrieved from /home/airflow/.local/lib/python3.12/site-packages/airflow/example_dags/tutorial_dag.py
[2024-12-17T06:48:43.864+0000] {logging_mixin.py:190} INFO - [2024-12-17T06:48:43.863+0000] {override.py:1911} INFO - Created Permission View: can edit on DAG:tutorial_dag
[2024-12-17T06:48:43.874+0000] {logging_mixin.py:190} INFO - [2024-12-17T06:48:43.874+0000] {override.py:1911} INFO - Created Permission View: can delete on DAG:tutorial_dag
[2024-12-17T06:48:43.880+0000] {logging_mixin.py:190} INFO - [2024-12-17T06:48:43.880+0000] {override.py:1911} INFO - Created Permission View: can read on DAG:tutorial_dag
[2024-12-17T06:48:43.888+0000] {logging_mixin.py:190} INFO - [2024-12-17T06:48:43.887+0000] {override.py:1911} INFO - Created Permission View: can delete on DAG Run:tutorial_dag
[2024-12-17T06:48:43.894+0000] {logging_mixin.py:190} INFO - [2024-12-17T06:48:43.894+0000] {override.py:1911} INFO - Created Permission View: can read on DAG Run:tutorial_dag
[2024-12-17T06:48:43.901+0000] {logging_mixin.py:190} INFO - [2024-12-17T06:48:43.900+0000] {override.py:1911} INFO - Created Permission View: menu access on DAG Run:tutorial_dag
[2024-12-17T06:48:43.907+0000] {logging_mixin.py:190} INFO - [2024-12-17T06:48:43.907+0000] {override.py:1911} INFO - Created Permission View: can create on DAG Run:tutorial_dag
[2024-12-17T06:48:43.907+0000] {logging_mixin.py:190} INFO - [2024-12-17T06:48:43.907+0000] {dag.py:3239} INFO - Sync 1 DAGs
[2024-12-17T06:48:43.921+0000] {logging_mixin.py:190} INFO - [2024-12-17T06:48:43.921+0000] {dag.py:3262} INFO - Creating ORM DAG for tutorial_dag
[2024-12-17T06:48:43.922+0000] {logging_mixin.py:190} INFO - [2024-12-17T06:48:43.922+0000] {dag.py:4180} INFO - Setting next_dagrun for tutorial_dag to None, run_after=None
[2024-12-17T06:48:43.941+0000] {processor.py:208} INFO - Processing /home/airflow/.local/lib/python3.12/site-packages/airflow/example_dags/tutorial_dag.py took 0.174 seconds
[2024-12-17T06:49:14.642+0000] {processor.py:186} INFO - Started process (PID=126) to work on /home/airflow/.local/lib/python3.12/site-packages/airflow/example_dags/tutorial_dag.py
[2024-12-17T06:49:14.643+0000] {processor.py:914} INFO - Processing file /home/airflow/.local/lib/python3.12/site-packages/airflow/example_dags/tutorial_dag.py for tasks to queue
[2024-12-17T06:49:14.644+0000] {logging_mixin.py:190} INFO - [2024-12-17T06:49:14.644+0000] {dagbag.py:588} INFO - Filling up the DagBag from /home/airflow/.local/lib/python3.12/site-packages/airflow/example_dags/tutorial_dag.py
[2024-12-17T06:49:14.649+0000] {processor.py:925} INFO - DAG(s) 'tutorial_dag' retrieved from /home/airflow/.local/lib/python3.12/site-packages/airflow/example_dags/tutorial_dag.py
[2024-12-17T06:49:14.664+0000] {logging_mixin.py:190} INFO - [2024-12-17T06:49:14.663+0000] {dag.py:3239} INFO - Sync 1 DAGs
[2024-12-17T06:49:14.675+0000] {logging_mixin.py:190} INFO - [2024-12-17T06:49:14.675+0000] {dag.py:4180} INFO - Setting next_dagrun for tutorial_dag to None, run_after=None
[2024-12-17T06:49:14.689+0000] {processor.py:208} INFO - Processing /home/airflow/.local/lib/python3.12/site-packages/airflow/example_dags/tutorial_dag.py took 0.049 seconds
[2024-12-17T06:49:44.955+0000] {processor.py:186} INFO - Started process (PID=189) to work on /home/airflow/.local/lib/python3.12/site-packages/airflow/example_dags/tutorial_dag.py
[2024-12-17T06:49:44.956+0000] {processor.py:914} INFO - Processing file /home/airflow/.local/lib/python3.12/site-packages/airflow/example_dags/tutorial_dag.py for tasks to queue
[2024-12-17T06:49:44.957+0000] {logging_mixin.py:190} INFO - [2024-12-17T06:49:44.957+0000] {dagbag.py:588} INFO - Filling up the DagBag from /home/airflow/.local/lib/python3.12/site-packages/airflow/example_dags/tutorial_dag.py
[2024-12-17T06:49:44.961+0000] {processor.py:925} INFO - DAG(s) 'tutorial_dag' retrieved from /home/airflow/.local/lib/python3.12/site-packages/airflow/example_dags/tutorial_dag.py
[2024-12-17T06:49:44.976+0000] {logging_mixin.py:190} INFO - [2024-12-17T06:49:44.976+0000] {dag.py:3239} INFO - Sync 1 DAGs
[2024-12-17T06:49:44.986+0000] {logging_mixin.py:190} INFO - [2024-12-17T06:49:44.985+0000] {dag.py:4180} INFO - Setting next_dagrun for tutorial_dag to None, run_after=None
[2024-12-17T06:49:45.002+0000] {processor.py:208} INFO - Processing /home/airflow/.local/lib/python3.12/site-packages/airflow/example_dags/tutorial_dag.py took 0.050 seconds
[2024-12-17T06:50:16.445+0000] {processor.py:186} INFO - Started process (PID=252) to work on /home/airflow/.local/lib/python3.12/site-packages/airflow/example_dags/tutorial_dag.py
[2024-12-17T06:50:16.446+0000] {processor.py:914} INFO - Processing file /home/airflow/.local/lib/python3.12/site-packages/airflow/example_dags/tutorial_dag.py for tasks to queue
[2024-12-17T06:50:16.448+0000] {logging_mixin.py:190} INFO - [2024-12-17T06:50:16.448+0000] {dagbag.py:588} INFO - Filling up the DagBag from /home/airflow/.local/lib/python3.12/site-packages/airflow/example_dags/tutorial_dag.py
[2024-12-17T06:50:16.453+0000] {processor.py:925} INFO - DAG(s) 'tutorial_dag' retrieved from /home/airflow/.local/lib/python3.12/site-packages/airflow/example_dags/tutorial_dag.py
[2024-12-17T06:50:16.472+0000] {logging_mixin.py:190} INFO - [2024-12-17T06:50:16.471+0000] {dag.py:3239} INFO - Sync 1 DAGs
[2024-12-17T06:50:16.487+0000] {logging_mixin.py:190} INFO - [2024-12-17T06:50:16.487+0000] {dag.py:4180} INFO - Setting next_dagrun for tutorial_dag to None, run_after=None
[2024-12-17T06:50:16.503+0000] {processor.py:208} INFO - Processing /home/airflow/.local/lib/python3.12/site-packages/airflow/example_dags/tutorial_dag.py took 0.061 seconds
[2024-12-17T06:50:47.340+0000] {processor.py:186} INFO - Started process (PID=315) to work on /home/airflow/.local/lib/python3.12/site-packages/airflow/example_dags/tutorial_dag.py
[2024-12-17T06:50:47.341+0000] {processor.py:914} INFO - Processing file /home/airflow/.local/lib/python3.12/site-packages/airflow/example_dags/tutorial_dag.py for tasks to queue
[2024-12-17T06:50:47.342+0000] {logging_mixin.py:190} INFO - [2024-12-17T06:50:47.342+0000] {dagbag.py:588} INFO - Filling up the DagBag from /home/airflow/.local/lib/python3.12/site-packages/airflow/example_dags/tutorial_dag.py
[2024-12-17T06:50:47.348+0000] {processor.py:925} INFO - DAG(s) 'tutorial_dag' retrieved from /home/airflow/.local/lib/python3.12/site-packages/airflow/example_dags/tutorial_dag.py
[2024-12-17T06:50:47.362+0000] {logging_mixin.py:190} INFO - [2024-12-17T06:50:47.361+0000] {dag.py:3239} INFO - Sync 1 DAGs
[2024-12-17T06:50:47.373+0000] {logging_mixin.py:190} INFO - [2024-12-17T06:50:47.372+0000] {dag.py:4180} INFO - Setting next_dagrun for tutorial_dag to None, run_after=None
[2024-12-17T06:50:47.388+0000] {processor.py:208} INFO - Processing /home/airflow/.local/lib/python3.12/site-packages/airflow/example_dags/tutorial_dag.py took 0.052 seconds
[2024-12-17T06:51:18.126+0000] {processor.py:186} INFO - Started process (PID=378) to work on /home/airflow/.local/lib/python3.12/site-packages/airflow/example_dags/tutorial_dag.py
[2024-12-17T06:51:18.126+0000] {processor.py:914} INFO - Processing file /home/airflow/.local/lib/python3.12/site-packages/airflow/example_dags/tutorial_dag.py for tasks to queue
[2024-12-17T06:51:18.128+0000] {logging_mixin.py:190} INFO - [2024-12-17T06:51:18.127+0000] {dagbag.py:588} INFO - Filling up the DagBag from /home/airflow/.local/lib/python3.12/site-packages/airflow/example_dags/tutorial_dag.py
[2024-12-17T06:51:18.135+0000] {processor.py:925} INFO - DAG(s) 'tutorial_dag' retrieved from /home/airflow/.local/lib/python3.12/site-packages/airflow/example_dags/tutorial_dag.py
[2024-12-17T06:51:18.158+0000] {logging_mixin.py:190} INFO - [2024-12-17T06:51:18.158+0000] {dag.py:3239} INFO - Sync 1 DAGs
[2024-12-17T06:51:18.173+0000] {logging_mixin.py:190} INFO - [2024-12-17T06:51:18.173+0000] {dag.py:4180} INFO - Setting next_dagrun for tutorial_dag to None, run_after=None
[2024-12-17T06:51:18.194+0000] {processor.py:208} INFO - Processing /home/airflow/.local/lib/python3.12/site-packages/airflow/example_dags/tutorial_dag.py took 0.072 seconds
