[2024-12-17T06:48:39.945+0000] {processor.py:186} INFO - Started process (PID=41) to work on /home/airflow/.local/lib/python3.12/site-packages/airflow/example_dags/tutorial_objectstorage.py
[2024-12-17T06:48:39.945+0000] {processor.py:914} INFO - Processing file /home/airflow/.local/lib/python3.12/site-packages/airflow/example_dags/tutorial_objectstorage.py for tasks to queue
[2024-12-17T06:48:39.947+0000] {logging_mixin.py:190} INFO - [2024-12-17T06:48:39.947+0000] {dagbag.py:588} INFO - Filling up the DagBag from /home/airflow/.local/lib/python3.12/site-packages/airflow/example_dags/tutorial_objectstorage.py
[2024-12-17T06:48:39.959+0000] {processor.py:925} INFO - DAG(s) 'tutorial_objectstorage' retrieved from /home/airflow/.local/lib/python3.12/site-packages/airflow/example_dags/tutorial_objectstorage.py
[2024-12-17T06:48:40.159+0000] {logging_mixin.py:190} INFO - [2024-12-17T06:48:40.158+0000] {override.py:1911} INFO - Created Permission View: can edit on DAG:tutorial_objectstorage
[2024-12-17T06:48:40.170+0000] {logging_mixin.py:190} INFO - [2024-12-17T06:48:40.170+0000] {override.py:1911} INFO - Created Permission View: can delete on DAG:tutorial_objectstorage
[2024-12-17T06:48:40.178+0000] {logging_mixin.py:190} INFO - [2024-12-17T06:48:40.177+0000] {override.py:1911} INFO - Created Permission View: can read on DAG:tutorial_objectstorage
[2024-12-17T06:48:40.185+0000] {logging_mixin.py:190} INFO - [2024-12-17T06:48:40.185+0000] {override.py:1911} INFO - Created Permission View: can delete on DAG Run:tutorial_objectstorage
[2024-12-17T06:48:40.191+0000] {logging_mixin.py:190} INFO - [2024-12-17T06:48:40.191+0000] {override.py:1911} INFO - Created Permission View: can read on DAG Run:tutorial_objectstorage
[2024-12-17T06:48:40.198+0000] {logging_mixin.py:190} INFO - [2024-12-17T06:48:40.197+0000] {override.py:1911} INFO - Created Permission View: menu access on DAG Run:tutorial_objectstorage
[2024-12-17T06:48:40.202+0000] {logging_mixin.py:190} INFO - [2024-12-17T06:48:40.202+0000] {override.py:1911} INFO - Created Permission View: can create on DAG Run:tutorial_objectstorage
[2024-12-17T06:48:40.202+0000] {logging_mixin.py:190} INFO - [2024-12-17T06:48:40.202+0000] {dag.py:3239} INFO - Sync 1 DAGs
[2024-12-17T06:48:40.218+0000] {logging_mixin.py:190} INFO - [2024-12-17T06:48:40.218+0000] {dag.py:3262} INFO - Creating ORM DAG for tutorial_objectstorage
[2024-12-17T06:48:40.219+0000] {logging_mixin.py:190} INFO - [2024-12-17T06:48:40.219+0000] {dag.py:4180} INFO - Setting next_dagrun for tutorial_objectstorage to None, run_after=None
[2024-12-17T06:48:40.239+0000] {processor.py:208} INFO - Processing /home/airflow/.local/lib/python3.12/site-packages/airflow/example_dags/tutorial_objectstorage.py took 0.301 seconds
[2024-12-17T06:49:10.460+0000] {processor.py:186} INFO - Started process (PID=104) to work on /home/airflow/.local/lib/python3.12/site-packages/airflow/example_dags/tutorial_objectstorage.py
[2024-12-17T06:49:10.462+0000] {processor.py:914} INFO - Processing file /home/airflow/.local/lib/python3.12/site-packages/airflow/example_dags/tutorial_objectstorage.py for tasks to queue
[2024-12-17T06:49:10.464+0000] {logging_mixin.py:190} INFO - [2024-12-17T06:49:10.463+0000] {dagbag.py:588} INFO - Filling up the DagBag from /home/airflow/.local/lib/python3.12/site-packages/airflow/example_dags/tutorial_objectstorage.py
[2024-12-17T06:49:10.470+0000] {processor.py:925} INFO - DAG(s) 'tutorial_objectstorage' retrieved from /home/airflow/.local/lib/python3.12/site-packages/airflow/example_dags/tutorial_objectstorage.py
[2024-12-17T06:49:10.484+0000] {logging_mixin.py:190} INFO - [2024-12-17T06:49:10.484+0000] {dag.py:3239} INFO - Sync 1 DAGs
[2024-12-17T06:49:10.495+0000] {logging_mixin.py:190} INFO - [2024-12-17T06:49:10.495+0000] {dag.py:4180} INFO - Setting next_dagrun for tutorial_objectstorage to None, run_after=None
[2024-12-17T06:49:10.507+0000] {processor.py:208} INFO - Processing /home/airflow/.local/lib/python3.12/site-packages/airflow/example_dags/tutorial_objectstorage.py took 0.051 seconds
[2024-12-17T06:49:40.773+0000] {processor.py:186} INFO - Started process (PID=167) to work on /home/airflow/.local/lib/python3.12/site-packages/airflow/example_dags/tutorial_objectstorage.py
[2024-12-17T06:49:40.774+0000] {processor.py:914} INFO - Processing file /home/airflow/.local/lib/python3.12/site-packages/airflow/example_dags/tutorial_objectstorage.py for tasks to queue
[2024-12-17T06:49:40.776+0000] {logging_mixin.py:190} INFO - [2024-12-17T06:49:40.776+0000] {dagbag.py:588} INFO - Filling up the DagBag from /home/airflow/.local/lib/python3.12/site-packages/airflow/example_dags/tutorial_objectstorage.py
[2024-12-17T06:49:40.785+0000] {processor.py:925} INFO - DAG(s) 'tutorial_objectstorage' retrieved from /home/airflow/.local/lib/python3.12/site-packages/airflow/example_dags/tutorial_objectstorage.py
[2024-12-17T06:49:40.800+0000] {logging_mixin.py:190} INFO - [2024-12-17T06:49:40.800+0000] {dag.py:3239} INFO - Sync 1 DAGs
[2024-12-17T06:49:40.812+0000] {logging_mixin.py:190} INFO - [2024-12-17T06:49:40.812+0000] {dag.py:4180} INFO - Setting next_dagrun for tutorial_objectstorage to None, run_after=None
[2024-12-17T06:49:40.828+0000] {processor.py:208} INFO - Processing /home/airflow/.local/lib/python3.12/site-packages/airflow/example_dags/tutorial_objectstorage.py took 0.060 seconds
[2024-12-17T06:50:10.969+0000] {processor.py:186} INFO - Started process (PID=230) to work on /home/airflow/.local/lib/python3.12/site-packages/airflow/example_dags/tutorial_objectstorage.py
[2024-12-17T06:50:10.970+0000] {processor.py:914} INFO - Processing file /home/airflow/.local/lib/python3.12/site-packages/airflow/example_dags/tutorial_objectstorage.py for tasks to queue
[2024-12-17T06:50:10.972+0000] {logging_mixin.py:190} INFO - [2024-12-17T06:50:10.972+0000] {dagbag.py:588} INFO - Filling up the DagBag from /home/airflow/.local/lib/python3.12/site-packages/airflow/example_dags/tutorial_objectstorage.py
[2024-12-17T06:50:10.979+0000] {processor.py:925} INFO - DAG(s) 'tutorial_objectstorage' retrieved from /home/airflow/.local/lib/python3.12/site-packages/airflow/example_dags/tutorial_objectstorage.py
[2024-12-17T06:50:10.993+0000] {logging_mixin.py:190} INFO - [2024-12-17T06:50:10.993+0000] {dag.py:3239} INFO - Sync 1 DAGs
[2024-12-17T06:50:11.004+0000] {logging_mixin.py:190} INFO - [2024-12-17T06:50:11.004+0000] {dag.py:4180} INFO - Setting next_dagrun for tutorial_objectstorage to None, run_after=None
[2024-12-17T06:50:11.018+0000] {processor.py:208} INFO - Processing /home/airflow/.local/lib/python3.12/site-packages/airflow/example_dags/tutorial_objectstorage.py took 0.054 seconds
[2024-12-17T06:50:41.917+0000] {processor.py:186} INFO - Started process (PID=293) to work on /home/airflow/.local/lib/python3.12/site-packages/airflow/example_dags/tutorial_objectstorage.py
[2024-12-17T06:50:41.918+0000] {processor.py:914} INFO - Processing file /home/airflow/.local/lib/python3.12/site-packages/airflow/example_dags/tutorial_objectstorage.py for tasks to queue
[2024-12-17T06:50:41.921+0000] {logging_mixin.py:190} INFO - [2024-12-17T06:50:41.921+0000] {dagbag.py:588} INFO - Filling up the DagBag from /home/airflow/.local/lib/python3.12/site-packages/airflow/example_dags/tutorial_objectstorage.py
[2024-12-17T06:50:41.932+0000] {processor.py:925} INFO - DAG(s) 'tutorial_objectstorage' retrieved from /home/airflow/.local/lib/python3.12/site-packages/airflow/example_dags/tutorial_objectstorage.py
[2024-12-17T06:50:41.953+0000] {logging_mixin.py:190} INFO - [2024-12-17T06:50:41.953+0000] {dag.py:3239} INFO - Sync 1 DAGs
[2024-12-17T06:50:41.968+0000] {logging_mixin.py:190} INFO - [2024-12-17T06:50:41.968+0000] {dag.py:4180} INFO - Setting next_dagrun for tutorial_objectstorage to None, run_after=None
[2024-12-17T06:50:41.985+0000] {processor.py:208} INFO - Processing /home/airflow/.local/lib/python3.12/site-packages/airflow/example_dags/tutorial_objectstorage.py took 0.075 seconds
[2024-12-17T06:51:12.775+0000] {processor.py:186} INFO - Started process (PID=356) to work on /home/airflow/.local/lib/python3.12/site-packages/airflow/example_dags/tutorial_objectstorage.py
[2024-12-17T06:51:12.776+0000] {processor.py:914} INFO - Processing file /home/airflow/.local/lib/python3.12/site-packages/airflow/example_dags/tutorial_objectstorage.py for tasks to queue
[2024-12-17T06:51:12.777+0000] {logging_mixin.py:190} INFO - [2024-12-17T06:51:12.777+0000] {dagbag.py:588} INFO - Filling up the DagBag from /home/airflow/.local/lib/python3.12/site-packages/airflow/example_dags/tutorial_objectstorage.py
[2024-12-17T06:51:12.784+0000] {processor.py:925} INFO - DAG(s) 'tutorial_objectstorage' retrieved from /home/airflow/.local/lib/python3.12/site-packages/airflow/example_dags/tutorial_objectstorage.py
[2024-12-17T06:51:12.798+0000] {logging_mixin.py:190} INFO - [2024-12-17T06:51:12.798+0000] {dag.py:3239} INFO - Sync 1 DAGs
[2024-12-17T06:51:12.810+0000] {logging_mixin.py:190} INFO - [2024-12-17T06:51:12.809+0000] {dag.py:4180} INFO - Setting next_dagrun for tutorial_objectstorage to None, run_after=None
[2024-12-17T06:51:12.824+0000] {processor.py:208} INFO - Processing /home/airflow/.local/lib/python3.12/site-packages/airflow/example_dags/tutorial_objectstorage.py took 0.055 seconds
